8-25-2025 11:57:50 - log: Load engine in /Applications/Cocos/Creator/3.8.6/CocosCreator.app/Contents/Resources/resources/3d/engine
8-25-2025 11:57:50 - log: Register native engine in /Applications/Cocos/Creator/3.8.6/CocosCreator.app/Contents/Resources/resources/3d/engine/native
8-25-2025 11:57:50 - log: Request namespace: device-list
8-25-2025 11:57:54 - info: [PreviewInEditor] 预览环境初始化完毕
8-25-2025 11:57:54 - log: [Scene] meshopt wasm decoder initialized
8-25-2025 11:57:54 - log: [Scene] [bullet]:bullet wasm lib loaded.
8-25-2025 11:57:54 - log: [Scene] [box2d]:box2d wasm lib loaded.
8-25-2025 11:57:54 - log: [Scene] [PHYSICS]: using builtin.
8-25-2025 11:57:54 - log: [Scene] Cocos Creator v3.8.6
8-25-2025 11:57:54 - log: [Scene] Using custom pipeline: Builtin
8-25-2025 11:57:54 - log: [Scene] [PHYSICS2D]: switch from box2d-wasm to box2d.
8-25-2025 11:57:57 - log: [PreviewInEditor] meshopt wasm decoder initialized
8-25-2025 11:57:57 - log: [PreviewInEditor] [box2d]:box2d wasm lib loaded.
8-25-2025 11:57:57 - log: [PreviewInEditor] [bullet]:bullet wasm lib loaded.
8-25-2025 11:57:57 - log: [PreviewInEditor] [PHYSICS]: using builtin.
8-25-2025 11:57:57 - log: [PreviewInEditor] Cocos Creator v3.8.6
8-25-2025 11:57:57 - log: [PreviewInEditor] Using custom pipeline: Builtin
8-25-2025 11:57:57 - log: [PreviewInEditor] [PHYSICS2D]: switch from box2d-wasm to box2d.
8-25-2025 11:57:58 - log: [PreviewInEditor] SceneTransition initialized
8-25-2025 11:57:58 - log: [PreviewInEditor] 玩家数据加载成功
8-25-2025 11:57:58 - log: [PreviewInEditor] PlayerManager initialized successfully
8-25-2025 11:57:58 - log: [PreviewInEditor] BGM started playing
8-25-2025 11:57:58 - log: [PreviewInEditor] MainMenuController UI initialized successfully
8-25-2025 11:57:59 - log: [PreviewInEditor] Starting scene transition to: LevelSelect
8-25-2025 11:58:00 - log: [PreviewInEditor] SceneTransition initialized
8-25-2025 11:58:00 - log: [PreviewInEditor] 更新关卡显示
8-25-2025 11:58:00 - log: [PreviewInEditor] 关卡 level-1: 解锁状态 = true
8-25-2025 11:58:00 - log: [PreviewInEditor] 关卡 level-2: 解锁状态 = false
8-25-2025 11:58:00 - log: [PreviewInEditor] 关卡 level-3: 解锁状态 = false
8-25-2025 11:58:00 - log: [PreviewInEditor] 关卡 level-4: 解锁状态 = false
8-25-2025 11:58:00 - log: [PreviewInEditor] 关卡 level-5: 解锁状态 = false
8-25-2025 11:58:00 - log: [PreviewInEditor] Scene transition to LevelSelect completed
8-25-2025 11:58:03 - warn: [PreviewInEditor] IPC message has been lost.Error: [PreviewInEditor] IPC message has been lost.
    at console.warn (/Applications/Cocos/Creator/3.8.6/CocosCreator.app/Contents/Resources/app.asar/node_modules/@sentry/src/instrument/console.ts:40:20)
    at IpcRenderer.<anonymous> (/Applications/Cocos/Creator/3.8.6/CocosCreator.app/Contents/Resources/app.asar/builtin/scene/dist/script/3d/manager/ipc/web/webview.ccc:1:1495)
    at IpcRenderer.emit (node:events:519:28)
    at Object.onMessage (node:electron/js2c/renderer_init:2:8837)
8-25-2025 11:58:03 - info: [PreviewInEditor] 预览环境初始化完毕
8-25-2025 12:17:45 - log: [PreviewInEditor] meshopt wasm decoder initialized
8-25-2025 12:17:45 - log: [PreviewInEditor] [box2d]:box2d wasm lib loaded.
8-25-2025 12:17:45 - log: [PreviewInEditor] [bullet]:bullet wasm lib loaded.
8-25-2025 12:17:45 - log: [PreviewInEditor] [PHYSICS]: using builtin.
8-25-2025 12:17:45 - log: [PreviewInEditor] Cocos Creator v3.8.6
8-25-2025 12:17:45 - log: [PreviewInEditor] Using custom pipeline: Builtin
8-25-2025 12:17:45 - log: [PreviewInEditor] [PHYSICS2D]: switch from box2d-wasm to box2d.
8-25-2025 12:17:46 - log: [PreviewInEditor] SceneTransition initialized
8-25-2025 12:17:46 - log: [PreviewInEditor] 玩家数据加载成功
8-25-2025 12:17:46 - log: [PreviewInEditor] PlayerManager initialized successfully
8-25-2025 12:17:46 - log: [PreviewInEditor] BGM started playing
8-25-2025 12:17:46 - log: [PreviewInEditor] MainMenuController UI initialized successfully
8-25-2025 12:17:47 - log: [PreviewInEditor] Starting scene transition to: LevelSelect
8-25-2025 12:17:48 - log: [PreviewInEditor] SceneTransition initialized
8-25-2025 12:17:48 - log: [PreviewInEditor] 更新关卡显示
8-25-2025 12:17:48 - log: [PreviewInEditor] 关卡 level-1: 解锁状态 = true
8-25-2025 12:17:48 - log: [PreviewInEditor] 关卡 level-2: 解锁状态 = false
8-25-2025 12:17:48 - log: [PreviewInEditor] 关卡 level-3: 解锁状态 = false
8-25-2025 12:17:48 - log: [PreviewInEditor] 关卡 level-4: 解锁状态 = false
8-25-2025 12:17:48 - log: [PreviewInEditor] 关卡 level-5: 解锁状态 = false
8-25-2025 12:17:48 - log: [PreviewInEditor] Scene transition to LevelSelect completed
8-25-2025 12:17:54 - log: [PreviewInEditor] 选中车辆: car-1
8-25-2025 12:18:05 - log: [PreviewInEditor] level-1 car-1
8-25-2025 12:18:05 - log: [PreviewInEditor] Starting scene transition to: gamescene
8-25-2025 12:18:06 - log: [PreviewInEditor] Scene transition to gamescene completed
8-25-2025 12:18:06 - log: [PreviewInEditor] 调用场景内容加载
8-25-2025 12:18:06 - log: [PreviewInEditor] BGM stopped
8-25-2025 12:18:06 - log: [PreviewInEditor] PaintManager初始化完成
8-25-2025 12:18:06 - log: [PreviewInEditor] 场景预制体加载完成，通过GameManager获取AI车辆列表...
8-25-2025 12:18:06 - log: [PreviewInEditor] AI车辆查找完成，找到 4 个AI车辆
8-25-2025 12:18:06 - log: [PreviewInEditor] BulletRoot节点找到: BulletRoot
8-25-2025 12:18:06 - log: [PreviewInEditor] AIPlayer BoxCollider2D component found
8-25-2025 12:18:06 - log: [PreviewInEditor] 血条已分离到Canvas下
8-25-2025 12:18:06 - log: [PreviewInEditor] 血条UI初始化完成
8-25-2025 12:18:06 - log: [PreviewInEditor] AIPlayer BoxCollider2D component found
8-25-2025 12:18:06 - log: [PreviewInEditor] 血条已分离到Canvas下
8-25-2025 12:18:06 - log: [PreviewInEditor] 血条UI初始化完成
8-25-2025 12:18:06 - log: [PreviewInEditor] AIPlayer BoxCollider2D component found
8-25-2025 12:18:06 - log: [PreviewInEditor] 血条已分离到Canvas下
8-25-2025 12:18:06 - log: [PreviewInEditor] 血条UI初始化完成
8-25-2025 12:18:06 - log: [PreviewInEditor] AIPlayer BoxCollider2D component found
8-25-2025 12:18:06 - log: [PreviewInEditor] 血条已分离到Canvas下
8-25-2025 12:18:06 - log: [PreviewInEditor] 血条UI初始化完成
8-25-2025 12:18:06 - log: [PreviewInEditor] 玩家血量初始化完成: 80/80
8-25-2025 12:18:06 - log: [PreviewInEditor] 生成车辆在右侧
8-25-2025 12:18:06 - log: [PreviewInEditor] BoxCollider2D component found and registered
8-25-2025 12:18:06 - log: [PreviewInEditor] 子弹已添加到BulletRoot节点
8-25-2025 12:18:06 - log: [PreviewInEditor] 子弹已添加到BulletRoot节点
8-25-2025 12:18:06 - log: [PreviewInEditor] 子弹已添加到BulletRoot节点
8-25-2025 12:18:06 - log: [PreviewInEditor] 子弹已添加到BulletRoot节点
8-25-2025 12:18:07 - log: [PreviewInEditor] 子弹撞击类型 0
8-25-2025 12:18:07 - log: [PreviewInEditor] AIPlayer taking damage: 5
8-25-2025 12:18:07 - log: [PreviewInEditor] AIPlayer updating health bar: 0.9
8-25-2025 12:18:07 - log: [PreviewInEditor] AIPlayer updating health bar: 0.9
8-25-2025 12:18:07 - log: [PreviewInEditor] 清除了 2 个范围内的颜料
8-25-2025 12:18:07 - log: [PreviewInEditor] 火箭弹爆炸清除了 2 个颜料
8-25-2025 12:18:07 - log: [PreviewInEditor] AIPlayer taking damage: 1.8358960392301016
8-25-2025 12:18:07 - log: [PreviewInEditor] AIPlayer updating health bar: 0.963282079215398
8-25-2025 12:18:07 - log: [PreviewInEditor] AIPlayer updating health bar: 0.963282079215398
8-25-2025 12:18:07 - log: [PreviewInEditor] 子弹已添加到BulletRoot节点
8-25-2025 12:18:08 - log: [PreviewInEditor] 子弹撞击类型 0
8-25-2025 12:18:08 - log: [PreviewInEditor] AIPlayer taking damage: 5
8-25-2025 12:18:08 - log: [PreviewInEditor] AIPlayer updating health bar: 0.8
8-25-2025 12:18:08 - log: [PreviewInEditor] AIPlayer updating health bar: 0.8
8-25-2025 12:18:08 - log: [PreviewInEditor] 发射普通子弹
8-25-2025 12:18:08 - log: [PreviewInEditor] 子弹已添加到BulletRoot节点
8-25-2025 12:18:08 - log: [PreviewInEditor] 子弹已添加到BulletRoot节点
8-25-2025 12:18:08 - log: [PreviewInEditor] 子弹已添加到BulletRoot节点
8-25-2025 12:18:09 - log: [PreviewInEditor] 发射普通子弹
8-25-2025 12:18:09 - log: [PreviewInEditor] 子弹已添加到BulletRoot节点
8-25-2025 12:18:09 - log: [PreviewInEditor] 清除了 0 个范围内的颜料
8-25-2025 12:18:09 - log: [PreviewInEditor] 火箭弹爆炸清除了 0 个颜料
8-25-2025 12:18:09 - log: [PreviewInEditor] 子弹已添加到BulletRoot节点
8-25-2025 12:18:09 - log: [PreviewInEditor] 子弹已添加到BulletRoot节点
8-25-2025 12:18:09 - log: [PreviewInEditor] 子弹已添加到BulletRoot节点
8-25-2025 12:18:10 - log: [PreviewInEditor] 子弹已添加到BulletRoot节点
8-25-2025 12:18:10 - log: [PreviewInEditor] 发射普通子弹
8-25-2025 12:18:10 - log: [PreviewInEditor] 子弹已添加到BulletRoot节点
8-25-2025 12:18:10 - log: [PreviewInEditor] 子弹撞击类型 0
8-25-2025 12:18:10 - log: [PreviewInEditor] AIPlayer taking damage: 5
8-25-2025 12:18:10 - log: [PreviewInEditor] AIPlayer updating health bar: 0.7
8-25-2025 12:18:10 - log: [PreviewInEditor] AIPlayer updating health bar: 0.7
8-25-2025 12:18:10 - log: [PreviewInEditor] 子弹已添加到BulletRoot节点
8-25-2025 12:18:11 - log: [PreviewInEditor] 子弹撞击类型 0
8-25-2025 12:18:11 - log: [PreviewInEditor] AIPlayer taking damage: 5
8-25-2025 12:18:11 - log: [PreviewInEditor] AIPlayer updating health bar: 0.9
8-25-2025 12:18:11 - log: [PreviewInEditor] AIPlayer updating health bar: 0.9
8-25-2025 12:18:11 - log: [PreviewInEditor] 发射普通子弹
8-25-2025 12:18:11 - log: [PreviewInEditor] 子弹已添加到BulletRoot节点
8-25-2025 12:18:11 - log: [PreviewInEditor] 清除了 0 个范围内的颜料
8-25-2025 12:18:11 - log: [PreviewInEditor] 火箭弹爆炸清除了 0 个颜料
8-25-2025 12:18:11 - log: [PreviewInEditor] 子弹撞击类型 0
8-25-2025 12:18:11 - log: [PreviewInEditor] AIPlayer taking damage: 5
8-25-2025 12:18:11 - log: [PreviewInEditor] AIPlayer updating health bar: 0.6
8-25-2025 12:18:11 - log: [PreviewInEditor] AIPlayer updating health bar: 0.6
8-25-2025 12:18:11 - log: [PreviewInEditor] 发射普通子弹
8-25-2025 12:18:11 - log: [PreviewInEditor] 子弹已添加到BulletRoot节点
8-25-2025 12:18:11 - log: [PreviewInEditor] 子弹已添加到BulletRoot节点
8-25-2025 12:18:12 - log: [PreviewInEditor] 发射普通子弹
8-25-2025 12:18:12 - log: [PreviewInEditor] 子弹已添加到BulletRoot节点
8-25-2025 12:18:12 - log: [PreviewInEditor] 发射普通子弹
8-25-2025 12:18:12 - log: [PreviewInEditor] 子弹已添加到BulletRoot节点
8-25-2025 12:18:12 - log: [PreviewInEditor] 子弹已添加到BulletRoot节点
8-25-2025 12:18:13 - log: [PreviewInEditor] 发射普通子弹
8-25-2025 12:18:13 - log: [PreviewInEditor] 子弹已添加到BulletRoot节点
8-25-2025 12:18:13 - log: [PreviewInEditor] 子弹撞击类型 0
8-25-2025 12:18:13 - log: [PreviewInEditor] AIPlayer taking damage: 5
8-25-2025 12:18:13 - log: [PreviewInEditor] AIPlayer updating health bar: 0.5
8-25-2025 12:18:13 - log: [PreviewInEditor] AIPlayer updating health bar: 0.5
8-25-2025 12:18:13 - log: [PreviewInEditor] 发射普通子弹
8-25-2025 12:18:13 - log: [PreviewInEditor] 子弹已添加到BulletRoot节点
8-25-2025 12:18:13 - log: [PreviewInEditor] 子弹已添加到BulletRoot节点
8-25-2025 12:18:14 - log: [PreviewInEditor] 子弹已添加到BulletRoot节点
8-25-2025 12:18:14 - log: [PreviewInEditor] 发射普通子弹
8-25-2025 12:18:14 - log: [PreviewInEditor] 子弹已添加到BulletRoot节点
8-25-2025 12:18:14 - log: [PreviewInEditor] 子弹撞击类型 0
8-25-2025 12:18:14 - log: [PreviewInEditor] AIPlayer taking damage: 5
8-25-2025 12:18:14 - log: [PreviewInEditor] AIPlayer updating health bar: 0.4
8-25-2025 12:18:14 - log: [PreviewInEditor] AIPlayer updating health bar: 0.4
8-25-2025 12:18:14 - log: [PreviewInEditor] 玩家车辆发生碰撞，碰撞对象: bullet
8-25-2025 12:18:14 - log: [PreviewInEditor] 玩家被子弹击中，造成伤害: 5
8-25-2025 12:18:14 - log: [PreviewInEditor] 子弹撞击类型 0
8-25-2025 12:18:14 - log: [PreviewInEditor] 玩家受到伤害: 5, 剩余生命值: 75
8-25-2025 12:18:14 - log: [PreviewInEditor] 子弹撞击类型 0
8-25-2025 12:18:14 - log: [PreviewInEditor] AIPlayer taking damage: 5
8-25-2025 12:18:14 - log: [PreviewInEditor] AIPlayer updating health bar: 0.3
8-25-2025 12:18:14 - log: [PreviewInEditor] AIPlayer updating health bar: 0.3
8-25-2025 12:18:14 - log: [PreviewInEditor] 发射普通子弹
8-25-2025 12:18:14 - log: [PreviewInEditor] 子弹已添加到BulletRoot节点
8-25-2025 12:18:14 - log: [PreviewInEditor] 子弹撞击类型 0
8-25-2025 12:18:14 - log: [PreviewInEditor] AIPlayer taking damage: 5
8-25-2025 12:18:14 - log: [PreviewInEditor] AIPlayer updating health bar: 0.2
8-25-2025 12:18:14 - log: [PreviewInEditor] AIPlayer updating health bar: 0.2
8-25-2025 12:18:14 - log: [PreviewInEditor] AIPlayer 被玩家车辆撞击
8-25-2025 12:18:14 - log: [PreviewInEditor] 玩家车辆发生碰撞，碰撞对象: car-2
8-25-2025 12:18:14 - log: [PreviewInEditor] 碰撞对象是AI车辆: car-2
8-25-2025 12:18:14 - log: [PreviewInEditor] AIPlayer taking damage: 2
8-25-2025 12:18:14 - log: [PreviewInEditor] AIPlayer updating health bar: 0.16
8-25-2025 12:18:14 - log: [PreviewInEditor] AIPlayer updating health bar: 0.16
8-25-2025 12:18:14 - log: [PreviewInEditor] 玩家受到伤害: 4, 剩余生命值: 71
8-25-2025 12:18:14 - log: [PreviewInEditor] 子弹已添加到BulletRoot节点
8-25-2025 12:18:15 - log: [PreviewInEditor] 发射普通子弹
8-25-2025 12:18:15 - log: [PreviewInEditor] 子弹已添加到BulletRoot节点
8-25-2025 12:18:15 - log: [PreviewInEditor] 子弹已添加到BulletRoot节点
8-25-2025 12:18:16 - log: [PreviewInEditor] 子弹已添加到BulletRoot节点
8-25-2025 12:18:16 - log: [PreviewInEditor] 发射普通子弹
8-25-2025 12:18:16 - log: [PreviewInEditor] 子弹已添加到BulletRoot节点
8-25-2025 12:18:16 - log: [PreviewInEditor] 发射普通子弹
8-25-2025 12:18:16 - log: [PreviewInEditor] 子弹已添加到BulletRoot节点
8-25-2025 12:18:17 - log: [PreviewInEditor] 子弹已添加到BulletRoot节点
8-25-2025 12:18:17 - log: [PreviewInEditor] 子弹已添加到BulletRoot节点
8-25-2025 12:18:17 - log: [PreviewInEditor] 发射普通子弹
8-25-2025 12:18:17 - log: [PreviewInEditor] 子弹已添加到BulletRoot节点
8-25-2025 12:18:17 - log: [PreviewInEditor] 开始补充弹药...
8-25-2025 12:18:18 - log: [PreviewInEditor] 子弹已添加到BulletRoot节点
8-25-2025 12:18:18 - log: [PreviewInEditor] 子弹已添加到BulletRoot节点
8-25-2025 12:18:18 - log: [PreviewInEditor] 玩家车辆发生碰撞，碰撞对象: bullet
8-25-2025 12:18:18 - log: [PreviewInEditor] 玩家被子弹击中，造成伤害: 5
8-25-2025 12:18:18 - log: [PreviewInEditor] 子弹撞击类型 0
8-25-2025 12:18:18 - log: [PreviewInEditor] 玩家受到伤害: 5, 剩余生命值: 66
8-25-2025 12:18:18 - log: [PreviewInEditor] 子弹已添加到BulletRoot节点
8-25-2025 12:18:18 - log: [PreviewInEditor] 玩家车辆发生碰撞，碰撞对象: bullet
8-25-2025 12:18:18 - log: [PreviewInEditor] 玩家被子弹击中，造成伤害: 5
8-25-2025 12:18:18 - log: [PreviewInEditor] 子弹撞击类型 0
8-25-2025 12:18:18 - log: [PreviewInEditor] 玩家受到伤害: 5, 剩余生命值: 61
8-25-2025 12:18:19 - log: [PreviewInEditor] 子弹已添加到BulletRoot节点
8-25-2025 12:18:19 - log: [PreviewInEditor] 清除了 7 个范围内的颜料
8-25-2025 12:18:19 - log: [PreviewInEditor] 火箭弹爆炸清除了 7 个颜料
8-25-2025 12:18:19 - log: [PreviewInEditor] AIPlayer taking damage: 4.7935301679823175
8-25-2025 12:18:19 - log: [PreviewInEditor] AIPlayer updating health bar: 0.9041293966403536
8-25-2025 12:18:19 - log: [PreviewInEditor] AIPlayer updating health bar: 0.9041293966403536
8-25-2025 12:18:20 - log: [PreviewInEditor] 子弹已添加到BulletRoot节点
8-25-2025 12:18:20 - log: [PreviewInEditor] 子弹已添加到BulletRoot节点
8-25-2025 12:18:20 - log: [PreviewInEditor] AIPlayer 被玩家车辆撞击
8-25-2025 12:18:20 - log: [PreviewInEditor] 玩家车辆发生碰撞，碰撞对象: car-2
8-25-2025 12:18:20 - log: [PreviewInEditor] 碰撞对象是AI车辆: car-2
8-25-2025 12:18:20 - log: [PreviewInEditor] AIPlayer taking damage: 9
8-25-2025 12:18:20 - log: [PreviewInEditor] AIPlayer updating health bar: 0
8-25-2025 12:18:20 - log: [PreviewInEditor] AIPlayer updating health bar: 0
8-25-2025 12:18:20 - log: [PreviewInEditor] AI车辆被摧毁！
8-25-2025 12:18:20 - log: [PreviewInEditor] 玩家受到伤害: 4, 剩余生命值: 57
8-25-2025 12:18:21 - log: [PreviewInEditor] AIPlayer 被玩家车辆撞击
8-25-2025 12:18:21 - log: [PreviewInEditor] 玩家车辆发生碰撞，碰撞对象: car-2
8-25-2025 12:18:21 - log: [PreviewInEditor] 碰撞对象是AI车辆: car-2
8-25-2025 12:18:21 - log: [PreviewInEditor] 玩家受到伤害: 4, 剩余生命值: 53
8-25-2025 12:18:21 - log: [PreviewInEditor] 子弹已添加到BulletRoot节点
8-25-2025 12:18:21 - log: [PreviewInEditor] 玩家车辆发生碰撞，碰撞对象: level-1
8-25-2025 12:18:21 - log: [PreviewInEditor] 玩家受到伤害: 2, 剩余生命值: 51
8-25-2025 12:18:21 - log: [PreviewInEditor] 玩家车辆发生碰撞，碰撞对象: level-1
8-25-2025 12:18:21 - log: [PreviewInEditor] 玩家受到伤害: 0, 剩余生命值: 51
8-25-2025 12:18:21 - log: [PreviewInEditor] 清除了 11 个范围内的颜料
8-25-2025 12:18:21 - log: [PreviewInEditor] 火箭弹爆炸清除了 11 个颜料
8-25-2025 12:18:22 - log: [PreviewInEditor] 子弹已添加到BulletRoot节点
8-25-2025 12:18:22 - log: [PreviewInEditor] 子弹已添加到BulletRoot节点
8-25-2025 12:18:22 - log: [PreviewInEditor] 弹药补充完成！
8-25-2025 12:18:23 - log: [PreviewInEditor] 子弹已添加到BulletRoot节点
8-25-2025 12:18:23 - log: [PreviewInEditor] 子弹已添加到BulletRoot节点
8-25-2025 12:18:23 - log: [PreviewInEditor] 清除了 11 个范围内的颜料
8-25-2025 12:18:23 - log: [PreviewInEditor] 火箭弹爆炸清除了 11 个颜料
8-25-2025 12:18:24 - log: [PreviewInEditor] 移除AI车辆节点
8-25-2025 12:18:24 - log: [PreviewInEditor] 子弹已添加到BulletRoot节点
8-25-2025 12:18:24 - log: [PreviewInEditor] 子弹已添加到BulletRoot节点
8-25-2025 12:18:24 - log: [PreviewInEditor] 子弹已添加到BulletRoot节点
8-25-2025 12:18:25 - log: [PreviewInEditor] 清除了 0 个范围内的颜料
8-25-2025 12:18:25 - log: [PreviewInEditor] 火箭弹爆炸清除了 0 个颜料
8-25-2025 12:18:26 - log: [PreviewInEditor] 子弹已添加到BulletRoot节点
8-25-2025 12:18:26 - log: [PreviewInEditor] 子弹已添加到BulletRoot节点
8-25-2025 12:18:27 - log: [PreviewInEditor] 子弹已添加到BulletRoot节点
8-25-2025 12:18:27 - log: [PreviewInEditor] 子弹已添加到BulletRoot节点
8-25-2025 12:18:27 - log: [PreviewInEditor] 清除了 10 个范围内的颜料
8-25-2025 12:18:27 - log: [PreviewInEditor] 火箭弹爆炸清除了 10 个颜料
8-25-2025 12:18:28 - log: [PreviewInEditor] 子弹已添加到BulletRoot节点
8-25-2025 12:18:28 - log: [PreviewInEditor] 子弹已添加到BulletRoot节点
8-25-2025 12:18:28 - log: [PreviewInEditor] 子弹已添加到BulletRoot节点
8-25-2025 12:18:29 - log: [PreviewInEditor] 子弹已添加到BulletRoot节点
8-25-2025 12:18:29 - log: [PreviewInEditor] 子弹已添加到BulletRoot节点
8-25-2025 12:18:29 - log: [PreviewInEditor] 清除了 4 个范围内的颜料
8-25-2025 12:18:29 - log: [PreviewInEditor] 火箭弹爆炸清除了 4 个颜料
8-25-2025 12:18:30 - log: [PreviewInEditor] 子弹已添加到BulletRoot节点
8-25-2025 12:18:30 - log: [PreviewInEditor] 子弹已添加到BulletRoot节点
8-25-2025 12:18:30 - log: [PreviewInEditor] 子弹已添加到BulletRoot节点
8-25-2025 12:18:31 - log: [PreviewInEditor] 子弹已添加到BulletRoot节点
8-25-2025 12:18:31 - log: [PreviewInEditor] 清除了 16 个范围内的颜料
8-25-2025 12:18:31 - log: [PreviewInEditor] 火箭弹爆炸清除了 16 个颜料
8-25-2025 12:18:32 - log: [PreviewInEditor] 子弹已添加到BulletRoot节点
8-25-2025 12:18:33 - log: [PreviewInEditor] 子弹已添加到BulletRoot节点
8-25-2025 12:18:33 - log: [PreviewInEditor] 子弹已添加到BulletRoot节点
8-25-2025 12:18:34 - log: [PreviewInEditor] 子弹已添加到BulletRoot节点
8-25-2025 12:18:34 - log: [PreviewInEditor] 子弹已添加到BulletRoot节点
8-25-2025 12:18:34 - log: [PreviewInEditor] 清除了 22 个范围内的颜料
8-25-2025 12:18:34 - log: [PreviewInEditor] 火箭弹爆炸清除了 22 个颜料
8-25-2025 12:18:35 - log: [PreviewInEditor] 子弹已添加到BulletRoot节点
8-25-2025 12:18:35 - log: [PreviewInEditor] 玩家受到伤害: 1.1765527024518996, 剩余生命值: 49.8234472975481
8-25-2025 12:18:35 - log: [PreviewInEditor] 清除了 4 个范围内的颜料
8-25-2025 12:18:35 - log: [PreviewInEditor] 火箭弹爆炸清除了 4 个颜料
8-25-2025 12:18:35 - log: [PreviewInEditor] 发射普通子弹
8-25-2025 12:18:35 - log: [PreviewInEditor] 子弹已添加到BulletRoot节点
8-25-2025 12:18:35 - log: [PreviewInEditor] 子弹撞击类型 0
8-25-2025 12:18:35 - log: [PreviewInEditor] AIPlayer taking damage: 5
8-25-2025 12:18:35 - log: [PreviewInEditor] AIPlayer updating health bar: 0.8
8-25-2025 12:18:35 - log: [PreviewInEditor] AIPlayer updating health bar: 0.8
8-25-2025 12:18:36 - log: [PreviewInEditor] 发射普通子弹
8-25-2025 12:18:36 - log: [PreviewInEditor] 子弹已添加到BulletRoot节点
8-25-2025 12:18:36 - log: [PreviewInEditor] 子弹撞击类型 0
8-25-2025 12:18:36 - log: [PreviewInEditor] AIPlayer taking damage: 5
8-25-2025 12:18:36 - log: [PreviewInEditor] AIPlayer updating health bar: 0.7
8-25-2025 12:18:36 - log: [PreviewInEditor] AIPlayer updating health bar: 0.7
8-25-2025 12:18:36 - log: [PreviewInEditor] 子弹已添加到BulletRoot节点
8-25-2025 12:18:36 - log: [PreviewInEditor] 发射普通子弹
8-25-2025 12:18:36 - log: [PreviewInEditor] 子弹已添加到BulletRoot节点
8-25-2025 12:18:36 - log: [PreviewInEditor] 子弹撞击类型 0
8-25-2025 12:18:36 - log: [PreviewInEditor] AIPlayer taking damage: 5
8-25-2025 12:18:36 - log: [PreviewInEditor] AIPlayer updating health bar: 0.6
8-25-2025 12:18:36 - log: [PreviewInEditor] AIPlayer updating health bar: 0.6
8-25-2025 12:18:36 - log: [PreviewInEditor] 发射普通子弹
8-25-2025 12:18:36 - log: [PreviewInEditor] 子弹已添加到BulletRoot节点
8-25-2025 12:18:37 - log: [PreviewInEditor] 子弹已添加到BulletRoot节点
8-25-2025 12:18:37 - log: [PreviewInEditor] 发射普通子弹
8-25-2025 12:18:37 - log: [PreviewInEditor] 子弹已添加到BulletRoot节点
8-25-2025 12:18:37 - log: [PreviewInEditor] 子弹撞击类型 0
8-25-2025 12:18:37 - log: [PreviewInEditor] AIPlayer taking damage: 5
8-25-2025 12:18:37 - log: [PreviewInEditor] AIPlayer updating health bar: 0.5
8-25-2025 12:18:37 - log: [PreviewInEditor] AIPlayer updating health bar: 0.5
8-25-2025 12:18:38 - log: [PreviewInEditor] AIPlayer 被玩家车辆撞击
8-25-2025 12:18:38 - log: [PreviewInEditor] 玩家车辆发生碰撞，碰撞对象: car-4
8-25-2025 12:18:38 - log: [PreviewInEditor] 碰撞对象是AI车辆: car-4
8-25-2025 12:18:38 - log: [PreviewInEditor] AIPlayer taking damage: 8
8-25-2025 12:18:38 - log: [PreviewInEditor] AIPlayer updating health bar: 0.34
8-25-2025 12:18:38 - log: [PreviewInEditor] AIPlayer updating health bar: 0.34
8-25-2025 12:18:38 - log: [PreviewInEditor] 玩家受到伤害: 3, 剩余生命值: 46.8234472975481
8-25-2025 12:18:38 - log: [PreviewInEditor] 发射普通子弹
8-25-2025 12:18:38 - log: [PreviewInEditor] 子弹已添加到BulletRoot节点
8-25-2025 12:18:38 - log: [PreviewInEditor] 子弹已添加到BulletRoot节点
8-25-2025 12:18:38 - log: [PreviewInEditor] 子弹已添加到BulletRoot节点
8-25-2025 12:18:39 - log: [PreviewInEditor] 发射普通子弹
8-25-2025 12:18:39 - log: [PreviewInEditor] 子弹已添加到BulletRoot节点
8-25-2025 12:18:39 - log: [PreviewInEditor] 发射普通子弹
8-25-2025 12:18:39 - log: [PreviewInEditor] 子弹已添加到BulletRoot节点
8-25-2025 12:18:39 - log: [PreviewInEditor] 子弹已添加到BulletRoot节点
8-25-2025 12:18:39 - log: [PreviewInEditor] 清除了 5 个范围内的颜料
8-25-2025 12:18:39 - log: [PreviewInEditor] 火箭弹爆炸清除了 5 个颜料
8-25-2025 12:18:39 - log: [PreviewInEditor] 发射普通子弹
8-25-2025 12:18:39 - log: [PreviewInEditor] 子弹已添加到BulletRoot节点
8-25-2025 12:18:39 - log: [PreviewInEditor] 子弹已添加到BulletRoot节点
8-25-2025 12:18:40 - log: [PreviewInEditor] 子弹已添加到BulletRoot节点
8-25-2025 12:18:40 - log: [PreviewInEditor] 子弹已添加到BulletRoot节点
8-25-2025 12:18:40 - log: [PreviewInEditor] 发射普通子弹
8-25-2025 12:18:40 - log: [PreviewInEditor] 子弹已添加到BulletRoot节点
8-25-2025 12:18:41 - log: [PreviewInEditor] 发射普通子弹
8-25-2025 12:18:41 - log: [PreviewInEditor] 子弹已添加到BulletRoot节点
8-25-2025 12:18:41 - log: [PreviewInEditor] 子弹已添加到BulletRoot节点
8-25-2025 12:18:41 - log: [PreviewInEditor] 子弹已添加到BulletRoot节点
8-25-2025 12:18:42 - log: [PreviewInEditor] 发射普通子弹
8-25-2025 12:18:42 - log: [PreviewInEditor] 子弹已添加到BulletRoot节点
8-25-2025 12:18:42 - log: [PreviewInEditor] 清除了 16 个范围内的颜料
8-25-2025 12:18:42 - log: [PreviewInEditor] 火箭弹爆炸清除了 16 个颜料
8-25-2025 12:18:42 - log: [PreviewInEditor] 子弹已添加到BulletRoot节点
8-25-2025 12:18:42 - log: [PreviewInEditor] 子弹已添加到BulletRoot节点
8-25-2025 12:18:43 - log: [PreviewInEditor] 发射普通子弹
8-25-2025 12:18:43 - log: [PreviewInEditor] 子弹已添加到BulletRoot节点
8-25-2025 12:18:43 - log: [PreviewInEditor] 子弹撞击类型 0
8-25-2025 12:18:43 - log: [PreviewInEditor] AIPlayer taking damage: 5
8-25-2025 12:18:43 - log: [PreviewInEditor] AIPlayer updating health bar: 0.24
8-25-2025 12:18:43 - log: [PreviewInEditor] AIPlayer updating health bar: 0.24
8-25-2025 12:18:43 - log: [PreviewInEditor] 子弹已添加到BulletRoot节点
8-25-2025 12:18:43 - log: [PreviewInEditor] 发射普通子弹
8-25-2025 12:18:43 - log: [PreviewInEditor] 子弹已添加到BulletRoot节点
8-25-2025 12:18:44 - log: [PreviewInEditor] 子弹撞击类型 0
8-25-2025 12:18:44 - log: [PreviewInEditor] AIPlayer taking damage: 5
8-25-2025 12:18:44 - log: [PreviewInEditor] AIPlayer updating health bar: 0.14
8-25-2025 12:18:44 - log: [PreviewInEditor] AIPlayer updating health bar: 0.14
8-25-2025 12:18:44 - log: [PreviewInEditor] 发射普通子弹
8-25-2025 12:18:44 - log: [PreviewInEditor] 子弹已添加到BulletRoot节点
8-25-2025 12:18:44 - log: [PreviewInEditor] 开始补充弹药...
8-25-2025 12:18:44 - log: [PreviewInEditor] 子弹已添加到BulletRoot节点
8-25-2025 12:18:44 - log: [PreviewInEditor] 子弹撞击类型 0
8-25-2025 12:18:44 - log: [PreviewInEditor] AIPlayer taking damage: 5
8-25-2025 12:18:44 - log: [PreviewInEditor] AIPlayer updating health bar: 0.04
8-25-2025 12:18:44 - log: [PreviewInEditor] AIPlayer updating health bar: 0.04
8-25-2025 12:18:45 - log: [PreviewInEditor] 子弹已添加到BulletRoot节点
8-25-2025 12:18:47 - log: [PreviewInEditor] 子弹已添加到BulletRoot节点
8-25-2025 12:18:48 - log: [PreviewInEditor] 子弹已添加到BulletRoot节点
8-25-2025 12:18:49 - log: [PreviewInEditor] 子弹已添加到BulletRoot节点
8-25-2025 12:18:49 - log: [PreviewInEditor] 弹药补充完成！
8-25-2025 12:18:50 - log: [PreviewInEditor] 子弹已添加到BulletRoot节点
8-25-2025 12:18:50 - log: [PreviewInEditor] 发射普通子弹
8-25-2025 12:18:50 - log: [PreviewInEditor] 子弹已添加到BulletRoot节点
8-25-2025 12:18:50 - log: [PreviewInEditor] 子弹已添加到BulletRoot节点
8-25-2025 12:18:51 - log: [PreviewInEditor] 发射普通子弹
8-25-2025 12:18:51 - log: [PreviewInEditor] 子弹已添加到BulletRoot节点
8-25-2025 12:18:51 - log: [PreviewInEditor] 子弹已添加到BulletRoot节点
8-25-2025 12:18:51 - log: [PreviewInEditor] 清除了 15 个范围内的颜料
8-25-2025 12:18:51 - log: [PreviewInEditor] 火箭弹爆炸清除了 15 个颜料
8-25-2025 12:18:51 - log: [PreviewInEditor] AIPlayer 被玩家车辆撞击
8-25-2025 12:18:51 - log: [PreviewInEditor] 玩家车辆发生碰撞，碰撞对象: car-4
8-25-2025 12:18:51 - log: [PreviewInEditor] 碰撞对象是AI车辆: car-4
8-25-2025 12:18:51 - log: [PreviewInEditor] AIPlayer taking damage: 9
8-25-2025 12:18:51 - log: [PreviewInEditor] AIPlayer updating health bar: 0
8-25-2025 12:18:51 - log: [PreviewInEditor] AIPlayer updating health bar: 0
8-25-2025 12:18:51 - log: [PreviewInEditor] AI车辆被摧毁！
8-25-2025 12:18:51 - log: [PreviewInEditor] 玩家受到伤害: 3, 剩余生命值: 43.8234472975481
8-25-2025 12:18:51 - log: [PreviewInEditor] AIPlayer 被玩家车辆撞击
8-25-2025 12:18:51 - log: [PreviewInEditor] 玩家车辆发生碰撞，碰撞对象: car-4
8-25-2025 12:18:51 - log: [PreviewInEditor] 碰撞对象是AI车辆: car-4
8-25-2025 12:18:51 - log: [PreviewInEditor] 玩家受到伤害: 3, 剩余生命值: 40.8234472975481
8-25-2025 12:18:52 - log: [PreviewInEditor] 子弹已添加到BulletRoot节点
8-25-2025 12:18:52 - log: [PreviewInEditor] 子弹已添加到BulletRoot节点
8-25-2025 12:18:53 - log: [PreviewInEditor] 子弹已添加到BulletRoot节点
8-25-2025 12:18:54 - log: [PreviewInEditor] 子弹已添加到BulletRoot节点
8-25-2025 12:18:54 - log: [PreviewInEditor] 移除AI车辆节点
8-25-2025 12:18:55 - log: [PreviewInEditor] 子弹已添加到BulletRoot节点
8-25-2025 12:18:56 - log: [PreviewInEditor] 子弹已添加到BulletRoot节点
8-25-2025 12:18:56 - log: [PreviewInEditor] 子弹已添加到BulletRoot节点
8-25-2025 12:18:57 - log: [PreviewInEditor] 玩家车辆发生碰撞，碰撞对象: level-1
8-25-2025 12:18:57 - log: [PreviewInEditor] 玩家受到伤害: 4, 剩余生命值: 36.8234472975481
8-25-2025 12:18:57 - log: [PreviewInEditor] 子弹已添加到BulletRoot节点
8-25-2025 12:18:58 - log: [PreviewInEditor] 子弹已添加到BulletRoot节点
8-25-2025 12:18:59 - log: [PreviewInEditor] 子弹已添加到BulletRoot节点
8-25-2025 12:19:00 - log: [PreviewInEditor] 子弹已添加到BulletRoot节点
8-25-2025 12:19:00 - log: [PreviewInEditor] 子弹已添加到BulletRoot节点
8-25-2025 12:19:01 - log: [PreviewInEditor] 子弹已添加到BulletRoot节点
8-25-2025 12:19:01 - log: [PreviewInEditor] 子弹已添加到BulletRoot节点
8-25-2025 12:19:02 - log: [PreviewInEditor] 子弹已添加到BulletRoot节点
8-25-2025 12:19:02 - log: [PreviewInEditor] 子弹已添加到BulletRoot节点
8-25-2025 12:19:03 - log: [PreviewInEditor] 子弹已添加到BulletRoot节点
8-25-2025 12:19:04 - log: [PreviewInEditor] 子弹已添加到BulletRoot节点
8-25-2025 12:19:05 - log: [PreviewInEditor] 子弹已添加到BulletRoot节点
8-25-2025 12:19:05 - log: [PreviewInEditor] 子弹已添加到BulletRoot节点
8-25-2025 12:19:05 - log: [PreviewInEditor] 玩家车辆发生碰撞，碰撞对象: level-1
8-25-2025 12:19:05 - log: [PreviewInEditor] 玩家受到伤害: 3, 剩余生命值: 33.8234472975481
8-25-2025 12:19:06 - log: [PreviewInEditor] 子弹已添加到BulletRoot节点
8-25-2025 12:19:06 - log: [PreviewInEditor] 子弹已添加到BulletRoot节点
8-25-2025 12:19:07 - log: [PreviewInEditor] 子弹已添加到BulletRoot节点
8-25-2025 12:19:07 - log: [PreviewInEditor] 子弹已添加到BulletRoot节点
8-25-2025 12:19:07 - log: [PreviewInEditor] 玩家车辆发生碰撞，碰撞对象: bullet
8-25-2025 12:19:07 - log: [PreviewInEditor] 玩家被子弹击中，造成伤害: 5
8-25-2025 12:19:07 - log: [PreviewInEditor] 子弹撞击类型 0
8-25-2025 12:19:07 - log: [PreviewInEditor] 玩家受到伤害: 5, 剩余生命值: 28.8234472975481
8-25-2025 12:19:08 - log: [PreviewInEditor] 子弹已添加到BulletRoot节点
8-25-2025 12:19:09 - log: [PreviewInEditor] 子弹已添加到BulletRoot节点
8-25-2025 12:19:10 - log: [PreviewInEditor] 子弹已添加到BulletRoot节点
8-25-2025 12:19:10 - log: [PreviewInEditor] 子弹已添加到BulletRoot节点
8-25-2025 12:19:11 - log: [PreviewInEditor] 子弹已添加到BulletRoot节点
8-25-2025 12:19:11 - log: [PreviewInEditor] 子弹已添加到BulletRoot节点
8-25-2025 12:19:12 - log: [PreviewInEditor] 玩家车辆发生碰撞，碰撞对象: level-1
8-25-2025 12:19:12 - log: [PreviewInEditor] 玩家受到伤害: 2, 剩余生命值: 26.8234472975481
8-25-2025 12:19:12 - log: [PreviewInEditor] 子弹已添加到BulletRoot节点
8-25-2025 12:19:12 - log: [PreviewInEditor] 发射普通子弹
8-25-2025 12:19:12 - log: [PreviewInEditor] 子弹已添加到BulletRoot节点
8-25-2025 12:19:12 - log: [PreviewInEditor] 子弹已添加到BulletRoot节点
8-25-2025 12:19:13 - log: [PreviewInEditor] 发射普通子弹
8-25-2025 12:19:13 - log: [PreviewInEditor] 子弹已添加到BulletRoot节点
8-25-2025 12:19:13 - log: [PreviewInEditor] 玩家车辆发生碰撞，碰撞对象: bullet
8-25-2025 12:19:13 - log: [PreviewInEditor] 玩家被子弹击中，造成伤害: 5
8-25-2025 12:19:13 - log: [PreviewInEditor] 子弹撞击类型 0
8-25-2025 12:19:13 - log: [PreviewInEditor] 玩家受到伤害: 5, 剩余生命值: 21.8234472975481
8-25-2025 12:19:13 - log: [PreviewInEditor] 发射普通子弹
8-25-2025 12:19:13 - log: [PreviewInEditor] 子弹已添加到BulletRoot节点
8-25-2025 12:19:13 - log: [PreviewInEditor] 子弹撞击类型 0
8-25-2025 12:19:13 - log: [PreviewInEditor] AIPlayer taking damage: 5
8-25-2025 12:19:13 - log: [PreviewInEditor] AIPlayer updating health bar: 0.8041293966403537
8-25-2025 12:19:13 - log: [PreviewInEditor] AIPlayer updating health bar: 0.8041293966403537
8-25-2025 12:19:13 - log: [PreviewInEditor] 玩家车辆发生碰撞，碰撞对象: bullet
8-25-2025 12:19:13 - log: [PreviewInEditor] 玩家与自己发射的子弹碰撞，不造成伤害和反作用力
8-25-2025 12:19:13 - log: [PreviewInEditor] 玩家车辆发生碰撞，碰撞对象: bullet
8-25-2025 12:19:13 - log: [PreviewInEditor] 玩家与自己发射的子弹碰撞，不造成伤害和反作用力
8-25-2025 12:19:13 - log: [PreviewInEditor] 子弹已添加到BulletRoot节点
8-25-2025 12:19:13 - log: [PreviewInEditor] 发射普通子弹
8-25-2025 12:19:13 - log: [PreviewInEditor] 子弹已添加到BulletRoot节点
8-25-2025 12:19:13 - log: [PreviewInEditor] 子弹已添加到BulletRoot节点
8-25-2025 12:19:14 - log: [PreviewInEditor] 发射普通子弹
8-25-2025 12:19:14 - log: [PreviewInEditor] 子弹已添加到BulletRoot节点
8-25-2025 12:19:14 - log: [PreviewInEditor] 子弹撞击类型 0
8-25-2025 12:19:14 - log: [PreviewInEditor] AIPlayer taking damage: 5
8-25-2025 12:19:14 - log: [PreviewInEditor] AIPlayer updating health bar: 0.7041293966403537
8-25-2025 12:19:14 - log: [PreviewInEditor] AIPlayer updating health bar: 0.7041293966403537
8-25-2025 12:19:14 - log: [PreviewInEditor] 发射普通子弹
8-25-2025 12:19:14 - log: [PreviewInEditor] 子弹已添加到BulletRoot节点
8-25-2025 12:19:15 - log: [PreviewInEditor] 发射普通子弹
8-25-2025 12:19:15 - log: [PreviewInEditor] 子弹已添加到BulletRoot节点
8-25-2025 12:19:15 - log: [PreviewInEditor] 子弹撞击类型 0
8-25-2025 12:19:15 - log: [PreviewInEditor] AIPlayer taking damage: 5
8-25-2025 12:19:15 - log: [PreviewInEditor] AIPlayer updating health bar: 0.6041293966403536
8-25-2025 12:19:15 - log: [PreviewInEditor] AIPlayer updating health bar: 0.6041293966403536
8-25-2025 12:19:15 - log: [PreviewInEditor] 发射普通子弹
8-25-2025 12:19:15 - log: [PreviewInEditor] 子弹已添加到BulletRoot节点
8-25-2025 12:19:16 - log: [PreviewInEditor] 子弹已添加到BulletRoot节点
8-25-2025 12:19:16 - log: [PreviewInEditor] 发射普通子弹
8-25-2025 12:19:16 - log: [PreviewInEditor] 子弹已添加到BulletRoot节点
8-25-2025 12:19:16 - log: [PreviewInEditor] 子弹已添加到BulletRoot节点
8-25-2025 12:19:16 - log: [PreviewInEditor] 发射普通子弹
8-25-2025 12:19:16 - log: [PreviewInEditor] 子弹已添加到BulletRoot节点
8-25-2025 12:19:16 - log: [PreviewInEditor] 发射普通子弹
8-25-2025 12:19:16 - log: [PreviewInEditor] 子弹已添加到BulletRoot节点
8-25-2025 12:19:17 - log: [PreviewInEditor] 子弹已添加到BulletRoot节点
8-25-2025 12:19:17 - log: [PreviewInEditor] 子弹已添加到BulletRoot节点
8-25-2025 12:19:17 - log: [PreviewInEditor] 发射普通子弹
8-25-2025 12:19:17 - log: [PreviewInEditor] 子弹已添加到BulletRoot节点
8-25-2025 12:19:17 - log: [PreviewInEditor] 发射普通子弹
8-25-2025 12:19:17 - log: [PreviewInEditor] 子弹已添加到BulletRoot节点
8-25-2025 12:19:17 - log: [PreviewInEditor] 开始补充弹药...
8-25-2025 12:19:18 - log: [PreviewInEditor] 子弹已添加到BulletRoot节点
8-25-2025 12:19:20 - log: [PreviewInEditor] 子弹已添加到BulletRoot节点
8-25-2025 12:19:20 - log: [PreviewInEditor] 子弹已添加到BulletRoot节点
8-25-2025 12:19:21 - log: [PreviewInEditor] 子弹已添加到BulletRoot节点
8-25-2025 12:19:22 - log: [PreviewInEditor] 弹药补充完成！
8-25-2025 12:19:22 - log: [PreviewInEditor] 发射普通子弹
8-25-2025 12:19:22 - log: [PreviewInEditor] 子弹已添加到BulletRoot节点
8-25-2025 12:19:23 - log: [PreviewInEditor] 子弹已添加到BulletRoot节点
8-25-2025 12:19:23 - log: [PreviewInEditor] 子弹已添加到BulletRoot节点
8-25-2025 12:19:23 - log: [PreviewInEditor] 发射普通子弹
8-25-2025 12:19:23 - log: [PreviewInEditor] 子弹已添加到BulletRoot节点
8-25-2025 12:19:23 - log: [PreviewInEditor] 子弹撞击类型 0
8-25-2025 12:19:23 - log: [PreviewInEditor] AIPlayer taking damage: 5
8-25-2025 12:19:23 - log: [PreviewInEditor] AIPlayer updating health bar: 0.863282079215398
8-25-2025 12:19:23 - log: [PreviewInEditor] AIPlayer updating health bar: 0.863282079215398
8-25-2025 12:19:23 - log: [PreviewInEditor] 子弹撞击类型 0
8-25-2025 12:19:23 - log: [PreviewInEditor] AIPlayer taking damage: 5
8-25-2025 12:19:23 - log: [PreviewInEditor] AIPlayer updating health bar: 0.763282079215398
8-25-2025 12:19:23 - log: [PreviewInEditor] AIPlayer updating health bar: 0.763282079215398
8-25-2025 12:19:23 - log: [PreviewInEditor] 发射普通子弹
8-25-2025 12:19:23 - log: [PreviewInEditor] 子弹已添加到BulletRoot节点
8-25-2025 12:19:24 - log: [PreviewInEditor] 发射普通子弹
8-25-2025 12:19:24 - log: [PreviewInEditor] 子弹已添加到BulletRoot节点
8-25-2025 12:19:24 - log: [PreviewInEditor] 子弹已添加到BulletRoot节点
8-25-2025 12:19:24 - log: [PreviewInEditor] 子弹已添加到BulletRoot节点
8-25-2025 12:19:25 - log: [PreviewInEditor] 子弹已添加到BulletRoot节点
8-25-2025 12:19:25 - log: [PreviewInEditor] 子弹已添加到BulletRoot节点
8-25-2025 12:19:26 - log: [PreviewInEditor] 子弹已添加到BulletRoot节点
8-25-2025 12:19:27 - log: [PreviewInEditor] 子弹已添加到BulletRoot节点
8-25-2025 12:19:28 - log: [PreviewInEditor] 子弹已添加到BulletRoot节点
8-25-2025 12:19:29 - log: [PreviewInEditor] 子弹已添加到BulletRoot节点
8-25-2025 12:19:30 - log: [PreviewInEditor] 玩家车辆发生碰撞，碰撞对象: level-1
8-25-2025 12:19:30 - log: [PreviewInEditor] 玩家受到伤害: 3, 剩余生命值: 18.8234472975481
8-25-2025 12:19:30 - log: [PreviewInEditor] 子弹已添加到BulletRoot节点
8-25-2025 12:19:31 - log: [PreviewInEditor] 子弹已添加到BulletRoot节点
8-25-2025 12:19:32 - log: [PreviewInEditor] 子弹已添加到BulletRoot节点
8-25-2025 12:19:33 - log: [PreviewInEditor] 子弹已添加到BulletRoot节点
8-25-2025 12:19:33 - log: [PreviewInEditor] 子弹已添加到BulletRoot节点
8-25-2025 12:19:34 - log: [PreviewInEditor] 子弹已添加到BulletRoot节点
8-25-2025 12:19:35 - log: [PreviewInEditor] 子弹已添加到BulletRoot节点
8-25-2025 12:19:36 - log: [PreviewInEditor] 倒计时结束，游戏结束
8-25-2025 12:19:36 - log: [PreviewInEditor] 玩家颜料占比: 35.0%
8-25-2025 12:19:36 - log: [PreviewInEditor] 玩家颜料占比超过25%，游戏胜利
8-25-2025 12:19:36 - log: [PreviewInEditor] 游戏时长: 90.0秒, 生命值: 23.5%, 星星: 1, 评价: B, 奖励: 100金币
8-25-2025 12:19:36 - log: [PreviewInEditor] 更新星星显示: 1/3 颗星星亮起
8-25-2025 12:19:36 - log: [PreviewInEditor] 解锁新关卡: level-2
8-25-2025 12:19:36 - log: [PreviewInEditor] 关卡进度已更新: level-1, 星星: 1
8-25-2025 12:19:36 - log: [PreviewInEditor] 玩家数据保存成功
8-25-2025 12:19:36 - log: [PreviewInEditor] 游戏胜利！
8-25-2025 12:19:42 - warn: [PreviewInEditor] SceneTransition not available, loading scene directlyError: [PreviewInEditor] SceneTransition not available, loading scene directly
    at console.warn (/Applications/Cocos/Creator/3.8.6/CocosCreator.app/Contents/Resources/app.asar/node_modules/@sentry/src/instrument/console.ts:40:20)
    at Function.loadScene (file:///Users/zeruili/projects/cocos_project/SuperSplash/temp/programming/packer-driver/targets/editor/chunks/7b/file:/Users/zeruili/projects/cocos_project/SuperSplash/assets/scripts/SceneTransition.ts:33:21)
    at GameManager.returnToLevelSelect (file:///Users/zeruili/projects/cocos_project/SuperSplash/temp/programming/packer-driver/targets/editor/chunks/6e/file:/Users/zeruili/projects/cocos_project/SuperSplash/assets/scripts/GameManager.ts:547:25)
    at GameOverPanel.onLevelSelectClick (file:///Users/zeruili/projects/cocos_project/SuperSplash/temp/programming/packer-driver/targets/editor/chunks/2b/file:/Users/zeruili/projects/cocos_project/SuperSplash/assets/scripts/GameOverPanel.ts:194:25)
    at CallbacksInvoker.emit (/Applications/Cocos/Creator/3.8.6/CocosCreator.app/Contents/Resources/resources/3d/engine/bin/.cache/dev/editor/bundled/index.js:171652:28)
    at NodeEventProcessor.emit (/Applications/Cocos/Creator/3.8.6/CocosCreator.app/Contents/Resources/resources/3d/engine/bin/.cache/dev/editor/bundled/index.js:60299:135)
    at Node.emit (/Applications/Cocos/Creator/3.8.6/CocosCreator.app/Contents/Resources/resources/3d/engine/bin/.cache/dev/editor/bundled/index.js:58501:32)
    at Button._onTouchEnded (/Applications/Cocos/Creator/3.8.6/CocosCreator.app/Contents/Resources/resources/3d/engine/bin/.cache/dev/editor/bundled/index.js:63881:23)
    at CallbacksInvoker.emit (/Applications/Cocos/Creator/3.8.6/CocosCreator.app/Contents/Resources/resources/3d/engine/bin/.cache/dev/editor/bundled/index.js:171652:28)
    at NodeEventProcessor.dispatchEvent (/Applications/Cocos/Creator/3.8.6/CocosCreator.app/Contents/Resources/resources/3d/engine/bin/.cache/dev/editor/bundled/index.js:60335:33)
    at Node.dispatchEvent (/Applications/Cocos/Creator/3.8.6/CocosCreator.app/Contents/Resources/resources/3d/engine/bin/.cache/dev/editor/bundled/index.js:58512:32)
    at NodeEventProcessor._handleTouchEnd (/Applications/Cocos/Creator/3.8.6/CocosCreator.app/Contents/Resources/resources/3d/engine/bin/.cache/dev/editor/bundled/index.js:60694:16)
    at NodeEventProcessor._handleEventTouch (/Applications/Cocos/Creator/3.8.6/CocosCreator.app/Contents/Resources/resources/3d/engine/bin/.cache/dev/editor/bundled/index.js:60643:29)
    at PointerEventDispatcher.dispatchEventTouch (/Applications/Cocos/Creator/3.8.6/CocosCreator.app/Contents/Resources/resources/3d/engine/bin/.cache/dev/editor/bundled/index.js:100451:41)
    at PointerEventDispatcher.dispatchEvent (/Applications/Cocos/Creator/3.8.6/CocosCreator.app/Contents/Resources/resources/3d/engine/bin/.cache/dev/editor/bundled/index.js:100371:25)
    at Input._emitEvent (/Applications/Cocos/Creator/3.8.6/CocosCreator.app/Contents/Resources/resources/3d/engine/bin/.cache/dev/editor/bundled/index.js:20162:31)
    at Input._dispatchEventTouch (/Applications/Cocos/Creator/3.8.6/CocosCreator.app/Contents/Resources/resources/3d/engine/bin/.cache/dev/editor/bundled/index.js:20300:18)
    at Input._simulateEventTouch (/Applications/Cocos/Creator/3.8.6/CocosCreator.app/Contents/Resources/resources/3d/engine/bin/.cache/dev/editor/bundled/index.js:20147:16)
    at eval (/Applications/Cocos/Creator/3.8.6/CocosCreator.app/Contents/Resources/resources/3d/engine/bin/.cache/dev/editor/bundled/index.js:20206:20)
    at Eventified.emit (/Applications/Cocos/Creator/3.8.6/CocosCreator.app/Contents/Resources/resources/3d/engine/bin/.cache/dev/editor/bundled/index.js:171654:19)
    at MouseInputSource.eval [as _handleMouseUp] (/Applications/Cocos/Creator/3.8.6/CocosCreator.app/Contents/Resources/resources/3d/engine/bin/.cache/dev/editor/bundled/index.js:265005:31)
    at MouseInputSource.dispatchMouseUpEvent (/Applications/Cocos/Creator/3.8.6/CocosCreator.app/Contents/Resources/resources/3d/engine/bin/.cache/dev/editor/bundled/index.js:264895:16)
    at Input._dispatchMouseUpEvent (/Applications/Cocos/Creator/3.8.6/CocosCreator.app/Contents/Resources/resources/3d/engine/bin/.cache/dev/editor/bundled/index.js:20001:179)
    at /Applications/Cocos/Creator/3.8.6/CocosCreator.app/Contents/Resources/app.asar/builtin/scene/dist/script/3d/facade/preview-scene-facade.ccc:1:2918
    at Operation._emitMouseEvent (/Applications/Cocos/Creator/3.8.6/CocosCreator.app/Contents/Resources/app.asar/builtin/scene/dist/script/public/operation/index.ccc:1:2999)
    at /Applications/Cocos/Creator/3.8.6/CocosCreator.app/Contents/Resources/app.asar/builtin/scene/dist/script/3d/manager/ipc/web/ipc.ccc:2:630
    at IpcRenderer.<anonymous> (/Applications/Cocos/Creator/3.8.6/CocosCreator.app/Contents/Resources/app.asar/builtin/scene/dist/script/3d/manager/ipc/web/webview.ccc:1:1004)
    at IpcRenderer.emit (node:events:519:28)
    at Object.onMessage (node:electron/js2c/renderer_init:2:8837)
8-25-2025 12:19:42 - log: [PreviewInEditor] Battle BGM stopped
8-25-2025 12:19:42 - log: [PreviewInEditor] BGM started playing
8-25-2025 12:19:43 - log: [PreviewInEditor] PaintManager实例已销毁
8-25-2025 12:19:43 - log: [PreviewInEditor] GameManager 实例已销毁
8-25-2025 12:19:43 - log: [PreviewInEditor] SceneTransition initialized
8-25-2025 12:19:43 - log: [PreviewInEditor] 更新关卡显示
8-25-2025 12:19:43 - log: [PreviewInEditor] 关卡 level-1: 解锁状态 = true
8-25-2025 12:19:43 - log: [PreviewInEditor] 关卡 level-2: 解锁状态 = true
8-25-2025 12:19:43 - log: [PreviewInEditor] 关卡 level-3: 解锁状态 = false
8-25-2025 12:19:43 - log: [PreviewInEditor] 关卡 level-4: 解锁状态 = false
8-25-2025 12:19:43 - log: [PreviewInEditor] 关卡 level-5: 解锁状态 = false
8-25-2025 12:19:47 - info: [PreviewInEditor] 预览环境初始化完毕
8-25-2025 12:53:13 - log: Use preview template {link(/Users/zeruili/projects/cocos_project/SuperSplash/preview-template/index.ejs)}
