22:45:02.910 debug: 2025/7/12 22:45:02
22:45:02.910 debug: Project: /Users/zeruili/projects/cocos_project/driftClash
22:45:02.910 debug: Targets: editor,preview
22:45:02.911 debug: Incremental file seems great.
22:45:02.911 debug: Engine path: /Applications/Cocos/Creator/3.8.6/CocosCreator.app/Contents/Resources/resources/3d/engine
22:45:02.915 debug: Initializing target [Editor]
22:45:02.916 debug: Loading cache
22:45:02.917 debug: Loading cache costs 0.9173329999998714ms.
22:45:02.917 debug: Engine features shipped in editor: base,gfx-webgl,gfx-webgl2,gfx-empty,gfx-webgpu,3d,animation,skeletal-animation,2d,rich-text,mask,graphics,ui-skew,ui,affine-transform,particle,particle-2d,physics-framework,physics-cannon,physics-physx,physics-ammo,physics-builtin,physics-2d-framework,physics-2d-box2d-jsb,physics-2d-box2d,physics-2d-builtin,physics-2d-box2d-wasm,intersection-2d,primitive,profiler,occlusion-query,geometry-renderer,debug-renderer,audio,video,xr,light-probe,terrain,webview,tween,tiled-map,vendor-google,spine-3.8,spine-4.2,dragon-bones,marionette,procedural-animation,custom-pipeline,custom-pipeline-builtin-scripts,custom-pipeline-post-process,legacy-pipeline,websocket,websocket-server,meshopt
22:45:02.917 debug: Our import map(foo:/bar): {
  "imports": {
    "cc": "cce:/internal/x/cc"
  }
}
22:45:02.917 debug: Initializing target [Preview]
22:45:02.917 debug: Loading cache
22:45:02.917 debug: Loading cache costs 0.6566250000000764ms.
22:45:02.918 debug: Our import map(foo:/bar): {
  "imports": {
    "cc": "cce:/internal/x/cc"
  }
}
22:45:02.935 debug: Sync engine features: 2d,affine-transform,animation,audio,base,custom-pipeline,dragon-bones,gfx-webgl,gfx-webgl2,graphics,intersection-2d,mask,particle-2d,physics-2d-box2d,profiler,rich-text,spine-3.8,tiled-map,tween,ui,video,webview,custom-pipeline
22:45:02.936 debug: Reset databases. Enumerated domains: [
  {
    "root": "db://internal/",
    "physical": "/Applications/Cocos/Creator/3.8.6/CocosCreator.app/Contents/Resources/resources/3d/engine/editor/assets"
  },
  {
    "root": "db://assets/",
    "physical": "/Users/zeruili/projects/cocos_project/driftClash/assets"
  }
]
22:45:02.936 debug: Our import map(foo:/bar): {
  "imports": {
    "cc": "cce:/internal/x/cc",
    "db://internal/": "file:///Applications/Cocos/Creator/3.8.6/CocosCreator.app/Contents/Resources/resources/3d/engine/editor/assets/",
    "db://assets/": "file:///Users/zeruili/projects/cocos_project/driftClash/assets/"
  }
}
22:45:02.936 debug: Our import map(foo:/bar): {
  "imports": {
    "cc": "cce:/internal/x/cc",
    "db://internal/": "file:///Applications/Cocos/Creator/3.8.6/CocosCreator.app/Contents/Resources/resources/3d/engine/editor/assets/",
    "db://assets/": "file:///Users/zeruili/projects/cocos_project/driftClash/assets/"
  }
}
22:45:02.936 debug: Pulling asset-db.
22:45:02.939 debug: Fetch asset-db cost: 2.7082909999999174ms.
22:45:02.940 debug: Build iteration starts.
Number of accumulated asset changes: 24
Feature changed: false
22:45:02.940 debug: Target(editor) build started.
22:45:02.941 debug: Detected change: cce:/internal/x/cc. Last mtime: Thu Jan 01 1970 08:00:02 GMT+0800 (中国标准时间), Current mtime: Thu Jan 01 1970 08:00:02 GMT+0800 (中国标准时间)
22:45:02.941 debug: Inspect cce:/internal/x/cc
22:45:02.958 debug: transform url: 'cce:/internal/x/cc' costs: 16.90 ms
22:45:02.958 debug: Resolve cce:/internal/x/cc-fu/base from cce:/internal/x/cc as external dependency cce:/internal/x/cc-fu/base.
22:45:02.958 debug: Resolve cce:/internal/x/cc-fu/gfx-webgl from cce:/internal/x/cc as external dependency cce:/internal/x/cc-fu/gfx-webgl.
22:45:02.958 debug: Resolve cce:/internal/x/cc-fu/gfx-webgl2 from cce:/internal/x/cc as external dependency cce:/internal/x/cc-fu/gfx-webgl2.
22:45:02.958 debug: Resolve cce:/internal/x/cc-fu/gfx-empty from cce:/internal/x/cc as external dependency cce:/internal/x/cc-fu/gfx-empty.
22:45:02.958 debug: Resolve cce:/internal/x/cc-fu/gfx-webgpu from cce:/internal/x/cc as external dependency cce:/internal/x/cc-fu/gfx-webgpu.
22:45:02.958 debug: Resolve cce:/internal/x/cc-fu/3d from cce:/internal/x/cc as external dependency cce:/internal/x/cc-fu/3d.
22:45:02.958 debug: Resolve cce:/internal/x/cc-fu/animation from cce:/internal/x/cc as external dependency cce:/internal/x/cc-fu/animation.
22:45:02.958 debug: Resolve cce:/internal/x/cc-fu/skeletal-animation from cce:/internal/x/cc as external dependency cce:/internal/x/cc-fu/skeletal-animation.
22:45:02.959 debug: Resolve cce:/internal/x/cc-fu/2d from cce:/internal/x/cc as external dependency cce:/internal/x/cc-fu/2d.
22:45:02.959 debug: Resolve cce:/internal/x/cc-fu/sorting from cce:/internal/x/cc as external dependency cce:/internal/x/cc-fu/sorting.
22:45:02.959 debug: Resolve cce:/internal/x/cc-fu/rich-text from cce:/internal/x/cc as external dependency cce:/internal/x/cc-fu/rich-text.
22:45:02.959 debug: Resolve cce:/internal/x/cc-fu/mask from cce:/internal/x/cc as external dependency cce:/internal/x/cc-fu/mask.
22:45:02.959 debug: Resolve cce:/internal/x/cc-fu/graphics from cce:/internal/x/cc as external dependency cce:/internal/x/cc-fu/graphics.
22:45:02.959 debug: Resolve cce:/internal/x/cc-fu/ui-skew from cce:/internal/x/cc as external dependency cce:/internal/x/cc-fu/ui-skew.
22:45:02.959 debug: Resolve cce:/internal/x/cc-fu/ui from cce:/internal/x/cc as external dependency cce:/internal/x/cc-fu/ui.
22:45:02.959 debug: Resolve cce:/internal/x/cc-fu/affine-transform from cce:/internal/x/cc as external dependency cce:/internal/x/cc-fu/affine-transform.
22:45:02.959 debug: Resolve cce:/internal/x/cc-fu/particle from cce:/internal/x/cc as external dependency cce:/internal/x/cc-fu/particle.
22:45:02.959 debug: Resolve cce:/internal/x/cc-fu/particle-2d from cce:/internal/x/cc as external dependency cce:/internal/x/cc-fu/particle-2d.
22:45:02.959 debug: Resolve cce:/internal/x/cc-fu/physics-framework from cce:/internal/x/cc as external dependency cce:/internal/x/cc-fu/physics-framework.
22:45:02.959 debug: Resolve cce:/internal/x/cc-fu/physics-cannon from cce:/internal/x/cc as external dependency cce:/internal/x/cc-fu/physics-cannon.
22:45:02.959 debug: Resolve cce:/internal/x/cc-fu/physics-physx from cce:/internal/x/cc as external dependency cce:/internal/x/cc-fu/physics-physx.
22:45:02.959 debug: Resolve cce:/internal/x/cc-fu/physics-ammo from cce:/internal/x/cc as external dependency cce:/internal/x/cc-fu/physics-ammo.
22:45:02.959 debug: Resolve cce:/internal/x/cc-fu/physics-builtin from cce:/internal/x/cc as external dependency cce:/internal/x/cc-fu/physics-builtin.
22:45:02.959 debug: Resolve cce:/internal/x/cc-fu/physics-2d-framework from cce:/internal/x/cc as external dependency cce:/internal/x/cc-fu/physics-2d-framework.
22:45:02.959 debug: Resolve cce:/internal/x/cc-fu/physics-2d-box2d-jsb from cce:/internal/x/cc as external dependency cce:/internal/x/cc-fu/physics-2d-box2d-jsb.
22:45:02.959 debug: Resolve cce:/internal/x/cc-fu/physics-2d-box2d from cce:/internal/x/cc as external dependency cce:/internal/x/cc-fu/physics-2d-box2d.
22:45:02.959 debug: Resolve cce:/internal/x/cc-fu/physics-2d-builtin from cce:/internal/x/cc as external dependency cce:/internal/x/cc-fu/physics-2d-builtin.
22:45:02.959 debug: Resolve cce:/internal/x/cc-fu/physics-2d-box2d-wasm from cce:/internal/x/cc as external dependency cce:/internal/x/cc-fu/physics-2d-box2d-wasm.
22:45:02.959 debug: Resolve cce:/internal/x/cc-fu/intersection-2d from cce:/internal/x/cc as external dependency cce:/internal/x/cc-fu/intersection-2d.
22:45:02.959 debug: Resolve cce:/internal/x/cc-fu/primitive from cce:/internal/x/cc as external dependency cce:/internal/x/cc-fu/primitive.
22:45:02.959 debug: Resolve cce:/internal/x/cc-fu/profiler from cce:/internal/x/cc as external dependency cce:/internal/x/cc-fu/profiler.
22:45:02.959 debug: Resolve cce:/internal/x/cc-fu/geometry-renderer from cce:/internal/x/cc as external dependency cce:/internal/x/cc-fu/geometry-renderer.
22:45:02.959 debug: Resolve cce:/internal/x/cc-fu/audio from cce:/internal/x/cc as external dependency cce:/internal/x/cc-fu/audio.
22:45:02.959 debug: Resolve cce:/internal/x/cc-fu/video from cce:/internal/x/cc as external dependency cce:/internal/x/cc-fu/video.
22:45:02.959 debug: Resolve cce:/internal/x/cc-fu/xr from cce:/internal/x/cc as external dependency cce:/internal/x/cc-fu/xr.
22:45:02.959 debug: Resolve cce:/internal/x/cc-fu/light-probe from cce:/internal/x/cc as external dependency cce:/internal/x/cc-fu/light-probe.
22:45:02.959 debug: Resolve cce:/internal/x/cc-fu/terrain from cce:/internal/x/cc as external dependency cce:/internal/x/cc-fu/terrain.
22:45:02.959 debug: Resolve cce:/internal/x/cc-fu/webview from cce:/internal/x/cc as external dependency cce:/internal/x/cc-fu/webview.
22:45:02.959 debug: Resolve cce:/internal/x/cc-fu/tween from cce:/internal/x/cc as external dependency cce:/internal/x/cc-fu/tween.
22:45:02.959 debug: Resolve cce:/internal/x/cc-fu/tiled-map from cce:/internal/x/cc as external dependency cce:/internal/x/cc-fu/tiled-map.
22:45:02.959 debug: Resolve cce:/internal/x/cc-fu/vendor-google from cce:/internal/x/cc as external dependency cce:/internal/x/cc-fu/vendor-google.
22:45:02.959 debug: Resolve cce:/internal/x/cc-fu/spine from cce:/internal/x/cc as external dependency cce:/internal/x/cc-fu/spine.
22:45:02.959 debug: Resolve cce:/internal/x/cc-fu/dragon-bones from cce:/internal/x/cc as external dependency cce:/internal/x/cc-fu/dragon-bones.
22:45:02.959 debug: Resolve cce:/internal/x/cc-fu/custom-pipeline from cce:/internal/x/cc as external dependency cce:/internal/x/cc-fu/custom-pipeline.
22:45:02.959 debug: Resolve cce:/internal/x/cc-fu/custom-pipeline-post-process from cce:/internal/x/cc as external dependency cce:/internal/x/cc-fu/custom-pipeline-post-process.
22:45:02.959 debug: Resolve cce:/internal/x/cc-fu/legacy-pipeline from cce:/internal/x/cc as external dependency cce:/internal/x/cc-fu/legacy-pipeline.
22:45:02.959 debug: Detected change: cce:/internal/x/prerequisite-imports. Last mtime: Thu Jan 01 1970 08:00:03 GMT+0800 (中国标准时间), Current mtime: Thu Jan 01 1970 08:00:02 GMT+0800 (中国标准时间)
22:45:02.959 debug: Inspect cce:/internal/x/prerequisite-imports
22:45:02.965 debug: transform url: 'cce:/internal/x/prerequisite-imports' costs: 5.60 ms
22:45:02.965 debug: Resolve file:///Applications/Cocos/Creator/3.8.6/CocosCreator.app/Contents/Resources/resources/3d/engine/editor/assets/default_renderpipeline/builtin-dof-pass.ts from cce:/internal/x/prerequisite-imports as file:///Applications/Cocos/Creator/3.8.6/CocosCreator.app/Contents/Resources/resources/3d/engine/editor/assets/default_renderpipeline/builtin-dof-pass.ts.
22:45:02.965 debug: Resolve file:///Applications/Cocos/Creator/3.8.6/CocosCreator.app/Contents/Resources/resources/3d/engine/editor/assets/default_renderpipeline/builtin-pipeline-pass.ts from cce:/internal/x/prerequisite-imports as file:///Applications/Cocos/Creator/3.8.6/CocosCreator.app/Contents/Resources/resources/3d/engine/editor/assets/default_renderpipeline/builtin-pipeline-pass.ts.
22:45:02.965 debug: Resolve file:///Applications/Cocos/Creator/3.8.6/CocosCreator.app/Contents/Resources/resources/3d/engine/editor/assets/default_renderpipeline/builtin-pipeline-settings.ts from cce:/internal/x/prerequisite-imports as file:///Applications/Cocos/Creator/3.8.6/CocosCreator.app/Contents/Resources/resources/3d/engine/editor/assets/default_renderpipeline/builtin-pipeline-settings.ts.
22:45:02.965 debug: Resolve file:///Applications/Cocos/Creator/3.8.6/CocosCreator.app/Contents/Resources/resources/3d/engine/editor/assets/default_renderpipeline/builtin-pipeline-types.ts from cce:/internal/x/prerequisite-imports as file:///Applications/Cocos/Creator/3.8.6/CocosCreator.app/Contents/Resources/resources/3d/engine/editor/assets/default_renderpipeline/builtin-pipeline-types.ts.
22:45:02.965 debug: Resolve file:///Applications/Cocos/Creator/3.8.6/CocosCreator.app/Contents/Resources/resources/3d/engine/editor/assets/default_renderpipeline/builtin-pipeline.ts from cce:/internal/x/prerequisite-imports as file:///Applications/Cocos/Creator/3.8.6/CocosCreator.app/Contents/Resources/resources/3d/engine/editor/assets/default_renderpipeline/builtin-pipeline.ts.
22:45:02.965 debug: Resolve file:///Applications/Cocos/Creator/3.8.6/CocosCreator.app/Contents/Resources/resources/3d/engine/editor/assets/tools/debug-view-runtime-control.ts from cce:/internal/x/prerequisite-imports as file:///Applications/Cocos/Creator/3.8.6/CocosCreator.app/Contents/Resources/resources/3d/engine/editor/assets/tools/debug-view-runtime-control.ts.
22:45:02.966 debug: Resolve file:///Users/zeruili/projects/cocos_project/driftClash/assets/scripts/AIController.ts from cce:/internal/x/prerequisite-imports as file:///Users/zeruili/projects/cocos_project/driftClash/assets/scripts/AIController.ts.
22:45:02.966 debug: Resolve file:///Users/zeruili/projects/cocos_project/driftClash/assets/scripts/AIPlayer.ts from cce:/internal/x/prerequisite-imports as file:///Users/zeruili/projects/cocos_project/driftClash/assets/scripts/AIPlayer.ts.
22:45:02.966 debug: Resolve file:///Users/zeruili/projects/cocos_project/driftClash/assets/scripts/CarPurchaseTest.ts from cce:/internal/x/prerequisite-imports as file:///Users/zeruili/projects/cocos_project/driftClash/assets/scripts/CarPurchaseTest.ts.
22:45:02.966 debug: Resolve file:///Users/zeruili/projects/cocos_project/driftClash/assets/scripts/GameManager.ts from cce:/internal/x/prerequisite-imports as file:///Users/zeruili/projects/cocos_project/driftClash/assets/scripts/GameManager.ts.
22:45:02.966 debug: Resolve file:///Users/zeruili/projects/cocos_project/driftClash/assets/scripts/GameManagerExample.ts from cce:/internal/x/prerequisite-imports as file:///Users/zeruili/projects/cocos_project/driftClash/assets/scripts/GameManagerExample.ts.
22:45:02.966 debug: Resolve file:///Users/zeruili/projects/cocos_project/driftClash/assets/scripts/GameOverPanel.ts from cce:/internal/x/prerequisite-imports as file:///Users/zeruili/projects/cocos_project/driftClash/assets/scripts/GameOverPanel.ts.
22:45:02.966 debug: Resolve file:///Users/zeruili/projects/cocos_project/driftClash/assets/scripts/HealthBarUI.ts from cce:/internal/x/prerequisite-imports as file:///Users/zeruili/projects/cocos_project/driftClash/assets/scripts/HealthBarUI.ts.
22:45:02.966 debug: Resolve file:///Users/zeruili/projects/cocos_project/driftClash/assets/scripts/LevelGradeTest.ts from cce:/internal/x/prerequisite-imports as file:///Users/zeruili/projects/cocos_project/driftClash/assets/scripts/LevelGradeTest.ts.
22:45:02.966 debug: Resolve file:///Users/zeruili/projects/cocos_project/driftClash/assets/scripts/MainMenuController.ts from cce:/internal/x/prerequisite-imports as file:///Users/zeruili/projects/cocos_project/driftClash/assets/scripts/MainMenuController.ts.
22:45:02.966 debug: Resolve file:///Users/zeruili/projects/cocos_project/driftClash/assets/scripts/PausePanel.ts from cce:/internal/x/prerequisite-imports as file:///Users/zeruili/projects/cocos_project/driftClash/assets/scripts/PausePanel.ts.
22:45:02.966 debug: Resolve file:///Users/zeruili/projects/cocos_project/driftClash/assets/scripts/PlayerInfoUI.ts from cce:/internal/x/prerequisite-imports as file:///Users/zeruili/projects/cocos_project/driftClash/assets/scripts/PlayerInfoUI.ts.
22:45:02.966 debug: Resolve file:///Users/zeruili/projects/cocos_project/driftClash/assets/scripts/PlayerManager.ts from cce:/internal/x/prerequisite-imports as file:///Users/zeruili/projects/cocos_project/driftClash/assets/scripts/PlayerManager.ts.
22:45:02.966 debug: Resolve file:///Users/zeruili/projects/cocos_project/driftClash/assets/scripts/PlayerManagerExample.ts from cce:/internal/x/prerequisite-imports as file:///Users/zeruili/projects/cocos_project/driftClash/assets/scripts/PlayerManagerExample.ts.
22:45:02.966 debug: Resolve file:///Users/zeruili/projects/cocos_project/driftClash/assets/scripts/SelectManager.ts from cce:/internal/x/prerequisite-imports as file:///Users/zeruili/projects/cocos_project/driftClash/assets/scripts/SelectManager.ts.
22:45:02.966 debug: Resolve file:///Users/zeruili/projects/cocos_project/driftClash/assets/scripts/TempData.ts from cce:/internal/x/prerequisite-imports as file:///Users/zeruili/projects/cocos_project/driftClash/assets/scripts/TempData.ts.
22:45:02.966 debug: Resolve file:///Users/zeruili/projects/cocos_project/driftClash/assets/scripts/VehicleDestructionTest.ts from cce:/internal/x/prerequisite-imports as file:///Users/zeruili/projects/cocos_project/driftClash/assets/scripts/VehicleDestructionTest.ts.
22:45:02.966 debug: Resolve file:///Users/zeruili/projects/cocos_project/driftClash/assets/scripts/camera_follow.ts from cce:/internal/x/prerequisite-imports as file:///Users/zeruili/projects/cocos_project/driftClash/assets/scripts/camera_follow.ts.
22:45:02.966 debug: Resolve file:///Users/zeruili/projects/cocos_project/driftClash/assets/scripts/player.ts from cce:/internal/x/prerequisite-imports as file:///Users/zeruili/projects/cocos_project/driftClash/assets/scripts/player.ts.
22:45:02.966 debug: Resolve cce:/internal/code-quality/cr.mjs from file:///Applications/Cocos/Creator/3.8.6/CocosCreator.app/Contents/Resources/resources/3d/engine/editor/assets/default_renderpipeline/builtin-dof-pass.ts as cce:/internal/code-quality/cr.mjs.
22:45:02.966 debug: Detected change: cce:/internal/code-quality/cr.mjs. Last mtime: Sat Jul 12 2025 22:40:01 GMT+0800 (中国标准时间), Current mtime: Sat Jul 12 2025 22:45:00 GMT+0800 (中国标准时间)
22:45:02.966 debug: Inspect cce:/internal/code-quality/cr.mjs
22:45:02.969 debug: transform url: 'cce:/internal/code-quality/cr.mjs' costs: 2.70 ms
22:45:02.969 debug: Resolve cc from file:///Applications/Cocos/Creator/3.8.6/CocosCreator.app/Contents/Resources/resources/3d/engine/editor/assets/default_renderpipeline/builtin-dof-pass.ts as cce:/internal/x/cc.
22:45:02.969 debug: Resolve cc from file:///Applications/Cocos/Creator/3.8.6/CocosCreator.app/Contents/Resources/resources/3d/engine/editor/assets/default_renderpipeline/builtin-dof-pass.ts as cce:/internal/x/cc.
22:45:02.969 debug: Resolve cc from file:///Applications/Cocos/Creator/3.8.6/CocosCreator.app/Contents/Resources/resources/3d/engine/editor/assets/default_renderpipeline/builtin-dof-pass.ts as cce:/internal/x/cc.
22:45:02.969 debug: Resolve cc/env from file:///Applications/Cocos/Creator/3.8.6/CocosCreator.app/Contents/Resources/resources/3d/engine/editor/assets/default_renderpipeline/builtin-dof-pass.ts as external dependency cc/env.
22:45:02.970 debug: Resolve ./builtin-pipeline-settings from file:///Applications/Cocos/Creator/3.8.6/CocosCreator.app/Contents/Resources/resources/3d/engine/editor/assets/default_renderpipeline/builtin-dof-pass.ts as file:///Applications/Cocos/Creator/3.8.6/CocosCreator.app/Contents/Resources/resources/3d/engine/editor/assets/default_renderpipeline/builtin-pipeline-settings.ts.
22:45:02.970 debug: Resolve ./builtin-pipeline-pass from file:///Applications/Cocos/Creator/3.8.6/CocosCreator.app/Contents/Resources/resources/3d/engine/editor/assets/default_renderpipeline/builtin-dof-pass.ts as file:///Applications/Cocos/Creator/3.8.6/CocosCreator.app/Contents/Resources/resources/3d/engine/editor/assets/default_renderpipeline/builtin-pipeline-pass.ts.
22:45:02.970 debug: Resolve ./builtin-pipeline from file:///Applications/Cocos/Creator/3.8.6/CocosCreator.app/Contents/Resources/resources/3d/engine/editor/assets/default_renderpipeline/builtin-dof-pass.ts as file:///Applications/Cocos/Creator/3.8.6/CocosCreator.app/Contents/Resources/resources/3d/engine/editor/assets/default_renderpipeline/builtin-pipeline.ts.
22:45:02.970 debug: Resolve cce:/internal/code-quality/cr.mjs from file:///Applications/Cocos/Creator/3.8.6/CocosCreator.app/Contents/Resources/resources/3d/engine/editor/assets/default_renderpipeline/builtin-pipeline-settings.ts as cce:/internal/code-quality/cr.mjs.
22:45:02.970 debug: Resolve cc from file:///Applications/Cocos/Creator/3.8.6/CocosCreator.app/Contents/Resources/resources/3d/engine/editor/assets/default_renderpipeline/builtin-pipeline-settings.ts as cce:/internal/x/cc.
22:45:02.970 debug: Resolve cc from file:///Applications/Cocos/Creator/3.8.6/CocosCreator.app/Contents/Resources/resources/3d/engine/editor/assets/default_renderpipeline/builtin-pipeline-settings.ts as cce:/internal/x/cc.
22:45:02.970 debug: Resolve cc from file:///Applications/Cocos/Creator/3.8.6/CocosCreator.app/Contents/Resources/resources/3d/engine/editor/assets/default_renderpipeline/builtin-pipeline-settings.ts as cce:/internal/x/cc.
22:45:02.970 debug: Resolve cc/env from file:///Applications/Cocos/Creator/3.8.6/CocosCreator.app/Contents/Resources/resources/3d/engine/editor/assets/default_renderpipeline/builtin-pipeline-settings.ts as external dependency cc/env.
22:45:02.970 debug: Resolve ./builtin-pipeline-types from file:///Applications/Cocos/Creator/3.8.6/CocosCreator.app/Contents/Resources/resources/3d/engine/editor/assets/default_renderpipeline/builtin-pipeline-settings.ts as file:///Applications/Cocos/Creator/3.8.6/CocosCreator.app/Contents/Resources/resources/3d/engine/editor/assets/default_renderpipeline/builtin-pipeline-types.ts.
22:45:02.970 debug: Resolve cc from file:///Applications/Cocos/Creator/3.8.6/CocosCreator.app/Contents/Resources/resources/3d/engine/editor/assets/default_renderpipeline/builtin-pipeline-types.ts as cce:/internal/x/cc.
22:45:02.970 debug: Resolve cc from file:///Applications/Cocos/Creator/3.8.6/CocosCreator.app/Contents/Resources/resources/3d/engine/editor/assets/default_renderpipeline/builtin-pipeline-types.ts as cce:/internal/x/cc.
22:45:02.970 debug: Resolve cc from file:///Applications/Cocos/Creator/3.8.6/CocosCreator.app/Contents/Resources/resources/3d/engine/editor/assets/default_renderpipeline/builtin-pipeline-types.ts as cce:/internal/x/cc.
22:45:02.970 debug: Resolve cce:/internal/code-quality/cr.mjs from file:///Applications/Cocos/Creator/3.8.6/CocosCreator.app/Contents/Resources/resources/3d/engine/editor/assets/default_renderpipeline/builtin-pipeline-pass.ts as cce:/internal/code-quality/cr.mjs.
22:45:02.970 debug: Resolve cc from file:///Applications/Cocos/Creator/3.8.6/CocosCreator.app/Contents/Resources/resources/3d/engine/editor/assets/default_renderpipeline/builtin-pipeline-pass.ts as cce:/internal/x/cc.
22:45:02.970 debug: Resolve cc from file:///Applications/Cocos/Creator/3.8.6/CocosCreator.app/Contents/Resources/resources/3d/engine/editor/assets/default_renderpipeline/builtin-pipeline-pass.ts as cce:/internal/x/cc.
22:45:02.970 debug: Resolve cc from file:///Applications/Cocos/Creator/3.8.6/CocosCreator.app/Contents/Resources/resources/3d/engine/editor/assets/default_renderpipeline/builtin-pipeline-pass.ts as cce:/internal/x/cc.
22:45:02.970 debug: Resolve ./builtin-pipeline-settings from file:///Applications/Cocos/Creator/3.8.6/CocosCreator.app/Contents/Resources/resources/3d/engine/editor/assets/default_renderpipeline/builtin-pipeline-pass.ts as file:///Applications/Cocos/Creator/3.8.6/CocosCreator.app/Contents/Resources/resources/3d/engine/editor/assets/default_renderpipeline/builtin-pipeline-settings.ts.
22:45:02.970 debug: Resolve cc/env from file:///Applications/Cocos/Creator/3.8.6/CocosCreator.app/Contents/Resources/resources/3d/engine/editor/assets/default_renderpipeline/builtin-pipeline-pass.ts as external dependency cc/env.
22:45:02.970 debug: Resolve cce:/internal/code-quality/cr.mjs from file:///Applications/Cocos/Creator/3.8.6/CocosCreator.app/Contents/Resources/resources/3d/engine/editor/assets/default_renderpipeline/builtin-pipeline.ts as cce:/internal/code-quality/cr.mjs.
22:45:02.970 debug: Resolve cc from file:///Applications/Cocos/Creator/3.8.6/CocosCreator.app/Contents/Resources/resources/3d/engine/editor/assets/default_renderpipeline/builtin-pipeline.ts as cce:/internal/x/cc.
22:45:02.970 debug: Resolve cc from file:///Applications/Cocos/Creator/3.8.6/CocosCreator.app/Contents/Resources/resources/3d/engine/editor/assets/default_renderpipeline/builtin-pipeline.ts as cce:/internal/x/cc.
22:45:02.970 debug: Resolve cc from file:///Applications/Cocos/Creator/3.8.6/CocosCreator.app/Contents/Resources/resources/3d/engine/editor/assets/default_renderpipeline/builtin-pipeline.ts as cce:/internal/x/cc.
22:45:02.970 debug: Resolve cc/env from file:///Applications/Cocos/Creator/3.8.6/CocosCreator.app/Contents/Resources/resources/3d/engine/editor/assets/default_renderpipeline/builtin-pipeline.ts as external dependency cc/env.
22:45:02.970 debug: Resolve ./builtin-pipeline-types from file:///Applications/Cocos/Creator/3.8.6/CocosCreator.app/Contents/Resources/resources/3d/engine/editor/assets/default_renderpipeline/builtin-pipeline.ts as file:///Applications/Cocos/Creator/3.8.6/CocosCreator.app/Contents/Resources/resources/3d/engine/editor/assets/default_renderpipeline/builtin-pipeline-types.ts.
22:45:02.970 debug: Resolve cc from file:///Applications/Cocos/Creator/3.8.6/CocosCreator.app/Contents/Resources/resources/3d/engine/editor/assets/tools/debug-view-runtime-control.ts as cce:/internal/x/cc.
22:45:02.970 debug: Resolve cc from file:///Applications/Cocos/Creator/3.8.6/CocosCreator.app/Contents/Resources/resources/3d/engine/editor/assets/tools/debug-view-runtime-control.ts as cce:/internal/x/cc.
22:45:02.970 debug: Resolve cc from file:///Applications/Cocos/Creator/3.8.6/CocosCreator.app/Contents/Resources/resources/3d/engine/editor/assets/tools/debug-view-runtime-control.ts as cce:/internal/x/cc.
22:45:02.970 debug: Resolve cce:/internal/code-quality/cr.mjs from file:///Users/zeruili/projects/cocos_project/driftClash/assets/scripts/AIController.ts as cce:/internal/code-quality/cr.mjs.
22:45:02.970 debug: Resolve cc from file:///Users/zeruili/projects/cocos_project/driftClash/assets/scripts/AIController.ts as cce:/internal/x/cc.
22:45:02.970 debug: Resolve cc from file:///Users/zeruili/projects/cocos_project/driftClash/assets/scripts/AIController.ts as cce:/internal/x/cc.
22:45:02.970 debug: Resolve cc from file:///Users/zeruili/projects/cocos_project/driftClash/assets/scripts/AIController.ts as cce:/internal/x/cc.
22:45:02.970 debug: Resolve ./GameManager from file:///Users/zeruili/projects/cocos_project/driftClash/assets/scripts/AIController.ts as file:///Users/zeruili/projects/cocos_project/driftClash/assets/scripts/GameManager.ts.
22:45:02.970 debug: Resolve cce:/internal/code-quality/cr.mjs from file:///Users/zeruili/projects/cocos_project/driftClash/assets/scripts/GameManager.ts as cce:/internal/code-quality/cr.mjs.
22:45:02.970 debug: Resolve cc from file:///Users/zeruili/projects/cocos_project/driftClash/assets/scripts/GameManager.ts as cce:/internal/x/cc.
22:45:02.970 debug: Resolve cc from file:///Users/zeruili/projects/cocos_project/driftClash/assets/scripts/GameManager.ts as cce:/internal/x/cc.
22:45:02.970 debug: Resolve cc from file:///Users/zeruili/projects/cocos_project/driftClash/assets/scripts/GameManager.ts as cce:/internal/x/cc.
22:45:02.970 debug: Resolve ./TempData from file:///Users/zeruili/projects/cocos_project/driftClash/assets/scripts/GameManager.ts as file:///Users/zeruili/projects/cocos_project/driftClash/assets/scripts/TempData.ts.
22:45:02.970 debug: Resolve ./camera_follow from file:///Users/zeruili/projects/cocos_project/driftClash/assets/scripts/GameManager.ts as file:///Users/zeruili/projects/cocos_project/driftClash/assets/scripts/camera_follow.ts.
22:45:02.970 debug: Resolve ./player from file:///Users/zeruili/projects/cocos_project/driftClash/assets/scripts/GameManager.ts as file:///Users/zeruili/projects/cocos_project/driftClash/assets/scripts/player.ts.
22:45:02.970 debug: Resolve ./AIController from file:///Users/zeruili/projects/cocos_project/driftClash/assets/scripts/GameManager.ts as file:///Users/zeruili/projects/cocos_project/driftClash/assets/scripts/AIController.ts.
22:45:02.971 debug: Resolve ./AIPlayer from file:///Users/zeruili/projects/cocos_project/driftClash/assets/scripts/GameManager.ts as file:///Users/zeruili/projects/cocos_project/driftClash/assets/scripts/AIPlayer.ts.
22:45:02.971 debug: Resolve ./PlayerManager from file:///Users/zeruili/projects/cocos_project/driftClash/assets/scripts/GameManager.ts as file:///Users/zeruili/projects/cocos_project/driftClash/assets/scripts/PlayerManager.ts.
22:45:02.971 debug: Resolve cc from file:///Users/zeruili/projects/cocos_project/driftClash/assets/scripts/TempData.ts as cce:/internal/x/cc.
22:45:02.971 debug: Resolve cc from file:///Users/zeruili/projects/cocos_project/driftClash/assets/scripts/camera_follow.ts as cce:/internal/x/cc.
22:45:02.971 debug: Resolve cc from file:///Users/zeruili/projects/cocos_project/driftClash/assets/scripts/camera_follow.ts as cce:/internal/x/cc.
22:45:02.971 debug: Resolve cc from file:///Users/zeruili/projects/cocos_project/driftClash/assets/scripts/camera_follow.ts as cce:/internal/x/cc.
22:45:02.971 debug: Resolve cce:/internal/code-quality/cr.mjs from file:///Users/zeruili/projects/cocos_project/driftClash/assets/scripts/player.ts as cce:/internal/code-quality/cr.mjs.
22:45:02.971 debug: Resolve cc from file:///Users/zeruili/projects/cocos_project/driftClash/assets/scripts/player.ts as cce:/internal/x/cc.
22:45:02.971 debug: Resolve cc from file:///Users/zeruili/projects/cocos_project/driftClash/assets/scripts/player.ts as cce:/internal/x/cc.
22:45:02.971 debug: Resolve cc from file:///Users/zeruili/projects/cocos_project/driftClash/assets/scripts/player.ts as cce:/internal/x/cc.
22:45:02.971 debug: Resolve ./AIPlayer from file:///Users/zeruili/projects/cocos_project/driftClash/assets/scripts/player.ts as file:///Users/zeruili/projects/cocos_project/driftClash/assets/scripts/AIPlayer.ts.
22:45:02.971 debug: Resolve ./GameManager from file:///Users/zeruili/projects/cocos_project/driftClash/assets/scripts/player.ts as file:///Users/zeruili/projects/cocos_project/driftClash/assets/scripts/GameManager.ts.
22:45:02.971 debug: Resolve cce:/internal/code-quality/cr.mjs from file:///Users/zeruili/projects/cocos_project/driftClash/assets/scripts/AIPlayer.ts as cce:/internal/code-quality/cr.mjs.
22:45:02.971 debug: Resolve cc from file:///Users/zeruili/projects/cocos_project/driftClash/assets/scripts/AIPlayer.ts as cce:/internal/x/cc.
22:45:02.971 debug: Resolve cc from file:///Users/zeruili/projects/cocos_project/driftClash/assets/scripts/AIPlayer.ts as cce:/internal/x/cc.
22:45:02.971 debug: Resolve cc from file:///Users/zeruili/projects/cocos_project/driftClash/assets/scripts/AIPlayer.ts as cce:/internal/x/cc.
22:45:02.971 debug: Resolve ./player from file:///Users/zeruili/projects/cocos_project/driftClash/assets/scripts/AIPlayer.ts as file:///Users/zeruili/projects/cocos_project/driftClash/assets/scripts/player.ts.
22:45:02.971 debug: Resolve ./GameManager from file:///Users/zeruili/projects/cocos_project/driftClash/assets/scripts/AIPlayer.ts as file:///Users/zeruili/projects/cocos_project/driftClash/assets/scripts/GameManager.ts.
22:45:02.971 debug: Resolve cc from file:///Users/zeruili/projects/cocos_project/driftClash/assets/scripts/PlayerManager.ts as cce:/internal/x/cc.
22:45:02.971 debug: Resolve cc from file:///Users/zeruili/projects/cocos_project/driftClash/assets/scripts/PlayerManager.ts as cce:/internal/x/cc.
22:45:02.971 debug: Resolve cc from file:///Users/zeruili/projects/cocos_project/driftClash/assets/scripts/PlayerManager.ts as cce:/internal/x/cc.
22:45:02.971 debug: Resolve cce:/internal/code-quality/cr.mjs from file:///Users/zeruili/projects/cocos_project/driftClash/assets/scripts/CarPurchaseTest.ts as cce:/internal/code-quality/cr.mjs.
22:45:02.971 debug: Resolve cc from file:///Users/zeruili/projects/cocos_project/driftClash/assets/scripts/CarPurchaseTest.ts as cce:/internal/x/cc.
22:45:02.971 debug: Resolve cc from file:///Users/zeruili/projects/cocos_project/driftClash/assets/scripts/CarPurchaseTest.ts as cce:/internal/x/cc.
22:45:02.971 debug: Resolve cc from file:///Users/zeruili/projects/cocos_project/driftClash/assets/scripts/CarPurchaseTest.ts as cce:/internal/x/cc.
22:45:02.971 debug: Resolve ./PlayerManager from file:///Users/zeruili/projects/cocos_project/driftClash/assets/scripts/CarPurchaseTest.ts as file:///Users/zeruili/projects/cocos_project/driftClash/assets/scripts/PlayerManager.ts.
22:45:02.971 debug: Resolve ./SelectManager from file:///Users/zeruili/projects/cocos_project/driftClash/assets/scripts/CarPurchaseTest.ts as file:///Users/zeruili/projects/cocos_project/driftClash/assets/scripts/SelectManager.ts.
22:45:02.971 debug: Resolve cce:/internal/code-quality/cr.mjs from file:///Users/zeruili/projects/cocos_project/driftClash/assets/scripts/SelectManager.ts as cce:/internal/code-quality/cr.mjs.
22:45:02.971 debug: Resolve cc from file:///Users/zeruili/projects/cocos_project/driftClash/assets/scripts/SelectManager.ts as cce:/internal/x/cc.
22:45:02.971 debug: Resolve cc from file:///Users/zeruili/projects/cocos_project/driftClash/assets/scripts/SelectManager.ts as cce:/internal/x/cc.
22:45:02.971 debug: Resolve cc from file:///Users/zeruili/projects/cocos_project/driftClash/assets/scripts/SelectManager.ts as cce:/internal/x/cc.
22:45:02.971 debug: Resolve ./TempData from file:///Users/zeruili/projects/cocos_project/driftClash/assets/scripts/SelectManager.ts as file:///Users/zeruili/projects/cocos_project/driftClash/assets/scripts/TempData.ts.
22:45:02.971 debug: Resolve ./PlayerManager from file:///Users/zeruili/projects/cocos_project/driftClash/assets/scripts/SelectManager.ts as file:///Users/zeruili/projects/cocos_project/driftClash/assets/scripts/PlayerManager.ts.
22:45:02.971 debug: Resolve cce:/internal/code-quality/cr.mjs from file:///Users/zeruili/projects/cocos_project/driftClash/assets/scripts/GameManagerExample.ts as cce:/internal/code-quality/cr.mjs.
22:45:02.971 debug: Resolve cc from file:///Users/zeruili/projects/cocos_project/driftClash/assets/scripts/GameManagerExample.ts as cce:/internal/x/cc.
22:45:02.971 debug: Resolve cc from file:///Users/zeruili/projects/cocos_project/driftClash/assets/scripts/GameManagerExample.ts as cce:/internal/x/cc.
22:45:02.971 debug: Resolve cc from file:///Users/zeruili/projects/cocos_project/driftClash/assets/scripts/GameManagerExample.ts as cce:/internal/x/cc.
22:45:02.971 debug: Resolve ./GameManager from file:///Users/zeruili/projects/cocos_project/driftClash/assets/scripts/GameManagerExample.ts as file:///Users/zeruili/projects/cocos_project/driftClash/assets/scripts/GameManager.ts.
22:45:02.971 debug: Resolve cce:/internal/code-quality/cr.mjs from file:///Users/zeruili/projects/cocos_project/driftClash/assets/scripts/GameOverPanel.ts as cce:/internal/code-quality/cr.mjs.
22:45:02.971 debug: Resolve cc from file:///Users/zeruili/projects/cocos_project/driftClash/assets/scripts/GameOverPanel.ts as cce:/internal/x/cc.
22:45:02.971 debug: Resolve cc from file:///Users/zeruili/projects/cocos_project/driftClash/assets/scripts/GameOverPanel.ts as cce:/internal/x/cc.
22:45:02.971 debug: Resolve cc from file:///Users/zeruili/projects/cocos_project/driftClash/assets/scripts/GameOverPanel.ts as cce:/internal/x/cc.
22:45:02.971 debug: Resolve ./GameManager from file:///Users/zeruili/projects/cocos_project/driftClash/assets/scripts/GameOverPanel.ts as file:///Users/zeruili/projects/cocos_project/driftClash/assets/scripts/GameManager.ts.
22:45:02.971 debug: Resolve cc from file:///Users/zeruili/projects/cocos_project/driftClash/assets/scripts/HealthBarUI.ts as cce:/internal/x/cc.
22:45:02.971 debug: Resolve cc from file:///Users/zeruili/projects/cocos_project/driftClash/assets/scripts/HealthBarUI.ts as cce:/internal/x/cc.
22:45:02.971 debug: Resolve cc from file:///Users/zeruili/projects/cocos_project/driftClash/assets/scripts/HealthBarUI.ts as cce:/internal/x/cc.
22:45:02.971 debug: Resolve cce:/internal/code-quality/cr.mjs from file:///Users/zeruili/projects/cocos_project/driftClash/assets/scripts/LevelGradeTest.ts as cce:/internal/code-quality/cr.mjs.
22:45:02.971 debug: Resolve cc from file:///Users/zeruili/projects/cocos_project/driftClash/assets/scripts/LevelGradeTest.ts as cce:/internal/x/cc.
22:45:02.971 debug: Resolve cc from file:///Users/zeruili/projects/cocos_project/driftClash/assets/scripts/LevelGradeTest.ts as cce:/internal/x/cc.
22:45:02.971 debug: Resolve cc from file:///Users/zeruili/projects/cocos_project/driftClash/assets/scripts/LevelGradeTest.ts as cce:/internal/x/cc.
22:45:02.972 debug: Resolve ./PlayerManager from file:///Users/zeruili/projects/cocos_project/driftClash/assets/scripts/LevelGradeTest.ts as file:///Users/zeruili/projects/cocos_project/driftClash/assets/scripts/PlayerManager.ts.
22:45:02.972 debug: Resolve ./SelectManager from file:///Users/zeruili/projects/cocos_project/driftClash/assets/scripts/LevelGradeTest.ts as file:///Users/zeruili/projects/cocos_project/driftClash/assets/scripts/SelectManager.ts.
22:45:02.972 debug: Resolve cc from file:///Users/zeruili/projects/cocos_project/driftClash/assets/scripts/MainMenuController.ts as cce:/internal/x/cc.
22:45:02.972 debug: Resolve cc from file:///Users/zeruili/projects/cocos_project/driftClash/assets/scripts/MainMenuController.ts as cce:/internal/x/cc.
22:45:02.972 debug: Resolve cc from file:///Users/zeruili/projects/cocos_project/driftClash/assets/scripts/MainMenuController.ts as cce:/internal/x/cc.
22:45:02.972 debug: Resolve cce:/internal/code-quality/cr.mjs from file:///Users/zeruili/projects/cocos_project/driftClash/assets/scripts/PausePanel.ts as cce:/internal/code-quality/cr.mjs.
22:45:02.972 debug: Resolve cc from file:///Users/zeruili/projects/cocos_project/driftClash/assets/scripts/PausePanel.ts as cce:/internal/x/cc.
22:45:02.972 debug: Resolve cc from file:///Users/zeruili/projects/cocos_project/driftClash/assets/scripts/PausePanel.ts as cce:/internal/x/cc.
22:45:02.972 debug: Resolve cc from file:///Users/zeruili/projects/cocos_project/driftClash/assets/scripts/PausePanel.ts as cce:/internal/x/cc.
22:45:02.972 debug: Resolve ./GameManager from file:///Users/zeruili/projects/cocos_project/driftClash/assets/scripts/PausePanel.ts as file:///Users/zeruili/projects/cocos_project/driftClash/assets/scripts/GameManager.ts.
22:45:02.972 debug: Resolve cce:/internal/code-quality/cr.mjs from file:///Users/zeruili/projects/cocos_project/driftClash/assets/scripts/PlayerInfoUI.ts as cce:/internal/code-quality/cr.mjs.
22:45:02.972 debug: Resolve cc from file:///Users/zeruili/projects/cocos_project/driftClash/assets/scripts/PlayerInfoUI.ts as cce:/internal/x/cc.
22:45:02.972 debug: Resolve cc from file:///Users/zeruili/projects/cocos_project/driftClash/assets/scripts/PlayerInfoUI.ts as cce:/internal/x/cc.
22:45:02.972 debug: Resolve cc from file:///Users/zeruili/projects/cocos_project/driftClash/assets/scripts/PlayerInfoUI.ts as cce:/internal/x/cc.
22:45:02.972 debug: Resolve ./PlayerManager from file:///Users/zeruili/projects/cocos_project/driftClash/assets/scripts/PlayerInfoUI.ts as file:///Users/zeruili/projects/cocos_project/driftClash/assets/scripts/PlayerManager.ts.
22:45:02.972 debug: Resolve cce:/internal/code-quality/cr.mjs from file:///Users/zeruili/projects/cocos_project/driftClash/assets/scripts/PlayerManagerExample.ts as cce:/internal/code-quality/cr.mjs.
22:45:02.972 debug: Resolve cc from file:///Users/zeruili/projects/cocos_project/driftClash/assets/scripts/PlayerManagerExample.ts as cce:/internal/x/cc.
22:45:02.972 debug: Resolve cc from file:///Users/zeruili/projects/cocos_project/driftClash/assets/scripts/PlayerManagerExample.ts as cce:/internal/x/cc.
22:45:02.972 debug: Resolve cc from file:///Users/zeruili/projects/cocos_project/driftClash/assets/scripts/PlayerManagerExample.ts as cce:/internal/x/cc.
22:45:02.972 debug: Resolve ./PlayerManager from file:///Users/zeruili/projects/cocos_project/driftClash/assets/scripts/PlayerManagerExample.ts as file:///Users/zeruili/projects/cocos_project/driftClash/assets/scripts/PlayerManager.ts.
22:45:02.973 debug: Resolve cce:/internal/code-quality/cr.mjs from file:///Users/zeruili/projects/cocos_project/driftClash/assets/scripts/VehicleDestructionTest.ts as cce:/internal/code-quality/cr.mjs.
22:45:02.973 debug: Resolve cc from file:///Users/zeruili/projects/cocos_project/driftClash/assets/scripts/VehicleDestructionTest.ts as cce:/internal/x/cc.
22:45:02.973 debug: Resolve cc from file:///Users/zeruili/projects/cocos_project/driftClash/assets/scripts/VehicleDestructionTest.ts as cce:/internal/x/cc.
22:45:02.973 debug: Resolve cc from file:///Users/zeruili/projects/cocos_project/driftClash/assets/scripts/VehicleDestructionTest.ts as cce:/internal/x/cc.
22:45:02.973 debug: Resolve ./player from file:///Users/zeruili/projects/cocos_project/driftClash/assets/scripts/VehicleDestructionTest.ts as file:///Users/zeruili/projects/cocos_project/driftClash/assets/scripts/player.ts.
22:45:02.973 debug: Resolve ./GameManager from file:///Users/zeruili/projects/cocos_project/driftClash/assets/scripts/VehicleDestructionTest.ts as file:///Users/zeruili/projects/cocos_project/driftClash/assets/scripts/GameManager.ts.
22:45:02.976 debug: Target(editor) ends with cost 36.04600000000028ms.
22:45:02.976 debug: Target(preview) build started.
22:45:02.976 debug: Detected change: cce:/internal/x/cc. Last mtime: Thu Jan 01 1970 08:00:02 GMT+0800 (中国标准时间), Current mtime: Thu Jan 01 1970 08:00:02 GMT+0800 (中国标准时间)
22:45:02.976 debug: Inspect cce:/internal/x/cc
22:45:02.984 debug: transform url: 'cce:/internal/x/cc' costs: 7.80 ms
22:45:02.985 debug: Resolve cce:/internal/x/cc-fu/2d from cce:/internal/x/cc as external dependency cce:/internal/x/cc-fu/2d.
22:45:02.985 debug: Resolve cce:/internal/x/cc-fu/sorting from cce:/internal/x/cc as external dependency cce:/internal/x/cc-fu/sorting.
22:45:02.985 debug: Resolve cce:/internal/x/cc-fu/affine-transform from cce:/internal/x/cc as external dependency cce:/internal/x/cc-fu/affine-transform.
22:45:02.985 debug: Resolve cce:/internal/x/cc-fu/animation from cce:/internal/x/cc as external dependency cce:/internal/x/cc-fu/animation.
22:45:02.985 debug: Resolve cce:/internal/x/cc-fu/audio from cce:/internal/x/cc as external dependency cce:/internal/x/cc-fu/audio.
22:45:02.985 debug: Resolve cce:/internal/x/cc-fu/base from cce:/internal/x/cc as external dependency cce:/internal/x/cc-fu/base.
22:45:02.985 debug: Resolve cce:/internal/x/cc-fu/custom-pipeline from cce:/internal/x/cc as external dependency cce:/internal/x/cc-fu/custom-pipeline.
22:45:02.985 debug: Resolve cce:/internal/x/cc-fu/dragon-bones from cce:/internal/x/cc as external dependency cce:/internal/x/cc-fu/dragon-bones.
22:45:02.985 debug: Resolve cce:/internal/x/cc-fu/gfx-webgl from cce:/internal/x/cc as external dependency cce:/internal/x/cc-fu/gfx-webgl.
22:45:02.985 debug: Resolve cce:/internal/x/cc-fu/gfx-webgl2 from cce:/internal/x/cc as external dependency cce:/internal/x/cc-fu/gfx-webgl2.
22:45:02.985 debug: Resolve cce:/internal/x/cc-fu/graphics from cce:/internal/x/cc as external dependency cce:/internal/x/cc-fu/graphics.
22:45:02.985 debug: Resolve cce:/internal/x/cc-fu/intersection-2d from cce:/internal/x/cc as external dependency cce:/internal/x/cc-fu/intersection-2d.
22:45:02.985 debug: Resolve cce:/internal/x/cc-fu/mask from cce:/internal/x/cc as external dependency cce:/internal/x/cc-fu/mask.
22:45:02.985 debug: Resolve cce:/internal/x/cc-fu/particle-2d from cce:/internal/x/cc as external dependency cce:/internal/x/cc-fu/particle-2d.
22:45:02.985 debug: Resolve cce:/internal/x/cc-fu/physics-2d-box2d from cce:/internal/x/cc as external dependency cce:/internal/x/cc-fu/physics-2d-box2d.
22:45:02.985 debug: Resolve cce:/internal/x/cc-fu/physics-2d-framework from cce:/internal/x/cc as external dependency cce:/internal/x/cc-fu/physics-2d-framework.
22:45:02.985 debug: Resolve cce:/internal/x/cc-fu/profiler from cce:/internal/x/cc as external dependency cce:/internal/x/cc-fu/profiler.
22:45:02.985 debug: Resolve cce:/internal/x/cc-fu/rich-text from cce:/internal/x/cc as external dependency cce:/internal/x/cc-fu/rich-text.
22:45:02.985 debug: Resolve cce:/internal/x/cc-fu/spine from cce:/internal/x/cc as external dependency cce:/internal/x/cc-fu/spine.
22:45:02.985 debug: Resolve cce:/internal/x/cc-fu/tiled-map from cce:/internal/x/cc as external dependency cce:/internal/x/cc-fu/tiled-map.
22:45:02.985 debug: Resolve cce:/internal/x/cc-fu/tween from cce:/internal/x/cc as external dependency cce:/internal/x/cc-fu/tween.
22:45:02.985 debug: Resolve cce:/internal/x/cc-fu/ui from cce:/internal/x/cc as external dependency cce:/internal/x/cc-fu/ui.
22:45:02.985 debug: Resolve cce:/internal/x/cc-fu/video from cce:/internal/x/cc as external dependency cce:/internal/x/cc-fu/video.
22:45:02.985 debug: Resolve cce:/internal/x/cc-fu/webview from cce:/internal/x/cc as external dependency cce:/internal/x/cc-fu/webview.
22:45:02.985 debug: Detected change: cce:/internal/x/prerequisite-imports. Last mtime: Thu Jan 01 1970 08:00:03 GMT+0800 (中国标准时间), Current mtime: Thu Jan 01 1970 08:00:02 GMT+0800 (中国标准时间)
22:45:02.985 debug: Inspect cce:/internal/x/prerequisite-imports
22:45:02.988 debug: transform url: 'cce:/internal/x/prerequisite-imports' costs: 3.60 ms
22:45:02.989 debug: Resolve file:///Applications/Cocos/Creator/3.8.6/CocosCreator.app/Contents/Resources/resources/3d/engine/editor/assets/default_renderpipeline/builtin-dof-pass.ts from cce:/internal/x/prerequisite-imports as file:///Applications/Cocos/Creator/3.8.6/CocosCreator.app/Contents/Resources/resources/3d/engine/editor/assets/default_renderpipeline/builtin-dof-pass.ts.
22:45:02.989 debug: Resolve file:///Applications/Cocos/Creator/3.8.6/CocosCreator.app/Contents/Resources/resources/3d/engine/editor/assets/default_renderpipeline/builtin-pipeline-pass.ts from cce:/internal/x/prerequisite-imports as file:///Applications/Cocos/Creator/3.8.6/CocosCreator.app/Contents/Resources/resources/3d/engine/editor/assets/default_renderpipeline/builtin-pipeline-pass.ts.
22:45:02.989 debug: Resolve file:///Applications/Cocos/Creator/3.8.6/CocosCreator.app/Contents/Resources/resources/3d/engine/editor/assets/default_renderpipeline/builtin-pipeline-settings.ts from cce:/internal/x/prerequisite-imports as file:///Applications/Cocos/Creator/3.8.6/CocosCreator.app/Contents/Resources/resources/3d/engine/editor/assets/default_renderpipeline/builtin-pipeline-settings.ts.
22:45:02.989 debug: Resolve file:///Applications/Cocos/Creator/3.8.6/CocosCreator.app/Contents/Resources/resources/3d/engine/editor/assets/default_renderpipeline/builtin-pipeline-types.ts from cce:/internal/x/prerequisite-imports as file:///Applications/Cocos/Creator/3.8.6/CocosCreator.app/Contents/Resources/resources/3d/engine/editor/assets/default_renderpipeline/builtin-pipeline-types.ts.
22:45:02.989 debug: Resolve file:///Applications/Cocos/Creator/3.8.6/CocosCreator.app/Contents/Resources/resources/3d/engine/editor/assets/default_renderpipeline/builtin-pipeline.ts from cce:/internal/x/prerequisite-imports as file:///Applications/Cocos/Creator/3.8.6/CocosCreator.app/Contents/Resources/resources/3d/engine/editor/assets/default_renderpipeline/builtin-pipeline.ts.
22:45:02.989 debug: Resolve file:///Applications/Cocos/Creator/3.8.6/CocosCreator.app/Contents/Resources/resources/3d/engine/editor/assets/tools/debug-view-runtime-control.ts from cce:/internal/x/prerequisite-imports as file:///Applications/Cocos/Creator/3.8.6/CocosCreator.app/Contents/Resources/resources/3d/engine/editor/assets/tools/debug-view-runtime-control.ts.
22:45:02.989 debug: Resolve file:///Users/zeruili/projects/cocos_project/driftClash/assets/scripts/AIController.ts from cce:/internal/x/prerequisite-imports as file:///Users/zeruili/projects/cocos_project/driftClash/assets/scripts/AIController.ts.
22:45:02.989 debug: Resolve file:///Users/zeruili/projects/cocos_project/driftClash/assets/scripts/AIPlayer.ts from cce:/internal/x/prerequisite-imports as file:///Users/zeruili/projects/cocos_project/driftClash/assets/scripts/AIPlayer.ts.
22:45:02.990 debug: Resolve file:///Users/zeruili/projects/cocos_project/driftClash/assets/scripts/CarPurchaseTest.ts from cce:/internal/x/prerequisite-imports as file:///Users/zeruili/projects/cocos_project/driftClash/assets/scripts/CarPurchaseTest.ts.
22:45:02.990 debug: Resolve file:///Users/zeruili/projects/cocos_project/driftClash/assets/scripts/GameManager.ts from cce:/internal/x/prerequisite-imports as file:///Users/zeruili/projects/cocos_project/driftClash/assets/scripts/GameManager.ts.
22:45:02.990 debug: Resolve file:///Users/zeruili/projects/cocos_project/driftClash/assets/scripts/GameManagerExample.ts from cce:/internal/x/prerequisite-imports as file:///Users/zeruili/projects/cocos_project/driftClash/assets/scripts/GameManagerExample.ts.
22:45:02.990 debug: Resolve file:///Users/zeruili/projects/cocos_project/driftClash/assets/scripts/GameOverPanel.ts from cce:/internal/x/prerequisite-imports as file:///Users/zeruili/projects/cocos_project/driftClash/assets/scripts/GameOverPanel.ts.
22:45:02.990 debug: Resolve file:///Users/zeruili/projects/cocos_project/driftClash/assets/scripts/HealthBarUI.ts from cce:/internal/x/prerequisite-imports as file:///Users/zeruili/projects/cocos_project/driftClash/assets/scripts/HealthBarUI.ts.
22:45:02.990 debug: Resolve file:///Users/zeruili/projects/cocos_project/driftClash/assets/scripts/LevelGradeTest.ts from cce:/internal/x/prerequisite-imports as file:///Users/zeruili/projects/cocos_project/driftClash/assets/scripts/LevelGradeTest.ts.
22:45:02.990 debug: Resolve file:///Users/zeruili/projects/cocos_project/driftClash/assets/scripts/MainMenuController.ts from cce:/internal/x/prerequisite-imports as file:///Users/zeruili/projects/cocos_project/driftClash/assets/scripts/MainMenuController.ts.
22:45:02.990 debug: Resolve file:///Users/zeruili/projects/cocos_project/driftClash/assets/scripts/PausePanel.ts from cce:/internal/x/prerequisite-imports as file:///Users/zeruili/projects/cocos_project/driftClash/assets/scripts/PausePanel.ts.
22:45:02.990 debug: Resolve file:///Users/zeruili/projects/cocos_project/driftClash/assets/scripts/PlayerInfoUI.ts from cce:/internal/x/prerequisite-imports as file:///Users/zeruili/projects/cocos_project/driftClash/assets/scripts/PlayerInfoUI.ts.
22:45:02.990 debug: Resolve file:///Users/zeruili/projects/cocos_project/driftClash/assets/scripts/PlayerManager.ts from cce:/internal/x/prerequisite-imports as file:///Users/zeruili/projects/cocos_project/driftClash/assets/scripts/PlayerManager.ts.
22:45:02.990 debug: Resolve file:///Users/zeruili/projects/cocos_project/driftClash/assets/scripts/PlayerManagerExample.ts from cce:/internal/x/prerequisite-imports as file:///Users/zeruili/projects/cocos_project/driftClash/assets/scripts/PlayerManagerExample.ts.
22:45:02.990 debug: Resolve file:///Users/zeruili/projects/cocos_project/driftClash/assets/scripts/SelectManager.ts from cce:/internal/x/prerequisite-imports as file:///Users/zeruili/projects/cocos_project/driftClash/assets/scripts/SelectManager.ts.
22:45:02.990 debug: Resolve file:///Users/zeruili/projects/cocos_project/driftClash/assets/scripts/TempData.ts from cce:/internal/x/prerequisite-imports as file:///Users/zeruili/projects/cocos_project/driftClash/assets/scripts/TempData.ts.
22:45:02.990 debug: Resolve file:///Users/zeruili/projects/cocos_project/driftClash/assets/scripts/VehicleDestructionTest.ts from cce:/internal/x/prerequisite-imports as file:///Users/zeruili/projects/cocos_project/driftClash/assets/scripts/VehicleDestructionTest.ts.
22:45:02.990 debug: Resolve file:///Users/zeruili/projects/cocos_project/driftClash/assets/scripts/camera_follow.ts from cce:/internal/x/prerequisite-imports as file:///Users/zeruili/projects/cocos_project/driftClash/assets/scripts/camera_follow.ts.
22:45:02.990 debug: Resolve file:///Users/zeruili/projects/cocos_project/driftClash/assets/scripts/player.ts from cce:/internal/x/prerequisite-imports as file:///Users/zeruili/projects/cocos_project/driftClash/assets/scripts/player.ts.
22:45:02.990 debug: Resolve cce:/internal/code-quality/cr.mjs from file:///Applications/Cocos/Creator/3.8.6/CocosCreator.app/Contents/Resources/resources/3d/engine/editor/assets/default_renderpipeline/builtin-dof-pass.ts as cce:/internal/code-quality/cr.mjs.
22:45:02.990 debug: Detected change: cce:/internal/code-quality/cr.mjs. Last mtime: Sat Jul 12 2025 22:40:01 GMT+0800 (中国标准时间), Current mtime: Sat Jul 12 2025 22:45:00 GMT+0800 (中国标准时间)
22:45:02.990 debug: Inspect cce:/internal/code-quality/cr.mjs
22:45:02.994 debug: transform url: 'cce:/internal/code-quality/cr.mjs' costs: 3.60 ms
22:45:02.994 debug: Resolve cc from file:///Applications/Cocos/Creator/3.8.6/CocosCreator.app/Contents/Resources/resources/3d/engine/editor/assets/default_renderpipeline/builtin-dof-pass.ts as cce:/internal/x/cc.
22:45:02.994 debug: Resolve cc from file:///Applications/Cocos/Creator/3.8.6/CocosCreator.app/Contents/Resources/resources/3d/engine/editor/assets/default_renderpipeline/builtin-dof-pass.ts as cce:/internal/x/cc.
22:45:02.994 debug: Resolve cc from file:///Applications/Cocos/Creator/3.8.6/CocosCreator.app/Contents/Resources/resources/3d/engine/editor/assets/default_renderpipeline/builtin-dof-pass.ts as cce:/internal/x/cc.
22:45:02.994 debug: Resolve cc/env from file:///Applications/Cocos/Creator/3.8.6/CocosCreator.app/Contents/Resources/resources/3d/engine/editor/assets/default_renderpipeline/builtin-dof-pass.ts as external dependency cc/env.
22:45:02.994 debug: Resolve ./builtin-pipeline-settings from file:///Applications/Cocos/Creator/3.8.6/CocosCreator.app/Contents/Resources/resources/3d/engine/editor/assets/default_renderpipeline/builtin-dof-pass.ts as file:///Applications/Cocos/Creator/3.8.6/CocosCreator.app/Contents/Resources/resources/3d/engine/editor/assets/default_renderpipeline/builtin-pipeline-settings.ts.
22:45:02.994 debug: Resolve ./builtin-pipeline-pass from file:///Applications/Cocos/Creator/3.8.6/CocosCreator.app/Contents/Resources/resources/3d/engine/editor/assets/default_renderpipeline/builtin-dof-pass.ts as file:///Applications/Cocos/Creator/3.8.6/CocosCreator.app/Contents/Resources/resources/3d/engine/editor/assets/default_renderpipeline/builtin-pipeline-pass.ts.
22:45:02.994 debug: Resolve ./builtin-pipeline from file:///Applications/Cocos/Creator/3.8.6/CocosCreator.app/Contents/Resources/resources/3d/engine/editor/assets/default_renderpipeline/builtin-dof-pass.ts as file:///Applications/Cocos/Creator/3.8.6/CocosCreator.app/Contents/Resources/resources/3d/engine/editor/assets/default_renderpipeline/builtin-pipeline.ts.
22:45:02.994 debug: Resolve cce:/internal/code-quality/cr.mjs from file:///Applications/Cocos/Creator/3.8.6/CocosCreator.app/Contents/Resources/resources/3d/engine/editor/assets/default_renderpipeline/builtin-pipeline-settings.ts as cce:/internal/code-quality/cr.mjs.
22:45:02.994 debug: Resolve cc from file:///Applications/Cocos/Creator/3.8.6/CocosCreator.app/Contents/Resources/resources/3d/engine/editor/assets/default_renderpipeline/builtin-pipeline-settings.ts as cce:/internal/x/cc.
22:45:02.994 debug: Resolve cc from file:///Applications/Cocos/Creator/3.8.6/CocosCreator.app/Contents/Resources/resources/3d/engine/editor/assets/default_renderpipeline/builtin-pipeline-settings.ts as cce:/internal/x/cc.
22:45:02.994 debug: Resolve cc from file:///Applications/Cocos/Creator/3.8.6/CocosCreator.app/Contents/Resources/resources/3d/engine/editor/assets/default_renderpipeline/builtin-pipeline-settings.ts as cce:/internal/x/cc.
22:45:02.994 debug: Resolve cc/env from file:///Applications/Cocos/Creator/3.8.6/CocosCreator.app/Contents/Resources/resources/3d/engine/editor/assets/default_renderpipeline/builtin-pipeline-settings.ts as external dependency cc/env.
22:45:02.994 debug: Resolve ./builtin-pipeline-types from file:///Applications/Cocos/Creator/3.8.6/CocosCreator.app/Contents/Resources/resources/3d/engine/editor/assets/default_renderpipeline/builtin-pipeline-settings.ts as file:///Applications/Cocos/Creator/3.8.6/CocosCreator.app/Contents/Resources/resources/3d/engine/editor/assets/default_renderpipeline/builtin-pipeline-types.ts.
22:45:02.994 debug: Resolve cc from file:///Applications/Cocos/Creator/3.8.6/CocosCreator.app/Contents/Resources/resources/3d/engine/editor/assets/default_renderpipeline/builtin-pipeline-types.ts as cce:/internal/x/cc.
22:45:02.994 debug: Resolve cc from file:///Applications/Cocos/Creator/3.8.6/CocosCreator.app/Contents/Resources/resources/3d/engine/editor/assets/default_renderpipeline/builtin-pipeline-types.ts as cce:/internal/x/cc.
22:45:02.994 debug: Resolve cc from file:///Applications/Cocos/Creator/3.8.6/CocosCreator.app/Contents/Resources/resources/3d/engine/editor/assets/default_renderpipeline/builtin-pipeline-types.ts as cce:/internal/x/cc.
22:45:02.994 debug: Resolve cce:/internal/code-quality/cr.mjs from file:///Applications/Cocos/Creator/3.8.6/CocosCreator.app/Contents/Resources/resources/3d/engine/editor/assets/default_renderpipeline/builtin-pipeline-pass.ts as cce:/internal/code-quality/cr.mjs.
22:45:02.994 debug: Resolve cc from file:///Applications/Cocos/Creator/3.8.6/CocosCreator.app/Contents/Resources/resources/3d/engine/editor/assets/default_renderpipeline/builtin-pipeline-pass.ts as cce:/internal/x/cc.
22:45:02.994 debug: Resolve cc from file:///Applications/Cocos/Creator/3.8.6/CocosCreator.app/Contents/Resources/resources/3d/engine/editor/assets/default_renderpipeline/builtin-pipeline-pass.ts as cce:/internal/x/cc.
22:45:02.994 debug: Resolve cc from file:///Applications/Cocos/Creator/3.8.6/CocosCreator.app/Contents/Resources/resources/3d/engine/editor/assets/default_renderpipeline/builtin-pipeline-pass.ts as cce:/internal/x/cc.
22:45:02.995 debug: Resolve ./builtin-pipeline-settings from file:///Applications/Cocos/Creator/3.8.6/CocosCreator.app/Contents/Resources/resources/3d/engine/editor/assets/default_renderpipeline/builtin-pipeline-pass.ts as file:///Applications/Cocos/Creator/3.8.6/CocosCreator.app/Contents/Resources/resources/3d/engine/editor/assets/default_renderpipeline/builtin-pipeline-settings.ts.
22:45:02.995 debug: Resolve cc/env from file:///Applications/Cocos/Creator/3.8.6/CocosCreator.app/Contents/Resources/resources/3d/engine/editor/assets/default_renderpipeline/builtin-pipeline-pass.ts as external dependency cc/env.
22:45:02.995 debug: Resolve cce:/internal/code-quality/cr.mjs from file:///Applications/Cocos/Creator/3.8.6/CocosCreator.app/Contents/Resources/resources/3d/engine/editor/assets/default_renderpipeline/builtin-pipeline.ts as cce:/internal/code-quality/cr.mjs.
22:45:02.995 debug: Resolve cc from file:///Applications/Cocos/Creator/3.8.6/CocosCreator.app/Contents/Resources/resources/3d/engine/editor/assets/default_renderpipeline/builtin-pipeline.ts as cce:/internal/x/cc.
22:45:02.995 debug: Resolve cc from file:///Applications/Cocos/Creator/3.8.6/CocosCreator.app/Contents/Resources/resources/3d/engine/editor/assets/default_renderpipeline/builtin-pipeline.ts as cce:/internal/x/cc.
22:45:02.995 debug: Resolve cc from file:///Applications/Cocos/Creator/3.8.6/CocosCreator.app/Contents/Resources/resources/3d/engine/editor/assets/default_renderpipeline/builtin-pipeline.ts as cce:/internal/x/cc.
22:45:02.995 debug: Resolve cc/env from file:///Applications/Cocos/Creator/3.8.6/CocosCreator.app/Contents/Resources/resources/3d/engine/editor/assets/default_renderpipeline/builtin-pipeline.ts as external dependency cc/env.
22:45:02.995 debug: Resolve ./builtin-pipeline-types from file:///Applications/Cocos/Creator/3.8.6/CocosCreator.app/Contents/Resources/resources/3d/engine/editor/assets/default_renderpipeline/builtin-pipeline.ts as file:///Applications/Cocos/Creator/3.8.6/CocosCreator.app/Contents/Resources/resources/3d/engine/editor/assets/default_renderpipeline/builtin-pipeline-types.ts.
22:45:02.995 debug: Resolve cc from file:///Applications/Cocos/Creator/3.8.6/CocosCreator.app/Contents/Resources/resources/3d/engine/editor/assets/tools/debug-view-runtime-control.ts as cce:/internal/x/cc.
22:45:02.995 debug: Resolve cc from file:///Applications/Cocos/Creator/3.8.6/CocosCreator.app/Contents/Resources/resources/3d/engine/editor/assets/tools/debug-view-runtime-control.ts as cce:/internal/x/cc.
22:45:02.995 debug: Resolve cc from file:///Applications/Cocos/Creator/3.8.6/CocosCreator.app/Contents/Resources/resources/3d/engine/editor/assets/tools/debug-view-runtime-control.ts as cce:/internal/x/cc.
22:45:02.995 debug: Resolve cce:/internal/code-quality/cr.mjs from file:///Users/zeruili/projects/cocos_project/driftClash/assets/scripts/AIController.ts as cce:/internal/code-quality/cr.mjs.
22:45:02.995 debug: Resolve cc from file:///Users/zeruili/projects/cocos_project/driftClash/assets/scripts/AIController.ts as cce:/internal/x/cc.
22:45:02.995 debug: Resolve cc from file:///Users/zeruili/projects/cocos_project/driftClash/assets/scripts/AIController.ts as cce:/internal/x/cc.
22:45:02.995 debug: Resolve cc from file:///Users/zeruili/projects/cocos_project/driftClash/assets/scripts/AIController.ts as cce:/internal/x/cc.
22:45:02.995 debug: Resolve ./GameManager from file:///Users/zeruili/projects/cocos_project/driftClash/assets/scripts/AIController.ts as file:///Users/zeruili/projects/cocos_project/driftClash/assets/scripts/GameManager.ts.
22:45:02.995 debug: Resolve cce:/internal/code-quality/cr.mjs from file:///Users/zeruili/projects/cocos_project/driftClash/assets/scripts/GameManager.ts as cce:/internal/code-quality/cr.mjs.
22:45:02.995 debug: Resolve cc from file:///Users/zeruili/projects/cocos_project/driftClash/assets/scripts/GameManager.ts as cce:/internal/x/cc.
22:45:02.995 debug: Resolve cc from file:///Users/zeruili/projects/cocos_project/driftClash/assets/scripts/GameManager.ts as cce:/internal/x/cc.
22:45:02.995 debug: Resolve cc from file:///Users/zeruili/projects/cocos_project/driftClash/assets/scripts/GameManager.ts as cce:/internal/x/cc.
22:45:02.995 debug: Resolve ./TempData from file:///Users/zeruili/projects/cocos_project/driftClash/assets/scripts/GameManager.ts as file:///Users/zeruili/projects/cocos_project/driftClash/assets/scripts/TempData.ts.
22:45:02.995 debug: Resolve ./camera_follow from file:///Users/zeruili/projects/cocos_project/driftClash/assets/scripts/GameManager.ts as file:///Users/zeruili/projects/cocos_project/driftClash/assets/scripts/camera_follow.ts.
22:45:02.995 debug: Resolve ./player from file:///Users/zeruili/projects/cocos_project/driftClash/assets/scripts/GameManager.ts as file:///Users/zeruili/projects/cocos_project/driftClash/assets/scripts/player.ts.
22:45:02.995 debug: Resolve ./AIController from file:///Users/zeruili/projects/cocos_project/driftClash/assets/scripts/GameManager.ts as file:///Users/zeruili/projects/cocos_project/driftClash/assets/scripts/AIController.ts.
22:45:02.995 debug: Resolve ./AIPlayer from file:///Users/zeruili/projects/cocos_project/driftClash/assets/scripts/GameManager.ts as file:///Users/zeruili/projects/cocos_project/driftClash/assets/scripts/AIPlayer.ts.
22:45:02.995 debug: Resolve ./PlayerManager from file:///Users/zeruili/projects/cocos_project/driftClash/assets/scripts/GameManager.ts as file:///Users/zeruili/projects/cocos_project/driftClash/assets/scripts/PlayerManager.ts.
22:45:02.995 debug: Resolve cc from file:///Users/zeruili/projects/cocos_project/driftClash/assets/scripts/TempData.ts as cce:/internal/x/cc.
22:45:02.995 debug: Resolve cc from file:///Users/zeruili/projects/cocos_project/driftClash/assets/scripts/camera_follow.ts as cce:/internal/x/cc.
22:45:02.995 debug: Resolve cc from file:///Users/zeruili/projects/cocos_project/driftClash/assets/scripts/camera_follow.ts as cce:/internal/x/cc.
22:45:02.995 debug: Resolve cc from file:///Users/zeruili/projects/cocos_project/driftClash/assets/scripts/camera_follow.ts as cce:/internal/x/cc.
22:45:02.995 debug: Resolve cce:/internal/code-quality/cr.mjs from file:///Users/zeruili/projects/cocos_project/driftClash/assets/scripts/player.ts as cce:/internal/code-quality/cr.mjs.
22:45:02.995 debug: Resolve cc from file:///Users/zeruili/projects/cocos_project/driftClash/assets/scripts/player.ts as cce:/internal/x/cc.
22:45:02.995 debug: Resolve cc from file:///Users/zeruili/projects/cocos_project/driftClash/assets/scripts/player.ts as cce:/internal/x/cc.
22:45:02.995 debug: Resolve cc from file:///Users/zeruili/projects/cocos_project/driftClash/assets/scripts/player.ts as cce:/internal/x/cc.
22:45:02.995 debug: Resolve ./AIPlayer from file:///Users/zeruili/projects/cocos_project/driftClash/assets/scripts/player.ts as file:///Users/zeruili/projects/cocos_project/driftClash/assets/scripts/AIPlayer.ts.
22:45:02.995 debug: Resolve ./GameManager from file:///Users/zeruili/projects/cocos_project/driftClash/assets/scripts/player.ts as file:///Users/zeruili/projects/cocos_project/driftClash/assets/scripts/GameManager.ts.
22:45:02.995 debug: Resolve cce:/internal/code-quality/cr.mjs from file:///Users/zeruili/projects/cocos_project/driftClash/assets/scripts/AIPlayer.ts as cce:/internal/code-quality/cr.mjs.
22:45:02.995 debug: Resolve cc from file:///Users/zeruili/projects/cocos_project/driftClash/assets/scripts/AIPlayer.ts as cce:/internal/x/cc.
22:45:02.995 debug: Resolve cc from file:///Users/zeruili/projects/cocos_project/driftClash/assets/scripts/AIPlayer.ts as cce:/internal/x/cc.
22:45:02.995 debug: Resolve cc from file:///Users/zeruili/projects/cocos_project/driftClash/assets/scripts/AIPlayer.ts as cce:/internal/x/cc.
22:45:02.995 debug: Resolve ./player from file:///Users/zeruili/projects/cocos_project/driftClash/assets/scripts/AIPlayer.ts as file:///Users/zeruili/projects/cocos_project/driftClash/assets/scripts/player.ts.
22:45:02.995 debug: Resolve ./GameManager from file:///Users/zeruili/projects/cocos_project/driftClash/assets/scripts/AIPlayer.ts as file:///Users/zeruili/projects/cocos_project/driftClash/assets/scripts/GameManager.ts.
22:45:02.995 debug: Resolve cc from file:///Users/zeruili/projects/cocos_project/driftClash/assets/scripts/PlayerManager.ts as cce:/internal/x/cc.
22:45:02.995 debug: Resolve cc from file:///Users/zeruili/projects/cocos_project/driftClash/assets/scripts/PlayerManager.ts as cce:/internal/x/cc.
22:45:02.995 debug: Resolve cc from file:///Users/zeruili/projects/cocos_project/driftClash/assets/scripts/PlayerManager.ts as cce:/internal/x/cc.
22:45:02.995 debug: Resolve cce:/internal/code-quality/cr.mjs from file:///Users/zeruili/projects/cocos_project/driftClash/assets/scripts/CarPurchaseTest.ts as cce:/internal/code-quality/cr.mjs.
22:45:02.995 debug: Resolve cc from file:///Users/zeruili/projects/cocos_project/driftClash/assets/scripts/CarPurchaseTest.ts as cce:/internal/x/cc.
22:45:02.995 debug: Resolve cc from file:///Users/zeruili/projects/cocos_project/driftClash/assets/scripts/CarPurchaseTest.ts as cce:/internal/x/cc.
22:45:02.995 debug: Resolve cc from file:///Users/zeruili/projects/cocos_project/driftClash/assets/scripts/CarPurchaseTest.ts as cce:/internal/x/cc.
22:45:02.995 debug: Resolve ./PlayerManager from file:///Users/zeruili/projects/cocos_project/driftClash/assets/scripts/CarPurchaseTest.ts as file:///Users/zeruili/projects/cocos_project/driftClash/assets/scripts/PlayerManager.ts.
22:45:02.995 debug: Resolve ./SelectManager from file:///Users/zeruili/projects/cocos_project/driftClash/assets/scripts/CarPurchaseTest.ts as file:///Users/zeruili/projects/cocos_project/driftClash/assets/scripts/SelectManager.ts.
22:45:02.995 debug: Resolve cce:/internal/code-quality/cr.mjs from file:///Users/zeruili/projects/cocos_project/driftClash/assets/scripts/SelectManager.ts as cce:/internal/code-quality/cr.mjs.
22:45:02.995 debug: Resolve cc from file:///Users/zeruili/projects/cocos_project/driftClash/assets/scripts/SelectManager.ts as cce:/internal/x/cc.
22:45:02.995 debug: Resolve cc from file:///Users/zeruili/projects/cocos_project/driftClash/assets/scripts/SelectManager.ts as cce:/internal/x/cc.
22:45:02.995 debug: Resolve cc from file:///Users/zeruili/projects/cocos_project/driftClash/assets/scripts/SelectManager.ts as cce:/internal/x/cc.
22:45:02.996 debug: Resolve ./TempData from file:///Users/zeruili/projects/cocos_project/driftClash/assets/scripts/SelectManager.ts as file:///Users/zeruili/projects/cocos_project/driftClash/assets/scripts/TempData.ts.
22:45:02.996 debug: Resolve ./PlayerManager from file:///Users/zeruili/projects/cocos_project/driftClash/assets/scripts/SelectManager.ts as file:///Users/zeruili/projects/cocos_project/driftClash/assets/scripts/PlayerManager.ts.
22:45:02.996 debug: Resolve cce:/internal/code-quality/cr.mjs from file:///Users/zeruili/projects/cocos_project/driftClash/assets/scripts/GameManagerExample.ts as cce:/internal/code-quality/cr.mjs.
22:45:02.996 debug: Resolve cc from file:///Users/zeruili/projects/cocos_project/driftClash/assets/scripts/GameManagerExample.ts as cce:/internal/x/cc.
22:45:02.996 debug: Resolve cc from file:///Users/zeruili/projects/cocos_project/driftClash/assets/scripts/GameManagerExample.ts as cce:/internal/x/cc.
22:45:02.996 debug: Resolve cc from file:///Users/zeruili/projects/cocos_project/driftClash/assets/scripts/GameManagerExample.ts as cce:/internal/x/cc.
22:45:02.996 debug: Resolve ./GameManager from file:///Users/zeruili/projects/cocos_project/driftClash/assets/scripts/GameManagerExample.ts as file:///Users/zeruili/projects/cocos_project/driftClash/assets/scripts/GameManager.ts.
22:45:02.996 debug: Resolve cce:/internal/code-quality/cr.mjs from file:///Users/zeruili/projects/cocos_project/driftClash/assets/scripts/GameOverPanel.ts as cce:/internal/code-quality/cr.mjs.
22:45:02.996 debug: Resolve cc from file:///Users/zeruili/projects/cocos_project/driftClash/assets/scripts/GameOverPanel.ts as cce:/internal/x/cc.
22:45:02.996 debug: Resolve cc from file:///Users/zeruili/projects/cocos_project/driftClash/assets/scripts/GameOverPanel.ts as cce:/internal/x/cc.
22:45:02.996 debug: Resolve cc from file:///Users/zeruili/projects/cocos_project/driftClash/assets/scripts/GameOverPanel.ts as cce:/internal/x/cc.
22:45:02.996 debug: Resolve ./GameManager from file:///Users/zeruili/projects/cocos_project/driftClash/assets/scripts/GameOverPanel.ts as file:///Users/zeruili/projects/cocos_project/driftClash/assets/scripts/GameManager.ts.
22:45:02.996 debug: Resolve cc from file:///Users/zeruili/projects/cocos_project/driftClash/assets/scripts/HealthBarUI.ts as cce:/internal/x/cc.
22:45:02.996 debug: Resolve cc from file:///Users/zeruili/projects/cocos_project/driftClash/assets/scripts/HealthBarUI.ts as cce:/internal/x/cc.
22:45:02.996 debug: Resolve cc from file:///Users/zeruili/projects/cocos_project/driftClash/assets/scripts/HealthBarUI.ts as cce:/internal/x/cc.
22:45:02.996 debug: Resolve cce:/internal/code-quality/cr.mjs from file:///Users/zeruili/projects/cocos_project/driftClash/assets/scripts/LevelGradeTest.ts as cce:/internal/code-quality/cr.mjs.
22:45:02.996 debug: Resolve cc from file:///Users/zeruili/projects/cocos_project/driftClash/assets/scripts/LevelGradeTest.ts as cce:/internal/x/cc.
22:45:02.996 debug: Resolve cc from file:///Users/zeruili/projects/cocos_project/driftClash/assets/scripts/LevelGradeTest.ts as cce:/internal/x/cc.
22:45:02.996 debug: Resolve cc from file:///Users/zeruili/projects/cocos_project/driftClash/assets/scripts/LevelGradeTest.ts as cce:/internal/x/cc.
22:45:02.996 debug: Resolve ./PlayerManager from file:///Users/zeruili/projects/cocos_project/driftClash/assets/scripts/LevelGradeTest.ts as file:///Users/zeruili/projects/cocos_project/driftClash/assets/scripts/PlayerManager.ts.
22:45:02.996 debug: Resolve ./SelectManager from file:///Users/zeruili/projects/cocos_project/driftClash/assets/scripts/LevelGradeTest.ts as file:///Users/zeruili/projects/cocos_project/driftClash/assets/scripts/SelectManager.ts.
22:45:02.996 debug: Resolve cc from file:///Users/zeruili/projects/cocos_project/driftClash/assets/scripts/MainMenuController.ts as cce:/internal/x/cc.
22:45:02.996 debug: Resolve cc from file:///Users/zeruili/projects/cocos_project/driftClash/assets/scripts/MainMenuController.ts as cce:/internal/x/cc.
22:45:02.996 debug: Resolve cc from file:///Users/zeruili/projects/cocos_project/driftClash/assets/scripts/MainMenuController.ts as cce:/internal/x/cc.
22:45:02.996 debug: Resolve cce:/internal/code-quality/cr.mjs from file:///Users/zeruili/projects/cocos_project/driftClash/assets/scripts/PausePanel.ts as cce:/internal/code-quality/cr.mjs.
22:45:02.996 debug: Resolve cc from file:///Users/zeruili/projects/cocos_project/driftClash/assets/scripts/PausePanel.ts as cce:/internal/x/cc.
22:45:02.996 debug: Resolve cc from file:///Users/zeruili/projects/cocos_project/driftClash/assets/scripts/PausePanel.ts as cce:/internal/x/cc.
22:45:02.996 debug: Resolve cc from file:///Users/zeruili/projects/cocos_project/driftClash/assets/scripts/PausePanel.ts as cce:/internal/x/cc.
22:45:02.996 debug: Resolve ./GameManager from file:///Users/zeruili/projects/cocos_project/driftClash/assets/scripts/PausePanel.ts as file:///Users/zeruili/projects/cocos_project/driftClash/assets/scripts/GameManager.ts.
22:45:02.996 debug: Resolve cce:/internal/code-quality/cr.mjs from file:///Users/zeruili/projects/cocos_project/driftClash/assets/scripts/PlayerInfoUI.ts as cce:/internal/code-quality/cr.mjs.
22:45:02.996 debug: Resolve cc from file:///Users/zeruili/projects/cocos_project/driftClash/assets/scripts/PlayerInfoUI.ts as cce:/internal/x/cc.
22:45:02.996 debug: Resolve cc from file:///Users/zeruili/projects/cocos_project/driftClash/assets/scripts/PlayerInfoUI.ts as cce:/internal/x/cc.
22:45:02.996 debug: Resolve cc from file:///Users/zeruili/projects/cocos_project/driftClash/assets/scripts/PlayerInfoUI.ts as cce:/internal/x/cc.
22:45:02.996 debug: Resolve ./PlayerManager from file:///Users/zeruili/projects/cocos_project/driftClash/assets/scripts/PlayerInfoUI.ts as file:///Users/zeruili/projects/cocos_project/driftClash/assets/scripts/PlayerManager.ts.
22:45:02.996 debug: Resolve cce:/internal/code-quality/cr.mjs from file:///Users/zeruili/projects/cocos_project/driftClash/assets/scripts/PlayerManagerExample.ts as cce:/internal/code-quality/cr.mjs.
22:45:02.996 debug: Resolve cc from file:///Users/zeruili/projects/cocos_project/driftClash/assets/scripts/PlayerManagerExample.ts as cce:/internal/x/cc.
22:45:02.996 debug: Resolve cc from file:///Users/zeruili/projects/cocos_project/driftClash/assets/scripts/PlayerManagerExample.ts as cce:/internal/x/cc.
22:45:02.996 debug: Resolve cc from file:///Users/zeruili/projects/cocos_project/driftClash/assets/scripts/PlayerManagerExample.ts as cce:/internal/x/cc.
22:45:02.996 debug: Resolve ./PlayerManager from file:///Users/zeruili/projects/cocos_project/driftClash/assets/scripts/PlayerManagerExample.ts as file:///Users/zeruili/projects/cocos_project/driftClash/assets/scripts/PlayerManager.ts.
22:45:02.996 debug: Resolve cce:/internal/code-quality/cr.mjs from file:///Users/zeruili/projects/cocos_project/driftClash/assets/scripts/VehicleDestructionTest.ts as cce:/internal/code-quality/cr.mjs.
22:45:02.996 debug: Resolve cc from file:///Users/zeruili/projects/cocos_project/driftClash/assets/scripts/VehicleDestructionTest.ts as cce:/internal/x/cc.
22:45:02.996 debug: Resolve cc from file:///Users/zeruili/projects/cocos_project/driftClash/assets/scripts/VehicleDestructionTest.ts as cce:/internal/x/cc.
22:45:02.996 debug: Resolve cc from file:///Users/zeruili/projects/cocos_project/driftClash/assets/scripts/VehicleDestructionTest.ts as cce:/internal/x/cc.
22:45:02.996 debug: Resolve ./player from file:///Users/zeruili/projects/cocos_project/driftClash/assets/scripts/VehicleDestructionTest.ts as file:///Users/zeruili/projects/cocos_project/driftClash/assets/scripts/player.ts.
22:45:02.996 debug: Resolve ./GameManager from file:///Users/zeruili/projects/cocos_project/driftClash/assets/scripts/VehicleDestructionTest.ts as file:///Users/zeruili/projects/cocos_project/driftClash/assets/scripts/GameManager.ts.
22:45:02.999 debug: Target(preview) ends with cost 23.10808300000008ms.
22:45:03.229 debug: Pulling asset-db.
22:45:03.445 debug: Fetch asset-db cost: 216.36058300000013ms.
22:45:03.447 debug: Build iteration starts.
Number of accumulated asset changes: 24
Feature changed: false
22:45:03.448 debug: Target(editor) build started.
22:45:03.449 debug: Detected change: cce:/internal/x/prerequisite-imports. Last mtime: Thu Jan 01 1970 08:00:02 GMT+0800 (中国标准时间), Current mtime: Thu Jan 01 1970 08:00:03 GMT+0800 (中国标准时间)
22:45:03.449 debug: Inspect cce:/internal/x/prerequisite-imports
22:45:03.453 debug: transform url: 'cce:/internal/x/prerequisite-imports' costs: 3.80 ms
22:45:03.453 debug: Resolve file:///Applications/Cocos/Creator/3.8.6/CocosCreator.app/Contents/Resources/resources/3d/engine/editor/assets/default_renderpipeline/builtin-dof-pass.ts from cce:/internal/x/prerequisite-imports as file:///Applications/Cocos/Creator/3.8.6/CocosCreator.app/Contents/Resources/resources/3d/engine/editor/assets/default_renderpipeline/builtin-dof-pass.ts.
22:45:03.453 debug: Resolve file:///Applications/Cocos/Creator/3.8.6/CocosCreator.app/Contents/Resources/resources/3d/engine/editor/assets/default_renderpipeline/builtin-pipeline-pass.ts from cce:/internal/x/prerequisite-imports as file:///Applications/Cocos/Creator/3.8.6/CocosCreator.app/Contents/Resources/resources/3d/engine/editor/assets/default_renderpipeline/builtin-pipeline-pass.ts.
22:45:03.454 debug: Resolve file:///Applications/Cocos/Creator/3.8.6/CocosCreator.app/Contents/Resources/resources/3d/engine/editor/assets/default_renderpipeline/builtin-pipeline-settings.ts from cce:/internal/x/prerequisite-imports as file:///Applications/Cocos/Creator/3.8.6/CocosCreator.app/Contents/Resources/resources/3d/engine/editor/assets/default_renderpipeline/builtin-pipeline-settings.ts.
22:45:03.454 debug: Resolve file:///Applications/Cocos/Creator/3.8.6/CocosCreator.app/Contents/Resources/resources/3d/engine/editor/assets/default_renderpipeline/builtin-pipeline-types.ts from cce:/internal/x/prerequisite-imports as file:///Applications/Cocos/Creator/3.8.6/CocosCreator.app/Contents/Resources/resources/3d/engine/editor/assets/default_renderpipeline/builtin-pipeline-types.ts.
22:45:03.454 debug: Resolve file:///Applications/Cocos/Creator/3.8.6/CocosCreator.app/Contents/Resources/resources/3d/engine/editor/assets/default_renderpipeline/builtin-pipeline.ts from cce:/internal/x/prerequisite-imports as file:///Applications/Cocos/Creator/3.8.6/CocosCreator.app/Contents/Resources/resources/3d/engine/editor/assets/default_renderpipeline/builtin-pipeline.ts.
22:45:03.454 debug: Resolve file:///Applications/Cocos/Creator/3.8.6/CocosCreator.app/Contents/Resources/resources/3d/engine/editor/assets/tools/debug-view-runtime-control.ts from cce:/internal/x/prerequisite-imports as file:///Applications/Cocos/Creator/3.8.6/CocosCreator.app/Contents/Resources/resources/3d/engine/editor/assets/tools/debug-view-runtime-control.ts.
22:45:03.454 debug: Resolve file:///Users/zeruili/projects/cocos_project/driftClash/assets/scripts/AIController.ts from cce:/internal/x/prerequisite-imports as file:///Users/zeruili/projects/cocos_project/driftClash/assets/scripts/AIController.ts.
22:45:03.454 debug: Resolve file:///Users/zeruili/projects/cocos_project/driftClash/assets/scripts/AIPlayer.ts from cce:/internal/x/prerequisite-imports as file:///Users/zeruili/projects/cocos_project/driftClash/assets/scripts/AIPlayer.ts.
22:45:03.454 debug: Resolve file:///Users/zeruili/projects/cocos_project/driftClash/assets/scripts/CarPurchaseTest.ts from cce:/internal/x/prerequisite-imports as file:///Users/zeruili/projects/cocos_project/driftClash/assets/scripts/CarPurchaseTest.ts.
22:45:03.454 debug: Resolve file:///Users/zeruili/projects/cocos_project/driftClash/assets/scripts/GameManager.ts from cce:/internal/x/prerequisite-imports as file:///Users/zeruili/projects/cocos_project/driftClash/assets/scripts/GameManager.ts.
22:45:03.454 debug: Resolve file:///Users/zeruili/projects/cocos_project/driftClash/assets/scripts/GameManagerExample.ts from cce:/internal/x/prerequisite-imports as file:///Users/zeruili/projects/cocos_project/driftClash/assets/scripts/GameManagerExample.ts.
22:45:03.454 debug: Resolve file:///Users/zeruili/projects/cocos_project/driftClash/assets/scripts/GameOverPanel.ts from cce:/internal/x/prerequisite-imports as file:///Users/zeruili/projects/cocos_project/driftClash/assets/scripts/GameOverPanel.ts.
22:45:03.454 debug: Resolve file:///Users/zeruili/projects/cocos_project/driftClash/assets/scripts/HealthBarUI.ts from cce:/internal/x/prerequisite-imports as file:///Users/zeruili/projects/cocos_project/driftClash/assets/scripts/HealthBarUI.ts.
22:45:03.454 debug: Resolve file:///Users/zeruili/projects/cocos_project/driftClash/assets/scripts/LevelGradeTest.ts from cce:/internal/x/prerequisite-imports as file:///Users/zeruili/projects/cocos_project/driftClash/assets/scripts/LevelGradeTest.ts.
22:45:03.454 debug: Resolve file:///Users/zeruili/projects/cocos_project/driftClash/assets/scripts/MainMenuController.ts from cce:/internal/x/prerequisite-imports as file:///Users/zeruili/projects/cocos_project/driftClash/assets/scripts/MainMenuController.ts.
22:45:03.454 debug: Resolve file:///Users/zeruili/projects/cocos_project/driftClash/assets/scripts/PausePanel.ts from cce:/internal/x/prerequisite-imports as file:///Users/zeruili/projects/cocos_project/driftClash/assets/scripts/PausePanel.ts.
22:45:03.454 debug: Resolve file:///Users/zeruili/projects/cocos_project/driftClash/assets/scripts/PlayerInfoUI.ts from cce:/internal/x/prerequisite-imports as file:///Users/zeruili/projects/cocos_project/driftClash/assets/scripts/PlayerInfoUI.ts.
22:45:03.454 debug: Resolve file:///Users/zeruili/projects/cocos_project/driftClash/assets/scripts/PlayerManager.ts from cce:/internal/x/prerequisite-imports as file:///Users/zeruili/projects/cocos_project/driftClash/assets/scripts/PlayerManager.ts.
22:45:03.454 debug: Resolve file:///Users/zeruili/projects/cocos_project/driftClash/assets/scripts/PlayerManagerExample.ts from cce:/internal/x/prerequisite-imports as file:///Users/zeruili/projects/cocos_project/driftClash/assets/scripts/PlayerManagerExample.ts.
22:45:03.454 debug: Resolve file:///Users/zeruili/projects/cocos_project/driftClash/assets/scripts/SelectManager.ts from cce:/internal/x/prerequisite-imports as file:///Users/zeruili/projects/cocos_project/driftClash/assets/scripts/SelectManager.ts.
22:45:03.454 debug: Resolve file:///Users/zeruili/projects/cocos_project/driftClash/assets/scripts/TempData.ts from cce:/internal/x/prerequisite-imports as file:///Users/zeruili/projects/cocos_project/driftClash/assets/scripts/TempData.ts.
22:45:03.454 debug: Resolve file:///Users/zeruili/projects/cocos_project/driftClash/assets/scripts/VehicleDestructionTest.ts from cce:/internal/x/prerequisite-imports as file:///Users/zeruili/projects/cocos_project/driftClash/assets/scripts/VehicleDestructionTest.ts.
22:45:03.454 debug: Resolve file:///Users/zeruili/projects/cocos_project/driftClash/assets/scripts/camera_follow.ts from cce:/internal/x/prerequisite-imports as file:///Users/zeruili/projects/cocos_project/driftClash/assets/scripts/camera_follow.ts.
22:45:03.454 debug: Resolve file:///Users/zeruili/projects/cocos_project/driftClash/assets/scripts/player.ts from cce:/internal/x/prerequisite-imports as file:///Users/zeruili/projects/cocos_project/driftClash/assets/scripts/player.ts.
22:45:03.457 debug: Target(editor) ends with cost 9.311666999999943ms.
22:45:03.457 debug: Target(preview) build started.
22:45:03.458 debug: Detected change: cce:/internal/x/prerequisite-imports. Last mtime: Thu Jan 01 1970 08:00:02 GMT+0800 (中国标准时间), Current mtime: Thu Jan 01 1970 08:00:03 GMT+0800 (中国标准时间)
22:45:03.458 debug: Inspect cce:/internal/x/prerequisite-imports
22:45:03.462 debug: transform url: 'cce:/internal/x/prerequisite-imports' costs: 3.50 ms
22:45:03.462 debug: Resolve file:///Applications/Cocos/Creator/3.8.6/CocosCreator.app/Contents/Resources/resources/3d/engine/editor/assets/default_renderpipeline/builtin-dof-pass.ts from cce:/internal/x/prerequisite-imports as file:///Applications/Cocos/Creator/3.8.6/CocosCreator.app/Contents/Resources/resources/3d/engine/editor/assets/default_renderpipeline/builtin-dof-pass.ts.
22:45:03.462 debug: Resolve file:///Applications/Cocos/Creator/3.8.6/CocosCreator.app/Contents/Resources/resources/3d/engine/editor/assets/default_renderpipeline/builtin-pipeline-pass.ts from cce:/internal/x/prerequisite-imports as file:///Applications/Cocos/Creator/3.8.6/CocosCreator.app/Contents/Resources/resources/3d/engine/editor/assets/default_renderpipeline/builtin-pipeline-pass.ts.
22:45:03.462 debug: Resolve file:///Applications/Cocos/Creator/3.8.6/CocosCreator.app/Contents/Resources/resources/3d/engine/editor/assets/default_renderpipeline/builtin-pipeline-settings.ts from cce:/internal/x/prerequisite-imports as file:///Applications/Cocos/Creator/3.8.6/CocosCreator.app/Contents/Resources/resources/3d/engine/editor/assets/default_renderpipeline/builtin-pipeline-settings.ts.
22:45:03.462 debug: Resolve file:///Applications/Cocos/Creator/3.8.6/CocosCreator.app/Contents/Resources/resources/3d/engine/editor/assets/default_renderpipeline/builtin-pipeline-types.ts from cce:/internal/x/prerequisite-imports as file:///Applications/Cocos/Creator/3.8.6/CocosCreator.app/Contents/Resources/resources/3d/engine/editor/assets/default_renderpipeline/builtin-pipeline-types.ts.
22:45:03.462 debug: Resolve file:///Applications/Cocos/Creator/3.8.6/CocosCreator.app/Contents/Resources/resources/3d/engine/editor/assets/default_renderpipeline/builtin-pipeline.ts from cce:/internal/x/prerequisite-imports as file:///Applications/Cocos/Creator/3.8.6/CocosCreator.app/Contents/Resources/resources/3d/engine/editor/assets/default_renderpipeline/builtin-pipeline.ts.
22:45:03.462 debug: Resolve file:///Applications/Cocos/Creator/3.8.6/CocosCreator.app/Contents/Resources/resources/3d/engine/editor/assets/tools/debug-view-runtime-control.ts from cce:/internal/x/prerequisite-imports as file:///Applications/Cocos/Creator/3.8.6/CocosCreator.app/Contents/Resources/resources/3d/engine/editor/assets/tools/debug-view-runtime-control.ts.
22:45:03.462 debug: Resolve file:///Users/zeruili/projects/cocos_project/driftClash/assets/scripts/AIController.ts from cce:/internal/x/prerequisite-imports as file:///Users/zeruili/projects/cocos_project/driftClash/assets/scripts/AIController.ts.
22:45:03.462 debug: Resolve file:///Users/zeruili/projects/cocos_project/driftClash/assets/scripts/AIPlayer.ts from cce:/internal/x/prerequisite-imports as file:///Users/zeruili/projects/cocos_project/driftClash/assets/scripts/AIPlayer.ts.
22:45:03.462 debug: Resolve file:///Users/zeruili/projects/cocos_project/driftClash/assets/scripts/CarPurchaseTest.ts from cce:/internal/x/prerequisite-imports as file:///Users/zeruili/projects/cocos_project/driftClash/assets/scripts/CarPurchaseTest.ts.
22:45:03.462 debug: Resolve file:///Users/zeruili/projects/cocos_project/driftClash/assets/scripts/GameManager.ts from cce:/internal/x/prerequisite-imports as file:///Users/zeruili/projects/cocos_project/driftClash/assets/scripts/GameManager.ts.
22:45:03.463 debug: Resolve file:///Users/zeruili/projects/cocos_project/driftClash/assets/scripts/GameManagerExample.ts from cce:/internal/x/prerequisite-imports as file:///Users/zeruili/projects/cocos_project/driftClash/assets/scripts/GameManagerExample.ts.
22:45:03.464 debug: Resolve file:///Users/zeruili/projects/cocos_project/driftClash/assets/scripts/GameOverPanel.ts from cce:/internal/x/prerequisite-imports as file:///Users/zeruili/projects/cocos_project/driftClash/assets/scripts/GameOverPanel.ts.
22:45:03.464 debug: Resolve file:///Users/zeruili/projects/cocos_project/driftClash/assets/scripts/HealthBarUI.ts from cce:/internal/x/prerequisite-imports as file:///Users/zeruili/projects/cocos_project/driftClash/assets/scripts/HealthBarUI.ts.
22:45:03.464 debug: Resolve file:///Users/zeruili/projects/cocos_project/driftClash/assets/scripts/LevelGradeTest.ts from cce:/internal/x/prerequisite-imports as file:///Users/zeruili/projects/cocos_project/driftClash/assets/scripts/LevelGradeTest.ts.
22:45:03.464 debug: Resolve file:///Users/zeruili/projects/cocos_project/driftClash/assets/scripts/MainMenuController.ts from cce:/internal/x/prerequisite-imports as file:///Users/zeruili/projects/cocos_project/driftClash/assets/scripts/MainMenuController.ts.
22:45:03.464 debug: Resolve file:///Users/zeruili/projects/cocos_project/driftClash/assets/scripts/PausePanel.ts from cce:/internal/x/prerequisite-imports as file:///Users/zeruili/projects/cocos_project/driftClash/assets/scripts/PausePanel.ts.
22:45:03.464 debug: Resolve file:///Users/zeruili/projects/cocos_project/driftClash/assets/scripts/PlayerInfoUI.ts from cce:/internal/x/prerequisite-imports as file:///Users/zeruili/projects/cocos_project/driftClash/assets/scripts/PlayerInfoUI.ts.
22:45:03.464 debug: Resolve file:///Users/zeruili/projects/cocos_project/driftClash/assets/scripts/PlayerManager.ts from cce:/internal/x/prerequisite-imports as file:///Users/zeruili/projects/cocos_project/driftClash/assets/scripts/PlayerManager.ts.
22:45:03.464 debug: Resolve file:///Users/zeruili/projects/cocos_project/driftClash/assets/scripts/PlayerManagerExample.ts from cce:/internal/x/prerequisite-imports as file:///Users/zeruili/projects/cocos_project/driftClash/assets/scripts/PlayerManagerExample.ts.
22:45:03.464 debug: Resolve file:///Users/zeruili/projects/cocos_project/driftClash/assets/scripts/SelectManager.ts from cce:/internal/x/prerequisite-imports as file:///Users/zeruili/projects/cocos_project/driftClash/assets/scripts/SelectManager.ts.
22:45:03.464 debug: Resolve file:///Users/zeruili/projects/cocos_project/driftClash/assets/scripts/TempData.ts from cce:/internal/x/prerequisite-imports as file:///Users/zeruili/projects/cocos_project/driftClash/assets/scripts/TempData.ts.
22:45:03.464 debug: Resolve file:///Users/zeruili/projects/cocos_project/driftClash/assets/scripts/VehicleDestructionTest.ts from cce:/internal/x/prerequisite-imports as file:///Users/zeruili/projects/cocos_project/driftClash/assets/scripts/VehicleDestructionTest.ts.
22:45:03.464 debug: Resolve file:///Users/zeruili/projects/cocos_project/driftClash/assets/scripts/camera_follow.ts from cce:/internal/x/prerequisite-imports as file:///Users/zeruili/projects/cocos_project/driftClash/assets/scripts/camera_follow.ts.
22:45:03.464 debug: Resolve file:///Users/zeruili/projects/cocos_project/driftClash/assets/scripts/player.ts from cce:/internal/x/prerequisite-imports as file:///Users/zeruili/projects/cocos_project/driftClash/assets/scripts/player.ts.
22:45:03.467 debug: Target(preview) ends with cost 9.373125000000073ms.
