2025-7-26 17:09:50-debug: start **** info
2025-7-26 17:09:50-log: Cannot access game frame or container.
2025-7-26 17:09:50-debug: asset-db:require-engine-code (363ms)
2025-7-26 17:09:50-log: meshopt wasm decoder initialized
2025-7-26 17:09:50-log: [bullet]:bullet wasm lib loaded.
2025-7-26 17:09:50-log: [box2d]:box2d wasm lib loaded.
2025-7-26 17:09:50-log: Cocos Creator v3.8.6
2025-7-26 17:09:50-log: Forward render pipeline initialized.
2025-7-26 17:09:50-debug: [Assets Memory track]: asset-db:worker-init: initEngine start:29.57MB, end 80.08MB, increase: 50.51MB
2025-7-26 17:09:50-debug: [Assets Memory track]: asset-db-plugin-register: programming start:80.86MB, end 88.55MB, increase: 7.69MB
2025-7-26 17:09:51-debug: [Assets Memory track]: asset-db-plugin-register: builder start:88.58MB, end 288.53MB, increase: 199.95MB
2025-7-26 17:09:51-debug: [Assets Memory track]: asset-db-plugin-register: project start:80.74MB, end 289.40MB, increase: 208.66MB
2025-7-26 17:09:51-debug: [Assets Memory track]: asset-db:worker-init: initPlugin start:80.10MB, end 289.79MB, increase: 209.68MB
2025-7-26 17:09:50-log: Using legacy pipeline
2025-7-26 17:09:51-debug: run package(honor-mini-game) handler(enable) start
2025-7-26 17:09:51-debug: run package(huawei-quick-game) handler(enable) start
2025-7-26 17:09:51-debug: run package(huawei-quick-game) handler(enable) success!
2025-7-26 17:09:51-debug: run package(ios) handler(enable) start
2025-7-26 17:09:51-debug: run package(huawei-agc) handler(enable) success!
2025-7-26 17:09:51-debug: run package(huawei-agc) handler(enable) start
2025-7-26 17:09:51-debug: run package(linux) handler(enable) start
2025-7-26 17:09:51-debug: run package(linux) handler(enable) success!
2025-7-26 17:09:51-debug: run package(mac) handler(enable) success!
2025-7-26 17:09:51-debug: run package(migu-mini-game) handler(enable) start
2025-7-26 17:09:51-debug: run package(migu-mini-game) handler(enable) success!
2025-7-26 17:09:51-debug: run package(native) handler(enable) start
2025-7-26 17:09:51-debug: run package(native) handler(enable) success!
2025-7-26 17:09:51-debug: run package(ohos) handler(enable) start
2025-7-26 17:09:51-debug: run package(honor-mini-game) handler(enable) success!
2025-7-26 17:09:51-debug: run package(ohos) handler(enable) success!
2025-7-26 17:09:51-debug: run package(oppo-mini-game) handler(enable) success!
2025-7-26 17:09:51-debug: run package(oppo-mini-game) handler(enable) start
2025-7-26 17:09:51-debug: run package(runtime-dev-tools) handler(enable) start
2025-7-26 17:09:51-debug: run package(mac) handler(enable) start
2025-7-26 17:09:51-debug: run package(taobao-mini-game) handler(enable) success!
2025-7-26 17:09:51-debug: run package(vivo-mini-game) handler(enable) start
2025-7-26 17:09:51-debug: run package(vivo-mini-game) handler(enable) success!
2025-7-26 17:09:51-debug: run package(ios) handler(enable) success!
2025-7-26 17:09:51-debug: run package(web-desktop) handler(enable) start
2025-7-26 17:09:51-debug: run package(web-mobile) handler(enable) start
2025-7-26 17:09:51-debug: run package(web-mobile) handler(enable) success!
2025-7-26 17:09:51-debug: run package(taobao-mini-game) handler(enable) start
2025-7-26 17:09:51-debug: run package(runtime-dev-tools) handler(enable) success!
2025-7-26 17:09:51-debug: run package(wechatprogram) handler(enable) start
2025-7-26 17:09:51-debug: run package(wechatprogram) handler(enable) success!
2025-7-26 17:09:51-debug: run package(windows) handler(enable) start
2025-7-26 17:09:51-debug: run package(wechatgame) handler(enable) success!
2025-7-26 17:09:51-debug: run package(xiaomi-quick-game) handler(enable) start
2025-7-26 17:09:51-debug: run package(web-desktop) handler(enable) success!
2025-7-26 17:09:51-debug: run package(cocos-service) handler(enable) start
2025-7-26 17:09:51-debug: run package(cocos-service) handler(enable) success!
2025-7-26 17:09:51-debug: run package(im-plugin) handler(enable) start
2025-7-26 17:09:51-debug: run package(im-plugin) handler(enable) success!
2025-7-26 17:09:51-debug: run package(fix-asset-default-userdata) handler(enable) start
2025-7-26 17:09:51-debug: run package(fix-asset-default-userdata) handler(enable) success!
2025-7-26 17:09:51-debug: run package(placeholder) handler(enable) start
2025-7-26 17:09:51-debug: run package(windows) handler(enable) success!
2025-7-26 17:09:51-debug: run package(placeholder) handler(enable) success!
2025-7-26 17:09:51-debug: run package(wechatgame) handler(enable) start
2025-7-26 17:09:51-debug: run package(xiaomi-quick-game) handler(enable) success!
2025-7-26 17:09:51-debug: asset-db:worker-init: initPlugin (791ms)
2025-7-26 17:09:51-debug: [Assets Memory track]: asset-db:worker-init start:29.56MB, end 289.17MB, increase: 259.61MB
2025-7-26 17:09:51-debug: Run asset db hook engine-extends:beforePreStart ...
2025-7-26 17:09:51-debug: Run asset db hook engine-extends:beforePreStart success!
2025-7-26 17:09:51-debug: Run asset db hook programming:beforePreStart ...
2025-7-26 17:09:51-debug: Run asset db hook programming:beforePreStart success!
2025-7-26 17:09:51-debug: asset-db:worker-init (1256ms)
2025-7-26 17:09:51-debug: asset-db-hook-programming-beforePreStart (54ms)
2025-7-26 17:09:51-debug: asset-db-hook-engine-extends-beforePreStart (54ms)
2025-7-26 17:09:51-debug: Preimport db internal success
2025-7-26 17:09:51-debug: Preimport db assets success
2025-7-26 17:09:51-debug: Run asset db hook programming:afterPreStart ...
2025-7-26 17:09:51-debug: starting packer-driver...
2025-7-26 17:09:51-debug: initialize scripting environment...
2025-7-26 17:09:51-debug: [[Executor]] prepare before lock
2025-7-26 17:09:51-debug: Set detail map pack:///resolution-detail-map.json: {}
2025-7-26 17:09:51-debug: [[Executor]] prepare after unlock
2025-7-26 17:09:51-debug: [Assets Memory track]: asset-db:worker-init: preStart start:289.18MB, end 293.91MB, increase: 4.73MB
2025-7-26 17:09:51-debug: Start up the 'internal' database...
2025-7-26 17:09:51-debug: Run asset db hook engine-extends:afterPreStart ...
2025-7-26 17:09:51-debug: Run asset db hook engine-extends:afterPreStart success!
2025-7-26 17:09:51-debug: Run asset db hook programming:afterPreStart success!
2025-7-26 17:09:51-debug: asset-db-hook-programming-afterPreStart (268ms)
2025-7-26 17:09:51-debug: asset-db:worker-effect-data-processing (157ms)
2025-7-26 17:09:51-debug: asset-db-hook-engine-extends-afterPreStart (157ms)
2025-7-26 17:09:51-debug: [Assets Memory track]: asset-db:worker-startup-database[internal] start:289.25MB, end 307.43MB, increase: 18.18MB
2025-7-26 17:09:51-debug: Start up the 'assets' database...
2025-7-26 17:09:51-debug: asset-db:worker-startup-database[internal] (391ms)
2025-7-26 17:09:51-debug: [Assets Memory track]: asset-db:worker-init: startup start:294.10MB, end 305.56MB, increase: 11.45MB
2025-7-26 17:09:51-debug: lazy register asset handler text
2025-7-26 17:09:51-debug: lazy register asset handler json
2025-7-26 17:09:51-debug: lazy register asset handler dragonbones
2025-7-26 17:09:51-debug: lazy register asset handler spine-data
2025-7-26 17:09:51-debug: lazy register asset handler terrain
2025-7-26 17:09:51-debug: lazy register asset handler scene
2025-7-26 17:09:51-debug: lazy register asset handler dragonbones-atlas
2025-7-26 17:09:51-debug: lazy register asset handler sprite-frame
2025-7-26 17:09:51-debug: lazy register asset handler tiled-map
2025-7-26 17:09:51-debug: lazy register asset handler prefab
2025-7-26 17:09:51-debug: lazy register asset handler buffer
2025-7-26 17:09:51-debug: lazy register asset handler image
2025-7-26 17:09:51-debug: lazy register asset handler alpha-image
2025-7-26 17:09:51-debug: lazy register asset handler texture
2025-7-26 17:09:51-debug: lazy register asset handler *
2025-7-26 17:09:51-debug: lazy register asset handler sign-image
2025-7-26 17:09:51-debug: lazy register asset handler render-texture
2025-7-26 17:09:51-debug: lazy register asset handler texture-cube-face
2025-7-26 17:09:51-debug: lazy register asset handler rt-sprite-frame
2025-7-26 17:09:51-debug: lazy register asset handler gltf
2025-7-26 17:09:51-debug: lazy register asset handler javascript
2025-7-26 17:09:51-debug: lazy register asset handler gltf-mesh
2025-7-26 17:09:51-debug: lazy register asset handler gltf-animation
2025-7-26 17:09:51-debug: lazy register asset handler gltf-skeleton
2025-7-26 17:09:51-debug: lazy register asset handler gltf-material
2025-7-26 17:09:51-debug: lazy register asset handler gltf-embeded-image
2025-7-26 17:09:51-debug: lazy register asset handler fbx
2025-7-26 17:09:51-debug: lazy register asset handler typescript
2025-7-26 17:09:51-debug: lazy register asset handler gltf-scene
2025-7-26 17:09:51-debug: lazy register asset handler physics-material
2025-7-26 17:09:51-debug: lazy register asset handler effect
2025-7-26 17:09:51-debug: lazy register asset handler material
2025-7-26 17:09:51-debug: lazy register asset handler erp-texture-cube
2025-7-26 17:09:51-debug: lazy register asset handler effect-header
2025-7-26 17:09:51-debug: lazy register asset handler audio-clip
2025-7-26 17:09:51-debug: lazy register asset handler animation-graph-variant
2025-7-26 17:09:51-debug: lazy register asset handler animation-clip
2025-7-26 17:09:51-debug: lazy register asset handler animation-graph
2025-7-26 17:09:51-debug: lazy register asset handler animation-mask
2025-7-26 17:09:51-debug: lazy register asset handler bitmap-font
2025-7-26 17:09:51-debug: lazy register asset handler ttf-font
2025-7-26 17:09:51-debug: lazy register asset handler particle
2025-7-26 17:09:51-debug: lazy register asset handler auto-atlas
2025-7-26 17:09:51-debug: lazy register asset handler label-atlas
2025-7-26 17:09:51-debug: lazy register asset handler render-pipeline
2025-7-26 17:09:51-debug: lazy register asset handler render-flow
2025-7-26 17:09:51-debug: lazy register asset handler sprite-atlas
2025-7-26 17:09:51-debug: lazy register asset handler instantiation-material
2025-7-26 17:09:51-debug: lazy register asset handler instantiation-skeleton
2025-7-26 17:09:51-debug: lazy register asset handler instantiation-animation
2025-7-26 17:09:51-debug: lazy register asset handler render-stage
2025-7-26 17:09:51-debug: lazy register asset handler video-clip
2025-7-26 17:09:51-debug: lazy register asset handler instantiation-mesh
2025-7-26 17:09:51-debug: [Assets Memory track]: asset-db:worker-startup-database[assets] start:292.50MB, end 305.54MB, increase: 13.05MB
2025-7-26 17:09:51-debug: lazy register asset handler texture-cube
2025-7-26 17:09:51-debug: lazy register asset handler directory
2025-7-26 17:09:51-debug: asset-db:worker-startup-database[assets] (347ms)
2025-7-26 17:09:51-debug: asset-db:start-database (419ms)
2025-7-26 17:09:51-debug: asset-db:ready (2789ms)
2025-7-26 17:09:51-debug: fix the bug of updateDefaultUserData
2025-7-26 17:09:51-debug: init worker message success
2025-7-26 17:09:52-debug: [Build Memory track]: builder:worker-init start:311.21MB, end 319.92MB, increase: 8.70MB
2025-7-26 17:09:52-debug: programming:execute-script (4ms)
2025-7-26 17:09:52-debug: builder:worker-init (196ms)
2025-7-26 17:12:14-debug: refresh db internal success
2025-7-26 17:12:14-debug: refresh db assets success
2025-7-26 17:12:14-debug: Run asset db hook engine-extends:afterRefresh ...
2025-7-26 17:12:14-debug: Run asset db hook engine-extends:afterRefresh success!
2025-7-26 17:12:14-debug: asset-db:refresh-all-database (39ms)
2025-7-26 17:12:14-debug: asset-db:worker-effect-data-processing (1ms)
2025-7-26 17:12:14-debug: asset-db-hook-engine-extends-afterRefresh (1ms)
2025-7-26 17:13:44-debug: refresh db internal success
2025-7-26 17:13:44-debug: refresh db assets success
2025-7-26 17:13:44-debug: Run asset db hook engine-extends:afterRefresh ...
2025-7-26 17:13:44-debug: Run asset db hook engine-extends:afterRefresh success!
2025-7-26 17:13:44-debug: asset-db:refresh-all-database (27ms)
2025-7-26 17:13:44-debug: asset-db:worker-effect-data-processing (1ms)
2025-7-26 17:13:44-debug: asset-db-hook-engine-extends-afterRefresh (1ms)
2025-7-26 17:13:48-debug: Query all assets info in project
2025-7-26 17:13:48-debug: init custom config: keepNodeUuid: false, useCache: true
2025-7-26 17:13:48-debug: Skip compress image, progress: 0%
2025-7-26 17:13:48-debug: Init all bundles start..., progress: 0%
2025-7-26 17:13:48-debug: 查询 Asset Bundle start, progress: 0%
2025-7-26 17:13:48-debug: Num of bundles: 3..., progress: 0%
2025-7-26 17:13:48-debug: // ---- build task 查询 Asset Bundle ----
2025-7-26 17:13:48-debug: Init bundle root assets start..., progress: 0%
2025-7-26 17:13:48-debug: Query preload assets/scripts from cc.config.json: 60f7195c-ec2a-45eb-ba94-8955f60e81d0,1c02ae6f-4492-4915-b8f8-7492a3b1e4cd,810e96e4-e456-4468-9b59-f4e8f39732c0,efe8e2a3-eace-427b-b4f1-cb8a937ec77d,e9aa9a3e-5b2b-4ac7-a2c7-073de2b2b24f,8bbdbcdd-5cd4-4100-b6d5-b7c9625b6107,50f4348b-c883-4e2f-8f11-ce233b859fa1,fda095cb-831d-4601-ad94-846013963de8,f92806d7-1768-443f-afe8-12bcde84d0f0,dd3a144d-ab7f-41f0-82b8-2e43a090d496,f0416e68-0200-4b77-a926-4f9d16e494da,970b0598-bcb0-4714-91fb-2e81440dccd8,bcd64cc6-2dd9-43f6-abbe-66318d332032,d930590d-bb92-4cc8-8bd1-23cd027f9edf,a3cd009f-0ab0-420d-9278-b9fdab939bbc,6a2d0734-bd9e-4ddf-946e-caa52498cb75,c27215d8-6835-4b68-bfbb-bdeac6100c04,b5d6115f-0370-4d7c-aad3-c194cc71cf98,871c3b6c-7379-419d-bda3-794b239ab90d,ff9b0199-ce04-4cfe-86cc-6c719f08d6e4,de1c2107-70c8-4021-8459-6399f24d01c6,cbf30902-517f-40dc-af90-a550bac27cf1
2025-7-26 17:13:48-debug:   Number of all scenes: 3
2025-7-26 17:13:48-debug:   Number of other assets: 459
2025-7-26 17:13:48-debug: Init bundle root assets success..., progress: 0%
2025-7-26 17:13:48-debug:   Number of all scripts: 30
2025-7-26 17:13:48-debug: // ---- build task 查询 Asset Bundle ---- (2ms)
2025-7-26 17:13:48-debug: 查询 Asset Bundle start, progress: 5%
2025-7-26 17:13:48-debug: [Build Memory track]: 查询 Asset Bundle start:198.46MB, end 198.46MB, increase: 2.64KB
2025-7-26 17:13:48-debug: // ---- build task 查询 Asset Bundle ----
2025-7-26 17:13:48-log: run build task 查询 Asset Bundle success in 2 ms√, progress: 5%
2025-7-26 17:13:48-debug: // ---- build task 查询 Asset Bundle ---- (1ms)
2025-7-26 17:13:48-debug: // ---- build task 整理部分构建选项内数据到 settings.json ----
2025-7-26 17:13:48-debug: [Build Memory track]: 查询 Asset Bundle start:198.50MB, end 198.61MB, increase: 112.67KB
2025-7-26 17:13:48-debug: 整理部分构建选项内数据到 settings.json start, progress: 10%
2025-7-26 17:13:48-log: run build task 查询 Asset Bundle success in 1 ms√, progress: 10%
2025-7-26 17:13:48-log: run build task 整理部分构建选项内数据到 settings.json success in √, progress: 12%
2025-7-26 17:13:48-debug: [Build Memory track]: 整理部分构建选项内数据到 settings.json start:198.66MB, end 198.68MB, increase: 18.93KB
2025-7-26 17:13:48-debug: 填充脚本数据到 settings.json start, progress: 12%
2025-7-26 17:13:48-debug: // ---- build task 填充脚本数据到 settings.json ----
2025-7-26 17:13:48-log: run build task 填充脚本数据到 settings.json success in √, progress: 13%
2025-7-26 17:13:48-debug: 整理部分构建选项内数据到 settings.json start, progress: 13%
2025-7-26 17:13:48-debug: // ---- build task 整理部分构建选项内数据到 settings.json ----
2025-7-26 17:13:48-debug: [Build Memory track]: 填充脚本数据到 settings.json start:198.72MB, end 198.74MB, increase: 17.78KB
2025-7-26 17:13:48-debug: // ---- build task 整理部分构建选项内数据到 settings.json ---- (1ms)
2025-7-26 17:13:48-log: run build task 整理部分构建选项内数据到 settings.json success in 1 ms√, progress: 15%
2025-7-26 17:13:48-debug: [Build Memory track]: 整理部分构建选项内数据到 settings.json start:198.77MB, end 198.91MB, increase: 143.29KB
2025-7-26 17:13:48-debug: Query all assets info in project
2025-7-26 17:13:48-debug: Query all assets info in project
2025-7-26 17:13:48-debug: Query all assets info in project
2025-7-26 17:13:48-debug: Query all assets info in project
2025-7-26 17:13:48-debug: init custom config: keepNodeUuid: false, useCache: true
2025-7-26 17:13:48-debug: Skip compress image, progress: 0%
2025-7-26 17:13:48-debug: init custom config: keepNodeUuid: false, useCache: true
2025-7-26 17:13:48-debug: Skip compress image, progress: 0%
2025-7-26 17:13:48-debug: Skip compress image, progress: 0%
2025-7-26 17:13:48-debug: Skip compress image, progress: 0%
2025-7-26 17:13:48-debug: init custom config: keepNodeUuid: false, useCache: true
2025-7-26 17:13:48-debug: init custom config: keepNodeUuid: false, useCache: true
2025-7-26 17:13:48-debug: Init all bundles start..., progress: 0%
2025-7-26 17:13:48-debug: Init bundle root assets start..., progress: 0%
2025-7-26 17:13:48-debug: Num of bundles: 3..., progress: 0%
2025-7-26 17:13:48-debug: // ---- build task 查询 Asset Bundle ----
2025-7-26 17:13:48-debug: 查询 Asset Bundle start, progress: 0%
2025-7-26 17:13:48-debug: Init all bundles start..., progress: 0%
2025-7-26 17:13:48-debug: Num of bundles: 3..., progress: 0%
2025-7-26 17:13:48-debug: 查询 Asset Bundle start, progress: 0%
2025-7-26 17:13:48-debug: // ---- build task 查询 Asset Bundle ----
2025-7-26 17:13:48-debug: Init bundle root assets start..., progress: 0%
2025-7-26 17:13:48-debug: Init all bundles start..., progress: 0%
2025-7-26 17:13:48-debug: Init bundle root assets start..., progress: 0%
2025-7-26 17:13:48-debug: Init all bundles start..., progress: 0%
2025-7-26 17:13:48-debug: Num of bundles: 3..., progress: 0%
2025-7-26 17:13:48-debug: Num of bundles: 3..., progress: 0%
2025-7-26 17:13:48-debug: // ---- build task 查询 Asset Bundle ----
2025-7-26 17:13:48-debug: // ---- build task 查询 Asset Bundle ----
2025-7-26 17:13:48-debug: Init bundle root assets start..., progress: 0%
2025-7-26 17:13:48-debug: 查询 Asset Bundle start, progress: 0%
2025-7-26 17:13:48-debug: 查询 Asset Bundle start, progress: 0%
2025-7-26 17:13:48-debug: Query preload assets/scripts from cc.config.json: 60f7195c-ec2a-45eb-ba94-8955f60e81d0,1c02ae6f-4492-4915-b8f8-7492a3b1e4cd,810e96e4-e456-4468-9b59-f4e8f39732c0,efe8e2a3-eace-427b-b4f1-cb8a937ec77d,e9aa9a3e-5b2b-4ac7-a2c7-073de2b2b24f,8bbdbcdd-5cd4-4100-b6d5-b7c9625b6107,50f4348b-c883-4e2f-8f11-ce233b859fa1,fda095cb-831d-4601-ad94-846013963de8,f92806d7-1768-443f-afe8-12bcde84d0f0,dd3a144d-ab7f-41f0-82b8-2e43a090d496,f0416e68-0200-4b77-a926-4f9d16e494da,970b0598-bcb0-4714-91fb-2e81440dccd8,bcd64cc6-2dd9-43f6-abbe-66318d332032,d930590d-bb92-4cc8-8bd1-23cd027f9edf,a3cd009f-0ab0-420d-9278-b9fdab939bbc,6a2d0734-bd9e-4ddf-946e-caa52498cb75,c27215d8-6835-4b68-bfbb-bdeac6100c04,b5d6115f-0370-4d7c-aad3-c194cc71cf98,871c3b6c-7379-419d-bda3-794b239ab90d,ff9b0199-ce04-4cfe-86cc-6c719f08d6e4,de1c2107-70c8-4021-8459-6399f24d01c6,cbf30902-517f-40dc-af90-a550bac27cf1
2025-7-26 17:13:48-debug: Init bundle root assets success..., progress: 0%
2025-7-26 17:13:48-debug:   Number of all scripts: 30
2025-7-26 17:13:48-debug:   Number of other assets: 459
2025-7-26 17:13:48-debug:   Number of all scenes: 3
2025-7-26 17:13:48-debug: // ---- build task 查询 Asset Bundle ---- (2ms)
2025-7-26 17:13:48-debug: 查询 Asset Bundle start, progress: 5%
2025-7-26 17:13:48-debug: // ---- build task 查询 Asset Bundle ----
2025-7-26 17:13:48-log: run build task 查询 Asset Bundle success in 2 ms√, progress: 5%
2025-7-26 17:13:48-debug: [Build Memory track]: 查询 Asset Bundle start:199.17MB, end 199.09MB, increase: -83.25KB
2025-7-26 17:13:48-debug: Query preload assets/scripts from cc.config.json: 60f7195c-ec2a-45eb-ba94-8955f60e81d0,1c02ae6f-4492-4915-b8f8-7492a3b1e4cd,810e96e4-e456-4468-9b59-f4e8f39732c0,efe8e2a3-eace-427b-b4f1-cb8a937ec77d,e9aa9a3e-5b2b-4ac7-a2c7-073de2b2b24f,8bbdbcdd-5cd4-4100-b6d5-b7c9625b6107,50f4348b-c883-4e2f-8f11-ce233b859fa1,fda095cb-831d-4601-ad94-846013963de8,f92806d7-1768-443f-afe8-12bcde84d0f0,dd3a144d-ab7f-41f0-82b8-2e43a090d496,f0416e68-0200-4b77-a926-4f9d16e494da,970b0598-bcb0-4714-91fb-2e81440dccd8,bcd64cc6-2dd9-43f6-abbe-66318d332032,d930590d-bb92-4cc8-8bd1-23cd027f9edf,a3cd009f-0ab0-420d-9278-b9fdab939bbc,6a2d0734-bd9e-4ddf-946e-caa52498cb75,c27215d8-6835-4b68-bfbb-bdeac6100c04,b5d6115f-0370-4d7c-aad3-c194cc71cf98,871c3b6c-7379-419d-bda3-794b239ab90d,ff9b0199-ce04-4cfe-86cc-6c719f08d6e4,de1c2107-70c8-4021-8459-6399f24d01c6,cbf30902-517f-40dc-af90-a550bac27cf1
2025-7-26 17:13:48-debug:   Number of all scenes: 3
2025-7-26 17:13:48-debug:   Number of all scripts: 30
2025-7-26 17:13:48-debug: Init bundle root assets success..., progress: 0%
2025-7-26 17:13:48-debug:   Number of other assets: 459
2025-7-26 17:13:48-debug: Query preload assets/scripts from cc.config.json: 60f7195c-ec2a-45eb-ba94-8955f60e81d0,1c02ae6f-4492-4915-b8f8-7492a3b1e4cd,810e96e4-e456-4468-9b59-f4e8f39732c0,efe8e2a3-eace-427b-b4f1-cb8a937ec77d,e9aa9a3e-5b2b-4ac7-a2c7-073de2b2b24f,8bbdbcdd-5cd4-4100-b6d5-b7c9625b6107,50f4348b-c883-4e2f-8f11-ce233b859fa1,fda095cb-831d-4601-ad94-846013963de8,f92806d7-1768-443f-afe8-12bcde84d0f0,dd3a144d-ab7f-41f0-82b8-2e43a090d496,f0416e68-0200-4b77-a926-4f9d16e494da,970b0598-bcb0-4714-91fb-2e81440dccd8,bcd64cc6-2dd9-43f6-abbe-66318d332032,d930590d-bb92-4cc8-8bd1-23cd027f9edf,a3cd009f-0ab0-420d-9278-b9fdab939bbc,6a2d0734-bd9e-4ddf-946e-caa52498cb75,c27215d8-6835-4b68-bfbb-bdeac6100c04,b5d6115f-0370-4d7c-aad3-c194cc71cf98,871c3b6c-7379-419d-bda3-794b239ab90d,ff9b0199-ce04-4cfe-86cc-6c719f08d6e4,de1c2107-70c8-4021-8459-6399f24d01c6,cbf30902-517f-40dc-af90-a550bac27cf1
2025-7-26 17:13:48-debug:   Number of other assets: 459
2025-7-26 17:13:48-debug: Init bundle root assets success..., progress: 0%
2025-7-26 17:13:48-log: run build task 查询 Asset Bundle success in 1 ms√, progress: 5%
2025-7-26 17:13:48-debug: [Build Memory track]: 查询 Asset Bundle start:199.12MB, end 198.98MB, increase: -142.43KB
2025-7-26 17:13:48-debug: 查询 Asset Bundle start, progress: 5%
2025-7-26 17:13:48-debug: // ---- build task 查询 Asset Bundle ----
2025-7-26 17:13:48-debug:   Number of all scripts: 30
2025-7-26 17:13:48-debug:   Number of all scenes: 3
2025-7-26 17:13:48-debug: // ---- build task 查询 Asset Bundle ---- (1ms)
2025-7-26 17:13:48-debug: Query preload assets/scripts from cc.config.json: 60f7195c-ec2a-45eb-ba94-8955f60e81d0,1c02ae6f-4492-4915-b8f8-7492a3b1e4cd,810e96e4-e456-4468-9b59-f4e8f39732c0,efe8e2a3-eace-427b-b4f1-cb8a937ec77d,e9aa9a3e-5b2b-4ac7-a2c7-073de2b2b24f,8bbdbcdd-5cd4-4100-b6d5-b7c9625b6107,50f4348b-c883-4e2f-8f11-ce233b859fa1,fda095cb-831d-4601-ad94-846013963de8,f92806d7-1768-443f-afe8-12bcde84d0f0,dd3a144d-ab7f-41f0-82b8-2e43a090d496,f0416e68-0200-4b77-a926-4f9d16e494da,970b0598-bcb0-4714-91fb-2e81440dccd8,bcd64cc6-2dd9-43f6-abbe-66318d332032,d930590d-bb92-4cc8-8bd1-23cd027f9edf,a3cd009f-0ab0-420d-9278-b9fdab939bbc,6a2d0734-bd9e-4ddf-946e-caa52498cb75,c27215d8-6835-4b68-bfbb-bdeac6100c04,b5d6115f-0370-4d7c-aad3-c194cc71cf98,871c3b6c-7379-419d-bda3-794b239ab90d,ff9b0199-ce04-4cfe-86cc-6c719f08d6e4,de1c2107-70c8-4021-8459-6399f24d01c6,cbf30902-517f-40dc-af90-a550bac27cf1
2025-7-26 17:13:48-debug:   Number of other assets: 459
2025-7-26 17:13:48-debug:   Number of all scripts: 30
2025-7-26 17:13:48-debug: Init bundle root assets success..., progress: 0%
2025-7-26 17:13:48-debug: 查询 Asset Bundle start, progress: 5%
2025-7-26 17:13:48-debug: // ---- build task 查询 Asset Bundle ----
2025-7-26 17:13:48-log: run build task 查询 Asset Bundle success in √, progress: 5%
2025-7-26 17:13:48-debug: [Build Memory track]: 查询 Asset Bundle start:199.02MB, end 199.75MB, increase: 750.16KB
2025-7-26 17:13:48-debug:   Number of all scenes: 3
2025-7-26 17:13:48-log: run build task 查询 Asset Bundle success in √, progress: 5%
2025-7-26 17:13:48-debug: 查询 Asset Bundle start, progress: 5%
2025-7-26 17:13:48-debug: [Build Memory track]: 查询 Asset Bundle start:200.14MB, end 199.06MB, increase: -1103.05KB
2025-7-26 17:13:48-debug: // ---- build task 查询 Asset Bundle ----
2025-7-26 17:13:48-log: run build task 查询 Asset Bundle success in √, progress: 10%
2025-7-26 17:13:48-debug: // ---- build task 整理部分构建选项内数据到 settings.json ----
2025-7-26 17:13:48-debug: [Build Memory track]: 查询 Asset Bundle start:199.09MB, end 199.18MB, increase: 94.70KB
2025-7-26 17:13:48-debug: 整理部分构建选项内数据到 settings.json start, progress: 10%
2025-7-26 17:13:48-debug: [Build Memory track]: 整理部分构建选项内数据到 settings.json start:199.22MB, end 199.39MB, increase: 174.63KB
2025-7-26 17:13:48-log: run build task 整理部分构建选项内数据到 settings.json success in √, progress: 12%
2025-7-26 17:13:48-log: run build task 查询 Asset Bundle success in √, progress: 10%
2025-7-26 17:13:48-debug: 整理部分构建选项内数据到 settings.json start, progress: 10%
2025-7-26 17:13:48-debug: // ---- build task 整理部分构建选项内数据到 settings.json ----
2025-7-26 17:13:48-debug: 填充脚本数据到 settings.json start, progress: 12%
2025-7-26 17:13:48-debug: // ---- build task 填充脚本数据到 settings.json ----
2025-7-26 17:13:48-debug: // ---- build task 填充脚本数据到 settings.json ---- (1ms)
2025-7-26 17:13:48-debug: [Build Memory track]: 填充脚本数据到 settings.json start:199.42MB, end 199.50MB, increase: 85.71KB
2025-7-26 17:13:48-debug: 整理部分构建选项内数据到 settings.json start, progress: 13%
2025-7-26 17:13:48-debug: // ---- build task 整理部分构建选项内数据到 settings.json ----
2025-7-26 17:13:48-log: run build task 填充脚本数据到 settings.json success in 1 ms√, progress: 13%
2025-7-26 17:13:48-log: run build task 查询 Asset Bundle success in √, progress: 10%
2025-7-26 17:13:48-debug: // ---- build task 整理部分构建选项内数据到 settings.json ----
2025-7-26 17:13:48-debug: // ---- build task 整理部分构建选项内数据到 settings.json ----
2025-7-26 17:13:48-debug: 整理部分构建选项内数据到 settings.json start, progress: 10%
2025-7-26 17:13:48-log: run build task 整理部分构建选项内数据到 settings.json success in √, progress: 12%
2025-7-26 17:13:48-debug: 填充脚本数据到 settings.json start, progress: 12%
2025-7-26 17:13:48-debug: // ---- build task 填充脚本数据到 settings.json ----
2025-7-26 17:13:48-debug: 整理部分构建选项内数据到 settings.json start, progress: 10%
2025-7-26 17:13:48-log: run build task 查询 Asset Bundle success in √, progress: 10%
2025-7-26 17:13:48-debug: [Build Memory track]: 整理部分构建选项内数据到 settings.json start:199.61MB, end 199.63MB, increase: 14.69KB
2025-7-26 17:13:48-log: run build task 整理部分构建选项内数据到 settings.json success in √, progress: 12%
2025-7-26 17:13:48-debug: 填充脚本数据到 settings.json start, progress: 12%
2025-7-26 17:13:48-debug: // ---- build task 填充脚本数据到 settings.json ----
2025-7-26 17:13:48-log: run build task 整理部分构建选项内数据到 settings.json success in √, progress: 12%
2025-7-26 17:13:48-debug: [Build Memory track]: 填充脚本数据到 settings.json start:199.75MB, end 199.76MB, increase: 13.98KB
2025-7-26 17:13:48-debug: 整理部分构建选项内数据到 settings.json start, progress: 13%
2025-7-26 17:13:48-debug: // ---- build task 填充脚本数据到 settings.json ----
2025-7-26 17:13:48-debug: // ---- build task 整理部分构建选项内数据到 settings.json ----
2025-7-26 17:13:48-log: run build task 填充脚本数据到 settings.json success in √, progress: 13%
2025-7-26 17:13:48-debug: 填充脚本数据到 settings.json start, progress: 12%
2025-7-26 17:13:48-log: run build task 填充脚本数据到 settings.json success in √, progress: 13%
2025-7-26 17:13:48-debug: 整理部分构建选项内数据到 settings.json start, progress: 13%
2025-7-26 17:13:48-debug: // ---- build task 整理部分构建选项内数据到 settings.json ----
2025-7-26 17:13:48-debug: // ---- build task 填充脚本数据到 settings.json ---- (1ms)
2025-7-26 17:13:48-log: run build task 填充脚本数据到 settings.json success in 1 ms√, progress: 13%
2025-7-26 17:13:48-debug: 整理部分构建选项内数据到 settings.json start, progress: 13%
2025-7-26 17:13:48-debug: // ---- build task 整理部分构建选项内数据到 settings.json ----
2025-7-26 17:13:48-log: run build task 整理部分构建选项内数据到 settings.json success in √, progress: 15%
2025-7-26 17:13:48-debug: [Build Memory track]: 整理部分构建选项内数据到 settings.json start:199.14MB, end 199.35MB, increase: 221.94KB
2025-7-26 17:13:48-log: run build task 整理部分构建选项内数据到 settings.json success in √, progress: 15%
2025-7-26 17:13:48-log: run build task 整理部分构建选项内数据到 settings.json success in √, progress: 15%
2025-7-26 17:13:48-log: run build task 整理部分构建选项内数据到 settings.json success in √, progress: 15%
2025-7-27 08:45:18-debug: refresh db internal success
2025-7-27 08:45:18-debug: refresh db assets success
2025-7-27 08:45:18-debug: Run asset db hook engine-extends:afterRefresh ...
2025-7-27 08:45:18-debug: Run asset db hook engine-extends:afterRefresh success!
2025-7-27 08:45:18-debug: asset-db:refresh-all-database (53ms)
2025-7-27 08:45:18-debug: asset-db:worker-effect-data-processing (1ms)
2025-7-27 08:45:18-debug: asset-db-hook-engine-extends-afterRefresh (1ms)
2025-7-27 08:45:26-debug: refresh db internal success
2025-7-27 08:45:26-debug: refresh db assets success
2025-7-27 08:45:26-debug: Run asset db hook engine-extends:afterRefresh ...
2025-7-27 08:45:26-debug: Run asset db hook engine-extends:afterRefresh success!
2025-7-27 08:45:26-debug: asset-db:refresh-all-database (32ms)
2025-7-27 08:45:26-debug: asset-db-hook-engine-extends-afterRefresh (1ms)
2025-7-27 08:45:26-debug: asset-db:worker-effect-data-processing (1ms)
2025-7-27 08:45:27-debug: Query all assets info in project
2025-7-27 08:45:27-debug: init custom config: keepNodeUuid: false, useCache: true
2025-7-27 08:45:27-debug: Skip compress image, progress: 0%
2025-7-27 08:45:27-debug: Init all bundles start..., progress: 0%
2025-7-27 08:45:27-debug: 查询 Asset Bundle start, progress: 0%
2025-7-27 08:45:27-debug: Num of bundles: 3..., progress: 0%
2025-7-27 08:45:27-debug: // ---- build task 查询 Asset Bundle ----
2025-7-27 08:45:27-debug: Init bundle root assets start..., progress: 0%
2025-7-27 08:45:27-debug: Query preload assets/scripts from cc.config.json: 60f7195c-ec2a-45eb-ba94-8955f60e81d0,1c02ae6f-4492-4915-b8f8-7492a3b1e4cd,810e96e4-e456-4468-9b59-f4e8f39732c0,efe8e2a3-eace-427b-b4f1-cb8a937ec77d,e9aa9a3e-5b2b-4ac7-a2c7-073de2b2b24f,8bbdbcdd-5cd4-4100-b6d5-b7c9625b6107,50f4348b-c883-4e2f-8f11-ce233b859fa1,fda095cb-831d-4601-ad94-846013963de8,f92806d7-1768-443f-afe8-12bcde84d0f0,dd3a144d-ab7f-41f0-82b8-2e43a090d496,f0416e68-0200-4b77-a926-4f9d16e494da,970b0598-bcb0-4714-91fb-2e81440dccd8,bcd64cc6-2dd9-43f6-abbe-66318d332032,d930590d-bb92-4cc8-8bd1-23cd027f9edf,a3cd009f-0ab0-420d-9278-b9fdab939bbc,6a2d0734-bd9e-4ddf-946e-caa52498cb75,c27215d8-6835-4b68-bfbb-bdeac6100c04,b5d6115f-0370-4d7c-aad3-c194cc71cf98,871c3b6c-7379-419d-bda3-794b239ab90d,ff9b0199-ce04-4cfe-86cc-6c719f08d6e4,de1c2107-70c8-4021-8459-6399f24d01c6,cbf30902-517f-40dc-af90-a550bac27cf1
2025-7-27 08:45:27-debug:   Number of all scenes: 3
2025-7-27 08:45:27-debug:   Number of all scripts: 30
2025-7-27 08:45:27-debug:   Number of other assets: 459
2025-7-27 08:45:27-debug: Init bundle root assets success..., progress: 0%
2025-7-27 08:45:27-debug: // ---- build task 查询 Asset Bundle ---- (1ms)
2025-7-27 08:45:27-log: run build task 查询 Asset Bundle success in 1 ms√, progress: 5%
2025-7-27 08:45:27-debug: // ---- build task 查询 Asset Bundle ----
2025-7-27 08:45:27-debug: 查询 Asset Bundle start, progress: 5%
2025-7-27 08:45:27-debug: [Build Memory track]: 查询 Asset Bundle start:202.01MB, end 201.90MB, increase: -119.46KB
2025-7-27 08:45:27-debug: // ---- build task 查询 Asset Bundle ---- (1ms)
2025-7-27 08:45:27-debug: 整理部分构建选项内数据到 settings.json start, progress: 10%
2025-7-27 08:45:27-debug: // ---- build task 整理部分构建选项内数据到 settings.json ----
2025-7-27 08:45:27-log: run build task 查询 Asset Bundle success in 1 ms√, progress: 10%
2025-7-27 08:45:27-debug: [Build Memory track]: 查询 Asset Bundle start:201.93MB, end 202.03MB, increase: 106.70KB
2025-7-27 08:45:27-log: run build task 整理部分构建选项内数据到 settings.json success in √, progress: 12%
2025-7-27 08:45:27-debug: 填充脚本数据到 settings.json start, progress: 12%
2025-7-27 08:45:27-debug: // ---- build task 填充脚本数据到 settings.json ----
2025-7-27 08:45:27-debug: [Build Memory track]: 整理部分构建选项内数据到 settings.json start:202.06MB, end 202.08MB, increase: 18.59KB
2025-7-27 08:45:27-debug: [Build Memory track]: 填充脚本数据到 settings.json start:202.11MB, end 202.13MB, increase: 17.72KB
2025-7-27 08:45:27-log: run build task 填充脚本数据到 settings.json success in √, progress: 13%
2025-7-27 08:45:27-debug: 整理部分构建选项内数据到 settings.json start, progress: 13%
2025-7-27 08:45:27-debug: // ---- build task 整理部分构建选项内数据到 settings.json ----
2025-7-27 08:45:27-debug: // ---- build task 整理部分构建选项内数据到 settings.json ---- (2ms)
2025-7-27 08:45:27-debug: [Build Memory track]: 整理部分构建选项内数据到 settings.json start:202.16MB, end 202.30MB, increase: 141.99KB
2025-7-27 08:45:27-log: run build task 整理部分构建选项内数据到 settings.json success in 2 ms√, progress: 15%
2025-7-27 08:45:47-debug: refresh db internal success
2025-7-27 08:45:47-debug: refresh db assets success
2025-7-27 08:45:47-debug: Run asset db hook engine-extends:afterRefresh ...
2025-7-27 08:45:47-debug: Run asset db hook engine-extends:afterRefresh success!
2025-7-27 08:45:47-debug: asset-db:refresh-all-database (25ms)
2025-7-27 08:45:47-debug: asset-db:worker-effect-data-processing (1ms)
2025-7-27 08:45:47-debug: asset-db-hook-engine-extends-afterRefresh (1ms)
2025-7-27 17:28:48-debug: refresh db internal success
2025-7-27 17:28:48-debug: refresh db assets success
2025-7-27 17:28:48-debug: Run asset db hook engine-extends:afterRefresh success!
2025-7-27 17:28:48-debug: Run asset db hook engine-extends:afterRefresh ...
2025-7-27 17:28:48-debug: asset-db:refresh-all-database (49ms)
2025-7-27 17:28:48-debug: asset-db:worker-effect-data-processing (1ms)
2025-7-27 17:28:48-debug: asset-db-hook-engine-extends-afterRefresh (1ms)
2025-7-27 17:28:52-debug: Query all assets info in project
2025-7-27 17:28:52-debug: init custom config: keepNodeUuid: false, useCache: true
2025-7-27 17:28:52-debug: Skip compress image, progress: 0%
2025-7-27 17:28:52-debug: Init all bundles start..., progress: 0%
2025-7-27 17:28:52-debug: Num of bundles: 3..., progress: 0%
2025-7-27 17:28:52-debug: 查询 Asset Bundle start, progress: 0%
2025-7-27 17:28:52-debug: // ---- build task 查询 Asset Bundle ----
2025-7-27 17:28:52-debug: Init bundle root assets start..., progress: 0%
2025-7-27 17:28:52-debug: Query preload assets/scripts from cc.config.json: 60f7195c-ec2a-45eb-ba94-8955f60e81d0,1c02ae6f-4492-4915-b8f8-7492a3b1e4cd,810e96e4-e456-4468-9b59-f4e8f39732c0,efe8e2a3-eace-427b-b4f1-cb8a937ec77d,e9aa9a3e-5b2b-4ac7-a2c7-073de2b2b24f,8bbdbcdd-5cd4-4100-b6d5-b7c9625b6107,50f4348b-c883-4e2f-8f11-ce233b859fa1,fda095cb-831d-4601-ad94-846013963de8,f92806d7-1768-443f-afe8-12bcde84d0f0,dd3a144d-ab7f-41f0-82b8-2e43a090d496,f0416e68-0200-4b77-a926-4f9d16e494da,970b0598-bcb0-4714-91fb-2e81440dccd8,bcd64cc6-2dd9-43f6-abbe-66318d332032,d930590d-bb92-4cc8-8bd1-23cd027f9edf,a3cd009f-0ab0-420d-9278-b9fdab939bbc,6a2d0734-bd9e-4ddf-946e-caa52498cb75,c27215d8-6835-4b68-bfbb-bdeac6100c04,b5d6115f-0370-4d7c-aad3-c194cc71cf98,871c3b6c-7379-419d-bda3-794b239ab90d,ff9b0199-ce04-4cfe-86cc-6c719f08d6e4,de1c2107-70c8-4021-8459-6399f24d01c6,cbf30902-517f-40dc-af90-a550bac27cf1
2025-7-27 17:28:52-debug:   Number of all scenes: 3
2025-7-27 17:28:52-debug:   Number of other assets: 459
2025-7-27 17:28:52-debug: Init bundle root assets success..., progress: 0%
2025-7-27 17:28:52-debug:   Number of all scripts: 30
2025-7-27 17:28:52-debug: // ---- build task 查询 Asset Bundle ---- (2ms)
2025-7-27 17:28:52-debug: [Build Memory track]: 查询 Asset Bundle start:203.70MB, end 203.53MB, increase: -177.15KB
2025-7-27 17:28:52-debug: 查询 Asset Bundle start, progress: 5%
2025-7-27 17:28:52-debug: // ---- build task 查询 Asset Bundle ----
2025-7-27 17:28:52-log: run build task 查询 Asset Bundle success in 2 ms√, progress: 5%
2025-7-27 17:28:52-debug: // ---- build task 查询 Asset Bundle ---- (1ms)
2025-7-27 17:28:52-log: run build task 查询 Asset Bundle success in 1 ms√, progress: 10%
2025-7-27 17:28:52-debug: [Build Memory track]: 查询 Asset Bundle start:203.56MB, end 203.66MB, increase: 108.43KB
2025-7-27 17:28:52-debug: // ---- build task 整理部分构建选项内数据到 settings.json ----
2025-7-27 17:28:52-debug: 整理部分构建选项内数据到 settings.json start, progress: 10%
2025-7-27 17:28:52-log: run build task 整理部分构建选项内数据到 settings.json success in √, progress: 12%
2025-7-27 17:28:52-debug: [Build Memory track]: 整理部分构建选项内数据到 settings.json start:203.70MB, end 203.71MB, increase: 19.20KB
2025-7-27 17:28:52-debug: 填充脚本数据到 settings.json start, progress: 12%
2025-7-27 17:28:52-debug: // ---- build task 填充脚本数据到 settings.json ----
2025-7-27 17:28:52-log: run build task 填充脚本数据到 settings.json success in √, progress: 13%
2025-7-27 17:28:52-debug: [Build Memory track]: 填充脚本数据到 settings.json start:203.75MB, end 203.77MB, increase: 21.49KB
2025-7-27 17:28:52-debug: 整理部分构建选项内数据到 settings.json start, progress: 13%
2025-7-27 17:28:52-debug: // ---- build task 整理部分构建选项内数据到 settings.json ----
2025-7-27 17:28:52-debug: // ---- build task 整理部分构建选项内数据到 settings.json ---- (1ms)
2025-7-27 17:28:52-log: run build task 整理部分构建选项内数据到 settings.json success in 1 ms√, progress: 15%
2025-7-27 17:28:52-debug: [Build Memory track]: 整理部分构建选项内数据到 settings.json start:203.80MB, end 203.94MB, increase: 141.97KB
