2025-8-21 20:34:32-debug: start **** info
2025-8-21 20:34:32-log: Cannot access game frame or container.
2025-8-21 20:34:34-debug: asset-db:require-engine-code (1737ms)
2025-8-21 20:34:34-log: meshopt wasm decoder initialized
2025-8-21 20:34:34-log: [box2d]:box2d wasm lib loaded.
2025-8-21 20:34:34-log: [bullet]:bullet wasm lib loaded.
2025-8-21 20:34:34-log: Cocos Creator v3.8.6
2025-8-21 20:34:34-debug: [Assets Memory track]: asset-db-plugin-register: programming start:119.66MB, end 127.41MB, increase: 7.75MB
2025-8-21 20:34:35-debug: [Assets Memory track]: asset-db-plugin-register: builder start:127.44MB, end 199.82MB, increase: 72.39MB
2025-8-21 20:34:34-log: Forward render pipeline initialized.
2025-8-21 20:34:35-debug: [Assets Memory track]: asset-db:worker-init: initPlugin start:119.17MB, end 197.43MB, increase: 78.25MB
2025-8-21 20:34:34-debug: [Assets Memory track]: asset-db:worker-init: initEngine start:29.59MB, end 118.82MB, increase: 89.23MB
2025-8-21 20:34:35-debug: [Assets Memory track]: asset-db-plugin-register: project start:119.54MB, end 197.40MB, increase: 77.85MB
2025-8-21 20:34:34-log: Using legacy pipeline
2025-8-21 20:34:35-debug: asset-db:worker-init: initPlugin (1048ms)
2025-8-21 20:34:35-debug: [Assets Memory track]: asset-db:worker-init start:29.58MB, end 197.53MB, increase: 167.95MB
2025-8-21 20:34:35-debug: Run asset db hook engine-extends:beforePreStart success!
2025-8-21 20:34:35-debug: Run asset db hook programming:beforePreStart success!
2025-8-21 20:34:35-debug: Run asset db hook engine-extends:beforePreStart ...
2025-8-21 20:34:35-debug: Run asset db hook programming:beforePreStart ...
2025-8-21 20:34:35-debug: asset-db:worker-init (2861ms)
2025-8-21 20:34:35-debug: asset-db-hook-programming-beforePreStart (35ms)
2025-8-21 20:34:35-debug: asset-db-hook-engine-extends-beforePreStart (35ms)
2025-8-21 20:34:35-debug: Preimport db internal success
2025-8-21 20:34:35-debug: %cImport%c: /Users/zeruili/projects/cocos_project/SuperSplash/assets/scriptsbackground: #aaff85; color: #000;color: #000;
2025-8-21 20:34:35-debug: %cImport%c: /Users/zeruili/projects/cocos_project/SuperSplash/assets/scripts/Bullet.tsbackground: #aaff85; color: #000;color: #000;
2025-8-21 20:34:35-debug: %cImport%c: /Users/zeruili/projects/cocos_project/SuperSplash/assets/scripts/GameManager.tsbackground: #aaff85; color: #000;color: #000;
2025-8-21 20:34:35-debug: %cImport%c: /Users/zeruili/projects/cocos_project/SuperSplash/assets/scripts/SelectManager.tsbackground: #aaff85; color: #000;color: #000;
2025-8-21 20:34:35-debug: Preimport db assets success
2025-8-21 20:34:35-debug: Run asset db hook programming:afterPreStart ...
2025-8-21 20:34:35-debug: starting packer-driver...
2025-8-21 20:34:35-debug: initialize scripting environment...
2025-8-21 20:34:35-debug: [[Executor]] prepare before lock
2025-8-21 20:34:35-debug: Set detail map pack:///resolution-detail-map.json: {}
2025-8-21 20:34:35-debug: [[Executor]] prepare after unlock
2025-8-21 20:34:35-debug: [Assets Memory track]: asset-db:worker-init: preStart start:197.54MB, end 202.59MB, increase: 5.04MB
2025-8-21 20:34:35-debug: Start up the 'internal' database...
2025-8-21 20:34:35-debug: Run asset db hook engine-extends:afterPreStart success!
2025-8-21 20:34:35-debug: Run asset db hook programming:afterPreStart success!
2025-8-21 20:34:35-debug: Run asset db hook engine-extends:afterPreStart ...
2025-8-21 20:34:36-debug: asset-db-hook-programming-afterPreStart (411ms)
2025-8-21 20:34:36-debug: asset-db:worker-effect-data-processing (134ms)
2025-8-21 20:34:36-debug: asset-db-hook-engine-extends-afterPreStart (134ms)
2025-8-21 20:34:36-debug: [Assets Memory track]: asset-db:worker-startup-database[internal] start:197.62MB, end 213.24MB, increase: 15.62MB
2025-8-21 20:34:36-debug: Start up the 'assets' database...
2025-8-21 20:34:36-debug: asset-db:worker-startup-database[internal] (530ms)
2025-8-21 20:34:36-debug: [Assets Memory track]: asset-db:worker-startup-database[assets] start:200.48MB, end 211.93MB, increase: 11.44MB
2025-8-21 20:34:36-debug: lazy register asset handler text
2025-8-21 20:34:36-debug: lazy register asset handler spine-data
2025-8-21 20:34:36-debug: lazy register asset handler json
2025-8-21 20:34:36-debug: lazy register asset handler dragonbones
2025-8-21 20:34:36-debug: lazy register asset handler dragonbones-atlas
2025-8-21 20:34:36-debug: lazy register asset handler terrain
2025-8-21 20:34:36-debug: lazy register asset handler javascript
2025-8-21 20:34:36-debug: lazy register asset handler typescript
2025-8-21 20:34:36-debug: lazy register asset handler *
2025-8-21 20:34:36-debug: lazy register asset handler prefab
2025-8-21 20:34:36-debug: lazy register asset handler sprite-frame
2025-8-21 20:34:36-debug: lazy register asset handler tiled-map
2025-8-21 20:34:36-debug: lazy register asset handler buffer
2025-8-21 20:34:36-debug: lazy register asset handler image
2025-8-21 20:34:36-debug: lazy register asset handler directory
2025-8-21 20:34:36-debug: lazy register asset handler alpha-image
2025-8-21 20:34:36-debug: lazy register asset handler texture
2025-8-21 20:34:36-debug: [Assets Memory track]: asset-db:worker-init: startup start:202.97MB, end 211.94MB, increase: 8.97MB
2025-8-21 20:34:36-debug: lazy register asset handler erp-texture-cube
2025-8-21 20:34:36-debug: lazy register asset handler render-texture
2025-8-21 20:34:36-debug: lazy register asset handler texture-cube-face
2025-8-21 20:34:36-debug: lazy register asset handler rt-sprite-frame
2025-8-21 20:34:36-debug: lazy register asset handler gltf
2025-8-21 20:34:36-debug: lazy register asset handler gltf-mesh
2025-8-21 20:34:36-debug: lazy register asset handler gltf-animation
2025-8-21 20:34:36-debug: lazy register asset handler gltf-skeleton
2025-8-21 20:34:36-debug: lazy register asset handler gltf-material
2025-8-21 20:34:36-debug: lazy register asset handler gltf-scene
2025-8-21 20:34:36-debug: lazy register asset handler gltf-embeded-image
2025-8-21 20:34:36-debug: lazy register asset handler fbx
2025-8-21 20:34:36-debug: lazy register asset handler material
2025-8-21 20:34:36-debug: lazy register asset handler physics-material
2025-8-21 20:34:36-debug: lazy register asset handler effect
2025-8-21 20:34:36-debug: lazy register asset handler effect-header
2025-8-21 20:34:36-debug: lazy register asset handler audio-clip
2025-8-21 20:34:36-debug: lazy register asset handler animation-clip
2025-8-21 20:34:36-debug: lazy register asset handler animation-graph
2025-8-21 20:34:36-debug: lazy register asset handler animation-graph-variant
2025-8-21 20:34:36-debug: lazy register asset handler animation-mask
2025-8-21 20:34:36-debug: lazy register asset handler bitmap-font
2025-8-21 20:34:36-debug: lazy register asset handler scene
2025-8-21 20:34:36-debug: lazy register asset handler sign-image
2025-8-21 20:34:36-debug: lazy register asset handler particle
2025-8-21 20:34:36-debug: lazy register asset handler auto-atlas
2025-8-21 20:34:36-debug: lazy register asset handler label-atlas
2025-8-21 20:34:36-debug: lazy register asset handler texture-cube
2025-8-21 20:34:36-debug: lazy register asset handler render-pipeline
2025-8-21 20:34:36-debug: lazy register asset handler render-stage
2025-8-21 20:34:36-debug: lazy register asset handler ttf-font
2025-8-21 20:34:36-debug: lazy register asset handler render-flow
2025-8-21 20:34:36-debug: lazy register asset handler instantiation-material
2025-8-21 20:34:36-debug: lazy register asset handler instantiation-animation
2025-8-21 20:34:36-debug: lazy register asset handler sprite-atlas
2025-8-21 20:34:36-debug: lazy register asset handler instantiation-mesh
2025-8-21 20:34:36-debug: lazy register asset handler instantiation-skeleton
2025-8-21 20:34:36-debug: lazy register asset handler video-clip
2025-8-21 20:34:36-debug: asset-db:worker-startup-database[assets] (503ms)
2025-8-21 20:34:36-debug: asset-db:start-database (554ms)
2025-8-21 20:34:36-debug: asset-db:ready (4542ms)
2025-8-21 20:34:36-debug: fix the bug of updateDefaultUserData
2025-8-21 20:34:36-debug: init worker message success
2025-8-21 20:34:36-debug: programming:execute-script (3ms)
2025-8-21 20:34:36-debug: [Build Memory track]: builder:worker-init start:215.01MB, end 226.82MB, increase: 11.81MB
2025-8-21 20:34:36-debug: builder:worker-init (196ms)
2025-8-21 20:34:45-debug: Query all assets info in project
2025-8-21 20:34:45-debug: init custom config: keepNodeUuid: false, useCache: true
2025-8-21 20:34:45-debug: Skip compress image, progress: 0%
2025-8-21 20:34:45-debug: Init all bundles start..., progress: 0%
2025-8-21 20:34:45-debug: Num of bundles: 3..., progress: 0%
2025-8-21 20:34:45-debug: 查询 Asset Bundle start, progress: 0%
2025-8-21 20:34:45-debug: // ---- build task 查询 Asset Bundle ----
2025-8-21 20:34:45-debug: Init bundle root assets start..., progress: 0%
2025-8-21 20:34:45-debug: Query preload assets/scripts from cc.config.json: 60f7195c-ec2a-45eb-ba94-8955f60e81d0,1c02ae6f-4492-4915-b8f8-7492a3b1e4cd,810e96e4-e456-4468-9b59-f4e8f39732c0,efe8e2a3-eace-427b-b4f1-cb8a937ec77d,e9aa9a3e-5b2b-4ac7-a2c7-073de2b2b24f,8bbdbcdd-5cd4-4100-b6d5-b7c9625b6107,50f4348b-c883-4e2f-8f11-ce233b859fa1,fda095cb-831d-4601-ad94-846013963de8,f92806d7-1768-443f-afe8-12bcde84d0f0,dd3a144d-ab7f-41f0-82b8-2e43a090d496,f0416e68-0200-4b77-a926-4f9d16e494da,970b0598-bcb0-4714-91fb-2e81440dccd8,bcd64cc6-2dd9-43f6-abbe-66318d332032,d930590d-bb92-4cc8-8bd1-23cd027f9edf,a3cd009f-0ab0-420d-9278-b9fdab939bbc,6a2d0734-bd9e-4ddf-946e-caa52498cb75,c27215d8-6835-4b68-bfbb-bdeac6100c04,b5d6115f-0370-4d7c-aad3-c194cc71cf98,871c3b6c-7379-419d-bda3-794b239ab90d,ff9b0199-ce04-4cfe-86cc-6c719f08d6e4,de1c2107-70c8-4021-8459-6399f24d01c6,cbf30902-517f-40dc-af90-a550bac27cf1
2025-8-21 20:34:45-debug:   Number of all scripts: 28
2025-8-21 20:34:45-debug:   Number of other assets: 609
2025-8-21 20:34:45-debug: Init bundle root assets success..., progress: 0%
2025-8-21 20:34:45-debug:   Number of all scenes: 3
2025-8-21 20:34:45-debug: // ---- build task 查询 Asset Bundle ---- (1ms)
2025-8-21 20:34:45-debug: [Build Memory track]: 查询 Asset Bundle start:227.38MB, end 228.37MB, increase: 1011.97KB
2025-8-21 20:34:45-debug: 查询 Asset Bundle start, progress: 5%
2025-8-21 20:34:45-debug: // ---- build task 查询 Asset Bundle ----
2025-8-21 20:34:45-log: run build task 查询 Asset Bundle success in 1 ms√, progress: 5%
2025-8-21 20:34:45-log: run build task 查询 Asset Bundle success in √, progress: 10%
2025-8-21 20:34:45-debug: 整理部分构建选项内数据到 settings.json start, progress: 10%
2025-8-21 20:34:45-debug: // ---- build task 整理部分构建选项内数据到 settings.json ----
2025-8-21 20:34:45-debug: [Build Memory track]: 查询 Asset Bundle start:228.40MB, end 228.52MB, increase: 119.07KB
2025-8-21 20:34:45-debug: // ---- build task 整理部分构建选项内数据到 settings.json ---- (1ms)
2025-8-21 20:34:45-log: run build task 整理部分构建选项内数据到 settings.json success in 1 ms√, progress: 12%
2025-8-21 20:34:45-debug: // ---- build task 填充脚本数据到 settings.json ----
2025-8-21 20:34:45-debug: 填充脚本数据到 settings.json start, progress: 12%
2025-8-21 20:34:45-debug: [Build Memory track]: 整理部分构建选项内数据到 settings.json start:228.57MB, end 228.60MB, increase: 28.78KB
2025-8-21 20:34:45-log: run build task 填充脚本数据到 settings.json success in √, progress: 13%
2025-8-21 20:34:45-debug: 整理部分构建选项内数据到 settings.json start, progress: 13%
2025-8-21 20:34:45-debug: [Build Memory track]: 填充脚本数据到 settings.json start:228.63MB, end 228.65MB, increase: 18.52KB
2025-8-21 20:34:45-debug: // ---- build task 整理部分构建选项内数据到 settings.json ----
2025-8-21 20:34:45-debug: // ---- build task 整理部分构建选项内数据到 settings.json ---- (2ms)
2025-8-21 20:34:45-log: run build task 整理部分构建选项内数据到 settings.json success in 2 ms√, progress: 15%
2025-8-21 20:34:45-debug: [Build Memory track]: 整理部分构建选项内数据到 settings.json start:228.68MB, end 228.82MB, increase: 142.71KB
2025-8-21 20:34:45-debug: Query all assets info in project
2025-8-21 20:34:45-debug: Query all assets info in project
2025-8-21 20:34:45-debug: Query all assets info in project
2025-8-21 20:34:45-debug: Query all assets info in project
2025-8-21 20:34:45-debug: init custom config: keepNodeUuid: false, useCache: true
2025-8-21 20:34:45-debug: init custom config: keepNodeUuid: false, useCache: true
2025-8-21 20:34:45-debug: Skip compress image, progress: 0%
2025-8-21 20:34:45-debug: init custom config: keepNodeUuid: false, useCache: true
2025-8-21 20:34:45-debug: Skip compress image, progress: 0%
2025-8-21 20:34:45-debug: init custom config: keepNodeUuid: false, useCache: true
2025-8-21 20:34:45-debug: Skip compress image, progress: 0%
2025-8-21 20:34:45-debug: Skip compress image, progress: 0%
2025-8-21 20:34:45-debug: Init all bundles start..., progress: 0%
2025-8-21 20:34:45-debug: Num of bundles: 3..., progress: 0%
2025-8-21 20:34:45-debug: 查询 Asset Bundle start, progress: 0%
2025-8-21 20:34:45-debug: // ---- build task 查询 Asset Bundle ----
2025-8-21 20:34:45-debug: Init bundle root assets start..., progress: 0%
2025-8-21 20:34:45-debug: 查询 Asset Bundle start, progress: 0%
2025-8-21 20:34:45-debug: Init all bundles start..., progress: 0%
2025-8-21 20:34:45-debug: Init bundle root assets start..., progress: 0%
2025-8-21 20:34:45-debug: // ---- build task 查询 Asset Bundle ----
2025-8-21 20:34:45-debug: Num of bundles: 3..., progress: 0%
2025-8-21 20:34:45-debug: 查询 Asset Bundle start, progress: 0%
2025-8-21 20:34:45-debug: // ---- build task 查询 Asset Bundle ----
2025-8-21 20:34:45-debug: Init bundle root assets start..., progress: 0%
2025-8-21 20:34:45-debug: Init all bundles start..., progress: 0%
2025-8-21 20:34:45-debug: Num of bundles: 3..., progress: 0%
2025-8-21 20:34:45-debug: 查询 Asset Bundle start, progress: 0%
2025-8-21 20:34:45-debug: Init all bundles start..., progress: 0%
2025-8-21 20:34:45-debug: Num of bundles: 3..., progress: 0%
2025-8-21 20:34:45-debug: // ---- build task 查询 Asset Bundle ----
2025-8-21 20:34:45-debug: Init bundle root assets start..., progress: 0%
2025-8-21 20:34:45-debug: Query preload assets/scripts from cc.config.json: 60f7195c-ec2a-45eb-ba94-8955f60e81d0,1c02ae6f-4492-4915-b8f8-7492a3b1e4cd,810e96e4-e456-4468-9b59-f4e8f39732c0,efe8e2a3-eace-427b-b4f1-cb8a937ec77d,e9aa9a3e-5b2b-4ac7-a2c7-073de2b2b24f,8bbdbcdd-5cd4-4100-b6d5-b7c9625b6107,50f4348b-c883-4e2f-8f11-ce233b859fa1,fda095cb-831d-4601-ad94-846013963de8,f92806d7-1768-443f-afe8-12bcde84d0f0,dd3a144d-ab7f-41f0-82b8-2e43a090d496,f0416e68-0200-4b77-a926-4f9d16e494da,970b0598-bcb0-4714-91fb-2e81440dccd8,bcd64cc6-2dd9-43f6-abbe-66318d332032,d930590d-bb92-4cc8-8bd1-23cd027f9edf,a3cd009f-0ab0-420d-9278-b9fdab939bbc,6a2d0734-bd9e-4ddf-946e-caa52498cb75,c27215d8-6835-4b68-bfbb-bdeac6100c04,b5d6115f-0370-4d7c-aad3-c194cc71cf98,871c3b6c-7379-419d-bda3-794b239ab90d,ff9b0199-ce04-4cfe-86cc-6c719f08d6e4,de1c2107-70c8-4021-8459-6399f24d01c6,cbf30902-517f-40dc-af90-a550bac27cf1
2025-8-21 20:34:45-debug: Init bundle root assets success..., progress: 0%
2025-8-21 20:34:45-debug: Query preload assets/scripts from cc.config.json: 60f7195c-ec2a-45eb-ba94-8955f60e81d0,1c02ae6f-4492-4915-b8f8-7492a3b1e4cd,810e96e4-e456-4468-9b59-f4e8f39732c0,efe8e2a3-eace-427b-b4f1-cb8a937ec77d,e9aa9a3e-5b2b-4ac7-a2c7-073de2b2b24f,8bbdbcdd-5cd4-4100-b6d5-b7c9625b6107,50f4348b-c883-4e2f-8f11-ce233b859fa1,fda095cb-831d-4601-ad94-846013963de8,f92806d7-1768-443f-afe8-12bcde84d0f0,dd3a144d-ab7f-41f0-82b8-2e43a090d496,f0416e68-0200-4b77-a926-4f9d16e494da,970b0598-bcb0-4714-91fb-2e81440dccd8,bcd64cc6-2dd9-43f6-abbe-66318d332032,d930590d-bb92-4cc8-8bd1-23cd027f9edf,a3cd009f-0ab0-420d-9278-b9fdab939bbc,6a2d0734-bd9e-4ddf-946e-caa52498cb75,c27215d8-6835-4b68-bfbb-bdeac6100c04,b5d6115f-0370-4d7c-aad3-c194cc71cf98,871c3b6c-7379-419d-bda3-794b239ab90d,ff9b0199-ce04-4cfe-86cc-6c719f08d6e4,de1c2107-70c8-4021-8459-6399f24d01c6,cbf30902-517f-40dc-af90-a550bac27cf1
2025-8-21 20:34:45-debug:   Number of all scenes: 3
2025-8-21 20:34:45-debug:   Number of all scripts: 28
2025-8-21 20:34:45-debug:   Number of other assets: 609
2025-8-21 20:34:45-debug: Init bundle root assets success..., progress: 0%
2025-8-21 20:34:45-debug:   Number of all scripts: 28
2025-8-21 20:34:45-debug:   Number of all scenes: 3
2025-8-21 20:34:45-debug:   Number of other assets: 609
2025-8-21 20:34:45-debug: Query preload assets/scripts from cc.config.json: 60f7195c-ec2a-45eb-ba94-8955f60e81d0,1c02ae6f-4492-4915-b8f8-7492a3b1e4cd,810e96e4-e456-4468-9b59-f4e8f39732c0,efe8e2a3-eace-427b-b4f1-cb8a937ec77d,e9aa9a3e-5b2b-4ac7-a2c7-073de2b2b24f,8bbdbcdd-5cd4-4100-b6d5-b7c9625b6107,50f4348b-c883-4e2f-8f11-ce233b859fa1,fda095cb-831d-4601-ad94-846013963de8,f92806d7-1768-443f-afe8-12bcde84d0f0,dd3a144d-ab7f-41f0-82b8-2e43a090d496,f0416e68-0200-4b77-a926-4f9d16e494da,970b0598-bcb0-4714-91fb-2e81440dccd8,bcd64cc6-2dd9-43f6-abbe-66318d332032,d930590d-bb92-4cc8-8bd1-23cd027f9edf,a3cd009f-0ab0-420d-9278-b9fdab939bbc,6a2d0734-bd9e-4ddf-946e-caa52498cb75,c27215d8-6835-4b68-bfbb-bdeac6100c04,b5d6115f-0370-4d7c-aad3-c194cc71cf98,871c3b6c-7379-419d-bda3-794b239ab90d,ff9b0199-ce04-4cfe-86cc-6c719f08d6e4,de1c2107-70c8-4021-8459-6399f24d01c6,cbf30902-517f-40dc-af90-a550bac27cf1
2025-8-21 20:34:45-debug: Init bundle root assets success..., progress: 0%
2025-8-21 20:34:45-debug: Query preload assets/scripts from cc.config.json: 60f7195c-ec2a-45eb-ba94-8955f60e81d0,1c02ae6f-4492-4915-b8f8-7492a3b1e4cd,810e96e4-e456-4468-9b59-f4e8f39732c0,efe8e2a3-eace-427b-b4f1-cb8a937ec77d,e9aa9a3e-5b2b-4ac7-a2c7-073de2b2b24f,8bbdbcdd-5cd4-4100-b6d5-b7c9625b6107,50f4348b-c883-4e2f-8f11-ce233b859fa1,fda095cb-831d-4601-ad94-846013963de8,f92806d7-1768-443f-afe8-12bcde84d0f0,dd3a144d-ab7f-41f0-82b8-2e43a090d496,f0416e68-0200-4b77-a926-4f9d16e494da,970b0598-bcb0-4714-91fb-2e81440dccd8,bcd64cc6-2dd9-43f6-abbe-66318d332032,d930590d-bb92-4cc8-8bd1-23cd027f9edf,a3cd009f-0ab0-420d-9278-b9fdab939bbc,6a2d0734-bd9e-4ddf-946e-caa52498cb75,c27215d8-6835-4b68-bfbb-bdeac6100c04,b5d6115f-0370-4d7c-aad3-c194cc71cf98,871c3b6c-7379-419d-bda3-794b239ab90d,ff9b0199-ce04-4cfe-86cc-6c719f08d6e4,de1c2107-70c8-4021-8459-6399f24d01c6,cbf30902-517f-40dc-af90-a550bac27cf1
2025-8-21 20:34:45-debug:   Number of all scripts: 28
2025-8-21 20:34:45-debug:   Number of other assets: 609
2025-8-21 20:34:45-debug:   Number of all scenes: 3
2025-8-21 20:34:45-debug: Init bundle root assets success..., progress: 0%
2025-8-21 20:34:45-debug:   Number of all scripts: 28
2025-8-21 20:34:45-log: run build task 查询 Asset Bundle success in 4 ms√, progress: 5%
2025-8-21 20:34:45-debug: [Build Memory track]: 查询 Asset Bundle start:230.64MB, end 223.58MB, increase: -7228.05KB
2025-8-21 20:34:45-debug: 查询 Asset Bundle start, progress: 5%
2025-8-21 20:34:45-debug:   Number of other assets: 609
2025-8-21 20:34:45-debug: // ---- build task 查询 Asset Bundle ----
2025-8-21 20:34:45-debug: // ---- build task 查询 Asset Bundle ---- (4ms)
2025-8-21 20:34:45-debug:   Number of all scenes: 3
2025-8-21 20:34:45-log: run build task 查询 Asset Bundle success in √, progress: 5%
2025-8-21 20:34:45-debug: [Build Memory track]: 查询 Asset Bundle start:223.66MB, end 223.68MB, increase: 13.53KB
2025-8-21 20:34:45-log: run build task 查询 Asset Bundle success in √, progress: 5%
2025-8-21 20:34:45-debug: 查询 Asset Bundle start, progress: 5%
2025-8-21 20:34:45-debug: // ---- build task 查询 Asset Bundle ----
2025-8-21 20:34:45-log: run build task 查询 Asset Bundle success in √, progress: 5%
2025-8-21 20:34:45-debug: [Build Memory track]: 查询 Asset Bundle start:224.04MB, end 224.06MB, increase: 14.01KB
2025-8-21 20:34:45-debug: 查询 Asset Bundle start, progress: 5%
2025-8-21 20:34:45-debug: // ---- build task 查询 Asset Bundle ----
2025-8-21 20:34:45-debug: 查询 Asset Bundle start, progress: 5%
2025-8-21 20:34:45-debug: [Build Memory track]: 查询 Asset Bundle start:223.61MB, end 223.63MB, increase: 19.83KB
2025-8-21 20:34:45-debug: // ---- build task 查询 Asset Bundle ----
2025-8-21 20:34:45-log: run build task 查询 Asset Bundle success in √, progress: 10%
2025-8-21 20:34:45-debug: [Build Memory track]: 查询 Asset Bundle start:224.09MB, end 224.19MB, increase: 100.04KB
2025-8-21 20:34:45-debug: 整理部分构建选项内数据到 settings.json start, progress: 10%
2025-8-21 20:34:45-debug: // ---- build task 整理部分构建选项内数据到 settings.json ----
2025-8-21 20:34:45-log: run build task 整理部分构建选项内数据到 settings.json success in √, progress: 12%
2025-8-21 20:34:45-debug: 填充脚本数据到 settings.json start, progress: 12%
2025-8-21 20:34:45-debug: [Build Memory track]: 整理部分构建选项内数据到 settings.json start:224.22MB, end 223.54MB, increase: -692.35KB
2025-8-21 20:34:45-debug: // ---- build task 填充脚本数据到 settings.json ----
2025-8-21 20:34:45-log: run build task 查询 Asset Bundle success in √, progress: 10%
2025-8-21 20:34:45-debug: 整理部分构建选项内数据到 settings.json start, progress: 10%
2025-8-21 20:34:45-debug: // ---- build task 整理部分构建选项内数据到 settings.json ----
2025-8-21 20:34:45-debug: // ---- build task 整理部分构建选项内数据到 settings.json ----
2025-8-21 20:34:45-log: run build task 查询 Asset Bundle success in √, progress: 10%
2025-8-21 20:34:45-debug: 整理部分构建选项内数据到 settings.json start, progress: 10%
2025-8-21 20:34:45-debug: 整理部分构建选项内数据到 settings.json start, progress: 10%
2025-8-21 20:34:45-debug: // ---- build task 整理部分构建选项内数据到 settings.json ----
2025-8-21 20:34:45-log: run build task 查询 Asset Bundle success in √, progress: 10%
2025-8-21 20:34:45-log: run build task 填充脚本数据到 settings.json success in √, progress: 13%
2025-8-21 20:34:45-debug: 整理部分构建选项内数据到 settings.json start, progress: 13%
2025-8-21 20:34:45-debug: [Build Memory track]: 填充脚本数据到 settings.json start:223.58MB, end 224.02MB, increase: 456.55KB
2025-8-21 20:34:45-debug: // ---- build task 整理部分构建选项内数据到 settings.json ----
2025-8-21 20:34:45-log: run build task 整理部分构建选项内数据到 settings.json success in √, progress: 12%
2025-8-21 20:34:45-debug: // ---- build task 填充脚本数据到 settings.json ----
2025-8-21 20:34:45-debug: 填充脚本数据到 settings.json start, progress: 12%
2025-8-21 20:34:45-log: run build task 整理部分构建选项内数据到 settings.json success in √, progress: 12%
2025-8-21 20:34:45-debug: [Build Memory track]: 整理部分构建选项内数据到 settings.json start:223.74MB, end 223.76MB, increase: 18.78KB
2025-8-21 20:34:45-debug: 填充脚本数据到 settings.json start, progress: 12%
2025-8-21 20:34:45-debug: // ---- build task 填充脚本数据到 settings.json ----
2025-8-21 20:34:45-debug: // ---- build task 整理部分构建选项内数据到 settings.json ---- (1ms)
2025-8-21 20:34:45-log: run build task 整理部分构建选项内数据到 settings.json success in 1 ms√, progress: 12%
2025-8-21 20:34:45-debug: 填充脚本数据到 settings.json start, progress: 12%
2025-8-21 20:34:45-debug: // ---- build task 填充脚本数据到 settings.json ----
2025-8-21 20:34:45-debug: [Build Memory track]: 填充脚本数据到 settings.json start:223.88MB, end 223.90MB, increase: 22.24KB
2025-8-21 20:34:45-log: run build task 填充脚本数据到 settings.json success in √, progress: 13%
2025-8-21 20:34:45-debug: 整理部分构建选项内数据到 settings.json start, progress: 13%
2025-8-21 20:34:45-debug: // ---- build task 整理部分构建选项内数据到 settings.json ----
2025-8-21 20:34:45-debug: 整理部分构建选项内数据到 settings.json start, progress: 13%
2025-8-21 20:34:45-debug: // ---- build task 整理部分构建选项内数据到 settings.json ----
2025-8-21 20:34:45-log: run build task 填充脚本数据到 settings.json success in √, progress: 13%
2025-8-21 20:34:45-log: run build task 填充脚本数据到 settings.json success in √, progress: 13%
2025-8-21 20:34:45-debug: // ---- build task 整理部分构建选项内数据到 settings.json ----
2025-8-21 20:34:45-debug: 整理部分构建选项内数据到 settings.json start, progress: 13%
2025-8-21 20:34:45-log: run build task 整理部分构建选项内数据到 settings.json success in √, progress: 15%
2025-8-21 20:34:45-debug: [Build Memory track]: 整理部分构建选项内数据到 settings.json start:224.02MB, end 224.24MB, increase: 228.52KB
2025-8-21 20:34:45-log: run build task 整理部分构建选项内数据到 settings.json success in √, progress: 15%
2025-8-21 20:34:45-log: run build task 整理部分构建选项内数据到 settings.json success in √, progress: 15%
2025-8-21 20:34:45-log: run build task 整理部分构建选项内数据到 settings.json success in √, progress: 15%
