2025-7-21 23:36:31-debug: start **** info
2025-7-21 23:36:31-log: Cannot access game frame or container.
2025-7-21 23:36:31-debug: asset-db:require-engine-code (364ms)
2025-7-21 23:36:31-log: meshopt wasm decoder initialized
2025-7-21 23:36:31-log: [box2d]:box2d wasm lib loaded.
2025-7-21 23:36:31-log: [bullet]:bullet wasm lib loaded.
2025-7-21 23:36:31-log: Cocos Creator v3.8.6
2025-7-21 23:36:31-debug: [Assets Memory track]: asset-db-plugin-register: programming start:80.85MB, end 88.54MB, increase: 7.69MB
2025-7-21 23:36:32-debug: [Assets Memory track]: asset-db-plugin-register: builder start:88.57MB, end 224.52MB, increase: 135.96MB
2025-7-21 23:36:31-log: Forward render pipeline initialized.
2025-7-21 23:36:32-debug: [Assets Memory track]: asset-db-plugin-register: project start:80.72MB, end 227.64MB, increase: 146.92MB
2025-7-21 23:36:32-debug: [Assets Memory track]: asset-db:worker-init: initPlugin start:80.02MB, end 228.06MB, increase: 148.05MB
2025-7-21 23:36:31-debug: [Assets Memory track]: asset-db:worker-init: initEngine start:29.47MB, end 80.00MB, increase: 50.53MB
2025-7-21 23:36:32-debug: run package(google-play) handler(enable) success!
2025-7-21 23:36:32-debug: run package(google-play) handler(enable) start
2025-7-21 23:36:32-debug: [Assets Memory track]: asset-db-plugin-register: engine-extends start:224.73MB, end 227.48MB, increase: 2.75MB
2025-7-21 23:36:31-log: Using legacy pipeline
2025-7-21 23:36:32-debug: run package(harmonyos-next) handler(enable) start
2025-7-21 23:36:32-debug: run package(huawei-agc) handler(enable) start
2025-7-21 23:36:32-debug: run package(huawei-agc) handler(enable) success!
2025-7-21 23:36:32-debug: run package(huawei-quick-game) handler(enable) start
2025-7-21 23:36:32-debug: run package(huawei-quick-game) handler(enable) success!
2025-7-21 23:36:32-debug: run package(ios) handler(enable) start
2025-7-21 23:36:32-debug: run package(ios) handler(enable) success!
2025-7-21 23:36:32-debug: run package(linux) handler(enable) start
2025-7-21 23:36:32-debug: run package(linux) handler(enable) success!
2025-7-21 23:36:32-debug: run package(mac) handler(enable) start
2025-7-21 23:36:32-debug: run package(mac) handler(enable) success!
2025-7-21 23:36:32-debug: run package(harmonyos-next) handler(enable) success!
2025-7-21 23:36:32-debug: run package(honor-mini-game) handler(enable) start
2025-7-21 23:36:32-debug: run package(native) handler(enable) start
2025-7-21 23:36:32-debug: run package(native) handler(enable) success!
2025-7-21 23:36:32-debug: run package(ohos) handler(enable) start
2025-7-21 23:36:32-debug: run package(ohos) handler(enable) success!
2025-7-21 23:36:32-debug: run package(oppo-mini-game) handler(enable) start
2025-7-21 23:36:32-debug: run package(oppo-mini-game) handler(enable) success!
2025-7-21 23:36:32-debug: run package(runtime-dev-tools) handler(enable) start
2025-7-21 23:36:32-debug: run package(runtime-dev-tools) handler(enable) success!
2025-7-21 23:36:32-debug: run package(taobao-mini-game) handler(enable) start
2025-7-21 23:36:32-debug: run package(taobao-mini-game) handler(enable) success!
2025-7-21 23:36:32-debug: run package(vivo-mini-game) handler(enable) start
2025-7-21 23:36:32-debug: run package(vivo-mini-game) handler(enable) success!
2025-7-21 23:36:32-debug: run package(web-desktop) handler(enable) start
2025-7-21 23:36:32-debug: run package(web-desktop) handler(enable) success!
2025-7-21 23:36:32-debug: run package(web-mobile) handler(enable) start
2025-7-21 23:36:32-debug: run package(migu-mini-game) handler(enable) success!
2025-7-21 23:36:32-debug: run package(wechatgame) handler(enable) start
2025-7-21 23:36:32-debug: run package(wechatgame) handler(enable) success!
2025-7-21 23:36:32-debug: run package(wechatprogram) handler(enable) start
2025-7-21 23:36:32-debug: run package(wechatprogram) handler(enable) success!
2025-7-21 23:36:32-debug: run package(windows) handler(enable) start
2025-7-21 23:36:32-debug: run package(windows) handler(enable) success!
2025-7-21 23:36:32-debug: run package(xiaomi-quick-game) handler(enable) start
2025-7-21 23:36:32-debug: run package(xiaomi-quick-game) handler(enable) success!
2025-7-21 23:36:32-debug: run package(cocos-service) handler(enable) start
2025-7-21 23:36:32-debug: run package(cocos-service) handler(enable) success!
2025-7-21 23:36:32-debug: run package(im-plugin) handler(enable) start
2025-7-21 23:36:32-debug: run package(im-plugin) handler(enable) success!
2025-7-21 23:36:32-debug: run package(migu-mini-game) handler(enable) start
2025-7-21 23:36:32-debug: run package(fix-asset-default-userdata) handler(enable) success!
2025-7-21 23:36:32-debug: run package(honor-mini-game) handler(enable) success!
2025-7-21 23:36:32-debug: run package(placeholder) handler(enable) start
2025-7-21 23:36:32-debug: run package(placeholder) handler(enable) success!
2025-7-21 23:36:32-debug: run package(web-mobile) handler(enable) success!
2025-7-21 23:36:32-debug: run package(fix-asset-default-userdata) handler(enable) start
2025-7-21 23:36:32-debug: asset-db:worker-init: initPlugin (758ms)
2025-7-21 23:36:32-debug: [Assets Memory track]: asset-db:worker-init start:29.46MB, end 229.36MB, increase: 199.89MB
2025-7-21 23:36:32-debug: Run asset db hook programming:beforePreStart success!
2025-7-21 23:36:32-debug: Run asset db hook programming:beforePreStart ...
2025-7-21 23:36:32-debug: Run asset db hook engine-extends:beforePreStart ...
2025-7-21 23:36:32-debug: Run asset db hook engine-extends:beforePreStart success!
2025-7-21 23:36:32-debug: asset-db:worker-init (1184ms)
2025-7-21 23:36:32-debug: asset-db-hook-programming-beforePreStart (20ms)
2025-7-21 23:36:32-debug: asset-db-hook-engine-extends-beforePreStart (19ms)
2025-7-21 23:36:32-debug: Preimport db internal success
2025-7-21 23:36:32-debug: Preimport db assets success
2025-7-21 23:36:32-debug: Run asset db hook programming:afterPreStart ...
2025-7-21 23:36:32-debug: starting packer-driver...
2025-7-21 23:36:32-debug: initialize scripting environment...
2025-7-21 23:36:32-debug: [[Executor]] prepare before lock
2025-7-21 23:36:32-debug: Set detail map pack:///resolution-detail-map.json: {}
2025-7-21 23:36:32-debug: [[Executor]] prepare after unlock
2025-7-21 23:36:32-debug: Start up the 'internal' database...
2025-7-21 23:36:32-debug: Run asset db hook engine-extends:afterPreStart ...
2025-7-21 23:36:32-debug: Run asset db hook engine-extends:afterPreStart success!
2025-7-21 23:36:32-debug: Run asset db hook programming:afterPreStart success!
2025-7-21 23:36:32-debug: asset-db-hook-programming-afterPreStart (234ms)
2025-7-21 23:36:32-debug: asset-db:worker-effect-data-processing (129ms)
2025-7-21 23:36:32-debug: asset-db-hook-engine-extends-afterPreStart (129ms)
2025-7-21 23:36:32-debug: [Assets Memory track]: asset-db:worker-startup-database[internal] start:229.44MB, end 243.02MB, increase: 13.58MB
2025-7-21 23:36:32-debug: Start up the 'assets' database...
2025-7-21 23:36:32-debug: asset-db:worker-startup-database[internal] (324ms)
2025-7-21 23:36:32-debug: [Assets Memory track]: asset-db:worker-startup-database[assets] start:232.28MB, end 244.86MB, increase: 12.58MB
2025-7-21 23:36:32-debug: lazy register asset handler directory
2025-7-21 23:36:32-debug: lazy register asset handler json
2025-7-21 23:36:32-debug: lazy register asset handler spine-data
2025-7-21 23:36:32-debug: lazy register asset handler dragonbones
2025-7-21 23:36:32-debug: lazy register asset handler terrain
2025-7-21 23:36:32-debug: lazy register asset handler dragonbones-atlas
2025-7-21 23:36:32-debug: lazy register asset handler javascript
2025-7-21 23:36:32-debug: lazy register asset handler typescript
2025-7-21 23:36:32-debug: lazy register asset handler prefab
2025-7-21 23:36:32-debug: lazy register asset handler sprite-frame
2025-7-21 23:36:32-debug: lazy register asset handler tiled-map
2025-7-21 23:36:32-debug: lazy register asset handler buffer
2025-7-21 23:36:32-debug: lazy register asset handler scene
2025-7-21 23:36:32-debug: lazy register asset handler image
2025-7-21 23:36:32-debug: lazy register asset handler sign-image
2025-7-21 23:36:32-debug: lazy register asset handler alpha-image
2025-7-21 23:36:32-debug: lazy register asset handler texture
2025-7-21 23:36:32-debug: lazy register asset handler texture-cube
2025-7-21 23:36:32-debug: lazy register asset handler erp-texture-cube
2025-7-21 23:36:32-debug: lazy register asset handler text
2025-7-21 23:36:32-debug: lazy register asset handler texture-cube-face
2025-7-21 23:36:32-debug: lazy register asset handler rt-sprite-frame
2025-7-21 23:36:32-debug: lazy register asset handler gltf-mesh
2025-7-21 23:36:32-debug: lazy register asset handler gltf-animation
2025-7-21 23:36:32-debug: lazy register asset handler gltf-skeleton
2025-7-21 23:36:32-debug: lazy register asset handler gltf-material
2025-7-21 23:36:32-debug: [Assets Memory track]: asset-db:worker-init: startup start:228.40MB, end 244.87MB, increase: 16.47MB
2025-7-21 23:36:32-debug: lazy register asset handler gltf-embeded-image
2025-7-21 23:36:32-debug: lazy register asset handler fbx
2025-7-21 23:36:32-debug: lazy register asset handler *
2025-7-21 23:36:32-debug: lazy register asset handler physics-material
2025-7-21 23:36:32-debug: lazy register asset handler effect-header
2025-7-21 23:36:32-debug: lazy register asset handler audio-clip
2025-7-21 23:36:32-debug: lazy register asset handler effect
2025-7-21 23:36:32-debug: lazy register asset handler animation-clip
2025-7-21 23:36:32-debug: lazy register asset handler gltf
2025-7-21 23:36:32-debug: lazy register asset handler animation-graph
2025-7-21 23:36:32-debug: lazy register asset handler animation-graph-variant
2025-7-21 23:36:32-debug: lazy register asset handler ttf-font
2025-7-21 23:36:32-debug: lazy register asset handler animation-mask
2025-7-21 23:36:32-debug: lazy register asset handler bitmap-font
2025-7-21 23:36:32-debug: lazy register asset handler particle
2025-7-21 23:36:32-debug: lazy register asset handler sprite-atlas
2025-7-21 23:36:32-debug: lazy register asset handler auto-atlas
2025-7-21 23:36:32-debug: lazy register asset handler label-atlas
2025-7-21 23:36:32-debug: lazy register asset handler render-pipeline
2025-7-21 23:36:32-debug: lazy register asset handler render-stage
2025-7-21 23:36:32-debug: lazy register asset handler render-flow
2025-7-21 23:36:32-debug: lazy register asset handler instantiation-material
2025-7-21 23:36:32-debug: lazy register asset handler instantiation-mesh
2025-7-21 23:36:32-debug: lazy register asset handler instantiation-skeleton
2025-7-21 23:36:32-debug: lazy register asset handler instantiation-animation
2025-7-21 23:36:32-debug: lazy register asset handler video-clip
2025-7-21 23:36:32-debug: lazy register asset handler material
2025-7-21 23:36:32-debug: lazy register asset handler gltf-scene
2025-7-21 23:36:32-debug: lazy register asset handler render-texture
2025-7-21 23:36:32-debug: asset-db:worker-startup-database[assets] (321ms)
2025-7-21 23:36:32-debug: asset-db:start-database (350ms)
2025-7-21 23:36:32-debug: asset-db:ready (2588ms)
2025-7-21 23:36:32-debug: fix the bug of updateDefaultUserData
2025-7-21 23:36:32-debug: init worker message success
2025-7-21 23:36:32-debug: [Build Memory track]: builder:worker-init start:243.87MB, end 255.36MB, increase: 11.49MB
2025-7-21 23:36:32-debug: programming:execute-script (4ms)
2025-7-21 23:36:32-debug: builder:worker-init (179ms)
2025-7-21 23:36:37-debug: Query all assets info in project
2025-7-21 23:36:37-debug: init custom config: keepNodeUuid: false, useCache: true
2025-7-21 23:36:37-debug: Skip compress image, progress: 0%
2025-7-21 23:36:37-debug: Init all bundles start..., progress: 0%
2025-7-21 23:36:37-debug: Init bundle root assets start..., progress: 0%
2025-7-21 23:36:37-debug: 查询 Asset Bundle start, progress: 0%
2025-7-21 23:36:37-debug: // ---- build task 查询 Asset Bundle ----
2025-7-21 23:36:37-debug: Num of bundles: 3..., progress: 0%
2025-7-21 23:36:37-debug: Query preload assets/scripts from cc.config.json: 60f7195c-ec2a-45eb-ba94-8955f60e81d0,1c02ae6f-4492-4915-b8f8-7492a3b1e4cd,810e96e4-e456-4468-9b59-f4e8f39732c0,efe8e2a3-eace-427b-b4f1-cb8a937ec77d,e9aa9a3e-5b2b-4ac7-a2c7-073de2b2b24f,8bbdbcdd-5cd4-4100-b6d5-b7c9625b6107,50f4348b-c883-4e2f-8f11-ce233b859fa1,fda095cb-831d-4601-ad94-846013963de8,f92806d7-1768-443f-afe8-12bcde84d0f0,dd3a144d-ab7f-41f0-82b8-2e43a090d496,f0416e68-0200-4b77-a926-4f9d16e494da,970b0598-bcb0-4714-91fb-2e81440dccd8,bcd64cc6-2dd9-43f6-abbe-66318d332032,d930590d-bb92-4cc8-8bd1-23cd027f9edf,a3cd009f-0ab0-420d-9278-b9fdab939bbc,6a2d0734-bd9e-4ddf-946e-caa52498cb75,c27215d8-6835-4b68-bfbb-bdeac6100c04,b5d6115f-0370-4d7c-aad3-c194cc71cf98,871c3b6c-7379-419d-bda3-794b239ab90d,ff9b0199-ce04-4cfe-86cc-6c719f08d6e4,de1c2107-70c8-4021-8459-6399f24d01c6,cbf30902-517f-40dc-af90-a550bac27cf1
2025-7-21 23:36:37-debug: Init bundle root assets success..., progress: 0%
2025-7-21 23:36:37-debug:   Number of all scripts: 28
2025-7-21 23:36:37-debug:   Number of other assets: 455
2025-7-21 23:36:37-debug:   Number of all scenes: 3
2025-7-21 23:36:37-debug: // ---- build task 查询 Asset Bundle ---- (2ms)
2025-7-21 23:36:37-debug: [Build Memory track]: 查询 Asset Bundle start:258.33MB, end 252.79MB, increase: -5679.66KB
2025-7-21 23:36:37-log: run build task 查询 Asset Bundle success in 2 ms√, progress: 5%
2025-7-21 23:36:37-debug: // ---- build task 查询 Asset Bundle ----
2025-7-21 23:36:37-debug: 查询 Asset Bundle start, progress: 5%
2025-7-21 23:36:37-debug: // ---- build task 查询 Asset Bundle ---- (1ms)
2025-7-21 23:36:37-log: run build task 查询 Asset Bundle success in 1 ms√, progress: 10%
2025-7-21 23:36:37-debug: [Build Memory track]: 查询 Asset Bundle start:252.82MB, end 252.93MB, increase: 108.12KB
2025-7-21 23:36:37-debug: 整理部分构建选项内数据到 settings.json start, progress: 10%
2025-7-21 23:36:37-debug: // ---- build task 整理部分构建选项内数据到 settings.json ----
2025-7-21 23:36:37-log: run build task 整理部分构建选项内数据到 settings.json success in √, progress: 12%
2025-7-21 23:36:37-debug: // ---- build task 填充脚本数据到 settings.json ----
2025-7-21 23:36:37-debug: [Build Memory track]: 整理部分构建选项内数据到 settings.json start:252.96MB, end 252.99MB, increase: 32.68KB
2025-7-21 23:36:37-debug: 填充脚本数据到 settings.json start, progress: 12%
2025-7-21 23:36:37-log: run build task 填充脚本数据到 settings.json success in √, progress: 13%
2025-7-21 23:36:37-debug: [Build Memory track]: 填充脚本数据到 settings.json start:253.03MB, end 253.05MB, increase: 20.45KB
2025-7-21 23:36:37-debug: 整理部分构建选项内数据到 settings.json start, progress: 13%
2025-7-21 23:36:37-debug: // ---- build task 整理部分构建选项内数据到 settings.json ----
2025-7-21 23:36:37-debug: // ---- build task 整理部分构建选项内数据到 settings.json ---- (1ms)
2025-7-21 23:36:37-log: run build task 整理部分构建选项内数据到 settings.json success in 1 ms√, progress: 15%
2025-7-21 23:36:37-debug: [Build Memory track]: 整理部分构建选项内数据到 settings.json start:253.08MB, end 253.23MB, increase: 149.79KB
2025-7-21 23:36:37-debug: Query all assets info in project
2025-7-21 23:36:37-debug: Query all assets info in project
2025-7-21 23:36:37-debug: Query all assets info in project
2025-7-21 23:36:37-debug: Query all assets info in project
2025-7-21 23:36:37-debug: init custom config: keepNodeUuid: false, useCache: true
2025-7-21 23:36:37-debug: Skip compress image, progress: 0%
2025-7-21 23:36:37-debug: init custom config: keepNodeUuid: false, useCache: true
2025-7-21 23:36:37-debug: Skip compress image, progress: 0%
2025-7-21 23:36:37-debug: init custom config: keepNodeUuid: false, useCache: true
2025-7-21 23:36:37-debug: Skip compress image, progress: 0%
2025-7-21 23:36:37-debug: init custom config: keepNodeUuid: false, useCache: true
2025-7-21 23:36:37-debug: Skip compress image, progress: 0%
2025-7-21 23:36:37-debug: Init all bundles start..., progress: 0%
2025-7-21 23:36:37-debug: Num of bundles: 3..., progress: 0%
2025-7-21 23:36:37-debug: 查询 Asset Bundle start, progress: 0%
2025-7-21 23:36:37-debug: // ---- build task 查询 Asset Bundle ----
2025-7-21 23:36:37-debug: Init bundle root assets start..., progress: 0%
2025-7-21 23:36:37-debug: Init all bundles start..., progress: 0%
2025-7-21 23:36:37-debug: // ---- build task 查询 Asset Bundle ----
2025-7-21 23:36:37-debug: 查询 Asset Bundle start, progress: 0%
2025-7-21 23:36:37-debug: Init bundle root assets start..., progress: 0%
2025-7-21 23:36:37-debug: Num of bundles: 3..., progress: 0%
2025-7-21 23:36:37-debug: Init all bundles start..., progress: 0%
2025-7-21 23:36:37-debug: Num of bundles: 3..., progress: 0%
2025-7-21 23:36:37-debug: Init bundle root assets start..., progress: 0%
2025-7-21 23:36:37-debug: Num of bundles: 3..., progress: 0%
2025-7-21 23:36:37-debug: 查询 Asset Bundle start, progress: 0%
2025-7-21 23:36:37-debug: // ---- build task 查询 Asset Bundle ----
2025-7-21 23:36:37-debug: Init bundle root assets start..., progress: 0%
2025-7-21 23:36:37-debug: // ---- build task 查询 Asset Bundle ----
2025-7-21 23:36:37-debug: Init all bundles start..., progress: 0%
2025-7-21 23:36:37-debug: 查询 Asset Bundle start, progress: 0%
2025-7-21 23:36:37-debug: Query preload assets/scripts from cc.config.json: 60f7195c-ec2a-45eb-ba94-8955f60e81d0,1c02ae6f-4492-4915-b8f8-7492a3b1e4cd,810e96e4-e456-4468-9b59-f4e8f39732c0,efe8e2a3-eace-427b-b4f1-cb8a937ec77d,e9aa9a3e-5b2b-4ac7-a2c7-073de2b2b24f,8bbdbcdd-5cd4-4100-b6d5-b7c9625b6107,50f4348b-c883-4e2f-8f11-ce233b859fa1,fda095cb-831d-4601-ad94-846013963de8,f92806d7-1768-443f-afe8-12bcde84d0f0,dd3a144d-ab7f-41f0-82b8-2e43a090d496,f0416e68-0200-4b77-a926-4f9d16e494da,970b0598-bcb0-4714-91fb-2e81440dccd8,bcd64cc6-2dd9-43f6-abbe-66318d332032,d930590d-bb92-4cc8-8bd1-23cd027f9edf,a3cd009f-0ab0-420d-9278-b9fdab939bbc,6a2d0734-bd9e-4ddf-946e-caa52498cb75,c27215d8-6835-4b68-bfbb-bdeac6100c04,b5d6115f-0370-4d7c-aad3-c194cc71cf98,871c3b6c-7379-419d-bda3-794b239ab90d,ff9b0199-ce04-4cfe-86cc-6c719f08d6e4,de1c2107-70c8-4021-8459-6399f24d01c6,cbf30902-517f-40dc-af90-a550bac27cf1
2025-7-21 23:36:37-debug: Init bundle root assets success..., progress: 0%
2025-7-21 23:36:37-debug:   Number of all scripts: 28
2025-7-21 23:36:37-debug:   Number of other assets: 455
2025-7-21 23:36:37-debug:   Number of all scenes: 3
2025-7-21 23:36:37-debug: Query preload assets/scripts from cc.config.json: 60f7195c-ec2a-45eb-ba94-8955f60e81d0,1c02ae6f-4492-4915-b8f8-7492a3b1e4cd,810e96e4-e456-4468-9b59-f4e8f39732c0,efe8e2a3-eace-427b-b4f1-cb8a937ec77d,e9aa9a3e-5b2b-4ac7-a2c7-073de2b2b24f,8bbdbcdd-5cd4-4100-b6d5-b7c9625b6107,50f4348b-c883-4e2f-8f11-ce233b859fa1,fda095cb-831d-4601-ad94-846013963de8,f92806d7-1768-443f-afe8-12bcde84d0f0,dd3a144d-ab7f-41f0-82b8-2e43a090d496,f0416e68-0200-4b77-a926-4f9d16e494da,970b0598-bcb0-4714-91fb-2e81440dccd8,bcd64cc6-2dd9-43f6-abbe-66318d332032,d930590d-bb92-4cc8-8bd1-23cd027f9edf,a3cd009f-0ab0-420d-9278-b9fdab939bbc,6a2d0734-bd9e-4ddf-946e-caa52498cb75,c27215d8-6835-4b68-bfbb-bdeac6100c04,b5d6115f-0370-4d7c-aad3-c194cc71cf98,871c3b6c-7379-419d-bda3-794b239ab90d,ff9b0199-ce04-4cfe-86cc-6c719f08d6e4,de1c2107-70c8-4021-8459-6399f24d01c6,cbf30902-517f-40dc-af90-a550bac27cf1
2025-7-21 23:36:37-debug:   Number of all scripts: 28
2025-7-21 23:36:37-debug: Init bundle root assets success..., progress: 0%
2025-7-21 23:36:37-debug: // ---- build task 查询 Asset Bundle ---- (2ms)
2025-7-21 23:36:37-log: run build task 查询 Asset Bundle success in 2 ms√, progress: 5%
2025-7-21 23:36:37-debug: [Build Memory track]: 查询 Asset Bundle start:255.03MB, end 256.55MB, increase: 1.52MB
2025-7-21 23:36:37-debug: // ---- build task 查询 Asset Bundle ----
2025-7-21 23:36:37-debug:   Number of other assets: 455
2025-7-21 23:36:37-debug: 查询 Asset Bundle start, progress: 5%
2025-7-21 23:36:37-debug:   Number of all scenes: 3
2025-7-21 23:36:37-log: run build task 查询 Asset Bundle success in √, progress: 5%
2025-7-21 23:36:37-debug: 查询 Asset Bundle start, progress: 5%
2025-7-21 23:36:37-debug: // ---- build task 查询 Asset Bundle ----
2025-7-21 23:36:37-debug: [Build Memory track]: 查询 Asset Bundle start:256.58MB, end 256.60MB, increase: 18.27KB
2025-7-21 23:36:37-debug: Query preload assets/scripts from cc.config.json: 60f7195c-ec2a-45eb-ba94-8955f60e81d0,1c02ae6f-4492-4915-b8f8-7492a3b1e4cd,810e96e4-e456-4468-9b59-f4e8f39732c0,efe8e2a3-eace-427b-b4f1-cb8a937ec77d,e9aa9a3e-5b2b-4ac7-a2c7-073de2b2b24f,8bbdbcdd-5cd4-4100-b6d5-b7c9625b6107,50f4348b-c883-4e2f-8f11-ce233b859fa1,fda095cb-831d-4601-ad94-846013963de8,f92806d7-1768-443f-afe8-12bcde84d0f0,dd3a144d-ab7f-41f0-82b8-2e43a090d496,f0416e68-0200-4b77-a926-4f9d16e494da,970b0598-bcb0-4714-91fb-2e81440dccd8,bcd64cc6-2dd9-43f6-abbe-66318d332032,d930590d-bb92-4cc8-8bd1-23cd027f9edf,a3cd009f-0ab0-420d-9278-b9fdab939bbc,6a2d0734-bd9e-4ddf-946e-caa52498cb75,c27215d8-6835-4b68-bfbb-bdeac6100c04,b5d6115f-0370-4d7c-aad3-c194cc71cf98,871c3b6c-7379-419d-bda3-794b239ab90d,ff9b0199-ce04-4cfe-86cc-6c719f08d6e4,de1c2107-70c8-4021-8459-6399f24d01c6,cbf30902-517f-40dc-af90-a550bac27cf1
2025-7-21 23:36:37-debug:   Number of other assets: 455
2025-7-21 23:36:37-debug:   Number of all scenes: 3
2025-7-21 23:36:37-debug: Init bundle root assets success..., progress: 0%
2025-7-21 23:36:37-debug:   Number of all scripts: 28
2025-7-21 23:36:37-debug: Query preload assets/scripts from cc.config.json: 60f7195c-ec2a-45eb-ba94-8955f60e81d0,1c02ae6f-4492-4915-b8f8-7492a3b1e4cd,810e96e4-e456-4468-9b59-f4e8f39732c0,efe8e2a3-eace-427b-b4f1-cb8a937ec77d,e9aa9a3e-5b2b-4ac7-a2c7-073de2b2b24f,8bbdbcdd-5cd4-4100-b6d5-b7c9625b6107,50f4348b-c883-4e2f-8f11-ce233b859fa1,fda095cb-831d-4601-ad94-846013963de8,f92806d7-1768-443f-afe8-12bcde84d0f0,dd3a144d-ab7f-41f0-82b8-2e43a090d496,f0416e68-0200-4b77-a926-4f9d16e494da,970b0598-bcb0-4714-91fb-2e81440dccd8,bcd64cc6-2dd9-43f6-abbe-66318d332032,d930590d-bb92-4cc8-8bd1-23cd027f9edf,a3cd009f-0ab0-420d-9278-b9fdab939bbc,6a2d0734-bd9e-4ddf-946e-caa52498cb75,c27215d8-6835-4b68-bfbb-bdeac6100c04,b5d6115f-0370-4d7c-aad3-c194cc71cf98,871c3b6c-7379-419d-bda3-794b239ab90d,ff9b0199-ce04-4cfe-86cc-6c719f08d6e4,de1c2107-70c8-4021-8459-6399f24d01c6,cbf30902-517f-40dc-af90-a550bac27cf1
2025-7-21 23:36:37-debug:   Number of all scenes: 3
2025-7-21 23:36:37-debug:   Number of all scripts: 28
2025-7-21 23:36:37-debug:   Number of other assets: 455
2025-7-21 23:36:37-debug: Init bundle root assets success..., progress: 0%
2025-7-21 23:36:37-debug: // ---- build task 查询 Asset Bundle ---- (1ms)
2025-7-21 23:36:37-log: run build task 查询 Asset Bundle success in 1 ms√, progress: 5%
2025-7-21 23:36:37-debug: 查询 Asset Bundle start, progress: 5%
2025-7-21 23:36:37-debug: [Build Memory track]: 查询 Asset Bundle start:256.63MB, end 258.27MB, increase: 1.64MB
2025-7-21 23:36:37-debug: // ---- build task 查询 Asset Bundle ----
2025-7-21 23:36:37-log: run build task 查询 Asset Bundle success in √, progress: 5%
2025-7-21 23:36:37-debug: [Build Memory track]: 查询 Asset Bundle start:258.85MB, end 258.33MB, increase: -537.48KB
2025-7-21 23:36:37-debug: 查询 Asset Bundle start, progress: 5%
2025-7-21 23:36:37-debug: // ---- build task 查询 Asset Bundle ----
2025-7-21 23:36:37-log: run build task 查询 Asset Bundle success in √, progress: 10%
2025-7-21 23:36:37-log: run build task 查询 Asset Bundle success in √, progress: 10%
2025-7-21 23:36:37-debug: 整理部分构建选项内数据到 settings.json start, progress: 10%
2025-7-21 23:36:37-debug: // ---- build task 整理部分构建选项内数据到 settings.json ----
2025-7-21 23:36:37-debug: [Build Memory track]: 查询 Asset Bundle start:258.36MB, end 258.46MB, increase: 98.80KB
2025-7-21 23:36:37-debug: 整理部分构建选项内数据到 settings.json start, progress: 10%
2025-7-21 23:36:37-debug: // ---- build task 整理部分构建选项内数据到 settings.json ----
2025-7-21 23:36:37-debug: // ---- build task 整理部分构建选项内数据到 settings.json ---- (1ms)
2025-7-21 23:36:37-log: run build task 整理部分构建选项内数据到 settings.json success in 1 ms√, progress: 12%
2025-7-21 23:36:37-log: run build task 整理部分构建选项内数据到 settings.json success in √, progress: 12%
2025-7-21 23:36:37-debug: 填充脚本数据到 settings.json start, progress: 12%
2025-7-21 23:36:37-debug: 填充脚本数据到 settings.json start, progress: 12%
2025-7-21 23:36:37-debug: // ---- build task 填充脚本数据到 settings.json ----
2025-7-21 23:36:37-debug: [Build Memory track]: 整理部分构建选项内数据到 settings.json start:258.52MB, end 258.64MB, increase: 114.97KB
2025-7-21 23:36:37-debug: // ---- build task 填充脚本数据到 settings.json ----
2025-7-21 23:36:37-log: run build task 查询 Asset Bundle success in √, progress: 10%
2025-7-21 23:36:37-debug: 整理部分构建选项内数据到 settings.json start, progress: 10%
2025-7-21 23:36:37-debug: // ---- build task 整理部分构建选项内数据到 settings.json ----
2025-7-21 23:36:37-debug: 整理部分构建选项内数据到 settings.json start, progress: 13%
2025-7-21 23:36:37-log: run build task 填充脚本数据到 settings.json success in √, progress: 13%
2025-7-21 23:36:37-debug: 整理部分构建选项内数据到 settings.json start, progress: 13%
2025-7-21 23:36:37-debug: // ---- build task 整理部分构建选项内数据到 settings.json ----
2025-7-21 23:36:37-log: run build task 填充脚本数据到 settings.json success in √, progress: 13%
2025-7-21 23:36:37-debug: [Build Memory track]: 填充脚本数据到 settings.json start:258.70MB, end 258.77MB, increase: 62.28KB
2025-7-21 23:36:37-debug: // ---- build task 整理部分构建选项内数据到 settings.json ----
2025-7-21 23:36:37-log: run build task 查询 Asset Bundle success in √, progress: 10%
2025-7-21 23:36:37-log: run build task 整理部分构建选项内数据到 settings.json success in √, progress: 12%
2025-7-21 23:36:37-debug: 整理部分构建选项内数据到 settings.json start, progress: 10%
2025-7-21 23:36:37-debug: // ---- build task 整理部分构建选项内数据到 settings.json ----
2025-7-21 23:36:37-debug: 填充脚本数据到 settings.json start, progress: 12%
2025-7-21 23:36:37-debug: // ---- build task 填充脚本数据到 settings.json ----
2025-7-21 23:36:37-debug: [Build Memory track]: 整理部分构建选项内数据到 settings.json start:258.88MB, end 258.89MB, increase: 14.82KB
2025-7-21 23:36:37-debug: // ---- build task 整理部分构建选项内数据到 settings.json ---- (1ms)
2025-7-21 23:36:37-log: run build task 整理部分构建选项内数据到 settings.json success in 1 ms√, progress: 12%
2025-7-21 23:36:37-debug: // ---- build task 填充脚本数据到 settings.json ----
2025-7-21 23:36:37-debug: 填充脚本数据到 settings.json start, progress: 12%
2025-7-21 23:36:37-log: run build task 填充脚本数据到 settings.json success in √, progress: 13%
2025-7-21 23:36:37-debug: [Build Memory track]: 填充脚本数据到 settings.json start:258.99MB, end 259.00MB, increase: 16.50KB
2025-7-21 23:36:37-debug: 整理部分构建选项内数据到 settings.json start, progress: 13%
2025-7-21 23:36:37-debug: // ---- build task 整理部分构建选项内数据到 settings.json ----
2025-7-21 23:36:37-log: run build task 填充脚本数据到 settings.json success in √, progress: 13%
2025-7-21 23:36:37-debug: 整理部分构建选项内数据到 settings.json start, progress: 13%
2025-7-21 23:36:37-debug: // ---- build task 整理部分构建选项内数据到 settings.json ----
2025-7-21 23:36:37-debug: // ---- build task 整理部分构建选项内数据到 settings.json ---- (1ms)
2025-7-21 23:36:37-log: run build task 整理部分构建选项内数据到 settings.json success in 1 ms√, progress: 15%
2025-7-21 23:36:37-debug: [Build Memory track]: 整理部分构建选项内数据到 settings.json start:259.08MB, end 253.61MB, increase: -5594.56KB
2025-7-21 23:36:37-log: run build task 整理部分构建选项内数据到 settings.json success in √, progress: 15%
2025-7-21 23:36:37-log: run build task 整理部分构建选项内数据到 settings.json success in √, progress: 15%
2025-7-21 23:36:37-log: run build task 整理部分构建选项内数据到 settings.json success in √, progress: 15%
2025-7-21 23:37:08-debug: Query all assets info in project
2025-7-21 23:37:08-debug: init custom config: keepNodeUuid: false, useCache: true
2025-7-21 23:37:08-debug: Skip compress image, progress: 0%
2025-7-21 23:37:08-debug: Init all bundles start..., progress: 0%
2025-7-21 23:37:08-debug: Num of bundles: 3..., progress: 0%
2025-7-21 23:37:08-debug: 查询 Asset Bundle start, progress: 0%
2025-7-21 23:37:08-debug: // ---- build task 查询 Asset Bundle ----
2025-7-21 23:37:08-debug: Init bundle root assets start..., progress: 0%
2025-7-21 23:37:08-debug: Query preload assets/scripts from cc.config.json: 60f7195c-ec2a-45eb-ba94-8955f60e81d0,1c02ae6f-4492-4915-b8f8-7492a3b1e4cd,810e96e4-e456-4468-9b59-f4e8f39732c0,efe8e2a3-eace-427b-b4f1-cb8a937ec77d,e9aa9a3e-5b2b-4ac7-a2c7-073de2b2b24f,8bbdbcdd-5cd4-4100-b6d5-b7c9625b6107,50f4348b-c883-4e2f-8f11-ce233b859fa1,fda095cb-831d-4601-ad94-846013963de8,f92806d7-1768-443f-afe8-12bcde84d0f0,dd3a144d-ab7f-41f0-82b8-2e43a090d496,f0416e68-0200-4b77-a926-4f9d16e494da,970b0598-bcb0-4714-91fb-2e81440dccd8,bcd64cc6-2dd9-43f6-abbe-66318d332032,d930590d-bb92-4cc8-8bd1-23cd027f9edf,a3cd009f-0ab0-420d-9278-b9fdab939bbc,6a2d0734-bd9e-4ddf-946e-caa52498cb75,c27215d8-6835-4b68-bfbb-bdeac6100c04,b5d6115f-0370-4d7c-aad3-c194cc71cf98,871c3b6c-7379-419d-bda3-794b239ab90d,ff9b0199-ce04-4cfe-86cc-6c719f08d6e4,de1c2107-70c8-4021-8459-6399f24d01c6,cbf30902-517f-40dc-af90-a550bac27cf1
2025-7-21 23:37:08-debug:   Number of other assets: 455
2025-7-21 23:37:08-debug:   Number of all scripts: 28
2025-7-21 23:37:08-debug: Init bundle root assets success..., progress: 0%
2025-7-21 23:37:08-debug:   Number of all scenes: 3
2025-7-21 23:37:08-debug: // ---- build task 查询 Asset Bundle ---- (1ms)
2025-7-21 23:37:08-debug: [Build Memory track]: 查询 Asset Bundle start:196.64MB, end 196.52MB, increase: -125.27KB
2025-7-21 23:37:08-debug: 查询 Asset Bundle start, progress: 5%
2025-7-21 23:37:08-log: run build task 查询 Asset Bundle success in 1 ms√, progress: 5%
2025-7-21 23:37:08-debug: // ---- build task 查询 Asset Bundle ----
2025-7-21 23:37:08-log: run build task 查询 Asset Bundle success in √, progress: 10%
2025-7-21 23:37:08-debug: 整理部分构建选项内数据到 settings.json start, progress: 10%
2025-7-21 23:37:08-debug: // ---- build task 整理部分构建选项内数据到 settings.json ----
2025-7-21 23:37:08-debug: [Build Memory track]: 查询 Asset Bundle start:196.55MB, end 196.65MB, increase: 104.58KB
2025-7-21 23:37:08-debug: // ---- build task 整理部分构建选项内数据到 settings.json ---- (1ms)
2025-7-21 23:37:08-debug: // ---- build task 填充脚本数据到 settings.json ----
2025-7-21 23:37:08-debug: [Build Memory track]: 整理部分构建选项内数据到 settings.json start:196.68MB, end 196.71MB, increase: 28.73KB
2025-7-21 23:37:08-debug: 填充脚本数据到 settings.json start, progress: 12%
2025-7-21 23:37:08-log: run build task 整理部分构建选项内数据到 settings.json success in 1 ms√, progress: 12%
2025-7-21 23:37:08-log: run build task 填充脚本数据到 settings.json success in √, progress: 13%
2025-7-21 23:37:08-debug: [Build Memory track]: 填充脚本数据到 settings.json start:196.74MB, end 196.76MB, increase: 18.43KB
2025-7-21 23:37:08-debug: 整理部分构建选项内数据到 settings.json start, progress: 13%
2025-7-21 23:37:08-debug: // ---- build task 整理部分构建选项内数据到 settings.json ----
2025-7-21 23:37:08-debug: // ---- build task 整理部分构建选项内数据到 settings.json ---- (1ms)
2025-7-21 23:37:08-log: run build task 整理部分构建选项内数据到 settings.json success in 1 ms√, progress: 15%
2025-7-21 23:37:08-debug: [Build Memory track]: 整理部分构建选项内数据到 settings.json start:196.79MB, end 196.92MB, increase: 131.41KB
2025-7-21 23:37:44-debug: refresh db internal success
2025-7-21 23:37:44-debug: %cImport%c: /Users/zeruili/projects/cocos_project/driftClash/assets/scripts/SoundManager.tsbackground: #aaff85; color: #000;color: #000;
2025-7-21 23:37:44-debug: refresh db assets success
2025-7-21 23:37:44-debug: Run asset db hook engine-extends:afterRefresh ...
2025-7-21 23:37:44-debug: Run asset db hook engine-extends:afterRefresh success!
2025-7-21 23:37:44-debug: asset-db:refresh-all-database (48ms)
2025-7-21 23:37:47-debug: Query all assets info in project
2025-7-21 23:37:47-debug: init custom config: keepNodeUuid: false, useCache: true
2025-7-21 23:37:47-debug: Skip compress image, progress: 0%
2025-7-21 23:37:47-debug: Init all bundles start..., progress: 0%
2025-7-21 23:37:47-debug: Num of bundles: 3..., progress: 0%
2025-7-21 23:37:47-debug: 查询 Asset Bundle start, progress: 0%
2025-7-21 23:37:47-debug: Init bundle root assets start..., progress: 0%
2025-7-21 23:37:47-debug: // ---- build task 查询 Asset Bundle ----
2025-7-21 23:37:47-debug: Query preload assets/scripts from cc.config.json: 60f7195c-ec2a-45eb-ba94-8955f60e81d0,1c02ae6f-4492-4915-b8f8-7492a3b1e4cd,810e96e4-e456-4468-9b59-f4e8f39732c0,efe8e2a3-eace-427b-b4f1-cb8a937ec77d,e9aa9a3e-5b2b-4ac7-a2c7-073de2b2b24f,8bbdbcdd-5cd4-4100-b6d5-b7c9625b6107,50f4348b-c883-4e2f-8f11-ce233b859fa1,fda095cb-831d-4601-ad94-846013963de8,f92806d7-1768-443f-afe8-12bcde84d0f0,dd3a144d-ab7f-41f0-82b8-2e43a090d496,f0416e68-0200-4b77-a926-4f9d16e494da,970b0598-bcb0-4714-91fb-2e81440dccd8,bcd64cc6-2dd9-43f6-abbe-66318d332032,d930590d-bb92-4cc8-8bd1-23cd027f9edf,a3cd009f-0ab0-420d-9278-b9fdab939bbc,6a2d0734-bd9e-4ddf-946e-caa52498cb75,c27215d8-6835-4b68-bfbb-bdeac6100c04,b5d6115f-0370-4d7c-aad3-c194cc71cf98,871c3b6c-7379-419d-bda3-794b239ab90d,ff9b0199-ce04-4cfe-86cc-6c719f08d6e4,de1c2107-70c8-4021-8459-6399f24d01c6,cbf30902-517f-40dc-af90-a550bac27cf1
2025-7-21 23:37:47-debug:   Number of other assets: 455
2025-7-21 23:37:47-debug:   Number of all scenes: 3
2025-7-21 23:37:47-debug: Init bundle root assets success..., progress: 0%
2025-7-21 23:37:47-debug:   Number of all scripts: 28
2025-7-21 23:37:47-debug: // ---- build task 查询 Asset Bundle ---- (2ms)
2025-7-21 23:37:47-debug: [Build Memory track]: 查询 Asset Bundle start:198.33MB, end 198.20MB, increase: -132.94KB
2025-7-21 23:37:47-debug: 查询 Asset Bundle start, progress: 5%
2025-7-21 23:37:47-debug: // ---- build task 查询 Asset Bundle ----
2025-7-21 23:37:47-log: run build task 查询 Asset Bundle success in 2 ms√, progress: 5%
2025-7-21 23:37:47-debug: // ---- build task 查询 Asset Bundle ---- (1ms)
2025-7-21 23:37:47-debug: 整理部分构建选项内数据到 settings.json start, progress: 10%
2025-7-21 23:37:47-log: run build task 查询 Asset Bundle success in 1 ms√, progress: 10%
2025-7-21 23:37:47-debug: // ---- build task 整理部分构建选项内数据到 settings.json ----
2025-7-21 23:37:47-debug: [Build Memory track]: 查询 Asset Bundle start:198.23MB, end 198.33MB, increase: 106.07KB
2025-7-21 23:37:47-log: run build task 整理部分构建选项内数据到 settings.json success in √, progress: 12%
2025-7-21 23:37:47-debug: // ---- build task 填充脚本数据到 settings.json ----
2025-7-21 23:37:47-debug: [Build Memory track]: 整理部分构建选项内数据到 settings.json start:198.36MB, end 198.38MB, increase: 18.28KB
2025-7-21 23:37:47-debug: 填充脚本数据到 settings.json start, progress: 12%
2025-7-21 23:37:47-log: run build task 填充脚本数据到 settings.json success in √, progress: 13%
2025-7-21 23:37:47-debug: [Build Memory track]: 填充脚本数据到 settings.json start:198.41MB, end 198.43MB, increase: 17.93KB
2025-7-21 23:37:47-debug: 整理部分构建选项内数据到 settings.json start, progress: 13%
2025-7-21 23:37:47-debug: // ---- build task 整理部分构建选项内数据到 settings.json ----
2025-7-21 23:37:47-debug: // ---- build task 整理部分构建选项内数据到 settings.json ---- (1ms)
2025-7-21 23:37:47-log: run build task 整理部分构建选项内数据到 settings.json success in 1 ms√, progress: 15%
2025-7-21 23:37:47-debug: [Build Memory track]: 整理部分构建选项内数据到 settings.json start:198.46MB, end 197.87MB, increase: -606.36KB
2025-7-21 23:39:03-debug: refresh db internal success
2025-7-21 23:39:03-debug: %cImport%c: /Users/zeruili/projects/cocos_project/driftClash/assets/scripts/SoundManager.tsbackground: #aaff85; color: #000;color: #000;
2025-7-21 23:39:03-debug: Run asset db hook engine-extends:afterRefresh ...
2025-7-21 23:39:03-debug: refresh db assets success
2025-7-21 23:39:03-debug: Run asset db hook engine-extends:afterRefresh success!
2025-7-21 23:39:03-debug: asset-db:refresh-all-database (42ms)
2025-7-21 23:39:03-debug: asset-db-hook-engine-extends-afterRefresh (1ms)
2025-7-21 23:39:04-debug: Query all assets info in project
2025-7-21 23:39:04-debug: init custom config: keepNodeUuid: false, useCache: true
2025-7-21 23:39:04-debug: Skip compress image, progress: 0%
2025-7-21 23:39:04-debug: Init all bundles start..., progress: 0%
2025-7-21 23:39:04-debug: Init bundle root assets start..., progress: 0%
2025-7-21 23:39:04-debug: Num of bundles: 3..., progress: 0%
2025-7-21 23:39:04-debug: // ---- build task 查询 Asset Bundle ----
2025-7-21 23:39:04-debug: 查询 Asset Bundle start, progress: 0%
2025-7-21 23:39:04-debug: Query preload assets/scripts from cc.config.json: 60f7195c-ec2a-45eb-ba94-8955f60e81d0,1c02ae6f-4492-4915-b8f8-7492a3b1e4cd,810e96e4-e456-4468-9b59-f4e8f39732c0,efe8e2a3-eace-427b-b4f1-cb8a937ec77d,e9aa9a3e-5b2b-4ac7-a2c7-073de2b2b24f,8bbdbcdd-5cd4-4100-b6d5-b7c9625b6107,50f4348b-c883-4e2f-8f11-ce233b859fa1,fda095cb-831d-4601-ad94-846013963de8,f92806d7-1768-443f-afe8-12bcde84d0f0,dd3a144d-ab7f-41f0-82b8-2e43a090d496,f0416e68-0200-4b77-a926-4f9d16e494da,970b0598-bcb0-4714-91fb-2e81440dccd8,bcd64cc6-2dd9-43f6-abbe-66318d332032,d930590d-bb92-4cc8-8bd1-23cd027f9edf,a3cd009f-0ab0-420d-9278-b9fdab939bbc,6a2d0734-bd9e-4ddf-946e-caa52498cb75,c27215d8-6835-4b68-bfbb-bdeac6100c04,b5d6115f-0370-4d7c-aad3-c194cc71cf98,871c3b6c-7379-419d-bda3-794b239ab90d,ff9b0199-ce04-4cfe-86cc-6c719f08d6e4,de1c2107-70c8-4021-8459-6399f24d01c6,cbf30902-517f-40dc-af90-a550bac27cf1
2025-7-21 23:39:04-debug:   Number of all scripts: 28
2025-7-21 23:39:04-debug:   Number of other assets: 455
2025-7-21 23:39:04-debug: Init bundle root assets success..., progress: 0%
2025-7-21 23:39:04-debug:   Number of all scenes: 3
2025-7-21 23:39:04-debug: // ---- build task 查询 Asset Bundle ---- (1ms)
2025-7-21 23:39:04-log: run build task 查询 Asset Bundle success in 1 ms√, progress: 5%
2025-7-21 23:39:04-debug: [Build Memory track]: 查询 Asset Bundle start:199.51MB, end 199.36MB, increase: -146.36KB
2025-7-21 23:39:04-debug: 查询 Asset Bundle start, progress: 5%
2025-7-21 23:39:04-debug: // ---- build task 查询 Asset Bundle ----
2025-7-21 23:39:04-log: run build task 查询 Asset Bundle success in √, progress: 10%
2025-7-21 23:39:04-debug: 整理部分构建选项内数据到 settings.json start, progress: 10%
2025-7-21 23:39:04-debug: // ---- build task 整理部分构建选项内数据到 settings.json ----
2025-7-21 23:39:04-debug: [Build Memory track]: 查询 Asset Bundle start:199.94MB, end 199.50MB, increase: -448.58KB
2025-7-21 23:39:04-debug: [Build Memory track]: 整理部分构建选项内数据到 settings.json start:200.07MB, end 199.56MB, increase: -514.57KB
2025-7-21 23:39:04-debug: // ---- build task 整理部分构建选项内数据到 settings.json ---- (1ms)
2025-7-21 23:39:04-log: run build task 整理部分构建选项内数据到 settings.json success in 1 ms√, progress: 12%
2025-7-21 23:39:04-debug: 填充脚本数据到 settings.json start, progress: 12%
2025-7-21 23:39:04-debug: // ---- build task 填充脚本数据到 settings.json ----
2025-7-21 23:39:04-log: run build task 填充脚本数据到 settings.json success in √, progress: 13%
2025-7-21 23:39:04-debug: [Build Memory track]: 填充脚本数据到 settings.json start:199.60MB, end 199.61MB, increase: 17.34KB
2025-7-21 23:39:04-debug: 整理部分构建选项内数据到 settings.json start, progress: 13%
2025-7-21 23:39:04-debug: // ---- build task 整理部分构建选项内数据到 settings.json ----
2025-7-21 23:39:04-debug: // ---- build task 整理部分构建选项内数据到 settings.json ---- (1ms)
2025-7-21 23:39:04-log: run build task 整理部分构建选项内数据到 settings.json success in 1 ms√, progress: 15%
2025-7-21 23:39:04-debug: [Build Memory track]: 整理部分构建选项内数据到 settings.json start:199.64MB, end 199.78MB, increase: 142.79KB
