2025-8-6 15:21:44-debug: start **** info
2025-8-6 15:21:44-log: Cannot access game frame or container.
2025-8-6 15:21:44-debug: asset-db:require-engine-code (368ms)
2025-8-6 15:21:44-log: meshopt wasm decoder initialized
2025-8-6 15:21:44-log: [bullet]:bullet wasm lib loaded.
2025-8-6 15:21:44-log: [box2d]:box2d wasm lib loaded.
2025-8-6 15:21:44-log: Cocos Creator v3.8.6
2025-8-6 15:21:44-debug: [Assets Memory track]: asset-db-plugin-register: programming start:80.99MB, end 88.62MB, increase: 7.64MB
2025-8-6 15:21:45-debug: [Assets Memory track]: asset-db-plugin-register: builder start:88.65MB, end 282.10MB, increase: 193.45MB
2025-8-6 15:21:45-debug: [Assets Memory track]: asset-db-plugin-register: project start:80.86MB, end 281.81MB, increase: 200.95MB
2025-8-6 15:21:45-debug: [Assets Memory track]: asset-db:worker-init: initPlugin start:80.17MB, end 282.01MB, increase: 201.84MB
2025-8-6 15:21:44-log: Forward render pipeline initialized.
2025-8-6 15:21:44-debug: [Assets Memory track]: asset-db:worker-init: initEngine start:29.30MB, end 80.15MB, increase: 50.85MB
2025-8-6 15:21:44-log: Using legacy pipeline
2025-8-6 15:21:45-debug: run package(fb-instant-games) handler(enable) start
2025-8-6 15:21:45-debug: run package(google-play) handler(enable) start
2025-8-6 15:21:45-debug: run package(google-play) handler(enable) success!
2025-8-6 15:21:45-debug: run package(fb-instant-games) handler(enable) success!
2025-8-6 15:21:45-debug: run package(harmonyos-next) handler(enable) start
2025-8-6 15:21:45-debug: run package(huawei-agc) handler(enable) start
2025-8-6 15:21:45-debug: run package(huawei-agc) handler(enable) success!
2025-8-6 15:21:45-debug: run package(honor-mini-game) handler(enable) start
2025-8-6 15:21:45-debug: run package(huawei-quick-game) handler(enable) success!
2025-8-6 15:21:45-debug: run package(ios) handler(enable) start
2025-8-6 15:21:45-debug: run package(ios) handler(enable) success!
2025-8-6 15:21:45-debug: run package(linux) handler(enable) start
2025-8-6 15:21:45-debug: run package(linux) handler(enable) success!
2025-8-6 15:21:45-debug: run package(mac) handler(enable) start
2025-8-6 15:21:45-debug: run package(mac) handler(enable) success!
2025-8-6 15:21:45-debug: run package(migu-mini-game) handler(enable) start
2025-8-6 15:21:45-debug: run package(migu-mini-game) handler(enable) success!
2025-8-6 15:21:45-debug: run package(native) handler(enable) start
2025-8-6 15:21:45-debug: run package(native) handler(enable) success!
2025-8-6 15:21:45-debug: run package(ohos) handler(enable) start
2025-8-6 15:21:45-debug: run package(ohos) handler(enable) success!
2025-8-6 15:21:45-debug: run package(oppo-mini-game) handler(enable) start
2025-8-6 15:21:45-debug: run package(oppo-mini-game) handler(enable) success!
2025-8-6 15:21:45-debug: run package(runtime-dev-tools) handler(enable) start
2025-8-6 15:21:45-debug: run package(runtime-dev-tools) handler(enable) success!
2025-8-6 15:21:45-debug: run package(taobao-mini-game) handler(enable) start
2025-8-6 15:21:45-debug: run package(taobao-mini-game) handler(enable) success!
2025-8-6 15:21:45-debug: run package(vivo-mini-game) handler(enable) start
2025-8-6 15:21:45-debug: run package(vivo-mini-game) handler(enable) success!
2025-8-6 15:21:45-debug: run package(harmonyos-next) handler(enable) success!
2025-8-6 15:21:45-debug: run package(web-desktop) handler(enable) success!
2025-8-6 15:21:45-debug: run package(web-mobile) handler(enable) start
2025-8-6 15:21:45-debug: run package(web-mobile) handler(enable) success!
2025-8-6 15:21:45-debug: run package(wechatgame) handler(enable) start
2025-8-6 15:21:45-debug: run package(huawei-quick-game) handler(enable) start
2025-8-6 15:21:45-debug: run package(wechatprogram) handler(enable) start
2025-8-6 15:21:45-debug: run package(wechatprogram) handler(enable) success!
2025-8-6 15:21:45-debug: run package(windows) handler(enable) start
2025-8-6 15:21:45-debug: run package(windows) handler(enable) success!
2025-8-6 15:21:45-debug: run package(xiaomi-quick-game) handler(enable) start
2025-8-6 15:21:45-debug: run package(xiaomi-quick-game) handler(enable) success!
2025-8-6 15:21:45-debug: run package(cocos-service) handler(enable) start
2025-8-6 15:21:45-debug: run package(cocos-service) handler(enable) success!
2025-8-6 15:21:45-debug: run package(im-plugin) handler(enable) start
2025-8-6 15:21:45-debug: run package(im-plugin) handler(enable) success!
2025-8-6 15:21:45-debug: run package(fix-asset-default-userdata) handler(enable) start
2025-8-6 15:21:45-debug: run package(web-desktop) handler(enable) start
2025-8-6 15:21:45-debug: asset-db:worker-init: initPlugin (817ms)
2025-8-6 15:21:45-debug: run package(wechatgame) handler(enable) success!
2025-8-6 15:21:45-debug: run package(fix-asset-default-userdata) handler(enable) success!
2025-8-6 15:21:45-debug: run package(honor-mini-game) handler(enable) success!
2025-8-6 15:21:45-debug: [Assets Memory track]: asset-db:worker-init start:29.29MB, end 284.02MB, increase: 254.73MB
2025-8-6 15:21:45-debug: Run asset db hook engine-extends:beforePreStart ...
2025-8-6 15:21:45-debug: Run asset db hook engine-extends:beforePreStart success!
2025-8-6 15:21:45-debug: Run asset db hook programming:beforePreStart ...
2025-8-6 15:21:45-debug: Run asset db hook programming:beforePreStart success!
2025-8-6 15:21:45-debug: run package(placeholder) handler(enable) start
2025-8-6 15:21:45-debug: run package(placeholder) handler(enable) success!
2025-8-6 15:21:45-debug: asset-db:worker-init (1270ms)
2025-8-6 15:21:45-debug: asset-db-hook-engine-extends-beforePreStart (37ms)
2025-8-6 15:21:45-debug: asset-db-hook-programming-beforePreStart (37ms)
2025-8-6 15:21:45-debug: Preimport db internal success
2025-8-6 15:21:45-debug: Run asset db hook programming:afterPreStart ...
2025-8-6 15:21:45-debug: Preimport db assets success
2025-8-6 15:21:45-debug: starting packer-driver...
2025-8-6 15:21:45-debug: initialize scripting environment...
2025-8-6 15:21:45-debug: [[Executor]] prepare before lock
2025-8-6 15:21:45-debug: Set detail map pack:///resolution-detail-map.json: {}
2025-8-6 15:21:45-debug: [[Executor]] prepare after unlock
2025-8-6 15:21:45-debug: Start up the 'internal' database...
2025-8-6 15:21:45-debug: [Assets Memory track]: asset-db:worker-init: preStart start:284.03MB, end 288.35MB, increase: 4.32MB
2025-8-6 15:21:45-debug: Run asset db hook engine-extends:afterPreStart success!
2025-8-6 15:21:45-debug: Run asset db hook programming:afterPreStart success!
2025-8-6 15:21:45-debug: Run asset db hook engine-extends:afterPreStart ...
2025-8-6 15:21:45-debug: asset-db-hook-programming-afterPreStart (259ms)
2025-8-6 15:21:45-debug: asset-db:worker-effect-data-processing (146ms)
2025-8-6 15:21:45-debug: asset-db-hook-engine-extends-afterPreStart (146ms)
2025-8-6 15:21:45-debug: [Assets Memory track]: asset-db:worker-startup-database[internal] start:284.11MB, end 301.80MB, increase: 17.69MB
2025-8-6 15:21:45-debug: Start up the 'assets' database...
2025-8-6 15:21:45-debug: asset-db:worker-startup-database[internal] (370ms)
2025-8-6 15:21:46-debug: [Assets Memory track]: asset-db:worker-init: startup start:288.60MB, end 300.40MB, increase: 11.80MB
2025-8-6 15:21:46-debug: lazy register asset handler *
2025-8-6 15:21:46-debug: lazy register asset handler directory
2025-8-6 15:21:46-debug: lazy register asset handler text
2025-8-6 15:21:46-debug: lazy register asset handler json
2025-8-6 15:21:46-debug: lazy register asset handler spine-data
2025-8-6 15:21:46-debug: lazy register asset handler dragonbones
2025-8-6 15:21:46-debug: lazy register asset handler dragonbones-atlas
2025-8-6 15:21:46-debug: lazy register asset handler terrain
2025-8-6 15:21:46-debug: lazy register asset handler javascript
2025-8-6 15:21:46-debug: lazy register asset handler scene
2025-8-6 15:21:46-debug: lazy register asset handler prefab
2025-8-6 15:21:46-debug: lazy register asset handler sprite-frame
2025-8-6 15:21:46-debug: lazy register asset handler tiled-map
2025-8-6 15:21:46-debug: lazy register asset handler buffer
2025-8-6 15:21:46-debug: lazy register asset handler image
2025-8-6 15:21:46-debug: lazy register asset handler sign-image
2025-8-6 15:21:46-debug: lazy register asset handler alpha-image
2025-8-6 15:21:46-debug: lazy register asset handler texture
2025-8-6 15:21:46-debug: lazy register asset handler texture-cube
2025-8-6 15:21:46-debug: lazy register asset handler erp-texture-cube
2025-8-6 15:21:46-debug: lazy register asset handler render-texture
2025-8-6 15:21:46-debug: lazy register asset handler texture-cube-face
2025-8-6 15:21:46-debug: lazy register asset handler rt-sprite-frame
2025-8-6 15:21:46-debug: lazy register asset handler gltf
2025-8-6 15:21:46-debug: lazy register asset handler gltf-mesh
2025-8-6 15:21:46-debug: lazy register asset handler gltf-animation
2025-8-6 15:21:46-debug: lazy register asset handler gltf-skeleton
2025-8-6 15:21:46-debug: lazy register asset handler gltf-material
2025-8-6 15:21:46-debug: lazy register asset handler gltf-scene
2025-8-6 15:21:46-debug: lazy register asset handler gltf-embeded-image
2025-8-6 15:21:46-debug: lazy register asset handler fbx
2025-8-6 15:21:46-debug: lazy register asset handler material
2025-8-6 15:21:46-debug: lazy register asset handler physics-material
2025-8-6 15:21:46-debug: lazy register asset handler effect
2025-8-6 15:21:46-debug: lazy register asset handler effect-header
2025-8-6 15:21:46-debug: lazy register asset handler animation-clip
2025-8-6 15:21:46-debug: lazy register asset handler audio-clip
2025-8-6 15:21:46-debug: lazy register asset handler animation-graph
2025-8-6 15:21:46-debug: lazy register asset handler animation-mask
2025-8-6 15:21:46-debug: lazy register asset handler animation-graph-variant
2025-8-6 15:21:46-debug: lazy register asset handler ttf-font
2025-8-6 15:21:46-debug: lazy register asset handler bitmap-font
2025-8-6 15:21:46-debug: lazy register asset handler particle
2025-8-6 15:21:46-debug: lazy register asset handler auto-atlas
2025-8-6 15:21:46-debug: lazy register asset handler label-atlas
2025-8-6 15:21:46-debug: lazy register asset handler render-pipeline
2025-8-6 15:21:46-debug: lazy register asset handler render-stage
2025-8-6 15:21:46-debug: lazy register asset handler render-flow
2025-8-6 15:21:46-debug: lazy register asset handler instantiation-material
2025-8-6 15:21:46-debug: lazy register asset handler instantiation-mesh
2025-8-6 15:21:46-debug: lazy register asset handler instantiation-skeleton
2025-8-6 15:21:46-debug: lazy register asset handler instantiation-animation
2025-8-6 15:21:46-debug: lazy register asset handler video-clip
2025-8-6 15:21:46-debug: lazy register asset handler typescript
2025-8-6 15:21:46-debug: lazy register asset handler sprite-atlas
2025-8-6 15:21:46-debug: [Assets Memory track]: asset-db:worker-startup-database[assets] start:286.89MB, end 300.39MB, increase: 13.50MB
2025-8-6 15:21:46-debug: asset-db:worker-startup-database[assets] (343ms)
2025-8-6 15:21:46-debug: asset-db:start-database (398ms)
2025-8-6 15:21:46-debug: asset-db:ready (2701ms)
2025-8-6 15:21:46-debug: fix the bug of updateDefaultUserData
2025-8-6 15:21:46-debug: init worker message success
2025-8-6 15:21:46-debug: programming:execute-script (3ms)
2025-8-6 15:21:46-debug: [Build Memory track]: builder:worker-init start:304.24MB, end 313.23MB, increase: 8.99MB
2025-8-6 15:21:46-debug: builder:worker-init (200ms)
2025-8-6 15:21:48-debug: Query all assets info in project
2025-8-6 15:21:48-debug: init custom config: keepNodeUuid: false, useCache: true
2025-8-6 15:21:48-debug: Skip compress image, progress: 0%
2025-8-6 15:21:48-debug: Init all bundles start..., progress: 0%
2025-8-6 15:21:48-debug: // ---- build task 查询 Asset Bundle ----
2025-8-6 15:21:48-debug: 查询 Asset Bundle start, progress: 0%
2025-8-6 15:21:48-debug: Num of bundles: 3..., progress: 0%
2025-8-6 15:21:48-debug: Init bundle root assets start..., progress: 0%
2025-8-6 15:21:48-debug: Query preload assets/scripts from cc.config.json: 60f7195c-ec2a-45eb-ba94-8955f60e81d0,1c02ae6f-4492-4915-b8f8-7492a3b1e4cd,810e96e4-e456-4468-9b59-f4e8f39732c0,efe8e2a3-eace-427b-b4f1-cb8a937ec77d,e9aa9a3e-5b2b-4ac7-a2c7-073de2b2b24f,8bbdbcdd-5cd4-4100-b6d5-b7c9625b6107,50f4348b-c883-4e2f-8f11-ce233b859fa1,fda095cb-831d-4601-ad94-846013963de8,f92806d7-1768-443f-afe8-12bcde84d0f0,dd3a144d-ab7f-41f0-82b8-2e43a090d496,f0416e68-0200-4b77-a926-4f9d16e494da,970b0598-bcb0-4714-91fb-2e81440dccd8,bcd64cc6-2dd9-43f6-abbe-66318d332032,d930590d-bb92-4cc8-8bd1-23cd027f9edf,a3cd009f-0ab0-420d-9278-b9fdab939bbc,6a2d0734-bd9e-4ddf-946e-caa52498cb75,c27215d8-6835-4b68-bfbb-bdeac6100c04,b5d6115f-0370-4d7c-aad3-c194cc71cf98,871c3b6c-7379-419d-bda3-794b239ab90d,ff9b0199-ce04-4cfe-86cc-6c719f08d6e4,de1c2107-70c8-4021-8459-6399f24d01c6,cbf30902-517f-40dc-af90-a550bac27cf1
2025-8-6 15:21:48-debug:   Number of all scenes: 3
2025-8-6 15:21:48-debug:   Number of all scripts: 27
2025-8-6 15:21:48-debug:   Number of other assets: 503
2025-8-6 15:21:48-debug: Init bundle root assets success..., progress: 0%
2025-8-6 15:21:48-debug: // ---- build task 查询 Asset Bundle ---- (2ms)
2025-8-6 15:21:48-debug: [Build Memory track]: 查询 Asset Bundle start:317.16MB, end 318.08MB, increase: 946.43KB
2025-8-6 15:21:48-log: run build task 查询 Asset Bundle success in 2 ms√, progress: 5%
2025-8-6 15:21:48-debug: 查询 Asset Bundle start, progress: 5%
2025-8-6 15:21:48-debug: // ---- build task 查询 Asset Bundle ----
2025-8-6 15:21:48-debug: // ---- build task 查询 Asset Bundle ---- (1ms)
2025-8-6 15:21:48-log: run build task 查询 Asset Bundle success in 1 ms√, progress: 10%
2025-8-6 15:21:48-debug: // ---- build task 整理部分构建选项内数据到 settings.json ----
2025-8-6 15:21:48-debug: 整理部分构建选项内数据到 settings.json start, progress: 10%
2025-8-6 15:21:48-debug: [Build Memory track]: 查询 Asset Bundle start:318.11MB, end 318.23MB, increase: 117.55KB
2025-8-6 15:21:48-log: run build task 整理部分构建选项内数据到 settings.json success in √, progress: 12%
2025-8-6 15:21:48-debug: // ---- build task 填充脚本数据到 settings.json ----
2025-8-6 15:21:48-debug: 填充脚本数据到 settings.json start, progress: 12%
2025-8-6 15:21:48-debug: [Build Memory track]: 整理部分构建选项内数据到 settings.json start:318.27MB, end 318.30MB, increase: 21.68KB
2025-8-6 15:21:48-log: run build task 填充脚本数据到 settings.json success in √, progress: 13%
2025-8-6 15:21:48-debug: // ---- build task 整理部分构建选项内数据到 settings.json ----
2025-8-6 15:21:48-debug: [Build Memory track]: 填充脚本数据到 settings.json start:318.33MB, end 318.35MB, increase: 18.20KB
2025-8-6 15:21:48-debug: 整理部分构建选项内数据到 settings.json start, progress: 13%
2025-8-6 15:21:48-debug: // ---- build task 整理部分构建选项内数据到 settings.json ---- (1ms)
2025-8-6 15:21:48-log: run build task 整理部分构建选项内数据到 settings.json success in 1 ms√, progress: 15%
2025-8-6 15:21:48-debug: [Build Memory track]: 整理部分构建选项内数据到 settings.json start:318.38MB, end 318.52MB, increase: 141.80KB
2025-8-6 15:21:48-debug: Query all assets info in project
2025-8-6 15:21:48-debug: Query all assets info in project
2025-8-6 15:21:48-debug: Query all assets info in project
2025-8-6 15:21:48-debug: Query all assets info in project
2025-8-6 15:21:48-debug: init custom config: keepNodeUuid: false, useCache: true
2025-8-6 15:21:48-debug: Skip compress image, progress: 0%
2025-8-6 15:21:48-debug: init custom config: keepNodeUuid: false, useCache: true
2025-8-6 15:21:48-debug: Skip compress image, progress: 0%
2025-8-6 15:21:48-debug: init custom config: keepNodeUuid: false, useCache: true
2025-8-6 15:21:48-debug: Skip compress image, progress: 0%
2025-8-6 15:21:48-debug: init custom config: keepNodeUuid: false, useCache: true
2025-8-6 15:21:48-debug: Skip compress image, progress: 0%
2025-8-6 15:21:48-debug: Init all bundles start..., progress: 0%
2025-8-6 15:21:48-debug: Num of bundles: 3..., progress: 0%
2025-8-6 15:21:48-debug: 查询 Asset Bundle start, progress: 0%
2025-8-6 15:21:48-debug: // ---- build task 查询 Asset Bundle ----
2025-8-6 15:21:48-debug: Init bundle root assets start..., progress: 0%
2025-8-6 15:21:48-debug: Init all bundles start..., progress: 0%
2025-8-6 15:21:48-debug: // ---- build task 查询 Asset Bundle ----
2025-8-6 15:21:48-debug: Init all bundles start..., progress: 0%
2025-8-6 15:21:48-debug: Num of bundles: 3..., progress: 0%
2025-8-6 15:21:48-debug: 查询 Asset Bundle start, progress: 0%
2025-8-6 15:21:48-debug: // ---- build task 查询 Asset Bundle ----
2025-8-6 15:21:48-debug: Num of bundles: 3..., progress: 0%
2025-8-6 15:21:48-debug: Init bundle root assets start..., progress: 0%
2025-8-6 15:21:48-debug: 查询 Asset Bundle start, progress: 0%
2025-8-6 15:21:48-debug: Init bundle root assets start..., progress: 0%
2025-8-6 15:21:48-debug: Query preload assets/scripts from cc.config.json: 60f7195c-ec2a-45eb-ba94-8955f60e81d0,1c02ae6f-4492-4915-b8f8-7492a3b1e4cd,810e96e4-e456-4468-9b59-f4e8f39732c0,efe8e2a3-eace-427b-b4f1-cb8a937ec77d,e9aa9a3e-5b2b-4ac7-a2c7-073de2b2b24f,8bbdbcdd-5cd4-4100-b6d5-b7c9625b6107,50f4348b-c883-4e2f-8f11-ce233b859fa1,fda095cb-831d-4601-ad94-846013963de8,f92806d7-1768-443f-afe8-12bcde84d0f0,dd3a144d-ab7f-41f0-82b8-2e43a090d496,f0416e68-0200-4b77-a926-4f9d16e494da,970b0598-bcb0-4714-91fb-2e81440dccd8,bcd64cc6-2dd9-43f6-abbe-66318d332032,d930590d-bb92-4cc8-8bd1-23cd027f9edf,a3cd009f-0ab0-420d-9278-b9fdab939bbc,6a2d0734-bd9e-4ddf-946e-caa52498cb75,c27215d8-6835-4b68-bfbb-bdeac6100c04,b5d6115f-0370-4d7c-aad3-c194cc71cf98,871c3b6c-7379-419d-bda3-794b239ab90d,ff9b0199-ce04-4cfe-86cc-6c719f08d6e4,de1c2107-70c8-4021-8459-6399f24d01c6,cbf30902-517f-40dc-af90-a550bac27cf1
2025-8-6 15:21:48-debug: Init bundle root assets success..., progress: 0%
2025-8-6 15:21:48-debug:   Number of all scripts: 27
2025-8-6 15:21:48-debug:   Number of other assets: 503
2025-8-6 15:21:48-debug:   Number of all scenes: 3
2025-8-6 15:21:48-debug: Init all bundles start..., progress: 0%
2025-8-6 15:21:48-debug: 查询 Asset Bundle start, progress: 0%
2025-8-6 15:21:48-debug: // ---- build task 查询 Asset Bundle ----
2025-8-6 15:21:48-debug: Num of bundles: 3..., progress: 0%
2025-8-6 15:21:48-debug: Init bundle root assets start..., progress: 0%
2025-8-6 15:21:48-debug: Query preload assets/scripts from cc.config.json: 60f7195c-ec2a-45eb-ba94-8955f60e81d0,1c02ae6f-4492-4915-b8f8-7492a3b1e4cd,810e96e4-e456-4468-9b59-f4e8f39732c0,efe8e2a3-eace-427b-b4f1-cb8a937ec77d,e9aa9a3e-5b2b-4ac7-a2c7-073de2b2b24f,8bbdbcdd-5cd4-4100-b6d5-b7c9625b6107,50f4348b-c883-4e2f-8f11-ce233b859fa1,fda095cb-831d-4601-ad94-846013963de8,f92806d7-1768-443f-afe8-12bcde84d0f0,dd3a144d-ab7f-41f0-82b8-2e43a090d496,f0416e68-0200-4b77-a926-4f9d16e494da,970b0598-bcb0-4714-91fb-2e81440dccd8,bcd64cc6-2dd9-43f6-abbe-66318d332032,d930590d-bb92-4cc8-8bd1-23cd027f9edf,a3cd009f-0ab0-420d-9278-b9fdab939bbc,6a2d0734-bd9e-4ddf-946e-caa52498cb75,c27215d8-6835-4b68-bfbb-bdeac6100c04,b5d6115f-0370-4d7c-aad3-c194cc71cf98,871c3b6c-7379-419d-bda3-794b239ab90d,ff9b0199-ce04-4cfe-86cc-6c719f08d6e4,de1c2107-70c8-4021-8459-6399f24d01c6,cbf30902-517f-40dc-af90-a550bac27cf1
2025-8-6 15:21:48-debug: Init bundle root assets success..., progress: 0%
2025-8-6 15:21:48-debug:   Number of all scripts: 27
2025-8-6 15:21:48-debug:   Number of other assets: 503
2025-8-6 15:21:48-debug:   Number of all scenes: 3
2025-8-6 15:21:48-debug: // ---- build task 查询 Asset Bundle ---- (2ms)
2025-8-6 15:21:48-debug: // ---- build task 查询 Asset Bundle ----
2025-8-6 15:21:48-debug: [Build Memory track]: 查询 Asset Bundle start:314.58MB, end 315.43MB, increase: 868.57KB
2025-8-6 15:21:48-debug: 查询 Asset Bundle start, progress: 5%
2025-8-6 15:21:48-log: run build task 查询 Asset Bundle success in 2 ms√, progress: 5%
2025-8-6 15:21:48-debug: Query preload assets/scripts from cc.config.json: 60f7195c-ec2a-45eb-ba94-8955f60e81d0,1c02ae6f-4492-4915-b8f8-7492a3b1e4cd,810e96e4-e456-4468-9b59-f4e8f39732c0,efe8e2a3-eace-427b-b4f1-cb8a937ec77d,e9aa9a3e-5b2b-4ac7-a2c7-073de2b2b24f,8bbdbcdd-5cd4-4100-b6d5-b7c9625b6107,50f4348b-c883-4e2f-8f11-ce233b859fa1,fda095cb-831d-4601-ad94-846013963de8,f92806d7-1768-443f-afe8-12bcde84d0f0,dd3a144d-ab7f-41f0-82b8-2e43a090d496,f0416e68-0200-4b77-a926-4f9d16e494da,970b0598-bcb0-4714-91fb-2e81440dccd8,bcd64cc6-2dd9-43f6-abbe-66318d332032,d930590d-bb92-4cc8-8bd1-23cd027f9edf,a3cd009f-0ab0-420d-9278-b9fdab939bbc,6a2d0734-bd9e-4ddf-946e-caa52498cb75,c27215d8-6835-4b68-bfbb-bdeac6100c04,b5d6115f-0370-4d7c-aad3-c194cc71cf98,871c3b6c-7379-419d-bda3-794b239ab90d,ff9b0199-ce04-4cfe-86cc-6c719f08d6e4,de1c2107-70c8-4021-8459-6399f24d01c6,cbf30902-517f-40dc-af90-a550bac27cf1
2025-8-6 15:21:48-debug:   Number of all scripts: 27
2025-8-6 15:21:48-debug: // ---- build task 查询 Asset Bundle ---- (1ms)
2025-8-6 15:21:48-log: run build task 查询 Asset Bundle success in 1 ms√, progress: 5%
2025-8-6 15:21:48-debug: 查询 Asset Bundle start, progress: 5%
2025-8-6 15:21:48-debug: // ---- build task 查询 Asset Bundle ----
2025-8-6 15:21:48-debug: [Build Memory track]: 查询 Asset Bundle start:315.46MB, end 316.29MB, increase: 855.76KB
2025-8-6 15:21:48-debug:   Number of all scenes: 3
2025-8-6 15:21:48-debug:   Number of other assets: 503
2025-8-6 15:21:48-debug: Init bundle root assets success..., progress: 0%
2025-8-6 15:21:48-debug: // ---- build task 查询 Asset Bundle ---- (2ms)
2025-8-6 15:21:48-debug: 查询 Asset Bundle start, progress: 5%
2025-8-6 15:21:48-debug: [Build Memory track]: 查询 Asset Bundle start:316.33MB, end 316.36MB, increase: 34.96KB
2025-8-6 15:21:48-log: run build task 查询 Asset Bundle success in 2 ms√, progress: 5%
2025-8-6 15:21:48-debug: // ---- build task 查询 Asset Bundle ----
2025-8-6 15:21:48-debug: Query preload assets/scripts from cc.config.json: 60f7195c-ec2a-45eb-ba94-8955f60e81d0,1c02ae6f-4492-4915-b8f8-7492a3b1e4cd,810e96e4-e456-4468-9b59-f4e8f39732c0,efe8e2a3-eace-427b-b4f1-cb8a937ec77d,e9aa9a3e-5b2b-4ac7-a2c7-073de2b2b24f,8bbdbcdd-5cd4-4100-b6d5-b7c9625b6107,50f4348b-c883-4e2f-8f11-ce233b859fa1,fda095cb-831d-4601-ad94-846013963de8,f92806d7-1768-443f-afe8-12bcde84d0f0,dd3a144d-ab7f-41f0-82b8-2e43a090d496,f0416e68-0200-4b77-a926-4f9d16e494da,970b0598-bcb0-4714-91fb-2e81440dccd8,bcd64cc6-2dd9-43f6-abbe-66318d332032,d930590d-bb92-4cc8-8bd1-23cd027f9edf,a3cd009f-0ab0-420d-9278-b9fdab939bbc,6a2d0734-bd9e-4ddf-946e-caa52498cb75,c27215d8-6835-4b68-bfbb-bdeac6100c04,b5d6115f-0370-4d7c-aad3-c194cc71cf98,871c3b6c-7379-419d-bda3-794b239ab90d,ff9b0199-ce04-4cfe-86cc-6c719f08d6e4,de1c2107-70c8-4021-8459-6399f24d01c6,cbf30902-517f-40dc-af90-a550bac27cf1
2025-8-6 15:21:48-debug:   Number of other assets: 503
2025-8-6 15:21:48-debug:   Number of all scenes: 3
2025-8-6 15:21:48-debug: Init bundle root assets success..., progress: 0%
2025-8-6 15:21:48-debug:   Number of all scripts: 27
2025-8-6 15:21:48-log: run build task 查询 Asset Bundle success in 2 ms√, progress: 10%
2025-8-6 15:21:48-debug: 整理部分构建选项内数据到 settings.json start, progress: 10%
2025-8-6 15:21:48-debug: [Build Memory track]: 查询 Asset Bundle start:316.73MB, end 317.50MB, increase: 789.48KB
2025-8-6 15:21:48-debug: // ---- build task 整理部分构建选项内数据到 settings.json ----
2025-8-6 15:21:48-debug: // ---- build task 查询 Asset Bundle ---- (2ms)
2025-8-6 15:21:48-log: run build task 查询 Asset Bundle success in √, progress: 10%
2025-8-6 15:21:48-debug: // ---- build task 整理部分构建选项内数据到 settings.json ----
2025-8-6 15:21:48-log: run build task 查询 Asset Bundle success in √, progress: 10%
2025-8-6 15:21:48-debug: // ---- build task 整理部分构建选项内数据到 settings.json ----
2025-8-6 15:21:48-log: run build task 查询 Asset Bundle success in √, progress: 5%
2025-8-6 15:21:48-debug: 整理部分构建选项内数据到 settings.json start, progress: 10%
2025-8-6 15:21:48-debug: 查询 Asset Bundle start, progress: 5%
2025-8-6 15:21:48-debug: 整理部分构建选项内数据到 settings.json start, progress: 10%
2025-8-6 15:21:48-debug: // ---- build task 查询 Asset Bundle ----
2025-8-6 15:21:48-log: run build task 整理部分构建选项内数据到 settings.json success in √, progress: 12%
2025-8-6 15:21:48-debug: [Build Memory track]: 整理部分构建选项内数据到 settings.json start:317.61MB, end 318.07MB, increase: 476.62KB
2025-8-6 15:21:48-debug: 填充脚本数据到 settings.json start, progress: 12%
2025-8-6 15:21:48-debug: // ---- build task 填充脚本数据到 settings.json ----
2025-8-6 15:21:48-log: run build task 整理部分构建选项内数据到 settings.json success in √, progress: 12%
2025-8-6 15:21:48-debug: 填充脚本数据到 settings.json start, progress: 12%
2025-8-6 15:21:48-debug: // ---- build task 填充脚本数据到 settings.json ----
2025-8-6 15:21:48-log: run build task 整理部分构建选项内数据到 settings.json success in √, progress: 12%
2025-8-6 15:21:48-debug: 填充脚本数据到 settings.json start, progress: 12%
2025-8-6 15:21:48-debug: // ---- build task 填充脚本数据到 settings.json ----
2025-8-6 15:21:48-log: run build task 填充脚本数据到 settings.json success in √, progress: 13%
2025-8-6 15:21:48-debug: [Build Memory track]: 填充脚本数据到 settings.json start:317.78MB, end 317.80MB, increase: 19.82KB
2025-8-6 15:21:48-debug: 整理部分构建选项内数据到 settings.json start, progress: 13%
2025-8-6 15:21:48-debug: // ---- build task 整理部分构建选项内数据到 settings.json ----
2025-8-6 15:21:48-debug: // ---- build task 填充脚本数据到 settings.json ---- (1ms)
2025-8-6 15:21:48-log: run build task 填充脚本数据到 settings.json success in √, progress: 13%
2025-8-6 15:21:48-debug: 整理部分构建选项内数据到 settings.json start, progress: 13%
2025-8-6 15:21:48-log: run build task 填充脚本数据到 settings.json success in 1 ms√, progress: 13%
2025-8-6 15:21:48-debug: // ---- build task 整理部分构建选项内数据到 settings.json ----
2025-8-6 15:21:48-debug: 整理部分构建选项内数据到 settings.json start, progress: 13%
2025-8-6 15:21:48-debug: // ---- build task 整理部分构建选项内数据到 settings.json ----
2025-8-6 15:21:48-debug: // ---- build task 查询 Asset Bundle ---- (1ms)
2025-8-6 15:21:48-debug: 整理部分构建选项内数据到 settings.json start, progress: 10%
2025-8-6 15:21:48-log: run build task 查询 Asset Bundle success in 1 ms√, progress: 10%
2025-8-6 15:21:48-debug: // ---- build task 整理部分构建选项内数据到 settings.json ----
2025-8-6 15:21:48-debug: [Build Memory track]: 查询 Asset Bundle start:318.05MB, end 318.04MB, increase: -13.46KB
2025-8-6 15:21:48-debug: // ---- build task 整理部分构建选项内数据到 settings.json ---- (1ms)
2025-8-6 15:21:48-log: run build task 整理部分构建选项内数据到 settings.json success in 1 ms√, progress: 12%
2025-8-6 15:21:48-debug: [Build Memory track]: 整理部分构建选项内数据到 settings.json start:318.07MB, end 318.11MB, increase: 35.52KB
2025-8-6 15:21:48-debug: 填充脚本数据到 settings.json start, progress: 12%
2025-8-6 15:21:48-debug: // ---- build task 填充脚本数据到 settings.json ----
2025-8-6 15:21:48-log: run build task 填充脚本数据到 settings.json success in √, progress: 13%
2025-8-6 15:21:48-debug: // ---- build task 整理部分构建选项内数据到 settings.json ----
2025-8-6 15:21:48-debug: 整理部分构建选项内数据到 settings.json start, progress: 13%
2025-8-6 15:21:48-debug: [Build Memory track]: 填充脚本数据到 settings.json start:318.14MB, end 318.16MB, increase: 24.73KB
2025-8-6 15:21:48-debug: // ---- build task 整理部分构建选项内数据到 settings.json ---- (1ms)
2025-8-6 15:21:48-log: run build task 整理部分构建选项内数据到 settings.json success in 1 ms√, progress: 15%
2025-8-6 15:21:48-debug: [Build Memory track]: 整理部分构建选项内数据到 settings.json start:318.19MB, end 318.54MB, increase: 350.78KB
2025-8-6 15:21:48-log: run build task 整理部分构建选项内数据到 settings.json success in √, progress: 15%
2025-8-6 15:21:48-log: run build task 整理部分构建选项内数据到 settings.json success in √, progress: 15%
2025-8-6 15:21:48-log: run build task 整理部分构建选项内数据到 settings.json success in √, progress: 15%
2025-8-6 15:29:07-debug: refresh db internal success
2025-8-6 15:29:07-debug: refresh db assets success
2025-8-6 15:29:07-debug: Run asset db hook engine-extends:afterRefresh ...
2025-8-6 15:29:07-debug: Run asset db hook engine-extends:afterRefresh success!
2025-8-6 15:29:07-debug: asset-db:refresh-all-database (49ms)
2025-8-6 15:29:07-debug: asset-db:worker-effect-data-processing (1ms)
2025-8-6 15:29:07-debug: asset-db-hook-engine-extends-afterRefresh (1ms)
2025-8-6 15:36:19-debug: refresh db internal success
2025-8-6 15:36:20-debug: refresh db assets success
2025-8-6 15:36:20-debug: Run asset db hook engine-extends:afterRefresh success!
2025-8-6 15:36:20-debug: Run asset db hook engine-extends:afterRefresh ...
2025-8-6 15:36:20-debug: asset-db:refresh-all-database (42ms)
2025-8-6 15:36:20-debug: asset-db:worker-effect-data-processing (1ms)
2025-8-6 15:36:20-debug: asset-db-hook-engine-extends-afterRefresh (1ms)
2025-8-6 15:49:18-debug: refresh db internal success
2025-8-6 15:49:18-debug: %cImport%c: /Users/zeruili/projects/cocos_project/driftClash/assets/scripts/AIPlayer.tsbackground: #aaff85; color: #000;color: #000;
2025-8-6 15:49:18-debug: refresh db assets success
2025-8-6 15:49:18-debug: Run asset db hook engine-extends:afterRefresh ...
2025-8-6 15:49:18-debug: Run asset db hook engine-extends:afterRefresh success!
2025-8-6 15:49:18-debug: asset-db:refresh-all-database (47ms)
2025-8-6 15:49:18-debug: asset-db:worker-effect-data-processing (1ms)
2025-8-6 15:49:18-debug: asset-db-hook-engine-extends-afterRefresh (1ms)
2025-8-6 15:49:22-debug: Query all assets info in project
2025-8-6 15:49:22-debug: init custom config: keepNodeUuid: false, useCache: true
2025-8-6 15:49:22-debug: Skip compress image, progress: 0%
2025-8-6 15:49:22-debug: Init all bundles start..., progress: 0%
2025-8-6 15:49:22-debug: // ---- build task 查询 Asset Bundle ----
2025-8-6 15:49:22-debug: 查询 Asset Bundle start, progress: 0%
2025-8-6 15:49:22-debug: Num of bundles: 3..., progress: 0%
2025-8-6 15:49:22-debug: Init bundle root assets start..., progress: 0%
2025-8-6 15:49:22-debug: Query preload assets/scripts from cc.config.json: 60f7195c-ec2a-45eb-ba94-8955f60e81d0,1c02ae6f-4492-4915-b8f8-7492a3b1e4cd,810e96e4-e456-4468-9b59-f4e8f39732c0,efe8e2a3-eace-427b-b4f1-cb8a937ec77d,e9aa9a3e-5b2b-4ac7-a2c7-073de2b2b24f,8bbdbcdd-5cd4-4100-b6d5-b7c9625b6107,50f4348b-c883-4e2f-8f11-ce233b859fa1,fda095cb-831d-4601-ad94-846013963de8,f92806d7-1768-443f-afe8-12bcde84d0f0,dd3a144d-ab7f-41f0-82b8-2e43a090d496,f0416e68-0200-4b77-a926-4f9d16e494da,970b0598-bcb0-4714-91fb-2e81440dccd8,bcd64cc6-2dd9-43f6-abbe-66318d332032,d930590d-bb92-4cc8-8bd1-23cd027f9edf,a3cd009f-0ab0-420d-9278-b9fdab939bbc,6a2d0734-bd9e-4ddf-946e-caa52498cb75,c27215d8-6835-4b68-bfbb-bdeac6100c04,b5d6115f-0370-4d7c-aad3-c194cc71cf98,871c3b6c-7379-419d-bda3-794b239ab90d,ff9b0199-ce04-4cfe-86cc-6c719f08d6e4,de1c2107-70c8-4021-8459-6399f24d01c6,cbf30902-517f-40dc-af90-a550bac27cf1
2025-8-6 15:49:22-debug:   Number of all scenes: 3
2025-8-6 15:49:22-debug:   Number of all scripts: 27
2025-8-6 15:49:22-debug:   Number of other assets: 503
2025-8-6 15:49:22-debug: Init bundle root assets success..., progress: 0%
2025-8-6 15:49:22-debug: // ---- build task 查询 Asset Bundle ---- (2ms)
2025-8-6 15:49:22-debug: // ---- build task 查询 Asset Bundle ----
2025-8-6 15:49:22-debug: [Build Memory track]: 查询 Asset Bundle start:200.33MB, end 200.27MB, increase: -66.72KB
2025-8-6 15:49:22-debug: 查询 Asset Bundle start, progress: 5%
2025-8-6 15:49:22-log: run build task 查询 Asset Bundle success in 2 ms√, progress: 5%
2025-8-6 15:49:22-debug: // ---- build task 查询 Asset Bundle ---- (1ms)
2025-8-6 15:49:22-log: run build task 查询 Asset Bundle success in 1 ms√, progress: 10%
2025-8-6 15:49:22-debug: [Build Memory track]: 查询 Asset Bundle start:200.30MB, end 200.41MB, increase: 117.59KB
2025-8-6 15:49:22-debug: 整理部分构建选项内数据到 settings.json start, progress: 10%
2025-8-6 15:49:22-debug: // ---- build task 整理部分构建选项内数据到 settings.json ----
2025-8-6 15:49:22-log: run build task 整理部分构建选项内数据到 settings.json success in √, progress: 12%
2025-8-6 15:49:22-debug: [Build Memory track]: 整理部分构建选项内数据到 settings.json start:200.45MB, end 200.46MB, increase: 18.43KB
2025-8-6 15:49:22-debug: 填充脚本数据到 settings.json start, progress: 12%
2025-8-6 15:49:22-debug: // ---- build task 填充脚本数据到 settings.json ----
2025-8-6 15:49:22-log: run build task 填充脚本数据到 settings.json success in √, progress: 13%
2025-8-6 15:49:22-debug: 整理部分构建选项内数据到 settings.json start, progress: 13%
2025-8-6 15:49:22-debug: [Build Memory track]: 填充脚本数据到 settings.json start:200.50MB, end 200.51MB, increase: 17.99KB
2025-8-6 15:49:22-debug: // ---- build task 整理部分构建选项内数据到 settings.json ----
2025-8-6 15:49:22-debug: // ---- build task 整理部分构建选项内数据到 settings.json ---- (1ms)
2025-8-6 15:49:22-log: run build task 整理部分构建选项内数据到 settings.json success in 1 ms√, progress: 15%
2025-8-6 15:49:22-debug: [Build Memory track]: 整理部分构建选项内数据到 settings.json start:200.55MB, end 199.99MB, increase: -574.13KB
2025-8-6 15:51:24-debug: refresh db internal success
2025-8-6 15:51:24-debug: %cImport%c: /Users/zeruili/projects/cocos_project/driftClash/assets/scripts/AIPlayer.tsbackground: #aaff85; color: #000;color: #000;
2025-8-6 15:51:24-debug: refresh db assets success
2025-8-6 15:51:24-debug: Run asset db hook engine-extends:afterRefresh ...
2025-8-6 15:51:24-debug: Run asset db hook engine-extends:afterRefresh success!
2025-8-6 15:51:24-debug: asset-db:refresh-all-database (45ms)
2025-8-6 15:51:24-debug: asset-db:worker-effect-data-processing (1ms)
2025-8-6 15:51:24-debug: asset-db-hook-engine-extends-afterRefresh (1ms)
2025-8-6 15:51:28-debug: Query all assets info in project
2025-8-6 15:51:28-debug: init custom config: keepNodeUuid: false, useCache: true
2025-8-6 15:51:28-debug: Skip compress image, progress: 0%
2025-8-6 15:51:28-debug: Init all bundles start..., progress: 0%
2025-8-6 15:51:28-debug: Init bundle root assets start..., progress: 0%
2025-8-6 15:51:28-debug: Num of bundles: 3..., progress: 0%
2025-8-6 15:51:28-debug: // ---- build task 查询 Asset Bundle ----
2025-8-6 15:51:28-debug: 查询 Asset Bundle start, progress: 0%
2025-8-6 15:51:28-debug: Query preload assets/scripts from cc.config.json: 60f7195c-ec2a-45eb-ba94-8955f60e81d0,1c02ae6f-4492-4915-b8f8-7492a3b1e4cd,810e96e4-e456-4468-9b59-f4e8f39732c0,efe8e2a3-eace-427b-b4f1-cb8a937ec77d,e9aa9a3e-5b2b-4ac7-a2c7-073de2b2b24f,8bbdbcdd-5cd4-4100-b6d5-b7c9625b6107,50f4348b-c883-4e2f-8f11-ce233b859fa1,fda095cb-831d-4601-ad94-846013963de8,f92806d7-1768-443f-afe8-12bcde84d0f0,dd3a144d-ab7f-41f0-82b8-2e43a090d496,f0416e68-0200-4b77-a926-4f9d16e494da,970b0598-bcb0-4714-91fb-2e81440dccd8,bcd64cc6-2dd9-43f6-abbe-66318d332032,d930590d-bb92-4cc8-8bd1-23cd027f9edf,a3cd009f-0ab0-420d-9278-b9fdab939bbc,6a2d0734-bd9e-4ddf-946e-caa52498cb75,c27215d8-6835-4b68-bfbb-bdeac6100c04,b5d6115f-0370-4d7c-aad3-c194cc71cf98,871c3b6c-7379-419d-bda3-794b239ab90d,ff9b0199-ce04-4cfe-86cc-6c719f08d6e4,de1c2107-70c8-4021-8459-6399f24d01c6,cbf30902-517f-40dc-af90-a550bac27cf1
2025-8-6 15:51:28-debug:   Number of all scripts: 27
2025-8-6 15:51:28-debug:   Number of other assets: 503
2025-8-6 15:51:28-debug:   Number of all scenes: 3
2025-8-6 15:51:28-debug: Init bundle root assets success..., progress: 0%
2025-8-6 15:51:28-debug: // ---- build task 查询 Asset Bundle ---- (2ms)
2025-8-6 15:51:28-debug: [Build Memory track]: 查询 Asset Bundle start:202.12MB, end 201.41MB, increase: -728.73KB
2025-8-6 15:51:28-debug: 查询 Asset Bundle start, progress: 5%
2025-8-6 15:51:28-debug: // ---- build task 查询 Asset Bundle ----
2025-8-6 15:51:28-log: run build task 查询 Asset Bundle success in 2 ms√, progress: 5%
2025-8-6 15:51:28-debug: // ---- build task 查询 Asset Bundle ---- (1ms)
2025-8-6 15:51:28-log: run build task 查询 Asset Bundle success in 1 ms√, progress: 10%
2025-8-6 15:51:28-debug: // ---- build task 整理部分构建选项内数据到 settings.json ----
2025-8-6 15:51:28-debug: 整理部分构建选项内数据到 settings.json start, progress: 10%
2025-8-6 15:51:28-debug: [Build Memory track]: 查询 Asset Bundle start:201.44MB, end 201.55MB, increase: 113.79KB
2025-8-6 15:51:28-log: run build task 整理部分构建选项内数据到 settings.json success in √, progress: 12%
2025-8-6 15:51:28-debug: [Build Memory track]: 整理部分构建选项内数据到 settings.json start:201.58MB, end 201.60MB, increase: 19.46KB
2025-8-6 15:51:28-debug: 填充脚本数据到 settings.json start, progress: 12%
2025-8-6 15:51:28-debug: // ---- build task 填充脚本数据到 settings.json ----
2025-8-6 15:51:28-debug: [Build Memory track]: 填充脚本数据到 settings.json start:201.64MB, end 201.65MB, increase: 15.54KB
2025-8-6 15:51:28-log: run build task 填充脚本数据到 settings.json success in √, progress: 13%
2025-8-6 15:51:28-debug: 整理部分构建选项内数据到 settings.json start, progress: 13%
2025-8-6 15:51:28-debug: // ---- build task 整理部分构建选项内数据到 settings.json ----
2025-8-6 15:51:28-debug: // ---- build task 整理部分构建选项内数据到 settings.json ---- (1ms)
2025-8-6 15:51:28-log: run build task 整理部分构建选项内数据到 settings.json success in 1 ms√, progress: 15%
2025-8-6 15:51:28-debug: [Build Memory track]: 整理部分构建选项内数据到 settings.json start:201.69MB, end 201.95MB, increase: 262.60KB
2025-8-6 15:52:01-debug: refresh db internal success
2025-8-6 15:52:01-debug: refresh db assets success
2025-8-6 15:52:01-debug: Run asset db hook engine-extends:afterRefresh ...
2025-8-6 15:52:01-debug: Run asset db hook engine-extends:afterRefresh success!
2025-8-6 15:52:01-debug: asset-db:refresh-all-database (42ms)
2025-8-6 15:52:52-debug: refresh db internal success
2025-8-6 15:52:52-debug: refresh db assets success
2025-8-6 15:52:52-debug: Run asset db hook engine-extends:afterRefresh success!
2025-8-6 15:52:52-debug: Run asset db hook engine-extends:afterRefresh ...
2025-8-6 15:52:52-debug: asset-db:refresh-all-database (43ms)
2025-8-6 15:52:52-debug: asset-db:worker-effect-data-processing (1ms)
2025-8-6 15:52:52-debug: asset-db-hook-engine-extends-afterRefresh (1ms)
2025-8-6 16:10:08-debug: refresh db internal success
2025-8-6 16:10:08-debug: refresh db assets success
2025-8-6 16:10:08-debug: Run asset db hook engine-extends:afterRefresh ...
2025-8-6 16:10:08-debug: Run asset db hook engine-extends:afterRefresh success!
2025-8-6 16:10:08-debug: asset-db:refresh-all-database (45ms)
2025-8-6 16:10:08-debug: asset-db:worker-effect-data-processing (1ms)
2025-8-6 16:10:08-debug: asset-db-hook-engine-extends-afterRefresh (1ms)
2025-8-6 16:11:44-debug: refresh db internal success
2025-8-6 16:11:44-debug: %cImport%c: /Users/zeruili/projects/cocos_project/driftClash/assets/scripts/AIPlayer.tsbackground: #aaff85; color: #000;color: #000;
2025-8-6 16:11:44-debug: refresh db assets success
2025-8-6 16:11:44-debug: Run asset db hook engine-extends:afterRefresh ...
2025-8-6 16:11:44-debug: Run asset db hook engine-extends:afterRefresh success!
2025-8-6 16:11:44-debug: asset-db:refresh-all-database (46ms)
2025-8-6 16:11:44-debug: asset-db:worker-effect-data-processing (1ms)
2025-8-6 16:11:44-debug: asset-db-hook-engine-extends-afterRefresh (1ms)
2025-8-6 16:11:45-debug: Query all assets info in project
2025-8-6 16:11:45-debug: init custom config: keepNodeUuid: false, useCache: true
2025-8-6 16:11:45-debug: Skip compress image, progress: 0%
2025-8-6 16:11:45-debug: Init all bundles start..., progress: 0%
2025-8-6 16:11:45-debug: Num of bundles: 3..., progress: 0%
2025-8-6 16:11:45-debug: 查询 Asset Bundle start, progress: 0%
2025-8-6 16:11:45-debug: // ---- build task 查询 Asset Bundle ----
2025-8-6 16:11:45-debug: Init bundle root assets start..., progress: 0%
2025-8-6 16:11:45-debug: Query preload assets/scripts from cc.config.json: 60f7195c-ec2a-45eb-ba94-8955f60e81d0,1c02ae6f-4492-4915-b8f8-7492a3b1e4cd,810e96e4-e456-4468-9b59-f4e8f39732c0,efe8e2a3-eace-427b-b4f1-cb8a937ec77d,e9aa9a3e-5b2b-4ac7-a2c7-073de2b2b24f,8bbdbcdd-5cd4-4100-b6d5-b7c9625b6107,50f4348b-c883-4e2f-8f11-ce233b859fa1,fda095cb-831d-4601-ad94-846013963de8,f92806d7-1768-443f-afe8-12bcde84d0f0,dd3a144d-ab7f-41f0-82b8-2e43a090d496,f0416e68-0200-4b77-a926-4f9d16e494da,970b0598-bcb0-4714-91fb-2e81440dccd8,bcd64cc6-2dd9-43f6-abbe-66318d332032,d930590d-bb92-4cc8-8bd1-23cd027f9edf,a3cd009f-0ab0-420d-9278-b9fdab939bbc,6a2d0734-bd9e-4ddf-946e-caa52498cb75,c27215d8-6835-4b68-bfbb-bdeac6100c04,b5d6115f-0370-4d7c-aad3-c194cc71cf98,871c3b6c-7379-419d-bda3-794b239ab90d,ff9b0199-ce04-4cfe-86cc-6c719f08d6e4,de1c2107-70c8-4021-8459-6399f24d01c6,cbf30902-517f-40dc-af90-a550bac27cf1
2025-8-6 16:11:45-debug:   Number of other assets: 503
2025-8-6 16:11:45-debug:   Number of all scripts: 27
2025-8-6 16:11:45-debug: Init bundle root assets success..., progress: 0%
2025-8-6 16:11:45-debug:   Number of all scenes: 3
2025-8-6 16:11:45-debug: // ---- build task 查询 Asset Bundle ---- (2ms)
2025-8-6 16:11:45-log: run build task 查询 Asset Bundle success in 2 ms√, progress: 5%
2025-8-6 16:11:45-debug: [Build Memory track]: 查询 Asset Bundle start:204.37MB, end 204.28MB, increase: -93.76KB
2025-8-6 16:11:45-debug: 查询 Asset Bundle start, progress: 5%
2025-8-6 16:11:45-debug: // ---- build task 查询 Asset Bundle ----
2025-8-6 16:11:45-log: run build task 查询 Asset Bundle success in √, progress: 10%
2025-8-6 16:11:45-debug: 整理部分构建选项内数据到 settings.json start, progress: 10%
2025-8-6 16:11:45-debug: // ---- build task 整理部分构建选项内数据到 settings.json ----
2025-8-6 16:11:45-debug: [Build Memory track]: 查询 Asset Bundle start:204.30MB, end 204.40MB, increase: 99.44KB
2025-8-6 16:11:45-debug: // ---- build task 整理部分构建选项内数据到 settings.json ---- (1ms)
2025-8-6 16:11:45-debug: 填充脚本数据到 settings.json start, progress: 12%
2025-8-6 16:11:45-debug: [Build Memory track]: 整理部分构建选项内数据到 settings.json start:204.43MB, end 204.45MB, increase: 22.80KB
2025-8-6 16:11:45-debug: // ---- build task 填充脚本数据到 settings.json ----
2025-8-6 16:11:45-log: run build task 整理部分构建选项内数据到 settings.json success in 1 ms√, progress: 12%
2025-8-6 16:11:45-log: run build task 填充脚本数据到 settings.json success in √, progress: 13%
2025-8-6 16:11:45-debug: 整理部分构建选项内数据到 settings.json start, progress: 13%
2025-8-6 16:11:45-debug: // ---- build task 整理部分构建选项内数据到 settings.json ----
2025-8-6 16:11:45-debug: [Build Memory track]: 填充脚本数据到 settings.json start:204.47MB, end 204.49MB, increase: 17.77KB
2025-8-6 16:11:45-debug: // ---- build task 整理部分构建选项内数据到 settings.json ---- (1ms)
2025-8-6 16:11:45-log: run build task 整理部分构建选项内数据到 settings.json success in 1 ms√, progress: 15%
2025-8-6 16:11:45-debug: [Build Memory track]: 整理部分构建选项内数据到 settings.json start:204.51MB, end 204.65MB, increase: 136.39KB
2025-8-6 16:20:06-debug: refresh db internal success
2025-8-6 16:20:06-debug: %cImport%c: /Users/zeruili/projects/cocos_project/driftClash/assets/scripts/AIPlayer.tsbackground: #aaff85; color: #000;color: #000;
2025-8-6 16:20:06-debug: refresh db assets success
2025-8-6 16:20:06-debug: Run asset db hook engine-extends:afterRefresh ...
2025-8-6 16:20:06-debug: Run asset db hook engine-extends:afterRefresh success!
2025-8-6 16:20:06-debug: asset-db:refresh-all-database (46ms)
2025-8-6 16:20:06-debug: asset-db:worker-effect-data-processing (1ms)
2025-8-6 16:20:06-debug: asset-db-hook-engine-extends-afterRefresh (1ms)
2025-8-6 16:20:06-debug: Query all assets info in project
2025-8-6 16:20:06-debug: init custom config: keepNodeUuid: false, useCache: true
2025-8-6 16:20:06-debug: Skip compress image, progress: 0%
2025-8-6 16:20:06-debug: Init all bundles start..., progress: 0%
2025-8-6 16:20:06-debug: Num of bundles: 3..., progress: 0%
2025-8-6 16:20:06-debug: Init bundle root assets start..., progress: 0%
2025-8-6 16:20:06-debug: // ---- build task 查询 Asset Bundle ----
2025-8-6 16:20:06-debug: 查询 Asset Bundle start, progress: 0%
2025-8-6 16:20:06-debug: Query preload assets/scripts from cc.config.json: 60f7195c-ec2a-45eb-ba94-8955f60e81d0,1c02ae6f-4492-4915-b8f8-7492a3b1e4cd,810e96e4-e456-4468-9b59-f4e8f39732c0,efe8e2a3-eace-427b-b4f1-cb8a937ec77d,e9aa9a3e-5b2b-4ac7-a2c7-073de2b2b24f,8bbdbcdd-5cd4-4100-b6d5-b7c9625b6107,50f4348b-c883-4e2f-8f11-ce233b859fa1,fda095cb-831d-4601-ad94-846013963de8,f92806d7-1768-443f-afe8-12bcde84d0f0,dd3a144d-ab7f-41f0-82b8-2e43a090d496,f0416e68-0200-4b77-a926-4f9d16e494da,970b0598-bcb0-4714-91fb-2e81440dccd8,bcd64cc6-2dd9-43f6-abbe-66318d332032,d930590d-bb92-4cc8-8bd1-23cd027f9edf,a3cd009f-0ab0-420d-9278-b9fdab939bbc,6a2d0734-bd9e-4ddf-946e-caa52498cb75,c27215d8-6835-4b68-bfbb-bdeac6100c04,b5d6115f-0370-4d7c-aad3-c194cc71cf98,871c3b6c-7379-419d-bda3-794b239ab90d,ff9b0199-ce04-4cfe-86cc-6c719f08d6e4,de1c2107-70c8-4021-8459-6399f24d01c6,cbf30902-517f-40dc-af90-a550bac27cf1
2025-8-6 16:20:06-debug: Init bundle root assets success..., progress: 0%
2025-8-6 16:20:06-debug:   Number of all scripts: 27
2025-8-6 16:20:06-debug:   Number of other assets: 503
2025-8-6 16:20:06-debug:   Number of all scenes: 3
2025-8-6 16:20:06-debug: // ---- build task 查询 Asset Bundle ---- (1ms)
2025-8-6 16:20:06-debug: 查询 Asset Bundle start, progress: 5%
2025-8-6 16:20:06-debug: [Build Memory track]: 查询 Asset Bundle start:204.96MB, end 204.92MB, increase: -40.34KB
2025-8-6 16:20:06-debug: // ---- build task 查询 Asset Bundle ----
2025-8-6 16:20:06-log: run build task 查询 Asset Bundle success in 1 ms√, progress: 5%
2025-8-6 16:20:06-debug: // ---- build task 查询 Asset Bundle ---- (1ms)
2025-8-6 16:20:06-debug: // ---- build task 整理部分构建选项内数据到 settings.json ----
2025-8-6 16:20:06-log: run build task 查询 Asset Bundle success in 1 ms√, progress: 10%
2025-8-6 16:20:06-debug: 整理部分构建选项内数据到 settings.json start, progress: 10%
2025-8-6 16:20:06-debug: [Build Memory track]: 查询 Asset Bundle start:204.94MB, end 205.06MB, increase: 116.36KB
2025-8-6 16:20:06-log: run build task 整理部分构建选项内数据到 settings.json success in √, progress: 12%
2025-8-6 16:20:06-debug: // ---- build task 填充脚本数据到 settings.json ----
2025-8-6 16:20:06-debug: [Build Memory track]: 整理部分构建选项内数据到 settings.json start:205.08MB, end 205.10MB, increase: 20.66KB
2025-8-6 16:20:06-debug: 填充脚本数据到 settings.json start, progress: 12%
2025-8-6 16:20:06-debug: // ---- build task 填充脚本数据到 settings.json ---- (1ms)
2025-8-6 16:20:06-log: run build task 填充脚本数据到 settings.json success in 1 ms√, progress: 13%
2025-8-6 16:20:06-debug: 整理部分构建选项内数据到 settings.json start, progress: 13%
2025-8-6 16:20:06-debug: // ---- build task 整理部分构建选项内数据到 settings.json ----
2025-8-6 16:20:06-debug: [Build Memory track]: 填充脚本数据到 settings.json start:205.48MB, end 205.70MB, increase: 224.49KB
2025-8-6 16:20:06-debug: // ---- build task 整理部分构建选项内数据到 settings.json ---- (1ms)
2025-8-6 16:20:06-log: run build task 整理部分构建选项内数据到 settings.json success in 1 ms√, progress: 15%
2025-8-6 16:20:06-debug: [Build Memory track]: 整理部分构建选项内数据到 settings.json start:205.72MB, end 205.33MB, increase: -402.88KB
2025-8-6 16:21:24-debug: refresh db internal success
2025-8-6 16:21:24-debug: refresh db assets success
2025-8-6 16:21:24-debug: Run asset db hook engine-extends:afterRefresh ...
2025-8-6 16:21:24-debug: Run asset db hook engine-extends:afterRefresh success!
2025-8-6 16:21:24-debug: asset-db:refresh-all-database (32ms)
2025-8-6 16:22:06-debug: %cImport%c: /Users/zeruili/projects/cocos_project/driftClash/assets/resources/prefab/levels/level-3.prefabbackground: #aaff85; color: #000;color: #000;
2025-8-6 16:22:06-debug: asset-db:reimport-asset8d8867cd-f591-45fa-8564-e435fcdb1847 (4ms)
2025-8-6 16:22:07-debug: %cImport%c: /Users/zeruili/projects/cocos_project/driftClash/assets/resources/prefab/levels/level-3.prefabbackground: #aaff85; color: #000;color: #000;
2025-8-6 16:22:07-debug: asset-db:reimport-asset8d8867cd-f591-45fa-8564-e435fcdb1847 (4ms)
2025-8-6 16:22:07-debug: %cImport%c: /Users/zeruili/projects/cocos_project/driftClash/assets/resources/prefab/levels/level-3.prefabbackground: #aaff85; color: #000;color: #000;
2025-8-6 16:22:07-debug: asset-db:reimport-asset8d8867cd-f591-45fa-8564-e435fcdb1847 (4ms)
2025-8-6 16:22:07-debug: %cImport%c: /Users/zeruili/projects/cocos_project/driftClash/assets/resources/prefab/levels/level-3.prefabbackground: #aaff85; color: #000;color: #000;
2025-8-6 16:22:07-debug: asset-db:reimport-asset8d8867cd-f591-45fa-8564-e435fcdb1847 (4ms)
2025-8-6 16:22:07-debug: %cImport%c: /Users/zeruili/projects/cocos_project/driftClash/assets/resources/prefab/levels/level-3.prefabbackground: #aaff85; color: #000;color: #000;
2025-8-6 16:22:07-debug: asset-db:reimport-asset8d8867cd-f591-45fa-8564-e435fcdb1847 (3ms)
2025-8-6 16:22:08-debug: %cImport%c: /Users/zeruili/projects/cocos_project/driftClash/assets/resources/prefab/levels/level-3.prefabbackground: #aaff85; color: #000;color: #000;
2025-8-6 16:22:08-debug: asset-db:reimport-asset8d8867cd-f591-45fa-8564-e435fcdb1847 (4ms)
2025-8-6 16:22:08-debug: %cImport%c: /Users/zeruili/projects/cocos_project/driftClash/assets/resources/prefab/levels/level-3.prefabbackground: #aaff85; color: #000;color: #000;
2025-8-6 16:22:08-debug: asset-db:reimport-asset8d8867cd-f591-45fa-8564-e435fcdb1847 (2ms)
2025-8-6 16:22:08-debug: %cImport%c: /Users/zeruili/projects/cocos_project/driftClash/assets/resources/prefab/levels/level-3.prefabbackground: #aaff85; color: #000;color: #000;
2025-8-6 16:22:08-debug: asset-db:reimport-asset8d8867cd-f591-45fa-8564-e435fcdb1847 (3ms)
2025-8-6 16:22:39-debug: %cImport%c: /Users/zeruili/projects/cocos_project/driftClash/assets/resources/prefab/levels/level-3.prefabbackground: #aaff85; color: #000;color: #000;
2025-8-6 16:22:39-debug: asset-db:reimport-asset8d8867cd-f591-45fa-8564-e435fcdb1847 (8ms)
2025-8-6 16:22:40-debug: %cImport%c: /Users/zeruili/projects/cocos_project/driftClash/assets/resources/prefab/levels/level-3.prefabbackground: #aaff85; color: #000;color: #000;
2025-8-6 16:22:40-debug: asset-db:reimport-asset8d8867cd-f591-45fa-8564-e435fcdb1847 (3ms)
2025-8-6 16:22:40-debug: %cImport%c: /Users/zeruili/projects/cocos_project/driftClash/assets/resources/prefab/levels/level-3.prefabbackground: #aaff85; color: #000;color: #000;
2025-8-6 16:22:40-debug: asset-db:reimport-asset8d8867cd-f591-45fa-8564-e435fcdb1847 (3ms)
2025-8-6 16:22:40-debug: %cImport%c: /Users/zeruili/projects/cocos_project/driftClash/assets/resources/prefab/levels/level-3.prefabbackground: #aaff85; color: #000;color: #000;
2025-8-6 16:22:40-debug: asset-db:reimport-asset8d8867cd-f591-45fa-8564-e435fcdb1847 (3ms)
2025-8-6 16:22:47-debug: %cImport%c: /Users/zeruili/projects/cocos_project/driftClash/assets/resources/prefab/levels/level-3.prefabbackground: #aaff85; color: #000;color: #000;
2025-8-6 16:22:47-debug: asset-db:reimport-asset8d8867cd-f591-45fa-8564-e435fcdb1847 (7ms)
2025-8-6 16:22:54-debug: %cImport%c: /Users/zeruili/projects/cocos_project/driftClash/assets/resources/prefab/levels/level-3.prefabbackground: #aaff85; color: #000;color: #000;
2025-8-6 16:22:54-debug: asset-db:reimport-asset8d8867cd-f591-45fa-8564-e435fcdb1847 (6ms)
2025-8-6 16:23:14-debug: refresh db internal success
2025-8-6 16:23:14-debug: %cImport%c: /Users/zeruili/projects/cocos_project/driftClash/assets/scripts/AIPlayer.tsbackground: #aaff85; color: #000;color: #000;
2025-8-6 16:23:14-debug: refresh db assets success
2025-8-6 16:23:14-debug: Run asset db hook engine-extends:afterRefresh ...
2025-8-6 16:23:14-debug: Run asset db hook engine-extends:afterRefresh success!
2025-8-6 16:23:14-debug: asset-db:refresh-all-database (41ms)
2025-8-6 16:23:14-debug: Query all assets info in project
2025-8-6 16:23:14-debug: init custom config: keepNodeUuid: false, useCache: true
2025-8-6 16:23:14-debug: Skip compress image, progress: 0%
2025-8-6 16:23:14-debug: Init all bundles start..., progress: 0%
2025-8-6 16:23:14-debug: Num of bundles: 3..., progress: 0%
2025-8-6 16:23:14-debug: 查询 Asset Bundle start, progress: 0%
2025-8-6 16:23:14-debug: // ---- build task 查询 Asset Bundle ----
2025-8-6 16:23:14-debug: Init bundle root assets start..., progress: 0%
2025-8-6 16:23:14-debug: Query preload assets/scripts from cc.config.json: 60f7195c-ec2a-45eb-ba94-8955f60e81d0,1c02ae6f-4492-4915-b8f8-7492a3b1e4cd,810e96e4-e456-4468-9b59-f4e8f39732c0,efe8e2a3-eace-427b-b4f1-cb8a937ec77d,e9aa9a3e-5b2b-4ac7-a2c7-073de2b2b24f,8bbdbcdd-5cd4-4100-b6d5-b7c9625b6107,50f4348b-c883-4e2f-8f11-ce233b859fa1,fda095cb-831d-4601-ad94-846013963de8,f92806d7-1768-443f-afe8-12bcde84d0f0,dd3a144d-ab7f-41f0-82b8-2e43a090d496,f0416e68-0200-4b77-a926-4f9d16e494da,970b0598-bcb0-4714-91fb-2e81440dccd8,bcd64cc6-2dd9-43f6-abbe-66318d332032,d930590d-bb92-4cc8-8bd1-23cd027f9edf,a3cd009f-0ab0-420d-9278-b9fdab939bbc,6a2d0734-bd9e-4ddf-946e-caa52498cb75,c27215d8-6835-4b68-bfbb-bdeac6100c04,b5d6115f-0370-4d7c-aad3-c194cc71cf98,871c3b6c-7379-419d-bda3-794b239ab90d,ff9b0199-ce04-4cfe-86cc-6c719f08d6e4,de1c2107-70c8-4021-8459-6399f24d01c6,cbf30902-517f-40dc-af90-a550bac27cf1
2025-8-6 16:23:14-debug:   Number of all scenes: 3
2025-8-6 16:23:14-debug:   Number of all scripts: 27
2025-8-6 16:23:14-debug:   Number of other assets: 503
2025-8-6 16:23:14-debug: Init bundle root assets success..., progress: 0%
2025-8-6 16:23:14-debug: // ---- build task 查询 Asset Bundle ---- (1ms)
2025-8-6 16:23:14-log: run build task 查询 Asset Bundle success in 1 ms√, progress: 5%
2025-8-6 16:23:14-debug: [Build Memory track]: 查询 Asset Bundle start:208.83MB, end 208.71MB, increase: -118.01KB
2025-8-6 16:23:14-debug: 查询 Asset Bundle start, progress: 5%
2025-8-6 16:23:14-debug: // ---- build task 查询 Asset Bundle ----
2025-8-6 16:23:14-debug: // ---- build task 查询 Asset Bundle ---- (1ms)
2025-8-6 16:23:14-debug: [Build Memory track]: 查询 Asset Bundle start:208.73MB, end 208.84MB, increase: 111.86KB
2025-8-6 16:23:14-debug: 整理部分构建选项内数据到 settings.json start, progress: 10%
2025-8-6 16:23:14-debug: // ---- build task 整理部分构建选项内数据到 settings.json ----
2025-8-6 16:23:14-log: run build task 查询 Asset Bundle success in 1 ms√, progress: 10%
2025-8-6 16:23:14-log: run build task 整理部分构建选项内数据到 settings.json success in √, progress: 12%
2025-8-6 16:23:14-debug: 填充脚本数据到 settings.json start, progress: 12%
2025-8-6 16:23:14-debug: [Build Memory track]: 整理部分构建选项内数据到 settings.json start:208.87MB, end 208.88MB, increase: 16.27KB
2025-8-6 16:23:14-debug: // ---- build task 填充脚本数据到 settings.json ----
2025-8-6 16:23:14-log: run build task 填充脚本数据到 settings.json success in √, progress: 13%
2025-8-6 16:23:14-debug: // ---- build task 整理部分构建选项内数据到 settings.json ----
2025-8-6 16:23:14-debug: 整理部分构建选项内数据到 settings.json start, progress: 13%
2025-8-6 16:23:14-debug: [Build Memory track]: 填充脚本数据到 settings.json start:208.91MB, end 208.92MB, increase: 15.19KB
2025-8-6 16:23:14-debug: // ---- build task 整理部分构建选项内数据到 settings.json ---- (1ms)
2025-8-6 16:23:14-log: run build task 整理部分构建选项内数据到 settings.json success in 1 ms√, progress: 15%
2025-8-6 16:23:14-debug: [Build Memory track]: 整理部分构建选项内数据到 settings.json start:208.95MB, end 209.08MB, increase: 128.18KB
2025-8-6 16:24:11-debug: refresh db internal success
2025-8-6 16:24:11-debug: %cImport%c: /Users/zeruili/projects/cocos_project/driftClash/assets/scripts/AIPlayer.tsbackground: #aaff85; color: #000;color: #000;
2025-8-6 16:24:11-debug: Run asset db hook engine-extends:afterRefresh ...
2025-8-6 16:24:11-debug: refresh db assets success
2025-8-6 16:24:11-debug: Run asset db hook engine-extends:afterRefresh success!
2025-8-6 16:24:11-debug: asset-db:refresh-all-database (37ms)
2025-8-6 16:24:13-debug: Query all assets info in project
2025-8-6 16:24:13-debug: init custom config: keepNodeUuid: false, useCache: true
2025-8-6 16:24:13-debug: Skip compress image, progress: 0%
2025-8-6 16:24:13-debug: Init all bundles start..., progress: 0%
2025-8-6 16:24:13-debug: // ---- build task 查询 Asset Bundle ----
2025-8-6 16:24:13-debug: 查询 Asset Bundle start, progress: 0%
2025-8-6 16:24:13-debug: Num of bundles: 3..., progress: 0%
2025-8-6 16:24:13-debug: Init bundle root assets start..., progress: 0%
2025-8-6 16:24:13-debug: Query preload assets/scripts from cc.config.json: 60f7195c-ec2a-45eb-ba94-8955f60e81d0,1c02ae6f-4492-4915-b8f8-7492a3b1e4cd,810e96e4-e456-4468-9b59-f4e8f39732c0,efe8e2a3-eace-427b-b4f1-cb8a937ec77d,e9aa9a3e-5b2b-4ac7-a2c7-073de2b2b24f,8bbdbcdd-5cd4-4100-b6d5-b7c9625b6107,50f4348b-c883-4e2f-8f11-ce233b859fa1,fda095cb-831d-4601-ad94-846013963de8,f92806d7-1768-443f-afe8-12bcde84d0f0,dd3a144d-ab7f-41f0-82b8-2e43a090d496,f0416e68-0200-4b77-a926-4f9d16e494da,970b0598-bcb0-4714-91fb-2e81440dccd8,bcd64cc6-2dd9-43f6-abbe-66318d332032,d930590d-bb92-4cc8-8bd1-23cd027f9edf,a3cd009f-0ab0-420d-9278-b9fdab939bbc,6a2d0734-bd9e-4ddf-946e-caa52498cb75,c27215d8-6835-4b68-bfbb-bdeac6100c04,b5d6115f-0370-4d7c-aad3-c194cc71cf98,871c3b6c-7379-419d-bda3-794b239ab90d,ff9b0199-ce04-4cfe-86cc-6c719f08d6e4,de1c2107-70c8-4021-8459-6399f24d01c6,cbf30902-517f-40dc-af90-a550bac27cf1
2025-8-6 16:24:13-debug: Init bundle root assets success..., progress: 0%
2025-8-6 16:24:13-debug:   Number of all scripts: 27
2025-8-6 16:24:13-debug:   Number of other assets: 503
2025-8-6 16:24:13-debug:   Number of all scenes: 3
2025-8-6 16:24:13-debug: // ---- build task 查询 Asset Bundle ---- (2ms)
2025-8-6 16:24:13-log: run build task 查询 Asset Bundle success in 2 ms√, progress: 5%
2025-8-6 16:24:13-debug: // ---- build task 查询 Asset Bundle ----
2025-8-6 16:24:13-debug: [Build Memory track]: 查询 Asset Bundle start:210.10MB, end 209.99MB, increase: -117.77KB
2025-8-6 16:24:13-debug: 查询 Asset Bundle start, progress: 5%
2025-8-6 16:24:13-debug: // ---- build task 查询 Asset Bundle ---- (1ms)
2025-8-6 16:24:13-debug: 整理部分构建选项内数据到 settings.json start, progress: 10%
2025-8-6 16:24:13-debug: [Build Memory track]: 查询 Asset Bundle start:210.01MB, end 210.12MB, increase: 109.44KB
2025-8-6 16:24:13-debug: // ---- build task 整理部分构建选项内数据到 settings.json ----
2025-8-6 16:24:13-log: run build task 查询 Asset Bundle success in 1 ms√, progress: 10%
2025-8-6 16:24:13-log: run build task 整理部分构建选项内数据到 settings.json success in √, progress: 12%
2025-8-6 16:24:13-debug: // ---- build task 填充脚本数据到 settings.json ----
2025-8-6 16:24:13-debug: [Build Memory track]: 整理部分构建选项内数据到 settings.json start:210.14MB, end 210.16MB, increase: 16.32KB
2025-8-6 16:24:13-debug: 填充脚本数据到 settings.json start, progress: 12%
2025-8-6 16:24:13-log: run build task 填充脚本数据到 settings.json success in √, progress: 13%
2025-8-6 16:24:13-debug: 整理部分构建选项内数据到 settings.json start, progress: 13%
2025-8-6 16:24:13-debug: [Build Memory track]: 填充脚本数据到 settings.json start:210.18MB, end 210.20MB, increase: 14.88KB
2025-8-6 16:24:13-debug: // ---- build task 整理部分构建选项内数据到 settings.json ----
2025-8-6 16:24:13-debug: // ---- build task 整理部分构建选项内数据到 settings.json ---- (1ms)
2025-8-6 16:24:13-log: run build task 整理部分构建选项内数据到 settings.json success in 1 ms√, progress: 15%
2025-8-6 16:24:13-debug: [Build Memory track]: 整理部分构建选项内数据到 settings.json start:210.22MB, end 210.35MB, increase: 133.92KB
2025-8-6 16:25:01-debug: refresh db internal success
2025-8-6 16:25:01-debug: %cImport%c: /Users/zeruili/projects/cocos_project/driftClash/assets/scripts/AIPlayer.tsbackground: #aaff85; color: #000;color: #000;
2025-8-6 16:25:01-debug: refresh db assets success
2025-8-6 16:25:01-debug: Run asset db hook engine-extends:afterRefresh ...
2025-8-6 16:25:01-debug: Run asset db hook engine-extends:afterRefresh success!
2025-8-6 16:25:01-debug: asset-db:refresh-all-database (45ms)
2025-8-6 16:25:01-debug: Query all assets info in project
2025-8-6 16:25:01-debug: init custom config: keepNodeUuid: false, useCache: true
2025-8-6 16:25:01-debug: Skip compress image, progress: 0%
2025-8-6 16:25:01-debug: Init all bundles start..., progress: 0%
2025-8-6 16:25:01-debug: Init bundle root assets start..., progress: 0%
2025-8-6 16:25:01-debug: Num of bundles: 3..., progress: 0%
2025-8-6 16:25:01-debug: // ---- build task 查询 Asset Bundle ----
2025-8-6 16:25:01-debug: 查询 Asset Bundle start, progress: 0%
2025-8-6 16:25:01-debug: Query preload assets/scripts from cc.config.json: 60f7195c-ec2a-45eb-ba94-8955f60e81d0,1c02ae6f-4492-4915-b8f8-7492a3b1e4cd,810e96e4-e456-4468-9b59-f4e8f39732c0,efe8e2a3-eace-427b-b4f1-cb8a937ec77d,e9aa9a3e-5b2b-4ac7-a2c7-073de2b2b24f,8bbdbcdd-5cd4-4100-b6d5-b7c9625b6107,50f4348b-c883-4e2f-8f11-ce233b859fa1,fda095cb-831d-4601-ad94-846013963de8,f92806d7-1768-443f-afe8-12bcde84d0f0,dd3a144d-ab7f-41f0-82b8-2e43a090d496,f0416e68-0200-4b77-a926-4f9d16e494da,970b0598-bcb0-4714-91fb-2e81440dccd8,bcd64cc6-2dd9-43f6-abbe-66318d332032,d930590d-bb92-4cc8-8bd1-23cd027f9edf,a3cd009f-0ab0-420d-9278-b9fdab939bbc,6a2d0734-bd9e-4ddf-946e-caa52498cb75,c27215d8-6835-4b68-bfbb-bdeac6100c04,b5d6115f-0370-4d7c-aad3-c194cc71cf98,871c3b6c-7379-419d-bda3-794b239ab90d,ff9b0199-ce04-4cfe-86cc-6c719f08d6e4,de1c2107-70c8-4021-8459-6399f24d01c6,cbf30902-517f-40dc-af90-a550bac27cf1
2025-8-6 16:25:01-debug:   Number of other assets: 503
2025-8-6 16:25:01-debug: Init bundle root assets success..., progress: 0%
2025-8-6 16:25:01-debug:   Number of all scripts: 27
2025-8-6 16:25:01-debug:   Number of all scenes: 3
2025-8-6 16:25:01-debug: // ---- build task 查询 Asset Bundle ---- (2ms)
2025-8-6 16:25:01-debug: [Build Memory track]: 查询 Asset Bundle start:211.10MB, end 210.37MB, increase: -745.13KB
2025-8-6 16:25:01-debug: // ---- build task 查询 Asset Bundle ----
2025-8-6 16:25:01-debug: 查询 Asset Bundle start, progress: 5%
2025-8-6 16:25:01-log: run build task 查询 Asset Bundle success in 2 ms√, progress: 5%
2025-8-6 16:25:01-debug: // ---- build task 查询 Asset Bundle ---- (1ms)
2025-8-6 16:25:01-debug: [Build Memory track]: 查询 Asset Bundle start:210.39MB, end 210.50MB, increase: 108.09KB
2025-8-6 16:25:01-debug: // ---- build task 整理部分构建选项内数据到 settings.json ----
2025-8-6 16:25:01-log: run build task 查询 Asset Bundle success in 1 ms√, progress: 10%
2025-8-6 16:25:01-debug: 整理部分构建选项内数据到 settings.json start, progress: 10%
2025-8-6 16:25:01-log: run build task 整理部分构建选项内数据到 settings.json success in √, progress: 12%
2025-8-6 16:25:01-debug: [Build Memory track]: 整理部分构建选项内数据到 settings.json start:210.52MB, end 210.54MB, increase: 17.00KB
2025-8-6 16:25:01-debug: 填充脚本数据到 settings.json start, progress: 12%
2025-8-6 16:25:01-debug: // ---- build task 填充脚本数据到 settings.json ----
2025-8-6 16:25:01-log: run build task 填充脚本数据到 settings.json success in √, progress: 13%
2025-8-6 16:25:01-debug: [Build Memory track]: 填充脚本数据到 settings.json start:210.57MB, end 210.59MB, increase: 15.87KB
2025-8-6 16:25:01-debug: 整理部分构建选项内数据到 settings.json start, progress: 13%
2025-8-6 16:25:01-debug: // ---- build task 整理部分构建选项内数据到 settings.json ----
2025-8-6 16:25:01-debug: // ---- build task 整理部分构建选项内数据到 settings.json ---- (1ms)
2025-8-6 16:25:01-debug: [Build Memory track]: 整理部分构建选项内数据到 settings.json start:210.61MB, end 210.73MB, increase: 122.83KB
2025-8-6 16:25:01-log: run build task 整理部分构建选项内数据到 settings.json success in 1 ms√, progress: 15%
2025-8-6 16:25:50-debug: refresh db internal success
2025-8-6 16:25:50-debug: %cImport%c: /Users/zeruili/projects/cocos_project/driftClash/assets/scripts/AIPlayer.tsbackground: #aaff85; color: #000;color: #000;
2025-8-6 16:25:50-debug: refresh db assets success
2025-8-6 16:25:50-debug: Run asset db hook engine-extends:afterRefresh success!
2025-8-6 16:25:50-debug: Run asset db hook engine-extends:afterRefresh ...
2025-8-6 16:25:50-debug: asset-db:refresh-all-database (26ms)
2025-8-6 16:25:50-debug: Query all assets info in project
2025-8-6 16:25:50-debug: init custom config: keepNodeUuid: false, useCache: true
2025-8-6 16:25:50-debug: Skip compress image, progress: 0%
2025-8-6 16:25:50-debug: Init all bundles start..., progress: 0%
2025-8-6 16:25:50-debug: 查询 Asset Bundle start, progress: 0%
2025-8-6 16:25:50-debug: // ---- build task 查询 Asset Bundle ----
2025-8-6 16:25:50-debug: Init bundle root assets start..., progress: 0%
2025-8-6 16:25:50-debug: Num of bundles: 3..., progress: 0%
2025-8-6 16:25:50-debug: Query preload assets/scripts from cc.config.json: 60f7195c-ec2a-45eb-ba94-8955f60e81d0,1c02ae6f-4492-4915-b8f8-7492a3b1e4cd,810e96e4-e456-4468-9b59-f4e8f39732c0,efe8e2a3-eace-427b-b4f1-cb8a937ec77d,e9aa9a3e-5b2b-4ac7-a2c7-073de2b2b24f,8bbdbcdd-5cd4-4100-b6d5-b7c9625b6107,50f4348b-c883-4e2f-8f11-ce233b859fa1,fda095cb-831d-4601-ad94-846013963de8,f92806d7-1768-443f-afe8-12bcde84d0f0,dd3a144d-ab7f-41f0-82b8-2e43a090d496,f0416e68-0200-4b77-a926-4f9d16e494da,970b0598-bcb0-4714-91fb-2e81440dccd8,bcd64cc6-2dd9-43f6-abbe-66318d332032,d930590d-bb92-4cc8-8bd1-23cd027f9edf,a3cd009f-0ab0-420d-9278-b9fdab939bbc,6a2d0734-bd9e-4ddf-946e-caa52498cb75,c27215d8-6835-4b68-bfbb-bdeac6100c04,b5d6115f-0370-4d7c-aad3-c194cc71cf98,871c3b6c-7379-419d-bda3-794b239ab90d,ff9b0199-ce04-4cfe-86cc-6c719f08d6e4,de1c2107-70c8-4021-8459-6399f24d01c6,cbf30902-517f-40dc-af90-a550bac27cf1
2025-8-6 16:25:50-debug:   Number of all scripts: 27
2025-8-6 16:25:50-debug:   Number of other assets: 503
2025-8-6 16:25:50-debug: Init bundle root assets success..., progress: 0%
2025-8-6 16:25:50-debug:   Number of all scenes: 3
2025-8-6 16:25:50-debug: // ---- build task 查询 Asset Bundle ---- (2ms)
2025-8-6 16:25:50-debug: // ---- build task 查询 Asset Bundle ----
2025-8-6 16:25:50-debug: [Build Memory track]: 查询 Asset Bundle start:211.12MB, end 211.02MB, increase: -101.49KB
2025-8-6 16:25:50-debug: 查询 Asset Bundle start, progress: 5%
2025-8-6 16:25:50-log: run build task 查询 Asset Bundle success in 2 ms√, progress: 5%
2025-8-6 16:25:50-log: run build task 查询 Asset Bundle success in √, progress: 10%
2025-8-6 16:25:50-debug: 整理部分构建选项内数据到 settings.json start, progress: 10%
2025-8-6 16:25:50-debug: [Build Memory track]: 查询 Asset Bundle start:211.05MB, end 211.14MB, increase: 99.46KB
2025-8-6 16:25:50-debug: // ---- build task 整理部分构建选项内数据到 settings.json ----
2025-8-6 16:25:50-log: run build task 整理部分构建选项内数据到 settings.json success in √, progress: 12%
2025-8-6 16:25:50-debug: 填充脚本数据到 settings.json start, progress: 12%
2025-8-6 16:25:50-debug: [Build Memory track]: 整理部分构建选项内数据到 settings.json start:211.17MB, end 211.18MB, increase: 17.01KB
2025-8-6 16:25:50-debug: // ---- build task 填充脚本数据到 settings.json ----
2025-8-6 16:25:50-debug: [Build Memory track]: 填充脚本数据到 settings.json start:211.21MB, end 211.22MB, increase: 14.82KB
2025-8-6 16:25:50-debug: 整理部分构建选项内数据到 settings.json start, progress: 13%
2025-8-6 16:25:50-log: run build task 填充脚本数据到 settings.json success in √, progress: 13%
2025-8-6 16:25:50-debug: // ---- build task 整理部分构建选项内数据到 settings.json ----
2025-8-6 16:25:50-log: run build task 整理部分构建选项内数据到 settings.json success in √, progress: 15%
2025-8-6 16:25:50-debug: [Build Memory track]: 整理部分构建选项内数据到 settings.json start:211.25MB, end 211.36MB, increase: 116.64KB
2025-8-6 16:30:27-debug: refresh db internal success
2025-8-6 16:30:27-debug: %cImport%c: /Users/zeruili/projects/cocos_project/driftClash/assets/scripts/AIPlayer.tsbackground: #aaff85; color: #000;color: #000;
2025-8-6 16:30:27-debug: refresh db assets success
2025-8-6 16:30:27-debug: Run asset db hook engine-extends:afterRefresh ...
2025-8-6 16:30:27-debug: Run asset db hook engine-extends:afterRefresh success!
2025-8-6 16:30:27-debug: asset-db:refresh-all-database (42ms)
2025-8-6 16:30:27-debug: asset-db:worker-effect-data-processing (1ms)
2025-8-6 16:30:27-debug: asset-db-hook-engine-extends-afterRefresh (1ms)
2025-8-6 16:31:12-debug: refresh db internal success
2025-8-6 16:31:12-debug: refresh db assets success
2025-8-6 16:31:12-debug: Run asset db hook engine-extends:afterRefresh success!
2025-8-6 16:31:12-debug: Run asset db hook engine-extends:afterRefresh ...
2025-8-6 16:31:12-debug: asset-db:refresh-all-database (44ms)
2025-8-6 16:31:12-debug: asset-db:worker-effect-data-processing (1ms)
2025-8-6 16:31:12-debug: asset-db-hook-engine-extends-afterRefresh (1ms)
2025-8-6 16:32:01-debug: refresh db internal success
2025-8-6 16:32:01-debug: refresh db assets success
2025-8-6 16:32:01-debug: Run asset db hook engine-extends:afterRefresh ...
2025-8-6 16:32:01-debug: Run asset db hook engine-extends:afterRefresh success!
2025-8-6 16:32:01-debug: asset-db:refresh-all-database (38ms)
2025-8-6 16:32:01-debug: asset-db:worker-effect-data-processing (1ms)
2025-8-6 16:32:01-debug: asset-db-hook-engine-extends-afterRefresh (1ms)
2025-8-6 16:33:21-debug: refresh db internal success
2025-8-6 16:33:21-debug: %cImport%c: /Users/zeruili/projects/cocos_project/driftClash/assets/scripts/AIPlayer.tsbackground: #aaff85; color: #000;color: #000;
2025-8-6 16:33:21-debug: refresh db assets success
2025-8-6 16:33:21-debug: Run asset db hook engine-extends:afterRefresh ...
2025-8-6 16:33:21-debug: Run asset db hook engine-extends:afterRefresh success!
2025-8-6 16:33:21-debug: asset-db:refresh-all-database (42ms)
2025-8-6 16:33:21-debug: asset-db-hook-engine-extends-afterRefresh (1ms)
2025-8-6 16:33:21-debug: Query all assets info in project
2025-8-6 16:33:21-debug: init custom config: keepNodeUuid: false, useCache: true
2025-8-6 16:33:21-debug: Skip compress image, progress: 0%
2025-8-6 16:33:21-debug: Init all bundles start..., progress: 0%
2025-8-6 16:33:21-debug: // ---- build task 查询 Asset Bundle ----
2025-8-6 16:33:21-debug: 查询 Asset Bundle start, progress: 0%
2025-8-6 16:33:21-debug: Init bundle root assets start..., progress: 0%
2025-8-6 16:33:21-debug: Num of bundles: 3..., progress: 0%
2025-8-6 16:33:21-debug: Query preload assets/scripts from cc.config.json: 60f7195c-ec2a-45eb-ba94-8955f60e81d0,1c02ae6f-4492-4915-b8f8-7492a3b1e4cd,810e96e4-e456-4468-9b59-f4e8f39732c0,efe8e2a3-eace-427b-b4f1-cb8a937ec77d,e9aa9a3e-5b2b-4ac7-a2c7-073de2b2b24f,8bbdbcdd-5cd4-4100-b6d5-b7c9625b6107,50f4348b-c883-4e2f-8f11-ce233b859fa1,fda095cb-831d-4601-ad94-846013963de8,f92806d7-1768-443f-afe8-12bcde84d0f0,dd3a144d-ab7f-41f0-82b8-2e43a090d496,f0416e68-0200-4b77-a926-4f9d16e494da,970b0598-bcb0-4714-91fb-2e81440dccd8,bcd64cc6-2dd9-43f6-abbe-66318d332032,d930590d-bb92-4cc8-8bd1-23cd027f9edf,a3cd009f-0ab0-420d-9278-b9fdab939bbc,6a2d0734-bd9e-4ddf-946e-caa52498cb75,c27215d8-6835-4b68-bfbb-bdeac6100c04,b5d6115f-0370-4d7c-aad3-c194cc71cf98,871c3b6c-7379-419d-bda3-794b239ab90d,ff9b0199-ce04-4cfe-86cc-6c719f08d6e4,de1c2107-70c8-4021-8459-6399f24d01c6,cbf30902-517f-40dc-af90-a550bac27cf1
2025-8-6 16:33:21-debug:   Number of all scenes: 3
2025-8-6 16:33:21-debug: Init bundle root assets success..., progress: 0%
2025-8-6 16:33:21-debug:   Number of all scripts: 27
2025-8-6 16:33:21-debug:   Number of other assets: 503
2025-8-6 16:33:21-debug: // ---- build task 查询 Asset Bundle ---- (2ms)
2025-8-6 16:33:21-log: run build task 查询 Asset Bundle success in 2 ms√, progress: 5%
2025-8-6 16:33:21-debug: [Build Memory track]: 查询 Asset Bundle start:212.72MB, end 212.57MB, increase: -162.52KB
2025-8-6 16:33:21-debug: 查询 Asset Bundle start, progress: 5%
2025-8-6 16:33:21-debug: // ---- build task 查询 Asset Bundle ----
2025-8-6 16:33:21-log: run build task 查询 Asset Bundle success in √, progress: 10%
2025-8-6 16:33:21-debug: [Build Memory track]: 查询 Asset Bundle start:212.59MB, end 212.69MB, increase: 99.29KB
2025-8-6 16:33:21-debug: 整理部分构建选项内数据到 settings.json start, progress: 10%
2025-8-6 16:33:21-debug: // ---- build task 整理部分构建选项内数据到 settings.json ----
2025-8-6 16:33:21-log: run build task 整理部分构建选项内数据到 settings.json success in √, progress: 12%
2025-8-6 16:33:21-debug: [Build Memory track]: 整理部分构建选项内数据到 settings.json start:212.71MB, end 212.73MB, increase: 15.46KB
2025-8-6 16:33:21-debug: 填充脚本数据到 settings.json start, progress: 12%
2025-8-6 16:33:21-debug: // ---- build task 填充脚本数据到 settings.json ----
2025-8-6 16:33:21-log: run build task 填充脚本数据到 settings.json success in √, progress: 13%
2025-8-6 16:33:21-debug: [Build Memory track]: 填充脚本数据到 settings.json start:212.75MB, end 212.76MB, increase: 13.63KB
2025-8-6 16:33:21-debug: // ---- build task 整理部分构建选项内数据到 settings.json ----
2025-8-6 16:33:21-debug: 整理部分构建选项内数据到 settings.json start, progress: 13%
2025-8-6 16:33:21-debug: // ---- build task 整理部分构建选项内数据到 settings.json ---- (1ms)
2025-8-6 16:33:21-log: run build task 整理部分构建选项内数据到 settings.json success in 1 ms√, progress: 15%
2025-8-6 16:33:21-debug: [Build Memory track]: 整理部分构建选项内数据到 settings.json start:212.79MB, end 212.91MB, increase: 125.45KB
2025-8-6 16:33:55-debug: Query all assets info in project
2025-8-6 16:33:55-debug: init custom config: keepNodeUuid: false, useCache: true
2025-8-6 16:33:55-debug: Skip compress image, progress: 0%
2025-8-6 16:33:55-debug: Init all bundles start..., progress: 0%
2025-8-6 16:33:55-debug: Num of bundles: 3..., progress: 0%
2025-8-6 16:33:55-debug: 查询 Asset Bundle start, progress: 0%
2025-8-6 16:33:55-debug: // ---- build task 查询 Asset Bundle ----
2025-8-6 16:33:55-debug: Init bundle root assets start..., progress: 0%
2025-8-6 16:33:55-debug: Query preload assets/scripts from cc.config.json: 60f7195c-ec2a-45eb-ba94-8955f60e81d0,1c02ae6f-4492-4915-b8f8-7492a3b1e4cd,810e96e4-e456-4468-9b59-f4e8f39732c0,efe8e2a3-eace-427b-b4f1-cb8a937ec77d,e9aa9a3e-5b2b-4ac7-a2c7-073de2b2b24f,8bbdbcdd-5cd4-4100-b6d5-b7c9625b6107,50f4348b-c883-4e2f-8f11-ce233b859fa1,fda095cb-831d-4601-ad94-846013963de8,f92806d7-1768-443f-afe8-12bcde84d0f0,dd3a144d-ab7f-41f0-82b8-2e43a090d496,f0416e68-0200-4b77-a926-4f9d16e494da,970b0598-bcb0-4714-91fb-2e81440dccd8,bcd64cc6-2dd9-43f6-abbe-66318d332032,d930590d-bb92-4cc8-8bd1-23cd027f9edf,a3cd009f-0ab0-420d-9278-b9fdab939bbc,6a2d0734-bd9e-4ddf-946e-caa52498cb75,c27215d8-6835-4b68-bfbb-bdeac6100c04,b5d6115f-0370-4d7c-aad3-c194cc71cf98,871c3b6c-7379-419d-bda3-794b239ab90d,ff9b0199-ce04-4cfe-86cc-6c719f08d6e4,de1c2107-70c8-4021-8459-6399f24d01c6,cbf30902-517f-40dc-af90-a550bac27cf1
2025-8-6 16:33:55-debug: Init bundle root assets success..., progress: 0%
2025-8-6 16:33:55-debug:   Number of all scenes: 3
2025-8-6 16:33:55-debug:   Number of other assets: 503
2025-8-6 16:33:55-debug:   Number of all scripts: 27
2025-8-6 16:33:55-debug: // ---- build task 查询 Asset Bundle ---- (2ms)
2025-8-6 16:33:55-log: run build task 查询 Asset Bundle success in 2 ms√, progress: 5%
2025-8-6 16:33:55-debug: [Build Memory track]: 查询 Asset Bundle start:212.48MB, end 212.46MB, increase: -13.80KB
2025-8-6 16:33:55-debug: // ---- build task 查询 Asset Bundle ----
2025-8-6 16:33:55-debug: 查询 Asset Bundle start, progress: 5%
2025-8-6 16:33:55-debug: // ---- build task 查询 Asset Bundle ---- (1ms)
2025-8-6 16:33:55-debug: [Build Memory track]: 查询 Asset Bundle start:212.49MB, end 212.60MB, increase: 107.97KB
2025-8-6 16:33:55-log: run build task 查询 Asset Bundle success in 1 ms√, progress: 10%
2025-8-6 16:33:55-debug: 整理部分构建选项内数据到 settings.json start, progress: 10%
2025-8-6 16:33:55-debug: // ---- build task 整理部分构建选项内数据到 settings.json ----
2025-8-6 16:33:55-log: run build task 整理部分构建选项内数据到 settings.json success in √, progress: 12%
2025-8-6 16:33:55-debug: [Build Memory track]: 整理部分构建选项内数据到 settings.json start:212.62MB, end 212.64MB, increase: 15.80KB
2025-8-6 16:33:55-debug: 填充脚本数据到 settings.json start, progress: 12%
2025-8-6 16:33:55-debug: // ---- build task 填充脚本数据到 settings.json ----
2025-8-6 16:33:55-debug: // ---- build task 填充脚本数据到 settings.json ---- (1ms)
2025-8-6 16:33:55-log: run build task 填充脚本数据到 settings.json success in 1 ms√, progress: 13%
2025-8-6 16:33:55-debug: [Build Memory track]: 填充脚本数据到 settings.json start:212.66MB, end 212.68MB, increase: 22.57KB
2025-8-6 16:33:55-debug: 整理部分构建选项内数据到 settings.json start, progress: 13%
2025-8-6 16:33:55-debug: // ---- build task 整理部分构建选项内数据到 settings.json ----
2025-8-6 16:33:55-debug: // ---- build task 整理部分构建选项内数据到 settings.json ---- (1ms)
2025-8-6 16:33:55-log: run build task 整理部分构建选项内数据到 settings.json success in 1 ms√, progress: 15%
2025-8-6 16:33:55-debug: [Build Memory track]: 整理部分构建选项内数据到 settings.json start:212.71MB, end 212.83MB, increase: 123.61KB
2025-8-6 16:34:06-debug: refresh db internal success
2025-8-6 16:34:06-debug: refresh db assets success
2025-8-6 16:34:06-debug: Run asset db hook engine-extends:afterRefresh ...
2025-8-6 16:34:06-debug: Run asset db hook engine-extends:afterRefresh success!
2025-8-6 16:34:06-debug: asset-db:refresh-all-database (44ms)
2025-8-6 16:34:06-debug: asset-db:worker-effect-data-processing (1ms)
2025-8-6 16:34:06-debug: asset-db-hook-engine-extends-afterRefresh (1ms)
2025-8-6 16:34:20-debug: refresh db internal success
2025-8-6 16:34:20-debug: refresh db assets success
2025-8-6 16:34:20-debug: Run asset db hook engine-extends:afterRefresh ...
2025-8-6 16:34:20-debug: Run asset db hook engine-extends:afterRefresh success!
2025-8-6 16:34:20-debug: asset-db:refresh-all-database (32ms)
2025-8-6 16:34:20-debug: asset-db:worker-effect-data-processing (1ms)
2025-8-6 16:34:20-debug: asset-db-hook-engine-extends-afterRefresh (1ms)
2025-8-6 16:34:53-debug: refresh db internal success
2025-8-6 16:34:53-debug: refresh db assets success
2025-8-6 16:34:53-debug: Run asset db hook engine-extends:afterRefresh success!
2025-8-6 16:34:53-debug: Run asset db hook engine-extends:afterRefresh ...
2025-8-6 16:34:53-debug: asset-db:refresh-all-database (31ms)
2025-8-6 16:34:53-debug: asset-db:worker-effect-data-processing (1ms)
2025-8-6 16:34:53-debug: asset-db-hook-engine-extends-afterRefresh (1ms)
2025-8-6 16:39:43-debug: refresh db internal success
2025-8-6 16:39:43-debug: refresh db assets success
2025-8-6 16:39:43-debug: Run asset db hook engine-extends:afterRefresh success!
2025-8-6 16:39:43-debug: Run asset db hook engine-extends:afterRefresh ...
2025-8-6 16:39:43-debug: asset-db:refresh-all-database (34ms)
2025-8-6 16:39:43-debug: asset-db:worker-effect-data-processing (1ms)
2025-8-6 16:39:43-debug: asset-db-hook-engine-extends-afterRefresh (1ms)
2025-8-6 16:40:54-debug: refresh db internal success
2025-8-6 16:40:54-debug: refresh db assets success
2025-8-6 16:40:54-debug: Run asset db hook engine-extends:afterRefresh ...
2025-8-6 16:40:54-debug: Run asset db hook engine-extends:afterRefresh success!
2025-8-6 16:40:54-debug: asset-db:refresh-all-database (32ms)
2025-8-6 16:40:54-debug: asset-db:worker-effect-data-processing (1ms)
2025-8-6 16:40:54-debug: asset-db-hook-engine-extends-afterRefresh (1ms)
2025-8-6 16:41:34-debug: refresh db internal success
2025-8-6 16:41:34-debug: %cImport%c: /Users/zeruili/projects/cocos_project/driftClash/assets/scripts/AIPlayer.tsbackground: #aaff85; color: #000;color: #000;
2025-8-6 16:41:34-debug: refresh db assets success
2025-8-6 16:41:34-debug: Run asset db hook engine-extends:afterRefresh success!
2025-8-6 16:41:34-debug: Run asset db hook engine-extends:afterRefresh ...
2025-8-6 16:41:34-debug: asset-db:refresh-all-database (42ms)
2025-8-6 16:41:40-debug: Query all assets info in project
2025-8-6 16:41:40-debug: init custom config: keepNodeUuid: false, useCache: true
2025-8-6 16:41:40-debug: Skip compress image, progress: 0%
2025-8-6 16:41:40-debug: Init all bundles start..., progress: 0%
2025-8-6 16:41:40-debug: Num of bundles: 3..., progress: 0%
2025-8-6 16:41:40-debug: Init bundle root assets start..., progress: 0%
2025-8-6 16:41:40-debug: // ---- build task 查询 Asset Bundle ----
2025-8-6 16:41:40-debug: 查询 Asset Bundle start, progress: 0%
2025-8-6 16:41:40-debug: Query preload assets/scripts from cc.config.json: 60f7195c-ec2a-45eb-ba94-8955f60e81d0,1c02ae6f-4492-4915-b8f8-7492a3b1e4cd,810e96e4-e456-4468-9b59-f4e8f39732c0,efe8e2a3-eace-427b-b4f1-cb8a937ec77d,e9aa9a3e-5b2b-4ac7-a2c7-073de2b2b24f,8bbdbcdd-5cd4-4100-b6d5-b7c9625b6107,50f4348b-c883-4e2f-8f11-ce233b859fa1,fda095cb-831d-4601-ad94-846013963de8,f92806d7-1768-443f-afe8-12bcde84d0f0,dd3a144d-ab7f-41f0-82b8-2e43a090d496,f0416e68-0200-4b77-a926-4f9d16e494da,970b0598-bcb0-4714-91fb-2e81440dccd8,bcd64cc6-2dd9-43f6-abbe-66318d332032,d930590d-bb92-4cc8-8bd1-23cd027f9edf,a3cd009f-0ab0-420d-9278-b9fdab939bbc,6a2d0734-bd9e-4ddf-946e-caa52498cb75,c27215d8-6835-4b68-bfbb-bdeac6100c04,b5d6115f-0370-4d7c-aad3-c194cc71cf98,871c3b6c-7379-419d-bda3-794b239ab90d,ff9b0199-ce04-4cfe-86cc-6c719f08d6e4,de1c2107-70c8-4021-8459-6399f24d01c6,cbf30902-517f-40dc-af90-a550bac27cf1
2025-8-6 16:41:40-debug:   Number of all scripts: 27
2025-8-6 16:41:40-debug: Init bundle root assets success..., progress: 0%
2025-8-6 16:41:40-debug:   Number of other assets: 503
2025-8-6 16:41:40-debug:   Number of all scenes: 3
2025-8-6 16:41:40-debug: // ---- build task 查询 Asset Bundle ---- (1ms)
2025-8-6 16:41:40-log: run build task 查询 Asset Bundle success in 1 ms√, progress: 5%
2025-8-6 16:41:40-debug: // ---- build task 查询 Asset Bundle ----
2025-8-6 16:41:40-debug: 查询 Asset Bundle start, progress: 5%
2025-8-6 16:41:40-debug: [Build Memory track]: 查询 Asset Bundle start:214.15MB, end 214.13MB, increase: -27.07KB
2025-8-6 16:41:40-log: run build task 查询 Asset Bundle success in √, progress: 10%
2025-8-6 16:41:40-debug: [Build Memory track]: 查询 Asset Bundle start:214.15MB, end 214.25MB, increase: 100.07KB
2025-8-6 16:41:40-debug: 整理部分构建选项内数据到 settings.json start, progress: 10%
2025-8-6 16:41:40-debug: // ---- build task 整理部分构建选项内数据到 settings.json ----
2025-8-6 16:41:40-log: run build task 整理部分构建选项内数据到 settings.json success in √, progress: 12%
2025-8-6 16:41:40-debug: [Build Memory track]: 整理部分构建选项内数据到 settings.json start:214.27MB, end 214.29MB, increase: 15.11KB
2025-8-6 16:41:40-debug: 填充脚本数据到 settings.json start, progress: 12%
2025-8-6 16:41:40-debug: // ---- build task 填充脚本数据到 settings.json ----
2025-8-6 16:41:40-debug: // ---- build task 填充脚本数据到 settings.json ---- (1ms)
2025-8-6 16:41:40-log: run build task 填充脚本数据到 settings.json success in 1 ms√, progress: 13%
2025-8-6 16:41:40-debug: [Build Memory track]: 填充脚本数据到 settings.json start:214.31MB, end 214.33MB, increase: 22.57KB
2025-8-6 16:41:40-debug: 整理部分构建选项内数据到 settings.json start, progress: 13%
2025-8-6 16:41:40-debug: // ---- build task 整理部分构建选项内数据到 settings.json ----
2025-8-6 16:41:40-debug: // ---- build task 整理部分构建选项内数据到 settings.json ---- (1ms)
2025-8-6 16:41:40-log: run build task 整理部分构建选项内数据到 settings.json success in 1 ms√, progress: 15%
2025-8-6 16:41:40-debug: [Build Memory track]: 整理部分构建选项内数据到 settings.json start:214.36MB, end 214.48MB, increase: 123.74KB
2025-8-6 16:41:59-debug: refresh db internal success
2025-8-6 16:41:59-debug: %cImport%c: /Users/zeruili/projects/cocos_project/driftClash/assets/scripts/AIPlayer.tsbackground: #aaff85; color: #000;color: #000;
2025-8-6 16:41:59-debug: refresh db assets success
2025-8-6 16:41:59-debug: Run asset db hook engine-extends:afterRefresh ...
2025-8-6 16:41:59-debug: Run asset db hook engine-extends:afterRefresh success!
2025-8-6 16:41:59-debug: asset-db:refresh-all-database (33ms)
2025-8-6 16:41:59-debug: asset-db-hook-engine-extends-afterRefresh (1ms)
2025-8-6 16:42:00-debug: Query all assets info in project
2025-8-6 16:42:00-debug: Skip compress image, progress: 0%
2025-8-6 16:42:00-debug: init custom config: keepNodeUuid: false, useCache: true
2025-8-6 16:42:00-debug: Init all bundles start..., progress: 0%
2025-8-6 16:42:00-debug: Num of bundles: 3..., progress: 0%
2025-8-6 16:42:00-debug: 查询 Asset Bundle start, progress: 0%
2025-8-6 16:42:00-debug: // ---- build task 查询 Asset Bundle ----
2025-8-6 16:42:00-debug: Init bundle root assets start..., progress: 0%
2025-8-6 16:42:00-debug: Query preload assets/scripts from cc.config.json: 60f7195c-ec2a-45eb-ba94-8955f60e81d0,1c02ae6f-4492-4915-b8f8-7492a3b1e4cd,810e96e4-e456-4468-9b59-f4e8f39732c0,efe8e2a3-eace-427b-b4f1-cb8a937ec77d,e9aa9a3e-5b2b-4ac7-a2c7-073de2b2b24f,8bbdbcdd-5cd4-4100-b6d5-b7c9625b6107,50f4348b-c883-4e2f-8f11-ce233b859fa1,fda095cb-831d-4601-ad94-846013963de8,f92806d7-1768-443f-afe8-12bcde84d0f0,dd3a144d-ab7f-41f0-82b8-2e43a090d496,f0416e68-0200-4b77-a926-4f9d16e494da,970b0598-bcb0-4714-91fb-2e81440dccd8,bcd64cc6-2dd9-43f6-abbe-66318d332032,d930590d-bb92-4cc8-8bd1-23cd027f9edf,a3cd009f-0ab0-420d-9278-b9fdab939bbc,6a2d0734-bd9e-4ddf-946e-caa52498cb75,c27215d8-6835-4b68-bfbb-bdeac6100c04,b5d6115f-0370-4d7c-aad3-c194cc71cf98,871c3b6c-7379-419d-bda3-794b239ab90d,ff9b0199-ce04-4cfe-86cc-6c719f08d6e4,de1c2107-70c8-4021-8459-6399f24d01c6,cbf30902-517f-40dc-af90-a550bac27cf1
2025-8-6 16:42:00-debug:   Number of other assets: 503
2025-8-6 16:42:00-debug: Init bundle root assets success..., progress: 0%
2025-8-6 16:42:00-debug:   Number of all scripts: 27
2025-8-6 16:42:00-debug:   Number of all scenes: 3
2025-8-6 16:42:00-debug: [Build Memory track]: 查询 Asset Bundle start:215.26MB, end 215.10MB, increase: -164.16KB
2025-8-6 16:42:00-log: run build task 查询 Asset Bundle success in 1 ms√, progress: 5%
2025-8-6 16:42:00-debug: 查询 Asset Bundle start, progress: 5%
2025-8-6 16:42:00-debug: // ---- build task 查询 Asset Bundle ---- (1ms)
2025-8-6 16:42:00-debug: // ---- build task 查询 Asset Bundle ----
2025-8-6 16:42:00-log: run build task 查询 Asset Bundle success in √, progress: 10%
2025-8-6 16:42:00-debug: [Build Memory track]: 查询 Asset Bundle start:215.12MB, end 215.22MB, increase: 101.56KB
2025-8-6 16:42:00-debug: 整理部分构建选项内数据到 settings.json start, progress: 10%
2025-8-6 16:42:00-debug: // ---- build task 整理部分构建选项内数据到 settings.json ----
2025-8-6 16:42:00-log: run build task 整理部分构建选项内数据到 settings.json success in √, progress: 12%
2025-8-6 16:42:00-debug: [Build Memory track]: 整理部分构建选项内数据到 settings.json start:215.24MB, end 215.26MB, increase: 15.29KB
2025-8-6 16:42:00-debug: 填充脚本数据到 settings.json start, progress: 12%
2025-8-6 16:42:00-debug: // ---- build task 填充脚本数据到 settings.json ----
2025-8-6 16:42:00-log: run build task 填充脚本数据到 settings.json success in √, progress: 13%
2025-8-6 16:42:00-debug: [Build Memory track]: 填充脚本数据到 settings.json start:215.28MB, end 215.30MB, increase: 15.20KB
2025-8-6 16:42:00-debug: // ---- build task 整理部分构建选项内数据到 settings.json ----
2025-8-6 16:42:00-debug: 整理部分构建选项内数据到 settings.json start, progress: 13%
2025-8-6 16:42:00-log: run build task 整理部分构建选项内数据到 settings.json success in 2 ms√, progress: 15%
2025-8-6 16:42:00-debug: // ---- build task 整理部分构建选项内数据到 settings.json ---- (2ms)
2025-8-6 16:42:00-debug: [Build Memory track]: 整理部分构建选项内数据到 settings.json start:215.32MB, end 214.77MB, increase: -563.77KB
2025-8-6 17:42:55-debug: refresh db internal success
2025-8-6 17:42:55-debug: refresh db assets success
2025-8-6 17:42:55-debug: Run asset db hook engine-extends:afterRefresh ...
2025-8-6 17:42:55-debug: Run asset db hook engine-extends:afterRefresh success!
2025-8-6 17:42:55-debug: asset-db:refresh-all-database (40ms)
2025-8-6 17:42:55-debug: asset-db:worker-effect-data-processing (1ms)
2025-8-6 17:42:55-debug: asset-db-hook-engine-extends-afterRefresh (3ms)
2025-8-6 17:48:58-debug: refresh db internal success
2025-8-6 17:48:58-debug: %cImport%c: /Users/zeruili/projects/cocos_project/driftClash/assets/scripts/AIController.tsbackground: #aaff85; color: #000;color: #000;
2025-8-6 17:48:58-debug: %cImport%c: /Users/zeruili/projects/cocos_project/driftClash/assets/scripts/AIPlayer.tsbackground: #aaff85; color: #000;color: #000;
2025-8-6 17:48:58-debug: refresh db assets success
2025-8-6 17:48:58-debug: Run asset db hook engine-extends:afterRefresh ...
2025-8-6 17:48:58-debug: Run asset db hook engine-extends:afterRefresh success!
2025-8-6 17:48:58-debug: asset-db-hook-engine-extends-afterRefresh (1ms)
2025-8-6 17:48:58-debug: asset-db:refresh-all-database (44ms)
2025-8-6 20:53:56-debug: refresh db internal success
2025-8-6 20:53:56-debug: refresh db assets success
2025-8-6 20:53:56-debug: Run asset db hook engine-extends:afterRefresh ...
2025-8-6 20:53:56-debug: Run asset db hook engine-extends:afterRefresh success!
2025-8-6 20:53:56-debug: asset-db:refresh-all-database (50ms)
2025-8-6 20:53:56-debug: asset-db:worker-effect-data-processing (1ms)
2025-8-6 20:53:56-debug: asset-db-hook-engine-extends-afterRefresh (1ms)
2025-8-6 20:54:02-debug: refresh db internal success
2025-8-6 20:54:02-debug: refresh db assets success
2025-8-6 20:54:02-debug: Run asset db hook engine-extends:afterRefresh ...
2025-8-6 20:54:02-debug: Run asset db hook engine-extends:afterRefresh success!
2025-8-6 20:54:02-debug: asset-db:refresh-all-database (21ms)
2025-8-6 20:55:27-debug: refresh db internal success
2025-8-6 20:55:27-debug: %cImport%c: /Users/zeruili/projects/cocos_project/driftClash/assets/scripts/AIPlayer.tsbackground: #aaff85; color: #000;color: #000;
2025-8-6 20:55:27-debug: refresh db assets success
2025-8-6 20:55:27-debug: Run asset db hook engine-extends:afterRefresh ...
2025-8-6 20:55:27-debug: Run asset db hook engine-extends:afterRefresh success!
2025-8-6 20:55:27-debug: asset-db:refresh-all-database (28ms)
2025-8-6 20:55:27-debug: asset-db:worker-effect-data-processing (1ms)
2025-8-6 20:55:27-debug: asset-db-hook-engine-extends-afterRefresh (1ms)
2025-8-6 20:55:30-debug: refresh db internal success
2025-8-6 20:55:30-debug: refresh db assets success
2025-8-6 20:55:30-debug: Run asset db hook engine-extends:afterRefresh ...
2025-8-6 20:55:30-debug: Run asset db hook engine-extends:afterRefresh success!
2025-8-6 20:55:30-debug: asset-db:refresh-all-database (28ms)
2025-8-6 20:56:51-debug: refresh db internal success
2025-8-6 20:56:51-debug: refresh db assets success
2025-8-6 20:56:51-debug: Run asset db hook engine-extends:afterRefresh ...
2025-8-6 20:56:51-debug: Run asset db hook engine-extends:afterRefresh success!
2025-8-6 20:56:51-debug: asset-db:refresh-all-database (26ms)
2025-8-6 20:57:05-debug: refresh db internal success
2025-8-6 20:57:05-debug: refresh db assets success
2025-8-6 20:57:05-debug: Run asset db hook engine-extends:afterRefresh success!
2025-8-6 20:57:05-debug: Run asset db hook engine-extends:afterRefresh ...
2025-8-6 20:57:05-debug: asset-db:refresh-all-database (35ms)
2025-8-6 20:57:05-debug: asset-db:worker-effect-data-processing (1ms)
2025-8-6 20:57:05-debug: asset-db-hook-engine-extends-afterRefresh (1ms)
2025-8-6 20:57:06-debug: %cImport%c: /Users/zeruili/projects/cocos_project/driftClash/assets/Scenes/gamescene.scenebackground: #aaff85; color: #000;color: #000;
2025-8-6 20:57:06-debug: asset-db:reimport-asset1563d039-d898-4d8f-9415-9f1da853b8a3 (8ms)
