2025-7-12 22:40:02-log: Cannot access game frame or container.
2025-7-12 22:40:02-debug: asset-db:require-engine-code (361ms)
2025-7-12 22:40:02-log: meshopt wasm decoder initialized
2025-7-12 22:40:02-log: [box2d]:box2d wasm lib loaded.
2025-7-12 22:40:02-log: [bullet]:bullet wasm lib loaded.
2025-7-12 22:40:02-log: Cocos Creator v3.8.6
2025-7-12 22:40:02-debug: [Assets Memory track]: asset-db:worker-init: initEngine start:29.54MB, end 80.16MB, increase: 50.62MB
2025-7-12 22:40:02-debug: [Assets Memory track]: asset-db-plugin-register: programming start:81.01MB, end 88.64MB, increase: 7.63MB
2025-7-12 22:40:03-debug: [Assets Memory track]: asset-db-plugin-register: builder start:88.67MB, end 287.17MB, increase: 198.50MB
2025-7-12 22:40:03-debug: [Assets Memory track]: asset-db-plugin-register: engine-extends start:287.37MB, end 290.19MB, increase: 2.82MB
2025-7-12 22:40:03-debug: [Assets Memory track]: asset-db-plugin-register: project start:80.88MB, end 290.35MB, increase: 209.47MB
2025-7-12 22:40:03-debug: [Assets Memory track]: asset-db:worker-init: initPlugin start:80.19MB, end 290.95MB, increase: 210.76MB
2025-7-12 22:40:02-log: Using legacy pipeline
2025-7-12 22:40:02-log: Forward render pipeline initialized.
2025-7-12 22:40:03-debug: run package(google-play) handler(enable) start
2025-7-12 22:40:03-debug: run package(google-play) handler(enable) success!
2025-7-12 22:40:03-debug: run package(harmonyos-next) handler(enable) start
2025-7-12 22:40:03-debug: run package(honor-mini-game) handler(enable) start
2025-7-12 22:40:03-debug: run package(honor-mini-game) handler(enable) success!
2025-7-12 22:40:03-debug: run package(huawei-agc) handler(enable) start
2025-7-12 22:40:03-debug: run package(huawei-agc) handler(enable) success!
2025-7-12 22:40:03-debug: run package(huawei-quick-game) handler(enable) success!
2025-7-12 22:40:03-debug: run package(ios) handler(enable) start
2025-7-12 22:40:03-debug: run package(ios) handler(enable) success!
2025-7-12 22:40:03-debug: run package(linux) handler(enable) start
2025-7-12 22:40:03-debug: run package(mac) handler(enable) start
2025-7-12 22:40:03-debug: run package(mac) handler(enable) success!
2025-7-12 22:40:03-debug: run package(migu-mini-game) handler(enable) start
2025-7-12 22:40:03-debug: run package(migu-mini-game) handler(enable) success!
2025-7-12 22:40:03-debug: run package(native) handler(enable) start
2025-7-12 22:40:03-debug: run package(native) handler(enable) success!
2025-7-12 22:40:03-debug: run package(ohos) handler(enable) start
2025-7-12 22:40:03-debug: run package(ohos) handler(enable) success!
2025-7-12 22:40:03-debug: run package(oppo-mini-game) handler(enable) success!
2025-7-12 22:40:03-debug: run package(oppo-mini-game) handler(enable) start
2025-7-12 22:40:03-debug: run package(runtime-dev-tools) handler(enable) start
2025-7-12 22:40:03-debug: run package(runtime-dev-tools) handler(enable) success!
2025-7-12 22:40:03-debug: run package(taobao-mini-game) handler(enable) start
2025-7-12 22:40:03-debug: run package(taobao-mini-game) handler(enable) success!
2025-7-12 22:40:03-debug: run package(vivo-mini-game) handler(enable) start
2025-7-12 22:40:03-debug: run package(vivo-mini-game) handler(enable) success!
2025-7-12 22:40:03-debug: run package(web-desktop) handler(enable) start
2025-7-12 22:40:03-debug: run package(web-desktop) handler(enable) success!
2025-7-12 22:40:03-debug: run package(web-mobile) handler(enable) start
2025-7-12 22:40:03-debug: run package(linux) handler(enable) success!
2025-7-12 22:40:03-debug: run package(web-mobile) handler(enable) success!
2025-7-12 22:40:03-debug: run package(wechatgame) handler(enable) success!
2025-7-12 22:40:03-debug: run package(wechatprogram) handler(enable) start
2025-7-12 22:40:03-debug: run package(wechatprogram) handler(enable) success!
2025-7-12 22:40:03-debug: run package(windows) handler(enable) start
2025-7-12 22:40:03-debug: run package(windows) handler(enable) success!
2025-7-12 22:40:03-debug: run package(xiaomi-quick-game) handler(enable) start
2025-7-12 22:40:03-debug: run package(xiaomi-quick-game) handler(enable) success!
2025-7-12 22:40:03-debug: run package(cocos-service) handler(enable) start
2025-7-12 22:40:03-debug: run package(cocos-service) handler(enable) success!
2025-7-12 22:40:03-debug: run package(im-plugin) handler(enable) start
2025-7-12 22:40:03-debug: run package(im-plugin) handler(enable) success!
2025-7-12 22:40:03-debug: run package(harmonyos-next) handler(enable) success!
2025-7-12 22:40:03-debug: run package(fix-asset-default-userdata) handler(enable) success!
2025-7-12 22:40:03-debug: run package(placeholder) handler(enable) start
2025-7-12 22:40:03-debug: run package(placeholder) handler(enable) success!
2025-7-12 22:40:03-debug: run package(wechatgame) handler(enable) start
2025-7-12 22:40:03-debug: asset-db:worker-init: initPlugin (821ms)
2025-7-12 22:40:03-debug: run package(fix-asset-default-userdata) handler(enable) start
2025-7-12 22:40:03-debug: run package(huawei-quick-game) handler(enable) start
2025-7-12 22:40:03-debug: [Assets Memory track]: asset-db:worker-init start:29.53MB, end 289.49MB, increase: 259.96MB
2025-7-12 22:40:03-debug: Run asset db hook programming:beforePreStart ...
2025-7-12 22:40:03-debug: Run asset db hook programming:beforePreStart success!
2025-7-12 22:40:03-debug: Run asset db hook engine-extends:beforePreStart ...
2025-7-12 22:40:03-debug: Run asset db hook engine-extends:beforePreStart success!
2025-7-12 22:40:03-debug: asset-db:worker-init (1274ms)
2025-7-12 22:40:03-debug: asset-db-hook-programming-beforePreStart (46ms)
2025-7-12 22:40:03-debug: asset-db-hook-engine-extends-beforePreStart (45ms)
2025-7-12 22:40:03-debug: Preimport db internal success
2025-7-12 22:40:03-debug: Preimport db assets success
2025-7-12 22:40:03-debug: Run asset db hook programming:afterPreStart ...
2025-7-12 22:40:03-debug: starting packer-driver...
2025-7-12 22:40:03-debug: initialize scripting environment...
2025-7-12 22:40:03-debug: [[Executor]] prepare before lock
2025-7-12 22:40:03-debug: Set detail map pack:///resolution-detail-map.json: {}
2025-7-12 22:40:03-debug: [[Executor]] prepare after unlock
2025-7-12 22:40:03-debug: Run asset db hook programming:afterPreStart success!
2025-7-12 22:40:03-debug: [Assets Memory track]: asset-db:worker-init: preStart start:289.51MB, end 294.06MB, increase: 4.55MB
2025-7-12 22:40:03-debug: Run asset db hook engine-extends:afterPreStart success!
2025-7-12 22:40:03-debug: Start up the 'internal' database...
2025-7-12 22:40:03-debug: Run asset db hook engine-extends:afterPreStart ...
2025-7-12 22:40:03-debug: asset-db-hook-programming-afterPreStart (253ms)
2025-7-12 22:40:03-debug: asset-db:worker-effect-data-processing (144ms)
2025-7-12 22:40:03-debug: asset-db-hook-engine-extends-afterPreStart (144ms)
2025-7-12 22:40:03-debug: [Assets Memory track]: asset-db:worker-startup-database[internal] start:289.58MB, end 307.66MB, increase: 18.08MB
2025-7-12 22:40:03-debug: Start up the 'assets' database...
2025-7-12 22:40:03-debug: asset-db:worker-startup-database[internal] (370ms)
2025-7-12 22:40:03-debug: [Assets Memory track]: asset-db:worker-startup-database[assets] start:292.77MB, end 309.12MB, increase: 16.35MB
2025-7-12 22:40:03-debug: lazy register asset handler text
2025-7-12 22:40:03-debug: lazy register asset handler json
2025-7-12 22:40:03-debug: lazy register asset handler directory
2025-7-12 22:40:03-debug: lazy register asset handler spine-data
2025-7-12 22:40:03-debug: [Assets Memory track]: asset-db:worker-init: startup start:294.39MB, end 309.13MB, increase: 14.74MB
2025-7-12 22:40:03-debug: lazy register asset handler terrain
2025-7-12 22:40:03-debug: lazy register asset handler javascript
2025-7-12 22:40:03-debug: lazy register asset handler typescript
2025-7-12 22:40:03-debug: lazy register asset handler scene
2025-7-12 22:40:03-debug: lazy register asset handler prefab
2025-7-12 22:40:03-debug: lazy register asset handler sprite-frame
2025-7-12 22:40:03-debug: lazy register asset handler tiled-map
2025-7-12 22:40:03-debug: lazy register asset handler buffer
2025-7-12 22:40:03-debug: lazy register asset handler image
2025-7-12 22:40:03-debug: lazy register asset handler sign-image
2025-7-12 22:40:03-debug: lazy register asset handler alpha-image
2025-7-12 22:40:03-debug: lazy register asset handler texture
2025-7-12 22:40:03-debug: lazy register asset handler texture-cube
2025-7-12 22:40:03-debug: lazy register asset handler erp-texture-cube
2025-7-12 22:40:03-debug: lazy register asset handler render-texture
2025-7-12 22:40:03-debug: lazy register asset handler texture-cube-face
2025-7-12 22:40:03-debug: lazy register asset handler rt-sprite-frame
2025-7-12 22:40:03-debug: lazy register asset handler gltf
2025-7-12 22:40:03-debug: lazy register asset handler gltf-mesh
2025-7-12 22:40:03-debug: lazy register asset handler gltf-animation
2025-7-12 22:40:03-debug: lazy register asset handler dragonbones-atlas
2025-7-12 22:40:03-debug: lazy register asset handler gltf-material
2025-7-12 22:40:03-debug: lazy register asset handler gltf-scene
2025-7-12 22:40:03-debug: lazy register asset handler gltf-embeded-image
2025-7-12 22:40:03-debug: lazy register asset handler fbx
2025-7-12 22:40:03-debug: lazy register asset handler material
2025-7-12 22:40:03-debug: lazy register asset handler physics-material
2025-7-12 22:40:03-debug: lazy register asset handler effect
2025-7-12 22:40:03-debug: lazy register asset handler effect-header
2025-7-12 22:40:03-debug: lazy register asset handler audio-clip
2025-7-12 22:40:03-debug: lazy register asset handler animation-clip
2025-7-12 22:40:03-debug: lazy register asset handler animation-graph
2025-7-12 22:40:03-debug: lazy register asset handler animation-graph-variant
2025-7-12 22:40:03-debug: lazy register asset handler animation-mask
2025-7-12 22:40:03-debug: lazy register asset handler ttf-font
2025-7-12 22:40:03-debug: lazy register asset handler bitmap-font
2025-7-12 22:40:03-debug: lazy register asset handler particle
2025-7-12 22:40:03-debug: lazy register asset handler sprite-atlas
2025-7-12 22:40:03-debug: lazy register asset handler auto-atlas
2025-7-12 22:40:03-debug: lazy register asset handler label-atlas
2025-7-12 22:40:03-debug: lazy register asset handler render-pipeline
2025-7-12 22:40:03-debug: lazy register asset handler render-stage
2025-7-12 22:40:03-debug: lazy register asset handler render-flow
2025-7-12 22:40:03-debug: lazy register asset handler instantiation-material
2025-7-12 22:40:03-debug: lazy register asset handler instantiation-mesh
2025-7-12 22:40:03-debug: lazy register asset handler instantiation-skeleton
2025-7-12 22:40:03-debug: lazy register asset handler instantiation-animation
2025-7-12 22:40:03-debug: lazy register asset handler video-clip
2025-7-12 22:40:03-debug: lazy register asset handler *
2025-7-12 22:40:03-debug: lazy register asset handler dragonbones
2025-7-12 22:40:03-debug: lazy register asset handler gltf-skeleton
2025-7-12 22:40:03-debug: asset-db:worker-startup-database[assets] (331ms)
2025-7-12 22:40:03-debug: asset-db:ready (2717ms)
2025-7-12 22:40:03-debug: asset-db:start-database (395ms)
2025-7-12 22:40:03-debug: fix the bug of updateDefaultUserData
2025-7-12 22:40:03-debug: init worker message success
2025-7-12 22:40:03-debug: programming:execute-script (3ms)
2025-7-12 22:40:04-debug: [Build Memory track]: builder:worker-init start:308.10MB, end 322.06MB, increase: 13.96MB
2025-7-12 22:40:04-debug: builder:worker-init (199ms)
2025-7-12 22:41:15-debug: refresh db internal success
2025-7-12 22:41:15-debug: refresh db assets success
2025-7-12 22:41:15-debug: Run asset db hook engine-extends:afterRefresh ...
2025-7-12 22:41:15-debug: Run asset db hook engine-extends:afterRefresh success!
2025-7-12 22:41:15-debug: asset-db:refresh-all-database (54ms)
2025-7-12 22:41:15-debug: asset-db:worker-effect-data-processing (1ms)
2025-7-12 22:41:15-debug: asset-db-hook-engine-extends-afterRefresh (1ms)
2025-7-12 22:41:22-debug: %cImport%c: /Users/zeruili/projects/cocos_project/driftClash/assets/Scenes/gamescene.scenebackground: #aaff85; color: #000;color: #000;
2025-7-12 22:41:22-debug: asset-db:reimport-asset1563d039-d898-4d8f-9415-9f1da853b8a3 (7ms)
2025-7-12 22:42:07-debug: Query all assets info in project
2025-7-12 22:42:07-debug: init custom config: keepNodeUuid: false, useCache: true
2025-7-12 22:42:07-debug: Skip compress image, progress: 0%
2025-7-12 22:42:07-debug: Init all bundles start..., progress: 0%
2025-7-12 22:42:07-debug: Num of bundles: 3..., progress: 0%
2025-7-12 22:42:07-debug: 查询 Asset Bundle start, progress: 0%
2025-7-12 22:42:07-debug: // ---- build task 查询 Asset Bundle ----
2025-7-12 22:42:07-debug: Init bundle root assets start..., progress: 0%
2025-7-12 22:42:07-debug: Query preload assets/scripts from cc.config.json: 60f7195c-ec2a-45eb-ba94-8955f60e81d0,1c02ae6f-4492-4915-b8f8-7492a3b1e4cd,810e96e4-e456-4468-9b59-f4e8f39732c0,efe8e2a3-eace-427b-b4f1-cb8a937ec77d,e9aa9a3e-5b2b-4ac7-a2c7-073de2b2b24f,8bbdbcdd-5cd4-4100-b6d5-b7c9625b6107,50f4348b-c883-4e2f-8f11-ce233b859fa1,fda095cb-831d-4601-ad94-846013963de8,f92806d7-1768-443f-afe8-12bcde84d0f0,dd3a144d-ab7f-41f0-82b8-2e43a090d496,f0416e68-0200-4b77-a926-4f9d16e494da,970b0598-bcb0-4714-91fb-2e81440dccd8,bcd64cc6-2dd9-43f6-abbe-66318d332032,d930590d-bb92-4cc8-8bd1-23cd027f9edf,a3cd009f-0ab0-420d-9278-b9fdab939bbc,6a2d0734-bd9e-4ddf-946e-caa52498cb75,c27215d8-6835-4b68-bfbb-bdeac6100c04,b5d6115f-0370-4d7c-aad3-c194cc71cf98,871c3b6c-7379-419d-bda3-794b239ab90d,ff9b0199-ce04-4cfe-86cc-6c719f08d6e4,de1c2107-70c8-4021-8459-6399f24d01c6,cbf30902-517f-40dc-af90-a550bac27cf1
2025-7-12 22:42:07-debug: Init bundle root assets success..., progress: 0%
2025-7-12 22:42:07-debug:   Number of all scripts: 24
2025-7-12 22:42:07-debug:   Number of other assets: 390
2025-7-12 22:42:07-debug:   Number of all scenes: 3
2025-7-12 22:42:07-debug: // ---- build task 查询 Asset Bundle ---- (2ms)
2025-7-12 22:42:07-debug: // ---- build task 查询 Asset Bundle ----
2025-7-12 22:42:07-debug: [Build Memory track]: 查询 Asset Bundle start:198.28MB, end 198.29MB, increase: 9.12KB
2025-7-12 22:42:07-debug: 查询 Asset Bundle start, progress: 5%
2025-7-12 22:42:07-log: run build task 查询 Asset Bundle success in 2 ms√, progress: 5%
2025-7-12 22:42:07-debug: // ---- build task 查询 Asset Bundle ---- (1ms)
2025-7-12 22:42:07-debug: [Build Memory track]: 查询 Asset Bundle start:198.32MB, end 197.69MB, increase: -647.78KB
2025-7-12 22:42:07-debug: 整理部分构建选项内数据到 settings.json start, progress: 10%
2025-7-12 22:42:07-log: run build task 查询 Asset Bundle success in 1 ms√, progress: 10%
2025-7-12 22:42:07-debug: // ---- build task 整理部分构建选项内数据到 settings.json ----
2025-7-12 22:42:07-log: run build task 整理部分构建选项内数据到 settings.json success in √, progress: 12%
2025-7-12 22:42:07-debug: 填充脚本数据到 settings.json start, progress: 12%
2025-7-12 22:42:07-debug: // ---- build task 填充脚本数据到 settings.json ----
2025-7-12 22:42:07-debug: [Build Memory track]: 整理部分构建选项内数据到 settings.json start:197.73MB, end 197.75MB, increase: 18.88KB
2025-7-12 22:42:07-log: run build task 填充脚本数据到 settings.json success in √, progress: 13%
2025-7-12 22:42:07-debug: 整理部分构建选项内数据到 settings.json start, progress: 13%
2025-7-12 22:42:07-debug: [Build Memory track]: 填充脚本数据到 settings.json start:197.78MB, end 197.80MB, increase: 17.91KB
2025-7-12 22:42:07-debug: // ---- build task 整理部分构建选项内数据到 settings.json ----
2025-7-12 22:42:07-debug: // ---- build task 整理部分构建选项内数据到 settings.json ---- (1ms)
2025-7-12 22:42:07-log: run build task 整理部分构建选项内数据到 settings.json success in 1 ms√, progress: 15%
2025-7-12 22:42:07-debug: [Build Memory track]: 整理部分构建选项内数据到 settings.json start:197.83MB, end 197.97MB, increase: 143.50KB
2025-7-12 22:42:07-debug: Query all assets info in project
2025-7-12 22:42:07-debug: Query all assets info in project
2025-7-12 22:42:07-debug: Query all assets info in project
2025-7-12 22:42:07-debug: Query all assets info in project
2025-7-12 22:42:07-debug: init custom config: keepNodeUuid: false, useCache: true
2025-7-12 22:42:07-debug: Skip compress image, progress: 0%
2025-7-12 22:42:07-debug: init custom config: keepNodeUuid: false, useCache: true
2025-7-12 22:42:07-debug: Skip compress image, progress: 0%
2025-7-12 22:42:07-debug: Num of bundles: 3..., progress: 0%
2025-7-12 22:42:07-debug: // ---- build task 查询 Asset Bundle ----
2025-7-12 22:42:07-debug: 查询 Asset Bundle start, progress: 0%
2025-7-12 22:42:07-debug: Init all bundles start..., progress: 0%
2025-7-12 22:42:07-debug: Skip compress image, progress: 0%
2025-7-12 22:42:07-debug: Skip compress image, progress: 0%
2025-7-12 22:42:07-debug: init custom config: keepNodeUuid: false, useCache: true
2025-7-12 22:42:07-debug: Init bundle root assets start..., progress: 0%
2025-7-12 22:42:07-debug: init custom config: keepNodeUuid: false, useCache: true
2025-7-12 22:42:07-debug: Init all bundles start..., progress: 0%
2025-7-12 22:42:07-debug: // ---- build task 查询 Asset Bundle ----
2025-7-12 22:42:07-debug: Num of bundles: 3..., progress: 0%
2025-7-12 22:42:07-debug: 查询 Asset Bundle start, progress: 0%
2025-7-12 22:42:07-debug: Init bundle root assets start..., progress: 0%
2025-7-12 22:42:07-debug: Query preload assets/scripts from cc.config.json: 60f7195c-ec2a-45eb-ba94-8955f60e81d0,1c02ae6f-4492-4915-b8f8-7492a3b1e4cd,810e96e4-e456-4468-9b59-f4e8f39732c0,efe8e2a3-eace-427b-b4f1-cb8a937ec77d,e9aa9a3e-5b2b-4ac7-a2c7-073de2b2b24f,8bbdbcdd-5cd4-4100-b6d5-b7c9625b6107,50f4348b-c883-4e2f-8f11-ce233b859fa1,fda095cb-831d-4601-ad94-846013963de8,f92806d7-1768-443f-afe8-12bcde84d0f0,dd3a144d-ab7f-41f0-82b8-2e43a090d496,f0416e68-0200-4b77-a926-4f9d16e494da,970b0598-bcb0-4714-91fb-2e81440dccd8,bcd64cc6-2dd9-43f6-abbe-66318d332032,d930590d-bb92-4cc8-8bd1-23cd027f9edf,a3cd009f-0ab0-420d-9278-b9fdab939bbc,6a2d0734-bd9e-4ddf-946e-caa52498cb75,c27215d8-6835-4b68-bfbb-bdeac6100c04,b5d6115f-0370-4d7c-aad3-c194cc71cf98,871c3b6c-7379-419d-bda3-794b239ab90d,ff9b0199-ce04-4cfe-86cc-6c719f08d6e4,de1c2107-70c8-4021-8459-6399f24d01c6,cbf30902-517f-40dc-af90-a550bac27cf1
2025-7-12 22:42:07-debug:   Number of all scenes: 3
2025-7-12 22:42:07-debug: Init bundle root assets success..., progress: 0%
2025-7-12 22:42:07-debug:   Number of other assets: 390
2025-7-12 22:42:07-debug:   Number of all scripts: 24
2025-7-12 22:42:07-debug: // ---- build task 查询 Asset Bundle ---- (1ms)
2025-7-12 22:42:07-debug: [Build Memory track]: 查询 Asset Bundle start:198.22MB, end 198.32MB, increase: 106.59KB
2025-7-12 22:42:07-debug: 查询 Asset Bundle start, progress: 5%
2025-7-12 22:42:07-log: run build task 查询 Asset Bundle success in 1 ms√, progress: 5%
2025-7-12 22:42:07-debug: // ---- build task 查询 Asset Bundle ----
2025-7-12 22:42:07-debug: Query preload assets/scripts from cc.config.json: 60f7195c-ec2a-45eb-ba94-8955f60e81d0,1c02ae6f-4492-4915-b8f8-7492a3b1e4cd,810e96e4-e456-4468-9b59-f4e8f39732c0,efe8e2a3-eace-427b-b4f1-cb8a937ec77d,e9aa9a3e-5b2b-4ac7-a2c7-073de2b2b24f,8bbdbcdd-5cd4-4100-b6d5-b7c9625b6107,50f4348b-c883-4e2f-8f11-ce233b859fa1,fda095cb-831d-4601-ad94-846013963de8,f92806d7-1768-443f-afe8-12bcde84d0f0,dd3a144d-ab7f-41f0-82b8-2e43a090d496,f0416e68-0200-4b77-a926-4f9d16e494da,970b0598-bcb0-4714-91fb-2e81440dccd8,bcd64cc6-2dd9-43f6-abbe-66318d332032,d930590d-bb92-4cc8-8bd1-23cd027f9edf,a3cd009f-0ab0-420d-9278-b9fdab939bbc,6a2d0734-bd9e-4ddf-946e-caa52498cb75,c27215d8-6835-4b68-bfbb-bdeac6100c04,b5d6115f-0370-4d7c-aad3-c194cc71cf98,871c3b6c-7379-419d-bda3-794b239ab90d,ff9b0199-ce04-4cfe-86cc-6c719f08d6e4,de1c2107-70c8-4021-8459-6399f24d01c6,cbf30902-517f-40dc-af90-a550bac27cf1
2025-7-12 22:42:07-debug: Init bundle root assets success..., progress: 0%
2025-7-12 22:42:07-debug: Init all bundles start..., progress: 0%
2025-7-12 22:42:07-debug: Num of bundles: 3..., progress: 0%
2025-7-12 22:42:07-debug: 查询 Asset Bundle start, progress: 0%
2025-7-12 22:42:07-debug:   Number of all scenes: 3
2025-7-12 22:42:07-debug: Init bundle root assets start..., progress: 0%
2025-7-12 22:42:07-debug: Init all bundles start..., progress: 0%
2025-7-12 22:42:07-debug: Num of bundles: 3..., progress: 0%
2025-7-12 22:42:07-debug: 查询 Asset Bundle start, progress: 0%
2025-7-12 22:42:07-debug: // ---- build task 查询 Asset Bundle ----
2025-7-12 22:42:07-debug: Init bundle root assets start..., progress: 0%
2025-7-12 22:42:07-debug: // ---- build task 查询 Asset Bundle ----
2025-7-12 22:42:07-debug:   Number of other assets: 390
2025-7-12 22:42:07-debug:   Number of all scripts: 24
2025-7-12 22:42:07-debug: // ---- build task 查询 Asset Bundle ---- (1ms)
2025-7-12 22:42:07-log: run build task 查询 Asset Bundle success in 1 ms√, progress: 5%
2025-7-12 22:42:07-debug: // ---- build task 查询 Asset Bundle ----
2025-7-12 22:42:07-debug: [Build Memory track]: 查询 Asset Bundle start:198.92MB, end 198.10MB, increase: -844.16KB
2025-7-12 22:42:07-debug: 查询 Asset Bundle start, progress: 5%
2025-7-12 22:42:07-debug: // ---- build task 查询 Asset Bundle ---- (1ms)
2025-7-12 22:42:07-log: run build task 查询 Asset Bundle success in 1 ms√, progress: 10%
2025-7-12 22:42:07-debug: 整理部分构建选项内数据到 settings.json start, progress: 10%
2025-7-12 22:42:07-debug: [Build Memory track]: 查询 Asset Bundle start:198.13MB, end 198.17MB, increase: 47.47KB
2025-7-12 22:42:07-debug: // ---- build task 整理部分构建选项内数据到 settings.json ----
2025-7-12 22:42:07-log: run build task 整理部分构建选项内数据到 settings.json success in √, progress: 12%
2025-7-12 22:42:07-debug: [Build Memory track]: 整理部分构建选项内数据到 settings.json start:198.54MB, end 198.30MB, increase: -242.82KB
2025-7-12 22:42:07-debug: 填充脚本数据到 settings.json start, progress: 12%
2025-7-12 22:42:07-debug: // ---- build task 填充脚本数据到 settings.json ----
2025-7-12 22:42:07-debug: Query preload assets/scripts from cc.config.json: 60f7195c-ec2a-45eb-ba94-8955f60e81d0,1c02ae6f-4492-4915-b8f8-7492a3b1e4cd,810e96e4-e456-4468-9b59-f4e8f39732c0,efe8e2a3-eace-427b-b4f1-cb8a937ec77d,e9aa9a3e-5b2b-4ac7-a2c7-073de2b2b24f,8bbdbcdd-5cd4-4100-b6d5-b7c9625b6107,50f4348b-c883-4e2f-8f11-ce233b859fa1,fda095cb-831d-4601-ad94-846013963de8,f92806d7-1768-443f-afe8-12bcde84d0f0,dd3a144d-ab7f-41f0-82b8-2e43a090d496,f0416e68-0200-4b77-a926-4f9d16e494da,970b0598-bcb0-4714-91fb-2e81440dccd8,bcd64cc6-2dd9-43f6-abbe-66318d332032,d930590d-bb92-4cc8-8bd1-23cd027f9edf,a3cd009f-0ab0-420d-9278-b9fdab939bbc,6a2d0734-bd9e-4ddf-946e-caa52498cb75,c27215d8-6835-4b68-bfbb-bdeac6100c04,b5d6115f-0370-4d7c-aad3-c194cc71cf98,871c3b6c-7379-419d-bda3-794b239ab90d,ff9b0199-ce04-4cfe-86cc-6c719f08d6e4,de1c2107-70c8-4021-8459-6399f24d01c6,cbf30902-517f-40dc-af90-a550bac27cf1
2025-7-12 22:42:07-debug: Init bundle root assets success..., progress: 0%
2025-7-12 22:42:07-debug: Query preload assets/scripts from cc.config.json: 60f7195c-ec2a-45eb-ba94-8955f60e81d0,1c02ae6f-4492-4915-b8f8-7492a3b1e4cd,810e96e4-e456-4468-9b59-f4e8f39732c0,efe8e2a3-eace-427b-b4f1-cb8a937ec77d,e9aa9a3e-5b2b-4ac7-a2c7-073de2b2b24f,8bbdbcdd-5cd4-4100-b6d5-b7c9625b6107,50f4348b-c883-4e2f-8f11-ce233b859fa1,fda095cb-831d-4601-ad94-846013963de8,f92806d7-1768-443f-afe8-12bcde84d0f0,dd3a144d-ab7f-41f0-82b8-2e43a090d496,f0416e68-0200-4b77-a926-4f9d16e494da,970b0598-bcb0-4714-91fb-2e81440dccd8,bcd64cc6-2dd9-43f6-abbe-66318d332032,d930590d-bb92-4cc8-8bd1-23cd027f9edf,a3cd009f-0ab0-420d-9278-b9fdab939bbc,6a2d0734-bd9e-4ddf-946e-caa52498cb75,c27215d8-6835-4b68-bfbb-bdeac6100c04,b5d6115f-0370-4d7c-aad3-c194cc71cf98,871c3b6c-7379-419d-bda3-794b239ab90d,ff9b0199-ce04-4cfe-86cc-6c719f08d6e4,de1c2107-70c8-4021-8459-6399f24d01c6,cbf30902-517f-40dc-af90-a550bac27cf1
2025-7-12 22:42:07-debug:   Number of all scenes: 3
2025-7-12 22:42:07-debug:   Number of all scripts: 24
2025-7-12 22:42:07-debug:   Number of other assets: 390
2025-7-12 22:42:07-debug: Init bundle root assets success..., progress: 0%
2025-7-12 22:42:07-log: run build task 填充脚本数据到 settings.json success in √, progress: 13%
2025-7-12 22:42:07-debug: [Build Memory track]: 填充脚本数据到 settings.json start:198.33MB, end 198.75MB, increase: 423.88KB
2025-7-12 22:42:07-debug:   Number of all scripts: 24
2025-7-12 22:42:07-debug: 整理部分构建选项内数据到 settings.json start, progress: 13%
2025-7-12 22:42:07-debug:   Number of other assets: 390
2025-7-12 22:42:07-debug:   Number of all scenes: 3
2025-7-12 22:42:07-debug: // ---- build task 整理部分构建选项内数据到 settings.json ----
2025-7-12 22:42:07-debug: // ---- build task 查询 Asset Bundle ---- (2ms)
2025-7-12 22:42:07-debug: 整理部分构建选项内数据到 settings.json start, progress: 10%
2025-7-12 22:42:07-log: run build task 查询 Asset Bundle success in √, progress: 5%
2025-7-12 22:42:07-log: run build task 查询 Asset Bundle success in 2 ms√, progress: 10%
2025-7-12 22:42:07-debug: 查询 Asset Bundle start, progress: 5%
2025-7-12 22:42:07-debug: // ---- build task 整理部分构建选项内数据到 settings.json ----
2025-7-12 22:42:07-debug: // ---- build task 查询 Asset Bundle ----
2025-7-12 22:42:07-log: run build task 查询 Asset Bundle success in √, progress: 5%
2025-7-12 22:42:07-debug: [Build Memory track]: 查询 Asset Bundle start:198.87MB, end 198.89MB, increase: 19.15KB
2025-7-12 22:42:07-debug: 查询 Asset Bundle start, progress: 5%
2025-7-12 22:42:07-debug: // ---- build task 查询 Asset Bundle ----
2025-7-12 22:42:07-log: run build task 整理部分构建选项内数据到 settings.json success in √, progress: 12%
2025-7-12 22:42:07-debug: [Build Memory track]: 整理部分构建选项内数据到 settings.json start:198.83MB, end 198.20MB, increase: -645.39KB
2025-7-12 22:42:07-debug: // ---- build task 填充脚本数据到 settings.json ----
2025-7-12 22:42:07-debug: 填充脚本数据到 settings.json start, progress: 12%
2025-7-12 22:42:07-debug: // ---- build task 填充脚本数据到 settings.json ---- (1ms)
2025-7-12 22:42:07-log: run build task 填充脚本数据到 settings.json success in 1 ms√, progress: 13%
2025-7-12 22:42:07-debug: [Build Memory track]: 填充脚本数据到 settings.json start:198.23MB, end 198.26MB, increase: 29.63KB
2025-7-12 22:42:07-debug: // ---- build task 整理部分构建选项内数据到 settings.json ----
2025-7-12 22:42:07-debug: 整理部分构建选项内数据到 settings.json start, progress: 13%
2025-7-12 22:42:07-debug: // ---- build task 查询 Asset Bundle ---- (1ms)
2025-7-12 22:42:07-debug: 整理部分构建选项内数据到 settings.json start, progress: 10%
2025-7-12 22:42:07-debug: [Build Memory track]: 查询 Asset Bundle start:198.92MB, end 198.49MB, increase: -439.96KB
2025-7-12 22:42:07-debug: 整理部分构建选项内数据到 settings.json start, progress: 10%
2025-7-12 22:42:07-debug: // ---- build task 整理部分构建选项内数据到 settings.json ----
2025-7-12 22:42:07-log: run build task 查询 Asset Bundle success in √, progress: 10%
2025-7-12 22:42:07-debug: // ---- build task 整理部分构建选项内数据到 settings.json ----
2025-7-12 22:42:07-log: run build task 查询 Asset Bundle success in 1 ms√, progress: 10%
2025-7-12 22:42:07-debug: // ---- build task 整理部分构建选项内数据到 settings.json ---- (1ms)
2025-7-12 22:42:07-log: run build task 整理部分构建选项内数据到 settings.json success in 1 ms√, progress: 12%
2025-7-12 22:42:07-debug: [Build Memory track]: 整理部分构建选项内数据到 settings.json start:198.56MB, end 198.59MB, increase: 30.49KB
2025-7-12 22:42:07-debug: 填充脚本数据到 settings.json start, progress: 12%
2025-7-12 22:42:07-debug: // ---- build task 填充脚本数据到 settings.json ----
2025-7-12 22:42:07-debug: // ---- build task 整理部分构建选项内数据到 settings.json ---- (1ms)
2025-7-12 22:42:07-log: run build task 整理部分构建选项内数据到 settings.json success in 1 ms√, progress: 12%
2025-7-12 22:42:07-debug: 填充脚本数据到 settings.json start, progress: 12%
2025-7-12 22:42:07-debug: // ---- build task 填充脚本数据到 settings.json ----
2025-7-12 22:42:07-log: run build task 填充脚本数据到 settings.json success in √, progress: 13%
2025-7-12 22:42:07-debug: 整理部分构建选项内数据到 settings.json start, progress: 13%
2025-7-12 22:42:07-debug: // ---- build task 整理部分构建选项内数据到 settings.json ----
2025-7-12 22:42:07-debug: [Build Memory track]: 填充脚本数据到 settings.json start:198.67MB, end 198.76MB, increase: 86.00KB
2025-7-12 22:42:07-log: run build task 填充脚本数据到 settings.json success in √, progress: 13%
2025-7-12 22:42:07-debug: 整理部分构建选项内数据到 settings.json start, progress: 13%
2025-7-12 22:42:07-debug: // ---- build task 整理部分构建选项内数据到 settings.json ----
2025-7-12 22:42:07-log: run build task 整理部分构建选项内数据到 settings.json success in √, progress: 15%
2025-7-12 22:42:07-debug: [Build Memory track]: 整理部分构建选项内数据到 settings.json start:198.85MB, end 198.87MB, increase: 16.05KB
2025-7-12 22:42:07-log: run build task 整理部分构建选项内数据到 settings.json success in 1 ms√, progress: 15%
2025-7-12 22:42:07-debug: // ---- build task 整理部分构建选项内数据到 settings.json ---- (1ms)
2025-7-12 22:42:07-log: run build task 整理部分构建选项内数据到 settings.json success in √, progress: 15%
2025-7-12 22:42:07-log: run build task 整理部分构建选项内数据到 settings.json success in √, progress: 15%
2025-7-12 22:43:06-debug: refresh db internal success
2025-7-12 22:43:06-debug: refresh db assets success
2025-7-12 22:43:06-debug: Run asset db hook engine-extends:afterRefresh ...
2025-7-12 22:43:06-debug: Run asset db hook engine-extends:afterRefresh success!
2025-7-12 22:43:06-debug: asset-db:refresh-all-database (43ms)
2025-7-12 22:43:06-debug: asset-db:worker-effect-data-processing (1ms)
2025-7-12 22:43:06-debug: asset-db-hook-engine-extends-afterRefresh (1ms)
