2025-8-6 21:45:14-debug: start **** info
2025-8-6 21:45:14-log: Cannot access game frame or container.
2025-8-6 21:45:15-debug: asset-db:require-engine-code (384ms)
2025-8-6 21:45:15-log: meshopt wasm decoder initialized
2025-8-6 21:45:15-log: [bullet]:bullet wasm lib loaded.
2025-8-6 21:45:15-log: [box2d]:box2d wasm lib loaded.
2025-8-6 21:45:15-log: Cocos Creator v3.8.6
2025-8-6 21:45:15-debug: [Assets Memory track]: asset-db-plugin-register: programming start:81.02MB, end 88.66MB, increase: 7.64MB
2025-8-6 21:45:15-debug: [Assets Memory track]: asset-db-plugin-register: builder start:88.69MB, end 287.30MB, increase: 198.61MB
2025-8-6 21:45:15-debug: [Assets Memory track]: asset-db-plugin-register: engine-extends start:287.50MB, end 290.29MB, increase: 2.79MB
2025-8-6 21:45:15-debug: [Assets Memory track]: asset-db-plugin-register: project start:80.90MB, end 290.45MB, increase: 209.55MB
2025-8-6 21:45:15-debug: [Assets Memory track]: asset-db:worker-init: initPlugin start:80.26MB, end 291.04MB, increase: 210.79MB
2025-8-6 21:45:15-debug: run package(honor-mini-game) handler(enable) success!
2025-8-6 21:45:15-debug: run package(honor-mini-game) handler(enable) start
2025-8-6 21:45:15-log: Forward render pipeline initialized.
2025-8-6 21:45:15-debug: [Assets Memory track]: asset-db:worker-init: initEngine start:29.52MB, end 80.24MB, increase: 50.72MB
2025-8-6 21:45:15-log: Using legacy pipeline
2025-8-6 21:45:15-debug: run package(huawei-agc) handler(enable) start
2025-8-6 21:45:15-debug: run package(ios) handler(enable) start
2025-8-6 21:45:15-debug: run package(ios) handler(enable) success!
2025-8-6 21:45:15-debug: run package(linux) handler(enable) start
2025-8-6 21:45:15-debug: run package(linux) handler(enable) success!
2025-8-6 21:45:15-debug: run package(mac) handler(enable) success!
2025-8-6 21:45:15-debug: run package(mac) handler(enable) start
2025-8-6 21:45:15-debug: run package(migu-mini-game) handler(enable) start
2025-8-6 21:45:15-debug: run package(migu-mini-game) handler(enable) success!
2025-8-6 21:45:15-debug: run package(native) handler(enable) start
2025-8-6 21:45:15-debug: run package(native) handler(enable) success!
2025-8-6 21:45:15-debug: run package(ohos) handler(enable) start
2025-8-6 21:45:15-debug: run package(ohos) handler(enable) success!
2025-8-6 21:45:15-debug: run package(oppo-mini-game) handler(enable) start
2025-8-6 21:45:15-debug: run package(oppo-mini-game) handler(enable) success!
2025-8-6 21:45:15-debug: run package(huawei-quick-game) handler(enable) start
2025-8-6 21:45:15-debug: run package(runtime-dev-tools) handler(enable) success!
2025-8-6 21:45:15-debug: run package(taobao-mini-game) handler(enable) start
2025-8-6 21:45:15-debug: run package(taobao-mini-game) handler(enable) success!
2025-8-6 21:45:15-debug: run package(vivo-mini-game) handler(enable) start
2025-8-6 21:45:15-debug: run package(vivo-mini-game) handler(enable) success!
2025-8-6 21:45:15-debug: run package(huawei-agc) handler(enable) success!
2025-8-6 21:45:15-debug: run package(web-desktop) handler(enable) start
2025-8-6 21:45:15-debug: run package(web-mobile) handler(enable) start
2025-8-6 21:45:15-debug: run package(web-mobile) handler(enable) success!
2025-8-6 21:45:15-debug: run package(wechatgame) handler(enable) start
2025-8-6 21:45:15-debug: run package(wechatgame) handler(enable) success!
2025-8-6 21:45:15-debug: run package(wechatprogram) handler(enable) start
2025-8-6 21:45:15-debug: run package(windows) handler(enable) start
2025-8-6 21:45:15-debug: run package(web-desktop) handler(enable) success!
2025-8-6 21:45:15-debug: run package(runtime-dev-tools) handler(enable) start
2025-8-6 21:45:15-debug: run package(windows) handler(enable) success!
2025-8-6 21:45:15-debug: run package(xiaomi-quick-game) handler(enable) start
2025-8-6 21:45:15-debug: run package(xiaomi-quick-game) handler(enable) success!
2025-8-6 21:45:15-debug: run package(cocos-service) handler(enable) start
2025-8-6 21:45:15-debug: run package(im-plugin) handler(enable) start
2025-8-6 21:45:15-debug: run package(im-plugin) handler(enable) success!
2025-8-6 21:45:15-debug: run package(wechatprogram) handler(enable) success!
2025-8-6 21:45:15-debug: run package(fix-asset-default-userdata) handler(enable) success!
2025-8-6 21:45:15-debug: run package(fix-asset-default-userdata) handler(enable) start
2025-8-6 21:45:15-debug: run package(placeholder) handler(enable) success!
2025-8-6 21:45:15-debug: run package(cocos-service) handler(enable) success!
2025-8-6 21:45:15-debug: run package(placeholder) handler(enable) start
2025-8-6 21:45:15-debug: run package(huawei-quick-game) handler(enable) success!
2025-8-6 21:45:15-debug: asset-db:worker-init: initPlugin (786ms)
2025-8-6 21:45:15-debug: [Assets Memory track]: asset-db:worker-init start:29.51MB, end 289.19MB, increase: 259.68MB
2025-8-6 21:45:15-debug: Run asset db hook engine-extends:beforePreStart ...
2025-8-6 21:45:15-debug: Run asset db hook engine-extends:beforePreStart success!
2025-8-6 21:45:15-debug: Run asset db hook programming:beforePreStart success!
2025-8-6 21:45:15-debug: Run asset db hook programming:beforePreStart ...
2025-8-6 21:45:15-debug: asset-db:worker-init (1279ms)
2025-8-6 21:45:15-debug: asset-db-hook-programming-beforePreStart (51ms)
2025-8-6 21:45:15-debug: asset-db-hook-engine-extends-beforePreStart (51ms)
2025-8-6 21:45:16-debug: Preimport db internal success
2025-8-6 21:45:16-debug: Preimport db assets success
2025-8-6 21:45:16-debug: Run asset db hook programming:afterPreStart ...
2025-8-6 21:45:16-debug: starting packer-driver...
2025-8-6 21:45:16-debug: initialize scripting environment...
2025-8-6 21:45:16-debug: [[Executor]] prepare before lock
2025-8-6 21:45:16-debug: Set detail map pack:///resolution-detail-map.json: {}
2025-8-6 21:45:16-debug: Run asset db hook programming:afterPreStart success!
2025-8-6 21:45:16-debug: Run asset db hook engine-extends:afterPreStart success!
2025-8-6 21:45:16-debug: Start up the 'internal' database...
2025-8-6 21:45:16-debug: [Assets Memory track]: asset-db:worker-init: preStart start:289.20MB, end 294.21MB, increase: 5.01MB
2025-8-6 21:45:16-debug: Run asset db hook engine-extends:afterPreStart ...
2025-8-6 21:45:16-debug: [[Executor]] prepare after unlock
2025-8-6 21:45:16-debug: asset-db-hook-programming-afterPreStart (265ms)
2025-8-6 21:45:16-debug: asset-db:worker-effect-data-processing (151ms)
2025-8-6 21:45:16-debug: asset-db-hook-engine-extends-afterPreStart (151ms)
2025-8-6 21:45:16-debug: [Assets Memory track]: asset-db:worker-startup-database[internal] start:289.28MB, end 307.63MB, increase: 18.35MB
2025-8-6 21:45:16-debug: Start up the 'assets' database...
2025-8-6 21:45:16-debug: asset-db:worker-startup-database[internal] (390ms)
2025-8-6 21:45:16-debug: [Assets Memory track]: asset-db:worker-startup-database[assets] start:292.71MB, end 306.14MB, increase: 13.44MB
2025-8-6 21:45:16-debug: lazy register asset handler json
2025-8-6 21:45:16-debug: lazy register asset handler *
2025-8-6 21:45:16-debug: lazy register asset handler dragonbones
2025-8-6 21:45:16-debug: lazy register asset handler directory
2025-8-6 21:45:16-debug: lazy register asset handler dragonbones-atlas
2025-8-6 21:45:16-debug: lazy register asset handler terrain
2025-8-6 21:45:16-debug: lazy register asset handler javascript
2025-8-6 21:45:16-debug: lazy register asset handler scene
2025-8-6 21:45:16-debug: lazy register asset handler prefab
2025-8-6 21:45:16-debug: lazy register asset handler sprite-frame
2025-8-6 21:45:16-debug: lazy register asset handler buffer
2025-8-6 21:45:16-debug: lazy register asset handler typescript
2025-8-6 21:45:16-debug: lazy register asset handler tiled-map
2025-8-6 21:45:16-debug: lazy register asset handler alpha-image
2025-8-6 21:45:16-debug: lazy register asset handler image
2025-8-6 21:45:16-debug: lazy register asset handler sign-image
2025-8-6 21:45:16-debug: [Assets Memory track]: asset-db:worker-init: startup start:294.22MB, end 306.16MB, increase: 11.94MB
2025-8-6 21:45:16-debug: lazy register asset handler texture-cube
2025-8-6 21:45:16-debug: lazy register asset handler erp-texture-cube
2025-8-6 21:45:16-debug: lazy register asset handler texture-cube-face
2025-8-6 21:45:16-debug: lazy register asset handler text
2025-8-6 21:45:16-debug: lazy register asset handler render-texture
2025-8-6 21:45:16-debug: lazy register asset handler spine-data
2025-8-6 21:45:16-debug: lazy register asset handler gltf-mesh
2025-8-6 21:45:16-debug: lazy register asset handler gltf-animation
2025-8-6 21:45:16-debug: lazy register asset handler texture
2025-8-6 21:45:16-debug: lazy register asset handler gltf-material
2025-8-6 21:45:16-debug: lazy register asset handler gltf-scene
2025-8-6 21:45:16-debug: lazy register asset handler gltf-embeded-image
2025-8-6 21:45:16-debug: lazy register asset handler fbx
2025-8-6 21:45:16-debug: lazy register asset handler material
2025-8-6 21:45:16-debug: lazy register asset handler physics-material
2025-8-6 21:45:16-debug: lazy register asset handler rt-sprite-frame
2025-8-6 21:45:16-debug: lazy register asset handler effect-header
2025-8-6 21:45:16-debug: lazy register asset handler audio-clip
2025-8-6 21:45:16-debug: lazy register asset handler animation-clip
2025-8-6 21:45:16-debug: lazy register asset handler animation-graph
2025-8-6 21:45:16-debug: lazy register asset handler animation-graph-variant
2025-8-6 21:45:16-debug: lazy register asset handler ttf-font
2025-8-6 21:45:16-debug: lazy register asset handler bitmap-font
2025-8-6 21:45:16-debug: lazy register asset handler effect
2025-8-6 21:45:16-debug: lazy register asset handler sprite-atlas
2025-8-6 21:45:16-debug: lazy register asset handler label-atlas
2025-8-6 21:45:16-debug: lazy register asset handler render-pipeline
2025-8-6 21:45:16-debug: lazy register asset handler render-stage
2025-8-6 21:45:16-debug: lazy register asset handler render-flow
2025-8-6 21:45:16-debug: lazy register asset handler instantiation-material
2025-8-6 21:45:16-debug: lazy register asset handler gltf
2025-8-6 21:45:16-debug: lazy register asset handler instantiation-mesh
2025-8-6 21:45:16-debug: lazy register asset handler instantiation-animation
2025-8-6 21:45:16-debug: lazy register asset handler instantiation-skeleton
2025-8-6 21:45:16-debug: lazy register asset handler gltf-skeleton
2025-8-6 21:45:16-debug: lazy register asset handler animation-mask
2025-8-6 21:45:16-debug: lazy register asset handler particle
2025-8-6 21:45:16-debug: lazy register asset handler video-clip
2025-8-6 21:45:16-debug: lazy register asset handler auto-atlas
2025-8-6 21:45:16-debug: asset-db:worker-startup-database[assets] (350ms)
2025-8-6 21:45:16-debug: asset-db:start-database (419ms)
2025-8-6 21:45:16-debug: asset-db:ready (2788ms)
2025-8-6 21:45:16-debug: fix the bug of updateDefaultUserData
2025-8-6 21:45:16-debug: init worker message success
2025-8-6 21:45:16-debug: programming:execute-script (3ms)
2025-8-6 21:45:16-debug: [Build Memory track]: builder:worker-init start:309.92MB, end 318.88MB, increase: 8.97MB
2025-8-6 21:45:16-debug: builder:worker-init (204ms)
2025-8-6 21:46:38-debug: refresh db internal success
2025-8-6 21:46:38-debug: refresh db assets success
2025-8-6 21:46:38-debug: Run asset db hook engine-extends:afterRefresh ...
2025-8-6 21:46:38-debug: Run asset db hook engine-extends:afterRefresh success!
2025-8-6 21:46:38-debug: asset-db:refresh-all-database (46ms)
2025-8-6 21:46:38-debug: asset-db:worker-effect-data-processing (1ms)
2025-8-6 21:46:38-debug: asset-db-hook-engine-extends-afterRefresh (1ms)
2025-8-6 21:46:39-debug: Query all assets info in project
2025-8-6 21:46:39-debug: init custom config: keepNodeUuid: false, useCache: true
2025-8-6 21:46:39-debug: Skip compress image, progress: 0%
2025-8-6 21:46:39-debug: Init all bundles start..., progress: 0%
2025-8-6 21:46:39-debug: 查询 Asset Bundle start, progress: 0%
2025-8-6 21:46:39-debug: // ---- build task 查询 Asset Bundle ----
2025-8-6 21:46:39-debug: Init bundle root assets start..., progress: 0%
2025-8-6 21:46:39-debug: Num of bundles: 3..., progress: 0%
2025-8-6 21:46:39-debug: Query preload assets/scripts from cc.config.json: 60f7195c-ec2a-45eb-ba94-8955f60e81d0,1c02ae6f-4492-4915-b8f8-7492a3b1e4cd,810e96e4-e456-4468-9b59-f4e8f39732c0,efe8e2a3-eace-427b-b4f1-cb8a937ec77d,e9aa9a3e-5b2b-4ac7-a2c7-073de2b2b24f,8bbdbcdd-5cd4-4100-b6d5-b7c9625b6107,50f4348b-c883-4e2f-8f11-ce233b859fa1,fda095cb-831d-4601-ad94-846013963de8,f92806d7-1768-443f-afe8-12bcde84d0f0,dd3a144d-ab7f-41f0-82b8-2e43a090d496,f0416e68-0200-4b77-a926-4f9d16e494da,970b0598-bcb0-4714-91fb-2e81440dccd8,bcd64cc6-2dd9-43f6-abbe-66318d332032,d930590d-bb92-4cc8-8bd1-23cd027f9edf,a3cd009f-0ab0-420d-9278-b9fdab939bbc,6a2d0734-bd9e-4ddf-946e-caa52498cb75,c27215d8-6835-4b68-bfbb-bdeac6100c04,b5d6115f-0370-4d7c-aad3-c194cc71cf98,871c3b6c-7379-419d-bda3-794b239ab90d,ff9b0199-ce04-4cfe-86cc-6c719f08d6e4,de1c2107-70c8-4021-8459-6399f24d01c6,cbf30902-517f-40dc-af90-a550bac27cf1
2025-8-6 21:46:39-debug: Init bundle root assets success..., progress: 0%
2025-8-6 21:46:39-debug:   Number of all scripts: 27
2025-8-6 21:46:39-debug:   Number of other assets: 503
2025-8-6 21:46:39-debug:   Number of all scenes: 3
2025-8-6 21:46:39-debug: // ---- build task 查询 Asset Bundle ---- (2ms)
2025-8-6 21:46:39-log: run build task 查询 Asset Bundle success in 2 ms√, progress: 5%
2025-8-6 21:46:39-debug: 查询 Asset Bundle start, progress: 5%
2025-8-6 21:46:39-debug: // ---- build task 查询 Asset Bundle ----
2025-8-6 21:46:39-debug: [Build Memory track]: 查询 Asset Bundle start:197.69MB, end 197.71MB, increase: 23.37KB
2025-8-6 21:46:39-debug: // ---- build task 查询 Asset Bundle ---- (1ms)
2025-8-6 21:46:39-log: run build task 查询 Asset Bundle success in 1 ms√, progress: 10%
2025-8-6 21:46:39-debug: [Build Memory track]: 查询 Asset Bundle start:197.75MB, end 197.86MB, increase: 114.73KB
2025-8-6 21:46:39-debug: 整理部分构建选项内数据到 settings.json start, progress: 10%
2025-8-6 21:46:39-debug: // ---- build task 整理部分构建选项内数据到 settings.json ----
2025-8-6 21:46:39-log: run build task 整理部分构建选项内数据到 settings.json success in √, progress: 12%
2025-8-6 21:46:39-debug: [Build Memory track]: 整理部分构建选项内数据到 settings.json start:197.91MB, end 197.93MB, increase: 18.72KB
2025-8-6 21:46:39-debug: 填充脚本数据到 settings.json start, progress: 12%
2025-8-6 21:46:39-debug: // ---- build task 填充脚本数据到 settings.json ----
2025-8-6 21:46:39-debug: // ---- build task 填充脚本数据到 settings.json ---- (1ms)
2025-8-6 21:46:39-debug: [Build Memory track]: 填充脚本数据到 settings.json start:198.13MB, end 197.99MB, increase: -141.02KB
2025-8-6 21:46:39-debug: 整理部分构建选项内数据到 settings.json start, progress: 13%
2025-8-6 21:46:39-debug: // ---- build task 整理部分构建选项内数据到 settings.json ----
2025-8-6 21:46:39-log: run build task 填充脚本数据到 settings.json success in 1 ms√, progress: 13%
2025-8-6 21:46:39-debug: // ---- build task 整理部分构建选项内数据到 settings.json ---- (1ms)
2025-8-6 21:46:39-debug: [Build Memory track]: 整理部分构建选项内数据到 settings.json start:198.03MB, end 198.16MB, increase: 141.87KB
2025-8-6 21:46:39-log: run build task 整理部分构建选项内数据到 settings.json success in 1 ms√, progress: 15%
2025-8-6 21:46:39-debug: Query all assets info in project
2025-8-6 21:46:39-debug: Query all assets info in project
2025-8-6 21:46:39-debug: Query all assets info in project
2025-8-6 21:46:39-debug: Query all assets info in project
2025-8-6 21:46:39-debug: init custom config: keepNodeUuid: false, useCache: true
2025-8-6 21:46:39-debug: Skip compress image, progress: 0%
2025-8-6 21:46:39-debug: Skip compress image, progress: 0%
2025-8-6 21:46:39-debug: Skip compress image, progress: 0%
2025-8-6 21:46:39-debug: init custom config: keepNodeUuid: false, useCache: true
2025-8-6 21:46:39-debug: init custom config: keepNodeUuid: false, useCache: true
2025-8-6 21:46:39-debug: init custom config: keepNodeUuid: false, useCache: true
2025-8-6 21:46:39-debug: Skip compress image, progress: 0%
2025-8-6 21:46:39-debug: Init all bundles start..., progress: 0%
2025-8-6 21:46:39-debug: Num of bundles: 3..., progress: 0%
2025-8-6 21:46:39-debug: 查询 Asset Bundle start, progress: 0%
2025-8-6 21:46:39-debug: Init bundle root assets start..., progress: 0%
2025-8-6 21:46:39-debug: Num of bundles: 3..., progress: 0%
2025-8-6 21:46:39-debug: // ---- build task 查询 Asset Bundle ----
2025-8-6 21:46:39-debug: Init bundle root assets start..., progress: 0%
2025-8-6 21:46:39-debug: Init all bundles start..., progress: 0%
2025-8-6 21:46:39-debug: Num of bundles: 3..., progress: 0%
2025-8-6 21:46:39-debug: 查询 Asset Bundle start, progress: 0%
2025-8-6 21:46:39-debug: // ---- build task 查询 Asset Bundle ----
2025-8-6 21:46:39-debug: Init bundle root assets start..., progress: 0%
2025-8-6 21:46:39-debug: Init all bundles start..., progress: 0%
2025-8-6 21:46:39-debug: Num of bundles: 3..., progress: 0%
2025-8-6 21:46:39-debug: // ---- build task 查询 Asset Bundle ----
2025-8-6 21:46:39-debug: 查询 Asset Bundle start, progress: 0%
2025-8-6 21:46:39-debug: Init all bundles start..., progress: 0%
2025-8-6 21:46:39-debug: // ---- build task 查询 Asset Bundle ----
2025-8-6 21:46:39-debug: 查询 Asset Bundle start, progress: 0%
2025-8-6 21:46:39-debug: Init bundle root assets start..., progress: 0%
2025-8-6 21:46:39-debug: Query preload assets/scripts from cc.config.json: 60f7195c-ec2a-45eb-ba94-8955f60e81d0,1c02ae6f-4492-4915-b8f8-7492a3b1e4cd,810e96e4-e456-4468-9b59-f4e8f39732c0,efe8e2a3-eace-427b-b4f1-cb8a937ec77d,e9aa9a3e-5b2b-4ac7-a2c7-073de2b2b24f,8bbdbcdd-5cd4-4100-b6d5-b7c9625b6107,50f4348b-c883-4e2f-8f11-ce233b859fa1,fda095cb-831d-4601-ad94-846013963de8,f92806d7-1768-443f-afe8-12bcde84d0f0,dd3a144d-ab7f-41f0-82b8-2e43a090d496,f0416e68-0200-4b77-a926-4f9d16e494da,970b0598-bcb0-4714-91fb-2e81440dccd8,bcd64cc6-2dd9-43f6-abbe-66318d332032,d930590d-bb92-4cc8-8bd1-23cd027f9edf,a3cd009f-0ab0-420d-9278-b9fdab939bbc,6a2d0734-bd9e-4ddf-946e-caa52498cb75,c27215d8-6835-4b68-bfbb-bdeac6100c04,b5d6115f-0370-4d7c-aad3-c194cc71cf98,871c3b6c-7379-419d-bda3-794b239ab90d,ff9b0199-ce04-4cfe-86cc-6c719f08d6e4,de1c2107-70c8-4021-8459-6399f24d01c6,cbf30902-517f-40dc-af90-a550bac27cf1
2025-8-6 21:46:39-debug:   Number of all scripts: 27
2025-8-6 21:46:39-debug: Query preload assets/scripts from cc.config.json: 60f7195c-ec2a-45eb-ba94-8955f60e81d0,1c02ae6f-4492-4915-b8f8-7492a3b1e4cd,810e96e4-e456-4468-9b59-f4e8f39732c0,efe8e2a3-eace-427b-b4f1-cb8a937ec77d,e9aa9a3e-5b2b-4ac7-a2c7-073de2b2b24f,8bbdbcdd-5cd4-4100-b6d5-b7c9625b6107,50f4348b-c883-4e2f-8f11-ce233b859fa1,fda095cb-831d-4601-ad94-846013963de8,f92806d7-1768-443f-afe8-12bcde84d0f0,dd3a144d-ab7f-41f0-82b8-2e43a090d496,f0416e68-0200-4b77-a926-4f9d16e494da,970b0598-bcb0-4714-91fb-2e81440dccd8,bcd64cc6-2dd9-43f6-abbe-66318d332032,d930590d-bb92-4cc8-8bd1-23cd027f9edf,a3cd009f-0ab0-420d-9278-b9fdab939bbc,6a2d0734-bd9e-4ddf-946e-caa52498cb75,c27215d8-6835-4b68-bfbb-bdeac6100c04,b5d6115f-0370-4d7c-aad3-c194cc71cf98,871c3b6c-7379-419d-bda3-794b239ab90d,ff9b0199-ce04-4cfe-86cc-6c719f08d6e4,de1c2107-70c8-4021-8459-6399f24d01c6,cbf30902-517f-40dc-af90-a550bac27cf1
2025-8-6 21:46:39-debug:   Number of all scenes: 3
2025-8-6 21:46:39-debug:   Number of other assets: 503
2025-8-6 21:46:39-debug:   Number of all scripts: 27
2025-8-6 21:46:39-debug: Init bundle root assets success..., progress: 0%
2025-8-6 21:46:39-debug: Query preload assets/scripts from cc.config.json: 60f7195c-ec2a-45eb-ba94-8955f60e81d0,1c02ae6f-4492-4915-b8f8-7492a3b1e4cd,810e96e4-e456-4468-9b59-f4e8f39732c0,efe8e2a3-eace-427b-b4f1-cb8a937ec77d,e9aa9a3e-5b2b-4ac7-a2c7-073de2b2b24f,8bbdbcdd-5cd4-4100-b6d5-b7c9625b6107,50f4348b-c883-4e2f-8f11-ce233b859fa1,fda095cb-831d-4601-ad94-846013963de8,f92806d7-1768-443f-afe8-12bcde84d0f0,dd3a144d-ab7f-41f0-82b8-2e43a090d496,f0416e68-0200-4b77-a926-4f9d16e494da,970b0598-bcb0-4714-91fb-2e81440dccd8,bcd64cc6-2dd9-43f6-abbe-66318d332032,d930590d-bb92-4cc8-8bd1-23cd027f9edf,a3cd009f-0ab0-420d-9278-b9fdab939bbc,6a2d0734-bd9e-4ddf-946e-caa52498cb75,c27215d8-6835-4b68-bfbb-bdeac6100c04,b5d6115f-0370-4d7c-aad3-c194cc71cf98,871c3b6c-7379-419d-bda3-794b239ab90d,ff9b0199-ce04-4cfe-86cc-6c719f08d6e4,de1c2107-70c8-4021-8459-6399f24d01c6,cbf30902-517f-40dc-af90-a550bac27cf1
2025-8-6 21:46:39-debug:   Number of all scenes: 3
2025-8-6 21:46:39-debug:   Number of all scripts: 27
2025-8-6 21:46:39-debug: Init bundle root assets success..., progress: 0%
2025-8-6 21:46:39-debug:   Number of other assets: 503
2025-8-6 21:46:39-debug: Query preload assets/scripts from cc.config.json: 60f7195c-ec2a-45eb-ba94-8955f60e81d0,1c02ae6f-4492-4915-b8f8-7492a3b1e4cd,810e96e4-e456-4468-9b59-f4e8f39732c0,efe8e2a3-eace-427b-b4f1-cb8a937ec77d,e9aa9a3e-5b2b-4ac7-a2c7-073de2b2b24f,8bbdbcdd-5cd4-4100-b6d5-b7c9625b6107,50f4348b-c883-4e2f-8f11-ce233b859fa1,fda095cb-831d-4601-ad94-846013963de8,f92806d7-1768-443f-afe8-12bcde84d0f0,dd3a144d-ab7f-41f0-82b8-2e43a090d496,f0416e68-0200-4b77-a926-4f9d16e494da,970b0598-bcb0-4714-91fb-2e81440dccd8,bcd64cc6-2dd9-43f6-abbe-66318d332032,d930590d-bb92-4cc8-8bd1-23cd027f9edf,a3cd009f-0ab0-420d-9278-b9fdab939bbc,6a2d0734-bd9e-4ddf-946e-caa52498cb75,c27215d8-6835-4b68-bfbb-bdeac6100c04,b5d6115f-0370-4d7c-aad3-c194cc71cf98,871c3b6c-7379-419d-bda3-794b239ab90d,ff9b0199-ce04-4cfe-86cc-6c719f08d6e4,de1c2107-70c8-4021-8459-6399f24d01c6,cbf30902-517f-40dc-af90-a550bac27cf1
2025-8-6 21:46:39-debug:   Number of other assets: 503
2025-8-6 21:46:39-debug:   Number of all scenes: 3
2025-8-6 21:46:39-debug:   Number of all scripts: 27
2025-8-6 21:46:39-debug: Init bundle root assets success..., progress: 0%
2025-8-6 21:46:39-debug:   Number of other assets: 503
2025-8-6 21:46:39-debug:   Number of all scenes: 3
2025-8-6 21:46:39-debug: Init bundle root assets success..., progress: 0%
2025-8-6 21:46:39-debug: // ---- build task 查询 Asset Bundle ---- (6ms)
2025-8-6 21:46:39-log: run build task 查询 Asset Bundle success in 6 ms√, progress: 5%
2025-8-6 21:46:39-debug: [Build Memory track]: 查询 Asset Bundle start:198.57MB, end 198.41MB, increase: -165.75KB
2025-8-6 21:46:39-debug: 查询 Asset Bundle start, progress: 5%
2025-8-6 21:46:39-debug: // ---- build task 查询 Asset Bundle ----
2025-8-6 21:46:39-log: run build task 查询 Asset Bundle success in √, progress: 5%
2025-8-6 21:46:39-debug: [Build Memory track]: 查询 Asset Bundle start:198.44MB, end 198.46MB, increase: 19.27KB
2025-8-6 21:46:39-debug: [Build Memory track]: 查询 Asset Bundle start:198.49MB, end 198.50MB, increase: 13.70KB
2025-8-6 21:46:39-debug: 查询 Asset Bundle start, progress: 5%
2025-8-6 21:46:39-debug: // ---- build task 查询 Asset Bundle ----
2025-8-6 21:46:39-log: run build task 查询 Asset Bundle success in √, progress: 5%
2025-8-6 21:46:39-debug: [Build Memory track]: 查询 Asset Bundle start:198.67MB, end 198.56MB, increase: -111.62KB
2025-8-6 21:46:39-debug: 查询 Asset Bundle start, progress: 5%
2025-8-6 21:46:39-debug: // ---- build task 查询 Asset Bundle ----
2025-8-6 21:46:39-debug: // ---- build task 查询 Asset Bundle ----
2025-8-6 21:46:39-log: run build task 查询 Asset Bundle success in √, progress: 5%
2025-8-6 21:46:39-debug: 查询 Asset Bundle start, progress: 5%
2025-8-6 21:46:39-debug: // ---- build task 查询 Asset Bundle ---- (1ms)
2025-8-6 21:46:39-log: run build task 查询 Asset Bundle success in 1 ms√, progress: 10%
2025-8-6 21:46:39-debug: [Build Memory track]: 查询 Asset Bundle start:198.59MB, end 198.95MB, increase: 369.31KB
2025-8-6 21:46:39-debug: 整理部分构建选项内数据到 settings.json start, progress: 10%
2025-8-6 21:46:39-debug: // ---- build task 整理部分构建选项内数据到 settings.json ----
2025-8-6 21:46:39-debug: // ---- build task 整理部分构建选项内数据到 settings.json ---- (1ms)
2025-8-6 21:46:39-log: run build task 整理部分构建选项内数据到 settings.json success in 1 ms√, progress: 12%
2025-8-6 21:46:39-debug: [Build Memory track]: 整理部分构建选项内数据到 settings.json start:198.98MB, end 198.16MB, increase: -838.55KB
2025-8-6 21:46:39-debug: 填充脚本数据到 settings.json start, progress: 12%
2025-8-6 21:46:39-debug: // ---- build task 填充脚本数据到 settings.json ----
2025-8-6 21:46:39-debug: 整理部分构建选项内数据到 settings.json start, progress: 10%
2025-8-6 21:46:39-log: run build task 查询 Asset Bundle success in √, progress: 10%
2025-8-6 21:46:39-log: run build task 查询 Asset Bundle success in √, progress: 10%
2025-8-6 21:46:39-log: run build task 查询 Asset Bundle success in √, progress: 10%
2025-8-6 21:46:39-debug: 整理部分构建选项内数据到 settings.json start, progress: 10%
2025-8-6 21:46:39-debug: // ---- build task 整理部分构建选项内数据到 settings.json ----
2025-8-6 21:46:39-debug: // ---- build task 整理部分构建选项内数据到 settings.json ----
2025-8-6 21:46:39-debug: 整理部分构建选项内数据到 settings.json start, progress: 10%
2025-8-6 21:46:39-debug: // ---- build task 整理部分构建选项内数据到 settings.json ----
2025-8-6 21:46:39-log: run build task 填充脚本数据到 settings.json success in √, progress: 13%
2025-8-6 21:46:39-debug: [Build Memory track]: 填充脚本数据到 settings.json start:198.19MB, end 198.33MB, increase: 141.27KB
2025-8-6 21:46:39-debug: // ---- build task 整理部分构建选项内数据到 settings.json ----
2025-8-6 21:46:39-debug: 填充脚本数据到 settings.json start, progress: 12%
2025-8-6 21:46:39-debug: // ---- build task 填充脚本数据到 settings.json ----
2025-8-6 21:46:39-log: run build task 整理部分构建选项内数据到 settings.json success in √, progress: 12%
2025-8-6 21:46:39-debug: 填充脚本数据到 settings.json start, progress: 12%
2025-8-6 21:46:39-debug: // ---- build task 填充脚本数据到 settings.json ----
2025-8-6 21:46:39-log: run build task 整理部分构建选项内数据到 settings.json success in √, progress: 12%
2025-8-6 21:46:39-debug: [Build Memory track]: 整理部分构建选项内数据到 settings.json start:198.36MB, end 198.38MB, increase: 16.83KB
2025-8-6 21:46:39-debug: 整理部分构建选项内数据到 settings.json start, progress: 13%
2025-8-6 21:46:39-log: run build task 整理部分构建选项内数据到 settings.json success in √, progress: 12%
2025-8-6 21:46:39-debug: 填充脚本数据到 settings.json start, progress: 12%
2025-8-6 21:46:39-debug: // ---- build task 填充脚本数据到 settings.json ----
2025-8-6 21:46:39-debug: // ---- build task 填充脚本数据到 settings.json ---- (1ms)
2025-8-6 21:46:39-log: run build task 填充脚本数据到 settings.json success in 1 ms√, progress: 13%
2025-8-6 21:46:39-debug: [Build Memory track]: 填充脚本数据到 settings.json start:198.49MB, end 198.52MB, increase: 30.27KB
2025-8-6 21:46:39-debug: // ---- build task 整理部分构建选项内数据到 settings.json ----
2025-8-6 21:46:39-debug: 整理部分构建选项内数据到 settings.json start, progress: 13%
2025-8-6 21:46:39-debug: // ---- build task 填充脚本数据到 settings.json ---- (1ms)
2025-8-6 21:46:39-log: run build task 填充脚本数据到 settings.json success in 1 ms√, progress: 13%
2025-8-6 21:46:39-debug: 整理部分构建选项内数据到 settings.json start, progress: 13%
2025-8-6 21:46:39-debug: // ---- build task 整理部分构建选项内数据到 settings.json ----
2025-8-6 21:46:39-log: run build task 填充脚本数据到 settings.json success in √, progress: 13%
2025-8-6 21:46:39-debug: 整理部分构建选项内数据到 settings.json start, progress: 13%
2025-8-6 21:46:39-debug: // ---- build task 整理部分构建选项内数据到 settings.json ----
2025-8-6 21:46:39-debug: // ---- build task 整理部分构建选项内数据到 settings.json ---- (1ms)
2025-8-6 21:46:39-log: run build task 整理部分构建选项内数据到 settings.json success in 1 ms√, progress: 15%
2025-8-6 21:46:39-debug: [Build Memory track]: 整理部分构建选项内数据到 settings.json start:198.64MB, end 198.88MB, increase: 245.40KB
2025-8-6 21:46:39-log: run build task 整理部分构建选项内数据到 settings.json success in √, progress: 15%
2025-8-6 21:46:39-log: run build task 整理部分构建选项内数据到 settings.json success in √, progress: 15%
2025-8-6 21:46:39-log: run build task 整理部分构建选项内数据到 settings.json success in √, progress: 15%
2025-8-6 21:47:16-debug: %cImport%c: /Users/zeruili/projects/cocos_project/driftClash/assets/Scenes/mainmenu.scenebackground: #aaff85; color: #000;color: #000;
2025-8-6 21:47:16-debug: asset-db:reimport-asset9a4dce19-24b9-4d46-b38f-ef49f2287dcb (9ms)
2025-8-6 21:47:27-debug: Query all assets info in project
2025-8-6 21:47:27-debug: init custom config: keepNodeUuid: false, useCache: true
2025-8-6 21:47:27-debug: Skip compress image, progress: 0%
2025-8-6 21:47:27-debug: Init all bundles start..., progress: 0%
2025-8-6 21:47:27-debug: Num of bundles: 3..., progress: 0%
2025-8-6 21:47:27-debug: 查询 Asset Bundle start, progress: 0%
2025-8-6 21:47:27-debug: // ---- build task 查询 Asset Bundle ----
2025-8-6 21:47:27-debug: Init bundle root assets start..., progress: 0%
2025-8-6 21:47:27-debug: Query preload assets/scripts from cc.config.json: 60f7195c-ec2a-45eb-ba94-8955f60e81d0,1c02ae6f-4492-4915-b8f8-7492a3b1e4cd,810e96e4-e456-4468-9b59-f4e8f39732c0,efe8e2a3-eace-427b-b4f1-cb8a937ec77d,e9aa9a3e-5b2b-4ac7-a2c7-073de2b2b24f,8bbdbcdd-5cd4-4100-b6d5-b7c9625b6107,50f4348b-c883-4e2f-8f11-ce233b859fa1,fda095cb-831d-4601-ad94-846013963de8,f92806d7-1768-443f-afe8-12bcde84d0f0,dd3a144d-ab7f-41f0-82b8-2e43a090d496,f0416e68-0200-4b77-a926-4f9d16e494da,970b0598-bcb0-4714-91fb-2e81440dccd8,bcd64cc6-2dd9-43f6-abbe-66318d332032,d930590d-bb92-4cc8-8bd1-23cd027f9edf,a3cd009f-0ab0-420d-9278-b9fdab939bbc,6a2d0734-bd9e-4ddf-946e-caa52498cb75,c27215d8-6835-4b68-bfbb-bdeac6100c04,b5d6115f-0370-4d7c-aad3-c194cc71cf98,871c3b6c-7379-419d-bda3-794b239ab90d,ff9b0199-ce04-4cfe-86cc-6c719f08d6e4,de1c2107-70c8-4021-8459-6399f24d01c6,cbf30902-517f-40dc-af90-a550bac27cf1
2025-8-6 21:47:27-debug: Init bundle root assets success..., progress: 0%
2025-8-6 21:47:27-debug:   Number of all scripts: 27
2025-8-6 21:47:27-debug:   Number of other assets: 503
2025-8-6 21:47:27-debug:   Number of all scenes: 3
2025-8-6 21:47:27-debug: // ---- build task 查询 Asset Bundle ---- (2ms)
2025-8-6 21:47:27-debug: [Build Memory track]: 查询 Asset Bundle start:198.83MB, end 198.77MB, increase: -54.11KB
2025-8-6 21:47:27-debug: 查询 Asset Bundle start, progress: 5%
2025-8-6 21:47:27-debug: // ---- build task 查询 Asset Bundle ----
2025-8-6 21:47:27-log: run build task 查询 Asset Bundle success in 2 ms√, progress: 5%
2025-8-6 21:47:27-debug: // ---- build task 查询 Asset Bundle ---- (1ms)
2025-8-6 21:47:27-debug: 整理部分构建选项内数据到 settings.json start, progress: 10%
2025-8-6 21:47:27-debug: [Build Memory track]: 查询 Asset Bundle start:198.80MB, end 198.92MB, increase: 113.81KB
2025-8-6 21:47:27-debug: // ---- build task 整理部分构建选项内数据到 settings.json ----
2025-8-6 21:47:27-log: run build task 查询 Asset Bundle success in 1 ms√, progress: 10%
2025-8-6 21:47:27-log: run build task 整理部分构建选项内数据到 settings.json success in √, progress: 12%
2025-8-6 21:47:27-debug: [Build Memory track]: 整理部分构建选项内数据到 settings.json start:198.95MB, end 198.97MB, increase: 18.77KB
2025-8-6 21:47:27-debug: 填充脚本数据到 settings.json start, progress: 12%
2025-8-6 21:47:27-debug: // ---- build task 填充脚本数据到 settings.json ----
2025-8-6 21:47:27-log: run build task 填充脚本数据到 settings.json success in √, progress: 13%
2025-8-6 21:47:27-debug: 整理部分构建选项内数据到 settings.json start, progress: 13%
2025-8-6 21:47:27-debug: [Build Memory track]: 填充脚本数据到 settings.json start:199.00MB, end 199.01MB, increase: 17.44KB
2025-8-6 21:47:27-debug: // ---- build task 整理部分构建选项内数据到 settings.json ----
2025-8-6 21:47:27-debug: // ---- build task 整理部分构建选项内数据到 settings.json ---- (1ms)
2025-8-6 21:47:27-debug: [Build Memory track]: 整理部分构建选项内数据到 settings.json start:199.05MB, end 199.17MB, increase: 127.59KB
2025-8-6 21:47:27-log: run build task 整理部分构建选项内数据到 settings.json success in 1 ms√, progress: 15%
2025-8-6 21:52:06-debug: refresh db internal success
2025-8-6 21:52:06-debug: %cImport%c: /Users/zeruili/projects/cocos_project/driftClash/assets/scripts/AIPlayer.tsbackground: #aaff85; color: #000;color: #000;
2025-8-6 21:52:06-debug: refresh db assets success
2025-8-6 21:52:06-debug: Run asset db hook engine-extends:afterRefresh ...
2025-8-6 21:52:06-debug: Run asset db hook engine-extends:afterRefresh success!
2025-8-6 21:52:06-debug: asset-db:refresh-all-database (37ms)
2025-8-6 21:52:06-debug: asset-db:worker-effect-data-processing (1ms)
2025-8-6 21:52:06-debug: asset-db-hook-engine-extends-afterRefresh (1ms)
2025-8-6 21:52:48-debug: refresh db internal success
2025-8-6 21:52:48-debug: %cImport%c: /Users/zeruili/projects/cocos_project/driftClash/assets/scripts/AIPlayer.tsbackground: #aaff85; color: #000;color: #000;
2025-8-6 21:52:48-debug: refresh db assets success
2025-8-6 21:52:48-debug: Run asset db hook engine-extends:afterRefresh ...
2025-8-6 21:52:48-debug: Run asset db hook engine-extends:afterRefresh success!
2025-8-6 21:52:48-debug: asset-db:refresh-all-database (38ms)
2025-8-6 21:52:48-debug: asset-db:worker-effect-data-processing (1ms)
2025-8-6 21:52:48-debug: asset-db-hook-engine-extends-afterRefresh (1ms)
2025-8-6 21:52:51-debug: Query all assets info in project
2025-8-6 21:52:51-debug: init custom config: keepNodeUuid: false, useCache: true
2025-8-6 21:52:51-debug: Skip compress image, progress: 0%
2025-8-6 21:52:51-debug: Init all bundles start..., progress: 0%
2025-8-6 21:52:51-debug: 查询 Asset Bundle start, progress: 0%
2025-8-6 21:52:51-debug: // ---- build task 查询 Asset Bundle ----
2025-8-6 21:52:51-debug: Num of bundles: 3..., progress: 0%
2025-8-6 21:52:51-debug: Init bundle root assets start..., progress: 0%
2025-8-6 21:52:51-debug: Query preload assets/scripts from cc.config.json: 60f7195c-ec2a-45eb-ba94-8955f60e81d0,1c02ae6f-4492-4915-b8f8-7492a3b1e4cd,810e96e4-e456-4468-9b59-f4e8f39732c0,efe8e2a3-eace-427b-b4f1-cb8a937ec77d,e9aa9a3e-5b2b-4ac7-a2c7-073de2b2b24f,8bbdbcdd-5cd4-4100-b6d5-b7c9625b6107,50f4348b-c883-4e2f-8f11-ce233b859fa1,fda095cb-831d-4601-ad94-846013963de8,f92806d7-1768-443f-afe8-12bcde84d0f0,dd3a144d-ab7f-41f0-82b8-2e43a090d496,f0416e68-0200-4b77-a926-4f9d16e494da,970b0598-bcb0-4714-91fb-2e81440dccd8,bcd64cc6-2dd9-43f6-abbe-66318d332032,d930590d-bb92-4cc8-8bd1-23cd027f9edf,a3cd009f-0ab0-420d-9278-b9fdab939bbc,6a2d0734-bd9e-4ddf-946e-caa52498cb75,c27215d8-6835-4b68-bfbb-bdeac6100c04,b5d6115f-0370-4d7c-aad3-c194cc71cf98,871c3b6c-7379-419d-bda3-794b239ab90d,ff9b0199-ce04-4cfe-86cc-6c719f08d6e4,de1c2107-70c8-4021-8459-6399f24d01c6,cbf30902-517f-40dc-af90-a550bac27cf1
2025-8-6 21:52:51-debug:   Number of other assets: 503
2025-8-6 21:52:51-debug:   Number of all scripts: 27
2025-8-6 21:52:51-debug: Init bundle root assets success..., progress: 0%
2025-8-6 21:52:51-debug:   Number of all scenes: 3
2025-8-6 21:52:51-debug: // ---- build task 查询 Asset Bundle ---- (2ms)
2025-8-6 21:52:51-debug: [Build Memory track]: 查询 Asset Bundle start:201.84MB, end 201.70MB, increase: -150.08KB
2025-8-6 21:52:51-debug: 查询 Asset Bundle start, progress: 5%
2025-8-6 21:52:51-log: run build task 查询 Asset Bundle success in 2 ms√, progress: 5%
2025-8-6 21:52:51-debug: // ---- build task 查询 Asset Bundle ----
2025-8-6 21:52:51-debug: // ---- build task 查询 Asset Bundle ---- (1ms)
2025-8-6 21:52:51-debug: [Build Memory track]: 查询 Asset Bundle start:201.73MB, end 201.84MB, increase: 111.73KB
2025-8-6 21:52:51-debug: // ---- build task 整理部分构建选项内数据到 settings.json ----
2025-8-6 21:52:51-log: run build task 查询 Asset Bundle success in 1 ms√, progress: 10%
2025-8-6 21:52:51-debug: 整理部分构建选项内数据到 settings.json start, progress: 10%
2025-8-6 21:52:51-log: run build task 整理部分构建选项内数据到 settings.json success in √, progress: 12%
2025-8-6 21:52:51-debug: [Build Memory track]: 整理部分构建选项内数据到 settings.json start:201.87MB, end 201.89MB, increase: 21.64KB
2025-8-6 21:52:51-debug: 填充脚本数据到 settings.json start, progress: 12%
2025-8-6 21:52:51-debug: // ---- build task 填充脚本数据到 settings.json ----
2025-8-6 21:52:51-log: run build task 填充脚本数据到 settings.json success in √, progress: 13%
2025-8-6 21:52:51-debug: [Build Memory track]: 填充脚本数据到 settings.json start:201.92MB, end 201.94MB, increase: 18.07KB
2025-8-6 21:52:51-debug: 整理部分构建选项内数据到 settings.json start, progress: 13%
2025-8-6 21:52:51-debug: // ---- build task 整理部分构建选项内数据到 settings.json ----
2025-8-6 21:52:51-debug: // ---- build task 整理部分构建选项内数据到 settings.json ---- (1ms)
2025-8-6 21:52:51-log: run build task 整理部分构建选项内数据到 settings.json success in 1 ms√, progress: 15%
2025-8-6 21:52:51-debug: [Build Memory track]: 整理部分构建选项内数据到 settings.json start:201.97MB, end 201.38MB, increase: -608.06KB
2025-8-6 21:53:18-debug: refresh db internal success
2025-8-6 21:53:18-debug: refresh db assets success
2025-8-6 21:53:18-debug: Run asset db hook engine-extends:afterRefresh ...
2025-8-6 21:53:18-debug: Run asset db hook engine-extends:afterRefresh success!
2025-8-6 21:53:18-debug: asset-db:refresh-all-database (35ms)
2025-8-6 21:53:18-debug: asset-db:worker-effect-data-processing (1ms)
2025-8-6 21:53:18-debug: asset-db-hook-engine-extends-afterRefresh (1ms)
2025-8-6 21:53:21-debug: Query all assets info in project
2025-8-6 21:53:21-debug: init custom config: keepNodeUuid: false, useCache: true
2025-8-6 21:53:21-debug: Skip compress image, progress: 0%
2025-8-6 21:53:21-debug: Init all bundles start..., progress: 0%
2025-8-6 21:53:21-debug: // ---- build task 查询 Asset Bundle ----
2025-8-6 21:53:21-debug: 查询 Asset Bundle start, progress: 0%
2025-8-6 21:53:21-debug: Init bundle root assets start..., progress: 0%
2025-8-6 21:53:21-debug: Num of bundles: 3..., progress: 0%
2025-8-6 21:53:21-debug: Query preload assets/scripts from cc.config.json: 60f7195c-ec2a-45eb-ba94-8955f60e81d0,1c02ae6f-4492-4915-b8f8-7492a3b1e4cd,810e96e4-e456-4468-9b59-f4e8f39732c0,efe8e2a3-eace-427b-b4f1-cb8a937ec77d,e9aa9a3e-5b2b-4ac7-a2c7-073de2b2b24f,8bbdbcdd-5cd4-4100-b6d5-b7c9625b6107,50f4348b-c883-4e2f-8f11-ce233b859fa1,fda095cb-831d-4601-ad94-846013963de8,f92806d7-1768-443f-afe8-12bcde84d0f0,dd3a144d-ab7f-41f0-82b8-2e43a090d496,f0416e68-0200-4b77-a926-4f9d16e494da,970b0598-bcb0-4714-91fb-2e81440dccd8,bcd64cc6-2dd9-43f6-abbe-66318d332032,d930590d-bb92-4cc8-8bd1-23cd027f9edf,a3cd009f-0ab0-420d-9278-b9fdab939bbc,6a2d0734-bd9e-4ddf-946e-caa52498cb75,c27215d8-6835-4b68-bfbb-bdeac6100c04,b5d6115f-0370-4d7c-aad3-c194cc71cf98,871c3b6c-7379-419d-bda3-794b239ab90d,ff9b0199-ce04-4cfe-86cc-6c719f08d6e4,de1c2107-70c8-4021-8459-6399f24d01c6,cbf30902-517f-40dc-af90-a550bac27cf1
2025-8-6 21:53:21-debug:   Number of all scenes: 3
2025-8-6 21:53:21-debug:   Number of all scripts: 27
2025-8-6 21:53:21-debug: Init bundle root assets success..., progress: 0%
2025-8-6 21:53:21-debug:   Number of other assets: 503
2025-8-6 21:53:21-debug: // ---- build task 查询 Asset Bundle ---- (2ms)
2025-8-6 21:53:21-log: run build task 查询 Asset Bundle success in 2 ms√, progress: 5%
2025-8-6 21:53:21-debug: [Build Memory track]: 查询 Asset Bundle start:203.10MB, end 203.10MB, increase: 4.96KB
2025-8-6 21:53:21-debug: 查询 Asset Bundle start, progress: 5%
2025-8-6 21:53:21-debug: // ---- build task 查询 Asset Bundle ----
2025-8-6 21:53:21-log: run build task 查询 Asset Bundle success in √, progress: 10%
2025-8-6 21:53:21-debug: 整理部分构建选项内数据到 settings.json start, progress: 10%
2025-8-6 21:53:21-debug: // ---- build task 整理部分构建选项内数据到 settings.json ----
2025-8-6 21:53:21-debug: [Build Memory track]: 查询 Asset Bundle start:203.13MB, end 203.23MB, increase: 99.26KB
2025-8-6 21:53:21-log: run build task 整理部分构建选项内数据到 settings.json success in √, progress: 12%
2025-8-6 21:53:21-debug: [Build Memory track]: 整理部分构建选项内数据到 settings.json start:203.25MB, end 203.27MB, increase: 15.42KB
2025-8-6 21:53:21-debug: 填充脚本数据到 settings.json start, progress: 12%
2025-8-6 21:53:21-debug: // ---- build task 填充脚本数据到 settings.json ----
2025-8-6 21:53:21-debug: [Build Memory track]: 填充脚本数据到 settings.json start:203.29MB, end 203.31MB, increase: 19.35KB
2025-8-6 21:53:21-log: run build task 填充脚本数据到 settings.json success in √, progress: 13%
2025-8-6 21:53:21-debug: 整理部分构建选项内数据到 settings.json start, progress: 13%
2025-8-6 21:53:21-debug: // ---- build task 整理部分构建选项内数据到 settings.json ----
2025-8-6 21:53:21-log: run build task 整理部分构建选项内数据到 settings.json success in √, progress: 15%
2025-8-6 21:53:21-debug: [Build Memory track]: 整理部分构建选项内数据到 settings.json start:203.33MB, end 202.72MB, increase: -630.90KB
2025-8-6 22:01:01-debug: refresh db internal success
2025-8-6 22:01:01-debug: %cImport%c: /Users/zeruili/projects/cocos_project/driftClash/assets/scripts/AIPlayer.tsbackground: #aaff85; color: #000;color: #000;
2025-8-6 22:01:01-debug: refresh db assets success
2025-8-6 22:01:01-debug: Run asset db hook engine-extends:afterRefresh ...
2025-8-6 22:01:01-debug: Run asset db hook engine-extends:afterRefresh success!
2025-8-6 22:01:01-debug: asset-db:refresh-all-database (43ms)
2025-8-6 22:01:01-debug: asset-db-hook-engine-extends-afterRefresh (1ms)
2025-8-6 22:01:01-debug: asset-db:worker-effect-data-processing (1ms)
2025-8-6 22:15:16-debug: refresh db internal success
2025-8-6 22:15:16-debug: %cImport%c: /Users/zeruili/projects/cocos_project/driftClash/assets/scripts/AIPlayer.tsbackground: #aaff85; color: #000;color: #000;
2025-8-6 22:15:16-debug: refresh db assets success
2025-8-6 22:15:16-debug: Run asset db hook engine-extends:afterRefresh ...
2025-8-6 22:15:16-debug: Run asset db hook engine-extends:afterRefresh success!
2025-8-6 22:15:16-debug: asset-db:refresh-all-database (49ms)
2025-8-6 22:15:16-debug: asset-db-hook-engine-extends-afterRefresh (1ms)
2025-8-6 22:15:23-debug: Query all assets info in project
2025-8-6 22:15:23-debug: init custom config: keepNodeUuid: false, useCache: true
2025-8-6 22:15:23-debug: Skip compress image, progress: 0%
2025-8-6 22:15:23-debug: Init all bundles start..., progress: 0%
2025-8-6 22:15:23-debug: Num of bundles: 3..., progress: 0%
2025-8-6 22:15:23-debug: Init bundle root assets start..., progress: 0%
2025-8-6 22:15:23-debug: // ---- build task 查询 Asset Bundle ----
2025-8-6 22:15:23-debug: 查询 Asset Bundle start, progress: 0%
2025-8-6 22:15:23-debug: Query preload assets/scripts from cc.config.json: 60f7195c-ec2a-45eb-ba94-8955f60e81d0,1c02ae6f-4492-4915-b8f8-7492a3b1e4cd,810e96e4-e456-4468-9b59-f4e8f39732c0,efe8e2a3-eace-427b-b4f1-cb8a937ec77d,e9aa9a3e-5b2b-4ac7-a2c7-073de2b2b24f,8bbdbcdd-5cd4-4100-b6d5-b7c9625b6107,50f4348b-c883-4e2f-8f11-ce233b859fa1,fda095cb-831d-4601-ad94-846013963de8,f92806d7-1768-443f-afe8-12bcde84d0f0,dd3a144d-ab7f-41f0-82b8-2e43a090d496,f0416e68-0200-4b77-a926-4f9d16e494da,970b0598-bcb0-4714-91fb-2e81440dccd8,bcd64cc6-2dd9-43f6-abbe-66318d332032,d930590d-bb92-4cc8-8bd1-23cd027f9edf,a3cd009f-0ab0-420d-9278-b9fdab939bbc,6a2d0734-bd9e-4ddf-946e-caa52498cb75,c27215d8-6835-4b68-bfbb-bdeac6100c04,b5d6115f-0370-4d7c-aad3-c194cc71cf98,871c3b6c-7379-419d-bda3-794b239ab90d,ff9b0199-ce04-4cfe-86cc-6c719f08d6e4,de1c2107-70c8-4021-8459-6399f24d01c6,cbf30902-517f-40dc-af90-a550bac27cf1
2025-8-6 22:15:23-debug: Init bundle root assets success..., progress: 0%
2025-8-6 22:15:23-debug:   Number of all scripts: 27
2025-8-6 22:15:23-debug:   Number of other assets: 503
2025-8-6 22:15:23-debug:   Number of all scenes: 3
2025-8-6 22:15:23-debug: // ---- build task 查询 Asset Bundle ---- (2ms)
2025-8-6 22:15:23-debug: [Build Memory track]: 查询 Asset Bundle start:204.70MB, end 204.59MB, increase: -113.50KB
2025-8-6 22:15:23-debug: 查询 Asset Bundle start, progress: 5%
2025-8-6 22:15:23-debug: // ---- build task 查询 Asset Bundle ----
2025-8-6 22:15:23-log: run build task 查询 Asset Bundle success in 2 ms√, progress: 5%
2025-8-6 22:15:23-log: run build task 查询 Asset Bundle success in √, progress: 10%
2025-8-6 22:15:23-debug: [Build Memory track]: 查询 Asset Bundle start:204.61MB, end 204.72MB, increase: 107.47KB
2025-8-6 22:15:23-debug: 整理部分构建选项内数据到 settings.json start, progress: 10%
2025-8-6 22:15:23-debug: // ---- build task 整理部分构建选项内数据到 settings.json ----
2025-8-6 22:15:23-log: run build task 整理部分构建选项内数据到 settings.json success in √, progress: 12%
2025-8-6 22:15:23-debug: [Build Memory track]: 整理部分构建选项内数据到 settings.json start:204.74MB, end 204.76MB, increase: 15.23KB
2025-8-6 22:15:23-debug: 填充脚本数据到 settings.json start, progress: 12%
2025-8-6 22:15:23-debug: // ---- build task 填充脚本数据到 settings.json ----
2025-8-6 22:15:23-debug: // ---- build task 填充脚本数据到 settings.json ---- (1ms)
2025-8-6 22:15:23-log: run build task 填充脚本数据到 settings.json success in 1 ms√, progress: 13%
2025-8-6 22:15:23-debug: [Build Memory track]: 填充脚本数据到 settings.json start:204.78MB, end 204.80MB, increase: 22.49KB
2025-8-6 22:15:23-debug: // ---- build task 整理部分构建选项内数据到 settings.json ----
2025-8-6 22:15:23-debug: 整理部分构建选项内数据到 settings.json start, progress: 13%
2025-8-6 22:15:23-debug: // ---- build task 整理部分构建选项内数据到 settings.json ---- (1ms)
2025-8-6 22:15:23-log: run build task 整理部分构建选项内数据到 settings.json success in 1 ms√, progress: 15%
2025-8-6 22:15:23-debug: [Build Memory track]: 整理部分构建选项内数据到 settings.json start:204.83MB, end 204.97MB, increase: 147.30KB
2025-8-6 22:15:45-debug: refresh db internal success
2025-8-6 22:15:45-debug: refresh db assets success
2025-8-6 22:15:45-debug: Run asset db hook engine-extends:afterRefresh ...
2025-8-6 22:15:45-debug: Run asset db hook engine-extends:afterRefresh success!
2025-8-6 22:15:45-debug: asset-db:refresh-all-database (32ms)
2025-8-6 22:16:27-debug: refresh db internal success
2025-8-6 22:16:27-debug: %cImport%c: /Users/zeruili/projects/cocos_project/driftClash/assets/scripts/AIPlayer.tsbackground: #aaff85; color: #000;color: #000;
2025-8-6 22:16:28-debug: refresh db assets success
2025-8-6 22:16:28-debug: Run asset db hook engine-extends:afterRefresh ...
2025-8-6 22:16:28-debug: Run asset db hook engine-extends:afterRefresh success!
2025-8-6 22:16:28-debug: asset-db:refresh-all-database (29ms)
2025-8-6 22:16:28-debug: asset-db:worker-effect-data-processing (1ms)
2025-8-6 22:16:28-debug: asset-db-hook-engine-extends-afterRefresh (1ms)
2025-8-6 22:16:55-debug: refresh db internal success
2025-8-6 22:16:55-debug: refresh db assets success
2025-8-6 22:16:55-debug: Run asset db hook engine-extends:afterRefresh ...
2025-8-6 22:16:55-debug: Run asset db hook engine-extends:afterRefresh success!
2025-8-6 22:16:55-debug: asset-db:worker-effect-data-processing (1ms)
2025-8-6 22:16:55-debug: asset-db:refresh-all-database (33ms)
2025-8-6 22:16:55-debug: asset-db-hook-engine-extends-afterRefresh (1ms)
2025-8-6 22:17:37-debug: refresh db internal success
2025-8-6 22:17:37-debug: %cImport%c: /Users/zeruili/projects/cocos_project/driftClash/assets/scripts/AIPlayer.tsbackground: #aaff85; color: #000;color: #000;
2025-8-6 22:17:37-debug: refresh db assets success
2025-8-6 22:17:37-debug: Run asset db hook engine-extends:afterRefresh ...
2025-8-6 22:17:37-debug: Run asset db hook engine-extends:afterRefresh success!
2025-8-6 22:17:37-debug: asset-db:refresh-all-database (25ms)
2025-8-6 22:17:38-debug: Query all assets info in project
2025-8-6 22:17:38-debug: init custom config: keepNodeUuid: false, useCache: true
2025-8-6 22:17:38-debug: Skip compress image, progress: 0%
2025-8-6 22:17:38-debug: Init all bundles start..., progress: 0%
2025-8-6 22:17:38-debug: Init bundle root assets start..., progress: 0%
2025-8-6 22:17:38-debug: Num of bundles: 3..., progress: 0%
2025-8-6 22:17:38-debug: // ---- build task 查询 Asset Bundle ----
2025-8-6 22:17:38-debug: 查询 Asset Bundle start, progress: 0%
2025-8-6 22:17:38-debug: Query preload assets/scripts from cc.config.json: 60f7195c-ec2a-45eb-ba94-8955f60e81d0,1c02ae6f-4492-4915-b8f8-7492a3b1e4cd,810e96e4-e456-4468-9b59-f4e8f39732c0,efe8e2a3-eace-427b-b4f1-cb8a937ec77d,e9aa9a3e-5b2b-4ac7-a2c7-073de2b2b24f,8bbdbcdd-5cd4-4100-b6d5-b7c9625b6107,50f4348b-c883-4e2f-8f11-ce233b859fa1,fda095cb-831d-4601-ad94-846013963de8,f92806d7-1768-443f-afe8-12bcde84d0f0,dd3a144d-ab7f-41f0-82b8-2e43a090d496,f0416e68-0200-4b77-a926-4f9d16e494da,970b0598-bcb0-4714-91fb-2e81440dccd8,bcd64cc6-2dd9-43f6-abbe-66318d332032,d930590d-bb92-4cc8-8bd1-23cd027f9edf,a3cd009f-0ab0-420d-9278-b9fdab939bbc,6a2d0734-bd9e-4ddf-946e-caa52498cb75,c27215d8-6835-4b68-bfbb-bdeac6100c04,b5d6115f-0370-4d7c-aad3-c194cc71cf98,871c3b6c-7379-419d-bda3-794b239ab90d,ff9b0199-ce04-4cfe-86cc-6c719f08d6e4,de1c2107-70c8-4021-8459-6399f24d01c6,cbf30902-517f-40dc-af90-a550bac27cf1
2025-8-6 22:17:38-debug:   Number of all scenes: 3
2025-8-6 22:17:38-debug:   Number of all scripts: 27
2025-8-6 22:17:38-debug:   Number of other assets: 503
2025-8-6 22:17:38-debug: Init bundle root assets success..., progress: 0%
2025-8-6 22:17:38-debug: // ---- build task 查询 Asset Bundle ---- (1ms)
2025-8-6 22:17:38-log: run build task 查询 Asset Bundle success in 1 ms√, progress: 5%
2025-8-6 22:17:38-debug: [Build Memory track]: 查询 Asset Bundle start:206.78MB, end 206.80MB, increase: 15.65KB
2025-8-6 22:17:38-debug: 查询 Asset Bundle start, progress: 5%
2025-8-6 22:17:38-debug: // ---- build task 查询 Asset Bundle ----
2025-8-6 22:17:38-log: run build task 查询 Asset Bundle success in √, progress: 10%
2025-8-6 22:17:38-debug: [Build Memory track]: 查询 Asset Bundle start:206.82MB, end 206.92MB, increase: 100.37KB
2025-8-6 22:17:38-debug: 整理部分构建选项内数据到 settings.json start, progress: 10%
2025-8-6 22:17:38-debug: // ---- build task 整理部分构建选项内数据到 settings.json ----
2025-8-6 22:17:38-log: run build task 整理部分构建选项内数据到 settings.json success in √, progress: 12%
2025-8-6 22:17:38-debug: [Build Memory track]: 整理部分构建选项内数据到 settings.json start:206.95MB, end 206.96MB, increase: 15.66KB
2025-8-6 22:17:38-debug: 填充脚本数据到 settings.json start, progress: 12%
2025-8-6 22:17:38-debug: // ---- build task 填充脚本数据到 settings.json ----
2025-8-6 22:17:38-debug: // ---- build task 填充脚本数据到 settings.json ---- (1ms)
2025-8-6 22:17:38-log: run build task 填充脚本数据到 settings.json success in 1 ms√, progress: 13%
2025-8-6 22:17:38-debug: [Build Memory track]: 填充脚本数据到 settings.json start:206.99MB, end 207.01MB, increase: 23.07KB
2025-8-6 22:17:38-debug: 整理部分构建选项内数据到 settings.json start, progress: 13%
2025-8-6 22:17:38-debug: // ---- build task 整理部分构建选项内数据到 settings.json ----
2025-8-6 22:17:38-debug: // ---- build task 整理部分构建选项内数据到 settings.json ---- (1ms)
2025-8-6 22:17:38-log: run build task 整理部分构建选项内数据到 settings.json success in 1 ms√, progress: 15%
2025-8-6 22:17:38-debug: [Build Memory track]: 整理部分构建选项内数据到 settings.json start:207.03MB, end 207.16MB, increase: 129.66KB
2025-8-6 22:17:59-debug: %cImport%c: /Users/zeruili/projects/cocos_project/driftClash/assets/resources/prefab/levels/level-3.prefabbackground: #aaff85; color: #000;color: #000;
2025-8-6 22:17:59-debug: asset-db:reimport-asset8d8867cd-f591-45fa-8564-e435fcdb1847 (3ms)
2025-8-6 22:18:06-debug: refresh db internal success
2025-8-6 22:18:06-debug: %cImport%c: /Users/zeruili/projects/cocos_project/driftClash/assets/scripts/AIPlayer.tsbackground: #aaff85; color: #000;color: #000;
2025-8-6 22:18:06-debug: refresh db assets success
2025-8-6 22:18:06-debug: Run asset db hook engine-extends:afterRefresh ...
2025-8-6 22:18:06-debug: Run asset db hook engine-extends:afterRefresh success!
2025-8-6 22:18:06-debug: asset-db:refresh-all-database (25ms)
2025-8-6 22:18:06-debug: asset-db:worker-effect-data-processing (1ms)
2025-8-6 22:18:06-debug: asset-db-hook-engine-extends-afterRefresh (1ms)
2025-8-6 22:18:06-debug: Query all assets info in project
2025-8-6 22:18:06-debug: init custom config: keepNodeUuid: false, useCache: true
2025-8-6 22:18:06-debug: Skip compress image, progress: 0%
2025-8-6 22:18:06-debug: Init all bundles start..., progress: 0%
2025-8-6 22:18:06-debug: 查询 Asset Bundle start, progress: 0%
2025-8-6 22:18:06-debug: Init bundle root assets start..., progress: 0%
2025-8-6 22:18:06-debug: // ---- build task 查询 Asset Bundle ----
2025-8-6 22:18:06-debug: Num of bundles: 3..., progress: 0%
2025-8-6 22:18:06-debug: Query preload assets/scripts from cc.config.json: 60f7195c-ec2a-45eb-ba94-8955f60e81d0,1c02ae6f-4492-4915-b8f8-7492a3b1e4cd,810e96e4-e456-4468-9b59-f4e8f39732c0,efe8e2a3-eace-427b-b4f1-cb8a937ec77d,e9aa9a3e-5b2b-4ac7-a2c7-073de2b2b24f,8bbdbcdd-5cd4-4100-b6d5-b7c9625b6107,50f4348b-c883-4e2f-8f11-ce233b859fa1,fda095cb-831d-4601-ad94-846013963de8,f92806d7-1768-443f-afe8-12bcde84d0f0,dd3a144d-ab7f-41f0-82b8-2e43a090d496,f0416e68-0200-4b77-a926-4f9d16e494da,970b0598-bcb0-4714-91fb-2e81440dccd8,bcd64cc6-2dd9-43f6-abbe-66318d332032,d930590d-bb92-4cc8-8bd1-23cd027f9edf,a3cd009f-0ab0-420d-9278-b9fdab939bbc,6a2d0734-bd9e-4ddf-946e-caa52498cb75,c27215d8-6835-4b68-bfbb-bdeac6100c04,b5d6115f-0370-4d7c-aad3-c194cc71cf98,871c3b6c-7379-419d-bda3-794b239ab90d,ff9b0199-ce04-4cfe-86cc-6c719f08d6e4,de1c2107-70c8-4021-8459-6399f24d01c6,cbf30902-517f-40dc-af90-a550bac27cf1
2025-8-6 22:18:06-debug:   Number of other assets: 503
2025-8-6 22:18:06-debug: Init bundle root assets success..., progress: 0%
2025-8-6 22:18:06-debug:   Number of all scenes: 3
2025-8-6 22:18:06-debug:   Number of all scripts: 27
2025-8-6 22:18:06-debug: // ---- build task 查询 Asset Bundle ---- (3ms)
2025-8-6 22:18:06-debug: 查询 Asset Bundle start, progress: 5%
2025-8-6 22:18:06-log: run build task 查询 Asset Bundle success in 3 ms√, progress: 5%
2025-8-6 22:18:06-debug: // ---- build task 查询 Asset Bundle ----
2025-8-6 22:18:06-debug: [Build Memory track]: 查询 Asset Bundle start:207.39MB, end 207.37MB, increase: -19.83KB
2025-8-6 22:18:06-debug: // ---- build task 查询 Asset Bundle ---- (1ms)
2025-8-6 22:18:06-debug: [Build Memory track]: 查询 Asset Bundle start:207.39MB, end 207.50MB, increase: 108.26KB
2025-8-6 22:18:06-log: run build task 查询 Asset Bundle success in 1 ms√, progress: 10%
2025-8-6 22:18:06-debug: 整理部分构建选项内数据到 settings.json start, progress: 10%
2025-8-6 22:18:06-debug: // ---- build task 整理部分构建选项内数据到 settings.json ----
2025-8-6 22:18:06-log: run build task 整理部分构建选项内数据到 settings.json success in √, progress: 12%
2025-8-6 22:18:06-debug: 填充脚本数据到 settings.json start, progress: 12%
2025-8-6 22:18:06-debug: [Build Memory track]: 整理部分构建选项内数据到 settings.json start:207.52MB, end 207.54MB, increase: 15.21KB
2025-8-6 22:18:06-debug: // ---- build task 填充脚本数据到 settings.json ----
2025-8-6 22:18:06-log: run build task 填充脚本数据到 settings.json success in √, progress: 13%
2025-8-6 22:18:06-debug: [Build Memory track]: 填充脚本数据到 settings.json start:207.56MB, end 207.58MB, increase: 17.06KB
2025-8-6 22:18:06-debug: 整理部分构建选项内数据到 settings.json start, progress: 13%
2025-8-6 22:18:06-debug: // ---- build task 整理部分构建选项内数据到 settings.json ----
2025-8-6 22:18:06-debug: [Build Memory track]: 整理部分构建选项内数据到 settings.json start:207.61MB, end 207.74MB, increase: 133.36KB
2025-8-6 22:18:06-log: run build task 整理部分构建选项内数据到 settings.json success in 1 ms√, progress: 15%
2025-8-6 22:18:06-debug: // ---- build task 整理部分构建选项内数据到 settings.json ---- (1ms)
2025-8-6 22:18:34-debug: refresh db internal success
2025-8-6 22:18:34-debug: %cImport%c: /Users/zeruili/projects/cocos_project/driftClash/assets/scripts/AIPlayer.tsbackground: #aaff85; color: #000;color: #000;
2025-8-6 22:18:34-debug: refresh db assets success
2025-8-6 22:18:34-debug: Run asset db hook engine-extends:afterRefresh ...
2025-8-6 22:18:34-debug: Run asset db hook engine-extends:afterRefresh success!
2025-8-6 22:18:34-debug: asset-db:refresh-all-database (37ms)
2025-8-6 22:18:34-debug: asset-db:worker-effect-data-processing (1ms)
2025-8-6 22:18:34-debug: asset-db-hook-engine-extends-afterRefresh (1ms)
2025-8-6 22:18:34-debug: Query all assets info in project
2025-8-6 22:18:34-debug: init custom config: keepNodeUuid: false, useCache: true
2025-8-6 22:18:34-debug: Skip compress image, progress: 0%
2025-8-6 22:18:34-debug: Init all bundles start..., progress: 0%
2025-8-6 22:18:34-debug: Num of bundles: 3..., progress: 0%
2025-8-6 22:18:34-debug: 查询 Asset Bundle start, progress: 0%
2025-8-6 22:18:34-debug: Init bundle root assets start..., progress: 0%
2025-8-6 22:18:34-debug: // ---- build task 查询 Asset Bundle ----
2025-8-6 22:18:34-debug: Query preload assets/scripts from cc.config.json: 60f7195c-ec2a-45eb-ba94-8955f60e81d0,1c02ae6f-4492-4915-b8f8-7492a3b1e4cd,810e96e4-e456-4468-9b59-f4e8f39732c0,efe8e2a3-eace-427b-b4f1-cb8a937ec77d,e9aa9a3e-5b2b-4ac7-a2c7-073de2b2b24f,8bbdbcdd-5cd4-4100-b6d5-b7c9625b6107,50f4348b-c883-4e2f-8f11-ce233b859fa1,fda095cb-831d-4601-ad94-846013963de8,f92806d7-1768-443f-afe8-12bcde84d0f0,dd3a144d-ab7f-41f0-82b8-2e43a090d496,f0416e68-0200-4b77-a926-4f9d16e494da,970b0598-bcb0-4714-91fb-2e81440dccd8,bcd64cc6-2dd9-43f6-abbe-66318d332032,d930590d-bb92-4cc8-8bd1-23cd027f9edf,a3cd009f-0ab0-420d-9278-b9fdab939bbc,6a2d0734-bd9e-4ddf-946e-caa52498cb75,c27215d8-6835-4b68-bfbb-bdeac6100c04,b5d6115f-0370-4d7c-aad3-c194cc71cf98,871c3b6c-7379-419d-bda3-794b239ab90d,ff9b0199-ce04-4cfe-86cc-6c719f08d6e4,de1c2107-70c8-4021-8459-6399f24d01c6,cbf30902-517f-40dc-af90-a550bac27cf1
2025-8-6 22:18:34-debug:   Number of all scenes: 3
2025-8-6 22:18:34-debug:   Number of all scripts: 27
2025-8-6 22:18:34-debug:   Number of other assets: 503
2025-8-6 22:18:34-debug: Init bundle root assets success..., progress: 0%
2025-8-6 22:18:34-log: run build task 查询 Asset Bundle success in 2 ms√, progress: 5%
2025-8-6 22:18:34-debug: // ---- build task 查询 Asset Bundle ---- (2ms)
2025-8-6 22:18:34-debug: [Build Memory track]: 查询 Asset Bundle start:208.45MB, end 208.33MB, increase: -118.84KB
2025-8-6 22:18:34-debug: 查询 Asset Bundle start, progress: 5%
2025-8-6 22:18:34-debug: // ---- build task 查询 Asset Bundle ----
2025-8-6 22:18:34-debug: 整理部分构建选项内数据到 settings.json start, progress: 10%
2025-8-6 22:18:34-debug: // ---- build task 整理部分构建选项内数据到 settings.json ----
2025-8-6 22:18:34-log: run build task 整理部分构建选项内数据到 settings.json success in √, progress: 12%
2025-8-6 22:18:34-debug: [Build Memory track]: 整理部分构建选项内数据到 settings.json start:208.47MB, end 208.49MB, increase: 14.23KB
2025-8-6 22:18:34-debug: // ---- build task 填充脚本数据到 settings.json ----
2025-8-6 22:18:34-log: run build task 查询 Asset Bundle success in √, progress: 10%
2025-8-6 22:18:34-debug: [Build Memory track]: 查询 Asset Bundle start:208.35MB, end 208.45MB, increase: 97.63KB
2025-8-6 22:18:34-debug: 填充脚本数据到 settings.json start, progress: 12%
2025-8-6 22:18:34-log: run build task 填充脚本数据到 settings.json success in √, progress: 13%
2025-8-6 22:18:34-debug: [Build Memory track]: 填充脚本数据到 settings.json start:208.51MB, end 208.53MB, increase: 19.28KB
2025-8-6 22:18:34-debug: 整理部分构建选项内数据到 settings.json start, progress: 13%
2025-8-6 22:18:34-debug: // ---- build task 整理部分构建选项内数据到 settings.json ----
2025-8-6 22:18:34-log: run build task 整理部分构建选项内数据到 settings.json success in √, progress: 15%
2025-8-6 22:18:34-debug: [Build Memory track]: 整理部分构建选项内数据到 settings.json start:208.56MB, end 208.68MB, increase: 121.49KB
2025-8-6 22:23:10-debug: refresh db internal success
2025-8-6 22:23:10-debug: %cImport%c: /Users/zeruili/projects/cocos_project/driftClash/assets/scripts/AIPlayer.tsbackground: #aaff85; color: #000;color: #000;
2025-8-6 22:23:10-debug: refresh db assets success
2025-8-6 22:23:10-debug: Run asset db hook engine-extends:afterRefresh ...
2025-8-6 22:23:10-debug: Run asset db hook engine-extends:afterRefresh success!
2025-8-6 22:23:10-debug: asset-db:refresh-all-database (34ms)
2025-8-6 22:23:11-debug: Query all assets info in project
2025-8-6 22:23:11-debug: init custom config: keepNodeUuid: false, useCache: true
2025-8-6 22:23:11-debug: Skip compress image, progress: 0%
2025-8-6 22:23:11-debug: Init all bundles start..., progress: 0%
2025-8-6 22:23:11-debug: Num of bundles: 3..., progress: 0%
2025-8-6 22:23:11-debug: 查询 Asset Bundle start, progress: 0%
2025-8-6 22:23:11-debug: // ---- build task 查询 Asset Bundle ----
2025-8-6 22:23:11-debug: Init bundle root assets start..., progress: 0%
2025-8-6 22:23:11-debug: Query preload assets/scripts from cc.config.json: 60f7195c-ec2a-45eb-ba94-8955f60e81d0,1c02ae6f-4492-4915-b8f8-7492a3b1e4cd,810e96e4-e456-4468-9b59-f4e8f39732c0,efe8e2a3-eace-427b-b4f1-cb8a937ec77d,e9aa9a3e-5b2b-4ac7-a2c7-073de2b2b24f,8bbdbcdd-5cd4-4100-b6d5-b7c9625b6107,50f4348b-c883-4e2f-8f11-ce233b859fa1,fda095cb-831d-4601-ad94-846013963de8,f92806d7-1768-443f-afe8-12bcde84d0f0,dd3a144d-ab7f-41f0-82b8-2e43a090d496,f0416e68-0200-4b77-a926-4f9d16e494da,970b0598-bcb0-4714-91fb-2e81440dccd8,bcd64cc6-2dd9-43f6-abbe-66318d332032,d930590d-bb92-4cc8-8bd1-23cd027f9edf,a3cd009f-0ab0-420d-9278-b9fdab939bbc,6a2d0734-bd9e-4ddf-946e-caa52498cb75,c27215d8-6835-4b68-bfbb-bdeac6100c04,b5d6115f-0370-4d7c-aad3-c194cc71cf98,871c3b6c-7379-419d-bda3-794b239ab90d,ff9b0199-ce04-4cfe-86cc-6c719f08d6e4,de1c2107-70c8-4021-8459-6399f24d01c6,cbf30902-517f-40dc-af90-a550bac27cf1
2025-8-6 22:23:11-debug: Init bundle root assets success..., progress: 0%
2025-8-6 22:23:11-debug:   Number of all scripts: 27
2025-8-6 22:23:11-debug:   Number of other assets: 503
2025-8-6 22:23:11-debug:   Number of all scenes: 3
2025-8-6 22:23:11-debug: // ---- build task 查询 Asset Bundle ---- (2ms)
2025-8-6 22:23:11-debug: [Build Memory track]: 查询 Asset Bundle start:209.16MB, end 208.45MB, increase: -727.91KB
2025-8-6 22:23:11-debug: 查询 Asset Bundle start, progress: 5%
2025-8-6 22:23:11-debug: // ---- build task 查询 Asset Bundle ----
2025-8-6 22:23:11-log: run build task 查询 Asset Bundle success in 2 ms√, progress: 5%
2025-8-6 22:23:11-debug: // ---- build task 查询 Asset Bundle ---- (1ms)
2025-8-6 22:23:11-log: run build task 查询 Asset Bundle success in 1 ms√, progress: 10%
2025-8-6 22:23:11-debug: [Build Memory track]: 查询 Asset Bundle start:208.94MB, end 208.58MB, increase: -361.58KB
2025-8-6 22:23:11-debug: 整理部分构建选项内数据到 settings.json start, progress: 10%
2025-8-6 22:23:11-debug: // ---- build task 整理部分构建选项内数据到 settings.json ----
2025-8-6 22:23:11-log: run build task 整理部分构建选项内数据到 settings.json success in √, progress: 12%
2025-8-6 22:23:11-debug: [Build Memory track]: 整理部分构建选项内数据到 settings.json start:208.61MB, end 208.63MB, increase: 16.30KB
2025-8-6 22:23:11-debug: 填充脚本数据到 settings.json start, progress: 12%
2025-8-6 22:23:11-debug: // ---- build task 填充脚本数据到 settings.json ----
2025-8-6 22:23:11-log: run build task 填充脚本数据到 settings.json success in √, progress: 13%
2025-8-6 22:23:11-debug: [Build Memory track]: 填充脚本数据到 settings.json start:208.65MB, end 208.66MB, increase: 14.91KB
2025-8-6 22:23:11-debug: 整理部分构建选项内数据到 settings.json start, progress: 13%
2025-8-6 22:23:11-debug: // ---- build task 整理部分构建选项内数据到 settings.json ----
2025-8-6 22:23:11-debug: // ---- build task 整理部分构建选项内数据到 settings.json ---- (1ms)
2025-8-6 22:23:11-log: run build task 整理部分构建选项内数据到 settings.json success in 1 ms√, progress: 15%
2025-8-6 22:23:11-debug: [Build Memory track]: 整理部分构建选项内数据到 settings.json start:208.69MB, end 208.81MB, increase: 122.99KB
2025-8-6 22:50:53-debug: refresh db internal success
2025-8-6 22:50:53-debug: %cDestroy%c: /Users/zeruili/projects/cocos_project/driftClash/assets/scripts/AIController.tsbackground: #ffb8b8; color: #000;color: #000;
2025-8-6 22:50:53-debug: %cDestroy%c: /Users/zeruili/projects/cocos_project/driftClash/assets/scripts/AIPlayer.tsbackground: #ffb8b8; color: #000;color: #000;
2025-8-6 22:50:53-debug: %cImport%c: /Users/zeruili/projects/cocos_project/driftClash/assets/scriptsbackground: #aaff85; color: #000;color: #000;
2025-8-6 22:50:53-debug: refresh db assets success
2025-8-6 22:50:53-debug: Run asset db hook engine-extends:afterRefresh ...
2025-8-6 22:50:53-debug: Run asset db hook engine-extends:afterRefresh success!
2025-8-6 22:50:53-debug: asset-db:refresh-all-database (44ms)
2025-8-6 22:50:53-debug: asset-db-hook-engine-extends-afterRefresh (1ms)
2025-8-6 22:50:53-debug: asset-db:worker-effect-data-processing (1ms)
2025-8-6 22:51:33-debug: refresh db internal success
2025-8-6 22:51:33-debug: refresh db assets success
2025-8-6 22:51:33-debug: Run asset db hook engine-extends:afterRefresh ...
2025-8-6 22:51:33-debug: Run asset db hook engine-extends:afterRefresh success!
2025-8-6 22:51:33-debug: asset-db:refresh-all-database (33ms)
