2025-8-25 11:57:52-debug: start **** info
2025-8-25 11:57:52-log: Cannot access game frame or container.
2025-8-25 11:57:52-debug: asset-db:require-engine-code (388ms)
2025-8-25 11:57:52-log: meshopt wasm decoder initialized
2025-8-25 11:57:52-log: [bullet]:bullet wasm lib loaded.
2025-8-25 11:57:52-log: [box2d]:box2d wasm lib loaded.
2025-8-25 11:57:52-log: Cocos Creator v3.8.6
2025-8-25 11:57:52-log: Using legacy pipeline
2025-8-25 11:57:52-debug: [Assets Memory track]: asset-db:worker-init: initEngine start:29.46MB, end 118.33MB, increase: 88.86MB
2025-8-25 11:57:52-log: Forward render pipeline initialized.
2025-8-25 11:57:53-debug: [Assets Memory track]: asset-db-plugin-register: builder start:126.91MB, end 223.94MB, increase: 97.03MB
2025-8-25 11:57:53-debug: [Assets Memory track]: asset-db-plugin-register: engine-extends start:170.78MB, end 173.60MB, increase: 2.82MB
2025-8-25 11:57:53-debug: [Assets Memory track]: asset-db-plugin-register: project start:119.05MB, end 173.76MB, increase: 54.71MB
2025-8-25 11:57:53-debug: [Assets Memory track]: asset-db:worker-init: initPlugin start:118.35MB, end 173.90MB, increase: 55.56MB
2025-8-25 11:57:52-debug: [Assets Memory track]: asset-db-plugin-register: programming start:119.17MB, end 126.88MB, increase: 7.71MB
2025-8-25 11:57:53-debug: run package(honor-mini-game) handler(enable) start
2025-8-25 11:57:53-debug: run package(huawei-quick-game) handler(enable) start
2025-8-25 11:57:53-debug: run package(huawei-quick-game) handler(enable) success!
2025-8-25 11:57:53-debug: run package(ios) handler(enable) start
2025-8-25 11:57:53-debug: run package(ios) handler(enable) success!
2025-8-25 11:57:53-debug: run package(linux) handler(enable) start
2025-8-25 11:57:53-debug: run package(linux) handler(enable) success!
2025-8-25 11:57:53-debug: run package(mac) handler(enable) start
2025-8-25 11:57:53-debug: run package(mac) handler(enable) success!
2025-8-25 11:57:53-debug: run package(migu-mini-game) handler(enable) start
2025-8-25 11:57:53-debug: run package(migu-mini-game) handler(enable) success!
2025-8-25 11:57:53-debug: run package(native) handler(enable) start
2025-8-25 11:57:53-debug: run package(native) handler(enable) success!
2025-8-25 11:57:53-debug: run package(ohos) handler(enable) start
2025-8-25 11:57:53-debug: run package(ohos) handler(enable) success!
2025-8-25 11:57:53-debug: run package(oppo-mini-game) handler(enable) start
2025-8-25 11:57:53-debug: run package(oppo-mini-game) handler(enable) success!
2025-8-25 11:57:53-debug: run package(runtime-dev-tools) handler(enable) start
2025-8-25 11:57:53-debug: run package(runtime-dev-tools) handler(enable) success!
2025-8-25 11:57:53-debug: run package(huawei-agc) handler(enable) success!
2025-8-25 11:57:53-debug: run package(taobao-mini-game) handler(enable) success!
2025-8-25 11:57:53-debug: run package(vivo-mini-game) handler(enable) start
2025-8-25 11:57:53-debug: run package(vivo-mini-game) handler(enable) success!
2025-8-25 11:57:53-debug: run package(web-desktop) handler(enable) success!
2025-8-25 11:57:53-debug: run package(web-desktop) handler(enable) start
2025-8-25 11:57:53-debug: run package(web-mobile) handler(enable) start
2025-8-25 11:57:53-debug: run package(web-mobile) handler(enable) success!
2025-8-25 11:57:53-debug: run package(wechatgame) handler(enable) start
2025-8-25 11:57:53-debug: run package(wechatgame) handler(enable) success!
2025-8-25 11:57:53-debug: run package(wechatprogram) handler(enable) success!
2025-8-25 11:57:53-debug: run package(wechatprogram) handler(enable) start
2025-8-25 11:57:53-debug: run package(windows) handler(enable) start
2025-8-25 11:57:53-debug: run package(windows) handler(enable) success!
2025-8-25 11:57:53-debug: run package(xiaomi-quick-game) handler(enable) start
2025-8-25 11:57:53-debug: run package(taobao-mini-game) handler(enable) start
2025-8-25 11:57:53-debug: run package(cocos-service) handler(enable) success!
2025-8-25 11:57:53-debug: run package(cocos-service) handler(enable) start
2025-8-25 11:57:53-debug: run package(im-plugin) handler(enable) start
2025-8-25 11:57:53-debug: run package(im-plugin) handler(enable) success!
2025-8-25 11:57:53-debug: run package(fix-asset-default-userdata) handler(enable) start
2025-8-25 11:57:53-debug: run package(fix-asset-default-userdata) handler(enable) success!
2025-8-25 11:57:53-debug: run package(placeholder) handler(enable) start
2025-8-25 11:57:53-debug: run package(placeholder) handler(enable) success!
2025-8-25 11:57:53-debug: run package(xiaomi-quick-game) handler(enable) success!
2025-8-25 11:57:53-debug: run package(honor-mini-game) handler(enable) success!
2025-8-25 11:57:53-debug: run package(huawei-agc) handler(enable) start
2025-8-25 11:57:53-debug: asset-db:worker-init: initPlugin (901ms)
2025-8-25 11:57:53-debug: [Assets Memory track]: asset-db:worker-init start:29.45MB, end 175.34MB, increase: 145.89MB
2025-8-25 11:57:53-debug: Run asset db hook programming:beforePreStart ...
2025-8-25 11:57:53-debug: Run asset db hook programming:beforePreStart success!
2025-8-25 11:57:53-debug: Run asset db hook engine-extends:beforePreStart ...
2025-8-25 11:57:53-debug: Run asset db hook engine-extends:beforePreStart success!
2025-8-25 11:57:53-debug: asset-db:worker-init (1394ms)
2025-8-25 11:57:53-debug: asset-db-hook-programming-beforePreStart (51ms)
2025-8-25 11:57:53-debug: asset-db-hook-engine-extends-beforePreStart (51ms)
2025-8-25 11:57:53-debug: Preimport db internal success
2025-8-25 11:57:53-debug: Preimport db assets success
2025-8-25 11:57:53-debug: Run asset db hook programming:afterPreStart ...
2025-8-25 11:57:53-debug: starting packer-driver...
2025-8-25 11:57:53-debug: initialize scripting environment...
2025-8-25 11:57:53-debug: [[Executor]] prepare before lock
2025-8-25 11:57:53-debug: Set detail map pack:///resolution-detail-map.json: {}
2025-8-25 11:57:53-debug: [[Executor]] prepare after unlock
2025-8-25 11:57:53-debug: [Assets Memory track]: asset-db:worker-init: preStart start:175.36MB, end 178.78MB, increase: 3.42MB
2025-8-25 11:57:53-debug: Run asset db hook programming:afterPreStart success!
2025-8-25 11:57:53-debug: Run asset db hook engine-extends:afterPreStart ...
2025-8-25 11:57:53-debug: Start up the 'internal' database...
2025-8-25 11:57:53-debug: Run asset db hook engine-extends:afterPreStart success!
2025-8-25 11:57:53-debug: asset-db-hook-programming-afterPreStart (282ms)
2025-8-25 11:57:53-debug: asset-db:worker-effect-data-processing (170ms)
2025-8-25 11:57:53-debug: asset-db-hook-engine-extends-afterPreStart (170ms)
2025-8-25 11:57:53-debug: [Assets Memory track]: asset-db:worker-startup-database[internal] start:175.43MB, end 189.73MB, increase: 14.30MB
2025-8-25 11:57:53-debug: Start up the 'assets' database...
2025-8-25 11:57:53-debug: asset-db:worker-startup-database[internal] (417ms)
2025-8-25 11:57:53-debug: [Assets Memory track]: asset-db:worker-startup-database[assets] start:176.62MB, end 188.35MB, increase: 11.73MB
2025-8-25 11:57:53-debug: lazy register asset handler text
2025-8-25 11:57:53-debug: lazy register asset handler json
2025-8-25 11:57:53-debug: lazy register asset handler spine-data
2025-8-25 11:57:53-debug: lazy register asset handler dragonbones
2025-8-25 11:57:53-debug: lazy register asset handler dragonbones-atlas
2025-8-25 11:57:53-debug: lazy register asset handler javascript
2025-8-25 11:57:53-debug: lazy register asset handler typescript
2025-8-25 11:57:53-debug: lazy register asset handler terrain
2025-8-25 11:57:53-debug: lazy register asset handler prefab
2025-8-25 11:57:53-debug: lazy register asset handler sprite-frame
2025-8-25 11:57:53-debug: lazy register asset handler scene
2025-8-25 11:57:53-debug: lazy register asset handler buffer
2025-8-25 11:57:53-debug: lazy register asset handler tiled-map
2025-8-25 11:57:53-debug: lazy register asset handler sign-image
2025-8-25 11:57:53-debug: lazy register asset handler alpha-image
2025-8-25 11:57:53-debug: lazy register asset handler image
2025-8-25 11:57:53-debug: lazy register asset handler texture
2025-8-25 11:57:53-debug: lazy register asset handler texture-cube
2025-8-25 11:57:53-debug: lazy register asset handler erp-texture-cube
2025-8-25 11:57:53-debug: lazy register asset handler render-texture
2025-8-25 11:57:53-debug: lazy register asset handler texture-cube-face
2025-8-25 11:57:53-debug: lazy register asset handler rt-sprite-frame
2025-8-25 11:57:53-debug: lazy register asset handler *
2025-8-25 11:57:53-debug: lazy register asset handler gltf-mesh
2025-8-25 11:57:53-debug: lazy register asset handler gltf-animation
2025-8-25 11:57:53-debug: lazy register asset handler gltf-material
2025-8-25 11:57:53-debug: lazy register asset handler gltf-skeleton
2025-8-25 11:57:53-debug: lazy register asset handler directory
2025-8-25 11:57:53-debug: lazy register asset handler fbx
2025-8-25 11:57:53-debug: lazy register asset handler material
2025-8-25 11:57:53-debug: lazy register asset handler physics-material
2025-8-25 11:57:53-debug: lazy register asset handler gltf-embeded-image
2025-8-25 11:57:53-debug: lazy register asset handler effect
2025-8-25 11:57:53-debug: lazy register asset handler effect-header
2025-8-25 11:57:53-debug: lazy register asset handler gltf-scene
2025-8-25 11:57:53-debug: lazy register asset handler audio-clip
2025-8-25 11:57:53-debug: lazy register asset handler animation-graph
2025-8-25 11:57:53-debug: lazy register asset handler animation-mask
2025-8-25 11:57:53-debug: lazy register asset handler gltf
2025-8-25 11:57:53-debug: lazy register asset handler ttf-font
2025-8-25 11:57:53-debug: lazy register asset handler bitmap-font
2025-8-25 11:57:53-debug: lazy register asset handler particle
2025-8-25 11:57:53-debug: lazy register asset handler sprite-atlas
2025-8-25 11:57:53-debug: lazy register asset handler auto-atlas
2025-8-25 11:57:53-debug: lazy register asset handler label-atlas
2025-8-25 11:57:53-debug: lazy register asset handler render-pipeline
2025-8-25 11:57:53-debug: lazy register asset handler render-flow
2025-8-25 11:57:53-debug: lazy register asset handler instantiation-material
2025-8-25 11:57:53-debug: lazy register asset handler instantiation-mesh
2025-8-25 11:57:53-debug: lazy register asset handler instantiation-skeleton
2025-8-25 11:57:53-debug: lazy register asset handler render-stage
2025-8-25 11:57:53-debug: lazy register asset handler instantiation-animation
2025-8-25 11:57:53-debug: lazy register asset handler video-clip
2025-8-25 11:57:53-debug: lazy register asset handler animation-clip
2025-8-25 11:57:53-debug: [Assets Memory track]: asset-db:worker-init: startup start:178.79MB, end 188.36MB, increase: 9.58MB
2025-8-25 11:57:53-debug: lazy register asset handler animation-graph-variant
2025-8-25 11:57:53-debug: asset-db:worker-startup-database[assets] (374ms)
2025-8-25 11:57:53-debug: asset-db:start-database (443ms)
2025-8-25 11:57:53-debug: fix the bug of updateDefaultUserData
2025-8-25 11:57:53-debug: asset-db:ready (2936ms)
2025-8-25 11:57:53-debug: init worker message success
2025-8-25 11:57:53-debug: programming:execute-script (3ms)
2025-8-25 11:57:54-debug: [Build Memory track]: builder:worker-init start:191.66MB, end 203.15MB, increase: 11.49MB
2025-8-25 11:57:54-debug: builder:worker-init (206ms)
2025-8-25 11:57:57-debug: Query all assets info in project
2025-8-25 11:57:57-debug: init custom config: keepNodeUuid: false, useCache: true
2025-8-25 11:57:57-debug: Skip compress image, progress: 0%
2025-8-25 11:57:57-debug: Init all bundles start..., progress: 0%
2025-8-25 11:57:57-debug: Num of bundles: 3..., progress: 0%
2025-8-25 11:57:57-debug: 查询 Asset Bundle start, progress: 0%
2025-8-25 11:57:57-debug: // ---- build task 查询 Asset Bundle ----
2025-8-25 11:57:57-debug: Init bundle root assets start..., progress: 0%
2025-8-25 11:57:57-debug: Query preload assets/scripts from cc.config.json: 60f7195c-ec2a-45eb-ba94-8955f60e81d0,1c02ae6f-4492-4915-b8f8-7492a3b1e4cd,810e96e4-e456-4468-9b59-f4e8f39732c0,efe8e2a3-eace-427b-b4f1-cb8a937ec77d,e9aa9a3e-5b2b-4ac7-a2c7-073de2b2b24f,8bbdbcdd-5cd4-4100-b6d5-b7c9625b6107,50f4348b-c883-4e2f-8f11-ce233b859fa1,fda095cb-831d-4601-ad94-846013963de8,f92806d7-1768-443f-afe8-12bcde84d0f0,dd3a144d-ab7f-41f0-82b8-2e43a090d496,f0416e68-0200-4b77-a926-4f9d16e494da,970b0598-bcb0-4714-91fb-2e81440dccd8,bcd64cc6-2dd9-43f6-abbe-66318d332032,d930590d-bb92-4cc8-8bd1-23cd027f9edf,a3cd009f-0ab0-420d-9278-b9fdab939bbc,6a2d0734-bd9e-4ddf-946e-caa52498cb75,c27215d8-6835-4b68-bfbb-bdeac6100c04,b5d6115f-0370-4d7c-aad3-c194cc71cf98,871c3b6c-7379-419d-bda3-794b239ab90d,ff9b0199-ce04-4cfe-86cc-6c719f08d6e4,de1c2107-70c8-4021-8459-6399f24d01c6,cbf30902-517f-40dc-af90-a550bac27cf1
2025-8-25 11:57:57-debug:   Number of all scripts: 28
2025-8-25 11:57:57-debug:   Number of all scenes: 3
2025-8-25 11:57:57-debug:   Number of other assets: 610
2025-8-25 11:57:57-debug: Init bundle root assets success..., progress: 0%
2025-8-25 11:57:57-debug: // ---- build task 查询 Asset Bundle ---- (2ms)
2025-8-25 11:57:57-log: run build task 查询 Asset Bundle success in 2 ms√, progress: 5%
2025-8-25 11:57:57-debug: [Build Memory track]: 查询 Asset Bundle start:203.40MB, end 204.42MB, increase: 1.02MB
2025-8-25 11:57:57-debug: 查询 Asset Bundle start, progress: 5%
2025-8-25 11:57:57-debug: // ---- build task 查询 Asset Bundle ----
2025-8-25 11:57:57-debug: // ---- build task 查询 Asset Bundle ---- (1ms)
2025-8-25 11:57:57-log: run build task 查询 Asset Bundle success in 1 ms√, progress: 10%
2025-8-25 11:57:57-debug: 整理部分构建选项内数据到 settings.json start, progress: 10%
2025-8-25 11:57:57-debug: // ---- build task 整理部分构建选项内数据到 settings.json ----
2025-8-25 11:57:57-debug: [Build Memory track]: 查询 Asset Bundle start:204.45MB, end 204.58MB, increase: 130.86KB
2025-8-25 11:57:57-log: run build task 整理部分构建选项内数据到 settings.json success in √, progress: 12%
2025-8-25 11:57:57-debug: // ---- build task 填充脚本数据到 settings.json ----
2025-8-25 11:57:57-debug: 填充脚本数据到 settings.json start, progress: 12%
2025-8-25 11:57:57-debug: [Build Memory track]: 整理部分构建选项内数据到 settings.json start:204.63MB, end 204.64MB, increase: 18.95KB
2025-8-25 11:57:57-log: run build task 填充脚本数据到 settings.json success in √, progress: 13%
2025-8-25 11:57:57-debug: 整理部分构建选项内数据到 settings.json start, progress: 13%
2025-8-25 11:57:57-debug: // ---- build task 整理部分构建选项内数据到 settings.json ----
2025-8-25 11:57:57-debug: [Build Memory track]: 填充脚本数据到 settings.json start:204.68MB, end 204.70MB, increase: 18.43KB
2025-8-25 11:57:57-debug: // ---- build task 整理部分构建选项内数据到 settings.json ---- (1ms)
2025-8-25 11:57:57-log: run build task 整理部分构建选项内数据到 settings.json success in 1 ms√, progress: 15%
2025-8-25 11:57:57-debug: [Build Memory track]: 整理部分构建选项内数据到 settings.json start:204.74MB, end 204.95MB, increase: 223.21KB
2025-8-25 11:57:57-debug: Query all assets info in project
2025-8-25 11:57:57-debug: Query all assets info in project
2025-8-25 11:57:57-debug: Query all assets info in project
2025-8-25 11:57:57-debug: Query all assets info in project
2025-8-25 11:57:57-debug: init custom config: keepNodeUuid: false, useCache: true
2025-8-25 11:57:57-debug: init custom config: keepNodeUuid: false, useCache: true
2025-8-25 11:57:57-debug: Skip compress image, progress: 0%
2025-8-25 11:57:57-debug: Skip compress image, progress: 0%
2025-8-25 11:57:57-debug: init custom config: keepNodeUuid: false, useCache: true
2025-8-25 11:57:57-debug: Skip compress image, progress: 0%
2025-8-25 11:57:57-debug: init custom config: keepNodeUuid: false, useCache: true
2025-8-25 11:57:57-debug: Skip compress image, progress: 0%
2025-8-25 11:57:57-debug: Init all bundles start..., progress: 0%
2025-8-25 11:57:57-debug: Num of bundles: 3..., progress: 0%
2025-8-25 11:57:57-debug: 查询 Asset Bundle start, progress: 0%
2025-8-25 11:57:57-debug: // ---- build task 查询 Asset Bundle ----
2025-8-25 11:57:57-debug: Init bundle root assets start..., progress: 0%
2025-8-25 11:57:57-debug: Init all bundles start..., progress: 0%
2025-8-25 11:57:57-debug: 查询 Asset Bundle start, progress: 0%
2025-8-25 11:57:57-debug: Init all bundles start..., progress: 0%
2025-8-25 11:57:57-debug: Num of bundles: 3..., progress: 0%
2025-8-25 11:57:57-debug: 查询 Asset Bundle start, progress: 0%
2025-8-25 11:57:57-debug: // ---- build task 查询 Asset Bundle ----
2025-8-25 11:57:57-debug: // ---- build task 查询 Asset Bundle ----
2025-8-25 11:57:57-debug: Init bundle root assets start..., progress: 0%
2025-8-25 11:57:57-debug: Num of bundles: 3..., progress: 0%
2025-8-25 11:57:57-debug: Init bundle root assets start..., progress: 0%
2025-8-25 11:57:57-debug: Init all bundles start..., progress: 0%
2025-8-25 11:57:57-debug: Init bundle root assets start..., progress: 0%
2025-8-25 11:57:57-debug: 查询 Asset Bundle start, progress: 0%
2025-8-25 11:57:57-debug: // ---- build task 查询 Asset Bundle ----
2025-8-25 11:57:57-debug: Num of bundles: 3..., progress: 0%
2025-8-25 11:57:57-debug: Query preload assets/scripts from cc.config.json: 60f7195c-ec2a-45eb-ba94-8955f60e81d0,1c02ae6f-4492-4915-b8f8-7492a3b1e4cd,810e96e4-e456-4468-9b59-f4e8f39732c0,efe8e2a3-eace-427b-b4f1-cb8a937ec77d,e9aa9a3e-5b2b-4ac7-a2c7-073de2b2b24f,8bbdbcdd-5cd4-4100-b6d5-b7c9625b6107,50f4348b-c883-4e2f-8f11-ce233b859fa1,fda095cb-831d-4601-ad94-846013963de8,f92806d7-1768-443f-afe8-12bcde84d0f0,dd3a144d-ab7f-41f0-82b8-2e43a090d496,f0416e68-0200-4b77-a926-4f9d16e494da,970b0598-bcb0-4714-91fb-2e81440dccd8,bcd64cc6-2dd9-43f6-abbe-66318d332032,d930590d-bb92-4cc8-8bd1-23cd027f9edf,a3cd009f-0ab0-420d-9278-b9fdab939bbc,6a2d0734-bd9e-4ddf-946e-caa52498cb75,c27215d8-6835-4b68-bfbb-bdeac6100c04,b5d6115f-0370-4d7c-aad3-c194cc71cf98,871c3b6c-7379-419d-bda3-794b239ab90d,ff9b0199-ce04-4cfe-86cc-6c719f08d6e4,de1c2107-70c8-4021-8459-6399f24d01c6,cbf30902-517f-40dc-af90-a550bac27cf1
2025-8-25 11:57:57-debug: Init bundle root assets success..., progress: 0%
2025-8-25 11:57:57-debug: Query preload assets/scripts from cc.config.json: 60f7195c-ec2a-45eb-ba94-8955f60e81d0,1c02ae6f-4492-4915-b8f8-7492a3b1e4cd,810e96e4-e456-4468-9b59-f4e8f39732c0,efe8e2a3-eace-427b-b4f1-cb8a937ec77d,e9aa9a3e-5b2b-4ac7-a2c7-073de2b2b24f,8bbdbcdd-5cd4-4100-b6d5-b7c9625b6107,50f4348b-c883-4e2f-8f11-ce233b859fa1,fda095cb-831d-4601-ad94-846013963de8,f92806d7-1768-443f-afe8-12bcde84d0f0,dd3a144d-ab7f-41f0-82b8-2e43a090d496,f0416e68-0200-4b77-a926-4f9d16e494da,970b0598-bcb0-4714-91fb-2e81440dccd8,bcd64cc6-2dd9-43f6-abbe-66318d332032,d930590d-bb92-4cc8-8bd1-23cd027f9edf,a3cd009f-0ab0-420d-9278-b9fdab939bbc,6a2d0734-bd9e-4ddf-946e-caa52498cb75,c27215d8-6835-4b68-bfbb-bdeac6100c04,b5d6115f-0370-4d7c-aad3-c194cc71cf98,871c3b6c-7379-419d-bda3-794b239ab90d,ff9b0199-ce04-4cfe-86cc-6c719f08d6e4,de1c2107-70c8-4021-8459-6399f24d01c6,cbf30902-517f-40dc-af90-a550bac27cf1
2025-8-25 11:57:57-debug:   Number of all scenes: 3
2025-8-25 11:57:57-debug:   Number of all scripts: 28
2025-8-25 11:57:57-debug:   Number of other assets: 610
2025-8-25 11:57:57-debug: Init bundle root assets success..., progress: 0%
2025-8-25 11:57:57-debug:   Number of all scenes: 3
2025-8-25 11:57:57-debug:   Number of all scripts: 28
2025-8-25 11:57:57-debug:   Number of other assets: 610
2025-8-25 11:57:57-debug: Query preload assets/scripts from cc.config.json: 60f7195c-ec2a-45eb-ba94-8955f60e81d0,1c02ae6f-4492-4915-b8f8-7492a3b1e4cd,810e96e4-e456-4468-9b59-f4e8f39732c0,efe8e2a3-eace-427b-b4f1-cb8a937ec77d,e9aa9a3e-5b2b-4ac7-a2c7-073de2b2b24f,8bbdbcdd-5cd4-4100-b6d5-b7c9625b6107,50f4348b-c883-4e2f-8f11-ce233b859fa1,fda095cb-831d-4601-ad94-846013963de8,f92806d7-1768-443f-afe8-12bcde84d0f0,dd3a144d-ab7f-41f0-82b8-2e43a090d496,f0416e68-0200-4b77-a926-4f9d16e494da,970b0598-bcb0-4714-91fb-2e81440dccd8,bcd64cc6-2dd9-43f6-abbe-66318d332032,d930590d-bb92-4cc8-8bd1-23cd027f9edf,a3cd009f-0ab0-420d-9278-b9fdab939bbc,6a2d0734-bd9e-4ddf-946e-caa52498cb75,c27215d8-6835-4b68-bfbb-bdeac6100c04,b5d6115f-0370-4d7c-aad3-c194cc71cf98,871c3b6c-7379-419d-bda3-794b239ab90d,ff9b0199-ce04-4cfe-86cc-6c719f08d6e4,de1c2107-70c8-4021-8459-6399f24d01c6,cbf30902-517f-40dc-af90-a550bac27cf1
2025-8-25 11:57:57-debug: Init bundle root assets success..., progress: 0%
2025-8-25 11:57:57-debug:   Number of all scripts: 28
2025-8-25 11:57:57-debug: // ---- build task 查询 Asset Bundle ---- (3ms)
2025-8-25 11:57:57-debug: [Build Memory track]: 查询 Asset Bundle start:199.89MB, end 202.72MB, increase: 2.83MB
2025-8-25 11:57:57-debug: 查询 Asset Bundle start, progress: 5%
2025-8-25 11:57:57-debug: // ---- build task 查询 Asset Bundle ----
2025-8-25 11:57:57-log: run build task 查询 Asset Bundle success in 3 ms√, progress: 5%
2025-8-25 11:57:57-debug:   Number of other assets: 610
2025-8-25 11:57:57-debug:   Number of all scenes: 3
2025-8-25 11:57:57-log: run build task 查询 Asset Bundle success in √, progress: 5%
2025-8-25 11:57:57-debug: [Build Memory track]: 查询 Asset Bundle start:202.75MB, end 202.77MB, increase: 19.14KB
2025-8-25 11:57:57-log: run build task 查询 Asset Bundle success in √, progress: 5%
2025-8-25 11:57:57-debug: 查询 Asset Bundle start, progress: 5%
2025-8-25 11:57:57-debug: // ---- build task 查询 Asset Bundle ----
2025-8-25 11:57:57-debug: [Build Memory track]: 查询 Asset Bundle start:202.80MB, end 202.81MB, increase: 13.64KB
2025-8-25 11:57:57-debug: // ---- build task 查询 Asset Bundle ----
2025-8-25 11:57:57-debug: 查询 Asset Bundle start, progress: 5%
2025-8-25 11:57:57-debug: Query preload assets/scripts from cc.config.json: 60f7195c-ec2a-45eb-ba94-8955f60e81d0,1c02ae6f-4492-4915-b8f8-7492a3b1e4cd,810e96e4-e456-4468-9b59-f4e8f39732c0,efe8e2a3-eace-427b-b4f1-cb8a937ec77d,e9aa9a3e-5b2b-4ac7-a2c7-073de2b2b24f,8bbdbcdd-5cd4-4100-b6d5-b7c9625b6107,50f4348b-c883-4e2f-8f11-ce233b859fa1,fda095cb-831d-4601-ad94-846013963de8,f92806d7-1768-443f-afe8-12bcde84d0f0,dd3a144d-ab7f-41f0-82b8-2e43a090d496,f0416e68-0200-4b77-a926-4f9d16e494da,970b0598-bcb0-4714-91fb-2e81440dccd8,bcd64cc6-2dd9-43f6-abbe-66318d332032,d930590d-bb92-4cc8-8bd1-23cd027f9edf,a3cd009f-0ab0-420d-9278-b9fdab939bbc,6a2d0734-bd9e-4ddf-946e-caa52498cb75,c27215d8-6835-4b68-bfbb-bdeac6100c04,b5d6115f-0370-4d7c-aad3-c194cc71cf98,871c3b6c-7379-419d-bda3-794b239ab90d,ff9b0199-ce04-4cfe-86cc-6c719f08d6e4,de1c2107-70c8-4021-8459-6399f24d01c6,cbf30902-517f-40dc-af90-a550bac27cf1
2025-8-25 11:57:57-debug:   Number of all scripts: 28
2025-8-25 11:57:57-debug: Init bundle root assets success..., progress: 0%
2025-8-25 11:57:57-debug:   Number of other assets: 610
2025-8-25 11:57:57-debug:   Number of all scenes: 3
2025-8-25 11:57:57-debug: // ---- build task 查询 Asset Bundle ---- (1ms)
2025-8-25 11:57:57-debug: // ---- build task 查询 Asset Bundle ----
2025-8-25 11:57:57-debug: [Build Memory track]: 查询 Asset Bundle start:203.06MB, end 204.08MB, increase: 1.02MB
2025-8-25 11:57:57-log: run build task 查询 Asset Bundle success in 1 ms√, progress: 5%
2025-8-25 11:57:57-debug: 查询 Asset Bundle start, progress: 5%
2025-8-25 11:57:57-log: run build task 查询 Asset Bundle success in √, progress: 10%
2025-8-25 11:57:57-debug: 整理部分构建选项内数据到 settings.json start, progress: 10%
2025-8-25 11:57:57-debug: [Build Memory track]: 查询 Asset Bundle start:204.12MB, end 204.14MB, increase: 24.38KB
2025-8-25 11:57:57-debug: // ---- build task 整理部分构建选项内数据到 settings.json ----
2025-8-25 11:57:57-debug: // ---- build task 查询 Asset Bundle ---- (1ms)
2025-8-25 11:57:57-log: run build task 查询 Asset Bundle success in 1 ms√, progress: 10%
2025-8-25 11:57:57-debug: 整理部分构建选项内数据到 settings.json start, progress: 10%
2025-8-25 11:57:57-log: run build task 查询 Asset Bundle success in √, progress: 10%
2025-8-25 11:57:57-debug: 整理部分构建选项内数据到 settings.json start, progress: 10%
2025-8-25 11:57:57-debug: // ---- build task 整理部分构建选项内数据到 settings.json ----
2025-8-25 11:57:57-debug: // ---- build task 整理部分构建选项内数据到 settings.json ----
2025-8-25 11:57:57-log: run build task 整理部分构建选项内数据到 settings.json success in √, progress: 12%
2025-8-25 11:57:57-debug: [Build Memory track]: 整理部分构建选项内数据到 settings.json start:204.26MB, end 204.38MB, increase: 124.30KB
2025-8-25 11:57:57-debug: 填充脚本数据到 settings.json start, progress: 12%
2025-8-25 11:57:57-log: run build task 整理部分构建选项内数据到 settings.json success in √, progress: 12%
2025-8-25 11:57:57-debug: // ---- build task 填充脚本数据到 settings.json ----
2025-8-25 11:57:57-log: run build task 整理部分构建选项内数据到 settings.json success in √, progress: 12%
2025-8-25 11:57:57-debug: 填充脚本数据到 settings.json start, progress: 12%
2025-8-25 11:57:57-debug: // ---- build task 填充脚本数据到 settings.json ----
2025-8-25 11:57:57-debug: 填充脚本数据到 settings.json start, progress: 12%
2025-8-25 11:57:57-debug: // ---- build task 填充脚本数据到 settings.json ----
2025-8-25 11:57:57-debug: [Build Memory track]: 填充脚本数据到 settings.json start:204.49MB, end 204.52MB, increase: 32.85KB
2025-8-25 11:57:57-debug: 整理部分构建选项内数据到 settings.json start, progress: 13%
2025-8-25 11:57:57-log: run build task 填充脚本数据到 settings.json success in 1 ms√, progress: 13%
2025-8-25 11:57:57-debug: // ---- build task 填充脚本数据到 settings.json ---- (1ms)
2025-8-25 11:57:57-debug: // ---- build task 整理部分构建选项内数据到 settings.json ----
2025-8-25 11:57:57-debug: 整理部分构建选项内数据到 settings.json start, progress: 10%
2025-8-25 11:57:57-log: run build task 查询 Asset Bundle success in √, progress: 10%
2025-8-25 11:57:57-debug: // ---- build task 整理部分构建选项内数据到 settings.json ----
2025-8-25 11:57:57-debug: // ---- build task 填充脚本数据到 settings.json ---- (1ms)
2025-8-25 11:57:57-log: run build task 填充脚本数据到 settings.json success in 1 ms√, progress: 13%
2025-8-25 11:57:57-debug: // ---- build task 整理部分构建选项内数据到 settings.json ----
2025-8-25 11:57:57-log: run build task 填充脚本数据到 settings.json success in √, progress: 13%
2025-8-25 11:57:57-debug: 整理部分构建选项内数据到 settings.json start, progress: 13%
2025-8-25 11:57:57-debug: // ---- build task 整理部分构建选项内数据到 settings.json ----
2025-8-25 11:57:57-debug: 整理部分构建选项内数据到 settings.json start, progress: 13%
2025-8-25 11:57:57-debug: // ---- build task 整理部分构建选项内数据到 settings.json ---- (1ms)
2025-8-25 11:57:57-log: run build task 整理部分构建选项内数据到 settings.json success in 1 ms√, progress: 12%
2025-8-25 11:57:57-debug: [Build Memory track]: 整理部分构建选项内数据到 settings.json start:204.67MB, end 204.71MB, increase: 41.05KB
2025-8-25 11:57:57-debug: 填充脚本数据到 settings.json start, progress: 12%
2025-8-25 11:57:57-debug: // ---- build task 填充脚本数据到 settings.json ----
2025-8-25 11:57:57-log: run build task 填充脚本数据到 settings.json success in √, progress: 13%
2025-8-25 11:57:57-debug: // ---- build task 整理部分构建选项内数据到 settings.json ----
2025-8-25 11:57:57-debug: [Build Memory track]: 填充脚本数据到 settings.json start:204.74MB, end 204.77MB, increase: 26.84KB
2025-8-25 11:57:57-debug: 整理部分构建选项内数据到 settings.json start, progress: 13%
2025-8-25 11:57:57-debug: // ---- build task 整理部分构建选项内数据到 settings.json ---- (1ms)
2025-8-25 11:57:57-log: run build task 整理部分构建选项内数据到 settings.json success in 1 ms√, progress: 15%
2025-8-25 11:57:57-debug: [Build Memory track]: 整理部分构建选项内数据到 settings.json start:204.80MB, end 205.35MB, increase: 561.17KB
2025-8-25 11:57:57-log: run build task 整理部分构建选项内数据到 settings.json success in √, progress: 15%
2025-8-25 11:57:57-log: run build task 整理部分构建选项内数据到 settings.json success in √, progress: 15%
2025-8-25 11:57:57-log: run build task 整理部分构建选项内数据到 settings.json success in √, progress: 15%
2025-8-25 12:17:44-debug: refresh db internal success
2025-8-25 12:17:44-debug: %cImport%c: /Users/zeruili/projects/cocos_project/SuperSplash/assets/scripts/Bullet.tsbackground: #aaff85; color: #000;color: #000;
2025-8-25 12:17:44-debug: refresh db assets success
2025-8-25 12:17:44-debug: Run asset db hook engine-extends:afterRefresh ...
2025-8-25 12:17:44-debug: Run asset db hook engine-extends:afterRefresh success!
2025-8-25 12:17:44-debug: asset-db-hook-engine-extends-afterRefresh (1ms)
2025-8-25 12:17:44-debug: asset-db:refresh-all-database (68ms)
2025-8-25 12:17:44-debug: asset-db:worker-effect-data-processing (1ms)
2025-8-25 12:17:45-debug: Query all assets info in project
2025-8-25 12:17:45-debug: init custom config: keepNodeUuid: false, useCache: true
2025-8-25 12:17:45-debug: Skip compress image, progress: 0%
2025-8-25 12:17:45-debug: Init all bundles start..., progress: 0%
2025-8-25 12:17:45-debug: Init bundle root assets start..., progress: 0%
2025-8-25 12:17:45-debug: 查询 Asset Bundle start, progress: 0%
2025-8-25 12:17:45-debug: // ---- build task 查询 Asset Bundle ----
2025-8-25 12:17:45-debug: Num of bundles: 3..., progress: 0%
2025-8-25 12:17:45-debug: Query preload assets/scripts from cc.config.json: 60f7195c-ec2a-45eb-ba94-8955f60e81d0,1c02ae6f-4492-4915-b8f8-7492a3b1e4cd,810e96e4-e456-4468-9b59-f4e8f39732c0,efe8e2a3-eace-427b-b4f1-cb8a937ec77d,e9aa9a3e-5b2b-4ac7-a2c7-073de2b2b24f,8bbdbcdd-5cd4-4100-b6d5-b7c9625b6107,50f4348b-c883-4e2f-8f11-ce233b859fa1,fda095cb-831d-4601-ad94-846013963de8,f92806d7-1768-443f-afe8-12bcde84d0f0,dd3a144d-ab7f-41f0-82b8-2e43a090d496,f0416e68-0200-4b77-a926-4f9d16e494da,970b0598-bcb0-4714-91fb-2e81440dccd8,bcd64cc6-2dd9-43f6-abbe-66318d332032,d930590d-bb92-4cc8-8bd1-23cd027f9edf,a3cd009f-0ab0-420d-9278-b9fdab939bbc,6a2d0734-bd9e-4ddf-946e-caa52498cb75,c27215d8-6835-4b68-bfbb-bdeac6100c04,b5d6115f-0370-4d7c-aad3-c194cc71cf98,871c3b6c-7379-419d-bda3-794b239ab90d,ff9b0199-ce04-4cfe-86cc-6c719f08d6e4,de1c2107-70c8-4021-8459-6399f24d01c6,cbf30902-517f-40dc-af90-a550bac27cf1
2025-8-25 12:17:45-debug: Init bundle root assets success..., progress: 0%
2025-8-25 12:17:45-debug:   Number of all scripts: 28
2025-8-25 12:17:45-debug:   Number of all scenes: 3
2025-8-25 12:17:45-debug:   Number of other assets: 610
2025-8-25 12:17:45-debug: // ---- build task 查询 Asset Bundle ---- (3ms)
2025-8-25 12:17:45-debug: // ---- build task 查询 Asset Bundle ----
2025-8-25 12:17:45-debug: [Build Memory track]: 查询 Asset Bundle start:199.23MB, end 199.06MB, increase: -173.62KB
2025-8-25 12:17:45-debug: 查询 Asset Bundle start, progress: 5%
2025-8-25 12:17:45-log: run build task 查询 Asset Bundle success in 3 ms√, progress: 5%
2025-8-25 12:17:45-log: run build task 查询 Asset Bundle success in √, progress: 10%
2025-8-25 12:17:45-debug: // ---- build task 整理部分构建选项内数据到 settings.json ----
2025-8-25 12:17:45-debug: [Build Memory track]: 查询 Asset Bundle start:199.10MB, end 198.46MB, increase: -646.96KB
2025-8-25 12:17:45-debug: 整理部分构建选项内数据到 settings.json start, progress: 10%
2025-8-25 12:17:45-debug: [Build Memory track]: 整理部分构建选项内数据到 settings.json start:198.50MB, end 198.52MB, increase: 28.67KB
2025-8-25 12:17:45-log: run build task 整理部分构建选项内数据到 settings.json success in 1 ms√, progress: 12%
2025-8-25 12:17:45-debug: // ---- build task 整理部分构建选项内数据到 settings.json ---- (1ms)
2025-8-25 12:17:45-debug: 填充脚本数据到 settings.json start, progress: 12%
2025-8-25 12:17:45-debug: // ---- build task 填充脚本数据到 settings.json ----
2025-8-25 12:17:45-log: run build task 填充脚本数据到 settings.json success in √, progress: 13%
2025-8-25 12:17:45-debug: [Build Memory track]: 填充脚本数据到 settings.json start:198.56MB, end 198.57MB, increase: 18.32KB
2025-8-25 12:17:45-debug: 整理部分构建选项内数据到 settings.json start, progress: 13%
2025-8-25 12:17:45-debug: // ---- build task 整理部分构建选项内数据到 settings.json ----
2025-8-25 12:17:45-debug: // ---- build task 整理部分构建选项内数据到 settings.json ---- (2ms)
2025-8-25 12:17:45-log: run build task 整理部分构建选项内数据到 settings.json success in 2 ms√, progress: 15%
2025-8-25 12:17:45-debug: [Build Memory track]: 整理部分构建选项内数据到 settings.json start:198.61MB, end 198.83MB, increase: 225.77KB
2025-8-25 12:20:51-debug: refresh db internal success
2025-8-25 12:20:51-debug: %cImport%c: /Users/zeruili/projects/cocos_project/SuperSplash/assets/scripts/GameManager.tsbackground: #aaff85; color: #000;color: #000;
2025-8-25 12:20:51-debug: refresh db assets success
2025-8-25 12:20:51-debug: Run asset db hook engine-extends:afterRefresh ...
2025-8-25 12:20:51-debug: Run asset db hook engine-extends:afterRefresh success!
2025-8-25 12:20:51-debug: asset-db:refresh-all-database (43ms)
2025-8-25 12:20:51-debug: asset-db:worker-effect-data-processing (1ms)
2025-8-25 12:20:51-debug: asset-db-hook-engine-extends-afterRefresh (1ms)
2025-8-25 12:53:08-debug: refresh db internal success
2025-8-25 12:53:08-debug: refresh db assets success
2025-8-25 12:53:08-debug: Run asset db hook engine-extends:afterRefresh ...
2025-8-25 12:53:08-debug: Run asset db hook engine-extends:afterRefresh success!
2025-8-25 12:53:08-debug: asset-db:refresh-all-database (57ms)
2025-8-25 12:53:08-debug: asset-db:worker-effect-data-processing (1ms)
2025-8-25 12:53:08-debug: asset-db-hook-engine-extends-afterRefresh (1ms)
2025-8-25 12:53:13-debug: Query all assets info in project
2025-8-25 12:53:13-debug: init custom config: keepNodeUuid: false, useCache: true
2025-8-25 12:53:13-debug: Skip compress image, progress: 0%
2025-8-25 12:53:13-debug: Init all bundles start..., progress: 0%
2025-8-25 12:53:13-debug: 查询 Asset Bundle start, progress: 0%
2025-8-25 12:53:13-debug: // ---- build task 查询 Asset Bundle ----
2025-8-25 12:53:13-debug: Num of bundles: 3..., progress: 0%
2025-8-25 12:53:13-debug: Init bundle root assets start..., progress: 0%
2025-8-25 12:53:13-debug: Query preload assets/scripts from cc.config.json: 60f7195c-ec2a-45eb-ba94-8955f60e81d0,1c02ae6f-4492-4915-b8f8-7492a3b1e4cd,810e96e4-e456-4468-9b59-f4e8f39732c0,efe8e2a3-eace-427b-b4f1-cb8a937ec77d,e9aa9a3e-5b2b-4ac7-a2c7-073de2b2b24f,8bbdbcdd-5cd4-4100-b6d5-b7c9625b6107,50f4348b-c883-4e2f-8f11-ce233b859fa1,fda095cb-831d-4601-ad94-846013963de8,f92806d7-1768-443f-afe8-12bcde84d0f0,dd3a144d-ab7f-41f0-82b8-2e43a090d496,f0416e68-0200-4b77-a926-4f9d16e494da,970b0598-bcb0-4714-91fb-2e81440dccd8,bcd64cc6-2dd9-43f6-abbe-66318d332032,d930590d-bb92-4cc8-8bd1-23cd027f9edf,a3cd009f-0ab0-420d-9278-b9fdab939bbc,6a2d0734-bd9e-4ddf-946e-caa52498cb75,c27215d8-6835-4b68-bfbb-bdeac6100c04,b5d6115f-0370-4d7c-aad3-c194cc71cf98,871c3b6c-7379-419d-bda3-794b239ab90d,ff9b0199-ce04-4cfe-86cc-6c719f08d6e4,de1c2107-70c8-4021-8459-6399f24d01c6,cbf30902-517f-40dc-af90-a550bac27cf1
2025-8-25 12:53:13-debug: Init bundle root assets success..., progress: 0%
2025-8-25 12:53:13-debug:   Number of all scenes: 3
2025-8-25 12:53:13-debug:   Number of other assets: 610
2025-8-25 12:53:13-debug:   Number of all scripts: 28
2025-8-25 12:53:13-log: run build task 查询 Asset Bundle success in 2 ms√, progress: 5%
2025-8-25 12:53:13-debug: [Build Memory track]: 查询 Asset Bundle start:201.90MB, end 201.91MB, increase: 19.45KB
2025-8-25 12:53:13-debug: 查询 Asset Bundle start, progress: 5%
2025-8-25 12:53:13-debug: // ---- build task 查询 Asset Bundle ----
2025-8-25 12:53:13-debug: // ---- build task 查询 Asset Bundle ---- (2ms)
2025-8-25 12:53:13-log: run build task 查询 Asset Bundle success in √, progress: 10%
2025-8-25 12:53:13-debug: [Build Memory track]: 查询 Asset Bundle start:201.95MB, end 202.06MB, increase: 119.40KB
2025-8-25 12:53:13-debug: // ---- build task 整理部分构建选项内数据到 settings.json ----
2025-8-25 12:53:13-debug: 整理部分构建选项内数据到 settings.json start, progress: 10%
2025-8-25 12:53:13-log: run build task 整理部分构建选项内数据到 settings.json success in √, progress: 12%
2025-8-25 12:53:13-debug: [Build Memory track]: 整理部分构建选项内数据到 settings.json start:202.10MB, end 202.11MB, increase: 17.42KB
2025-8-25 12:53:13-debug: 填充脚本数据到 settings.json start, progress: 12%
2025-8-25 12:53:13-debug: // ---- build task 填充脚本数据到 settings.json ----
2025-8-25 12:53:13-debug: // ---- build task 填充脚本数据到 settings.json ---- (1ms)
2025-8-25 12:53:13-debug: [Build Memory track]: 填充脚本数据到 settings.json start:202.14MB, end 202.17MB, increase: 31.39KB
2025-8-25 12:53:13-log: run build task 填充脚本数据到 settings.json success in 1 ms√, progress: 13%
2025-8-25 12:53:13-debug: 整理部分构建选项内数据到 settings.json start, progress: 13%
2025-8-25 12:53:13-debug: // ---- build task 整理部分构建选项内数据到 settings.json ----
2025-8-25 12:53:13-debug: // ---- build task 整理部分构建选项内数据到 settings.json ---- (2ms)
2025-8-25 12:53:13-log: run build task 整理部分构建选项内数据到 settings.json success in 2 ms√, progress: 15%
2025-8-25 12:53:13-debug: [Build Memory track]: 整理部分构建选项内数据到 settings.json start:202.21MB, end 201.71MB, increase: -504.70KB
2025-8-25 13:02:38-debug: refresh db internal success
2025-8-25 13:02:38-debug: refresh db assets success
2025-8-25 13:02:38-debug: Run asset db hook engine-extends:afterRefresh ...
2025-8-25 13:02:38-debug: Run asset db hook engine-extends:afterRefresh success!
2025-8-25 13:02:38-debug: asset-db:refresh-all-database (56ms)
2025-8-25 13:02:38-debug: asset-db:worker-effect-data-processing (1ms)
2025-8-25 13:02:38-debug: asset-db-hook-engine-extends-afterRefresh (1ms)
2025-8-25 13:02:46-debug: refresh db internal success
2025-8-25 13:02:46-debug: refresh db assets success
2025-8-25 13:02:46-debug: Run asset db hook engine-extends:afterRefresh ...
2025-8-25 13:02:46-debug: Run asset db hook engine-extends:afterRefresh success!
2025-8-25 13:02:46-debug: asset-db:refresh-all-database (35ms)
2025-8-25 13:02:46-debug: asset-db-hook-engine-extends-afterRefresh (1ms)
2025-8-25 13:02:46-debug: asset-db:worker-effect-data-processing (1ms)
2025-8-25 13:02:53-debug: refresh db internal success
2025-8-25 13:02:53-debug: refresh db assets success
2025-8-25 13:02:53-debug: Run asset db hook engine-extends:afterRefresh ...
2025-8-25 13:02:53-debug: Run asset db hook engine-extends:afterRefresh success!
2025-8-25 13:02:53-debug: asset-db:refresh-all-database (26ms)
2025-8-25 20:33:11-debug: refresh db internal success
2025-8-25 20:33:11-debug: %cImport%c: /Users/zeruili/projects/cocos_project/SuperSplash/assets/scripts/PlayerManager.tsbackground: #aaff85; color: #000;color: #000;
2025-8-25 20:33:11-debug: refresh db assets success
2025-8-25 20:33:11-debug: Run asset db hook engine-extends:afterRefresh ...
2025-8-25 20:33:11-debug: Run asset db hook engine-extends:afterRefresh success!
2025-8-25 20:33:11-debug: asset-db:refresh-all-database (56ms)
2025-8-25 20:33:11-debug: asset-db-hook-engine-extends-afterRefresh (1ms)
