2025-7-12 17:01:13-debug: start **** info
2025-7-12 17:01:13-log: Cannot access game frame or container.
2025-7-12 17:01:13-debug: asset-db:require-engine-code (364ms)
2025-7-12 17:01:13-log: meshopt wasm decoder initialized
2025-7-12 17:01:13-log: [bullet]:bullet wasm lib loaded.
2025-7-12 17:01:13-log: [box2d]:box2d wasm lib loaded.
2025-7-12 17:01:13-log: Cocos Creator v3.8.6
2025-7-12 17:01:13-log: Using legacy pipeline
2025-7-12 17:01:13-debug: [Assets Memory track]: asset-db-plugin-register: programming start:80.99MB, end 88.64MB, increase: 7.65MB
2025-7-12 17:01:14-debug: [Assets Memory track]: asset-db-plugin-register: builder start:88.67MB, end 287.23MB, increase: 198.57MB
2025-7-12 17:01:14-debug: [Assets Memory track]: asset-db-plugin-register: project start:80.86MB, end 290.40MB, increase: 209.54MB
2025-7-12 17:01:14-debug: [Assets Memory track]: asset-db:worker-init: initPlugin start:80.16MB, end 290.72MB, increase: 210.56MB
2025-7-12 17:01:13-log: Forward render pipeline initialized.
2025-7-12 17:01:13-debug: [Assets Memory track]: asset-db:worker-init: initEngine start:29.57MB, end 80.13MB, increase: 50.57MB
2025-7-12 17:01:14-debug: [Assets Memory track]: asset-db-plugin-register: engine-extends start:287.44MB, end 290.24MB, increase: 2.80MB
2025-7-12 17:01:14-debug: run package(google-play) handler(enable) start
2025-7-12 17:01:14-debug: run package(google-play) handler(enable) success!
2025-7-12 17:01:14-debug: run package(harmonyos-next) handler(enable) start
2025-7-12 17:01:14-debug: run package(huawei-agc) handler(enable) start
2025-7-12 17:01:14-debug: run package(huawei-agc) handler(enable) success!
2025-7-12 17:01:14-debug: run package(huawei-quick-game) handler(enable) start
2025-7-12 17:01:14-debug: run package(huawei-quick-game) handler(enable) success!
2025-7-12 17:01:14-debug: run package(ios) handler(enable) success!
2025-7-12 17:01:14-debug: run package(ios) handler(enable) start
2025-7-12 17:01:14-debug: run package(linux) handler(enable) start
2025-7-12 17:01:14-debug: run package(linux) handler(enable) success!
2025-7-12 17:01:14-debug: run package(mac) handler(enable) start
2025-7-12 17:01:14-debug: run package(mac) handler(enable) success!
2025-7-12 17:01:14-debug: run package(migu-mini-game) handler(enable) start
2025-7-12 17:01:14-debug: run package(migu-mini-game) handler(enable) success!
2025-7-12 17:01:14-debug: run package(native) handler(enable) start
2025-7-12 17:01:14-debug: run package(native) handler(enable) success!
2025-7-12 17:01:14-debug: run package(ohos) handler(enable) start
2025-7-12 17:01:14-debug: run package(ohos) handler(enable) success!
2025-7-12 17:01:14-debug: run package(oppo-mini-game) handler(enable) start
2025-7-12 17:01:14-debug: run package(oppo-mini-game) handler(enable) success!
2025-7-12 17:01:14-debug: run package(runtime-dev-tools) handler(enable) start
2025-7-12 17:01:14-debug: run package(runtime-dev-tools) handler(enable) success!
2025-7-12 17:01:14-debug: run package(harmonyos-next) handler(enable) success!
2025-7-12 17:01:14-debug: run package(taobao-mini-game) handler(enable) start
2025-7-12 17:01:14-debug: run package(vivo-mini-game) handler(enable) start
2025-7-12 17:01:14-debug: run package(vivo-mini-game) handler(enable) success!
2025-7-12 17:01:14-debug: run package(web-desktop) handler(enable) start
2025-7-12 17:01:14-debug: run package(web-desktop) handler(enable) success!
2025-7-12 17:01:14-debug: run package(web-mobile) handler(enable) start
2025-7-12 17:01:14-debug: run package(taobao-mini-game) handler(enable) success!
2025-7-12 17:01:14-debug: run package(wechatgame) handler(enable) start
2025-7-12 17:01:14-debug: run package(wechatgame) handler(enable) success!
2025-7-12 17:01:14-debug: run package(wechatprogram) handler(enable) start
2025-7-12 17:01:14-debug: run package(wechatprogram) handler(enable) success!
2025-7-12 17:01:14-debug: run package(windows) handler(enable) start
2025-7-12 17:01:14-debug: run package(windows) handler(enable) success!
2025-7-12 17:01:14-debug: run package(xiaomi-quick-game) handler(enable) start
2025-7-12 17:01:14-debug: run package(xiaomi-quick-game) handler(enable) success!
2025-7-12 17:01:14-debug: run package(cocos-service) handler(enable) start
2025-7-12 17:01:14-debug: run package(web-mobile) handler(enable) success!
2025-7-12 17:01:14-debug: run package(im-plugin) handler(enable) start
2025-7-12 17:01:14-debug: run package(im-plugin) handler(enable) success!
2025-7-12 17:01:14-debug: run package(honor-mini-game) handler(enable) success!
2025-7-12 17:01:14-debug: run package(fix-asset-default-userdata) handler(enable) success!
2025-7-12 17:01:14-debug: run package(placeholder) handler(enable) start
2025-7-12 17:01:14-debug: run package(fix-asset-default-userdata) handler(enable) start
2025-7-12 17:01:14-debug: run package(placeholder) handler(enable) success!
2025-7-12 17:01:14-debug: asset-db:worker-init: initPlugin (826ms)
2025-7-12 17:01:14-debug: run package(honor-mini-game) handler(enable) start
2025-7-12 17:01:14-debug: run package(cocos-service) handler(enable) success!
2025-7-12 17:01:14-debug: [Assets Memory track]: asset-db:worker-init start:29.56MB, end 289.52MB, increase: 259.97MB
2025-7-12 17:01:14-debug: Run asset db hook programming:beforePreStart ...
2025-7-12 17:01:14-debug: Run asset db hook programming:beforePreStart success!
2025-7-12 17:01:14-debug: Run asset db hook engine-extends:beforePreStart ...
2025-7-12 17:01:14-debug: Run asset db hook engine-extends:beforePreStart success!
2025-7-12 17:01:14-debug: asset-db:worker-init (1272ms)
2025-7-12 17:01:14-debug: asset-db-hook-programming-beforePreStart (37ms)
2025-7-12 17:01:14-debug: asset-db-hook-engine-extends-beforePreStart (37ms)
2025-7-12 17:01:14-debug: Preimport db internal success
2025-7-12 17:01:14-debug: Preimport db assets success
2025-7-12 17:01:14-debug: Run asset db hook programming:afterPreStart ...
2025-7-12 17:01:14-debug: starting packer-driver...
2025-7-12 17:01:14-debug: initialize scripting environment...
2025-7-12 17:01:14-debug: [[Executor]] prepare before lock
2025-7-12 17:01:14-debug: Set detail map pack:///resolution-detail-map.json: {}
2025-7-12 17:01:14-debug: [[Executor]] prepare after unlock
2025-7-12 17:01:14-debug: Run asset db hook programming:afterPreStart success!
2025-7-12 17:01:14-debug: Run asset db hook engine-extends:afterPreStart ...
2025-7-12 17:01:14-debug: Run asset db hook engine-extends:afterPreStart success!
2025-7-12 17:01:14-debug: [Assets Memory track]: asset-db:worker-init: preStart start:289.54MB, end 293.91MB, increase: 4.37MB
2025-7-12 17:01:14-debug: Start up the 'internal' database...
2025-7-12 17:01:14-debug: asset-db-hook-programming-afterPreStart (252ms)
2025-7-12 17:01:14-debug: asset-db:worker-effect-data-processing (150ms)
2025-7-12 17:01:14-debug: asset-db-hook-engine-extends-afterPreStart (150ms)
2025-7-12 17:01:14-debug: [Assets Memory track]: asset-db:worker-startup-database[internal] start:289.61MB, end 307.71MB, increase: 18.09MB
2025-7-12 17:01:14-debug: Start up the 'assets' database...
2025-7-12 17:01:14-debug: asset-db:worker-startup-database[internal] (355ms)
2025-7-12 17:01:14-debug: [Assets Memory track]: asset-db:worker-startup-database[assets] start:292.90MB, end 309.11MB, increase: 16.21MB
2025-7-12 17:01:14-debug: lazy register asset handler text
2025-7-12 17:01:14-debug: lazy register asset handler json
2025-7-12 17:01:14-debug: lazy register asset handler spine-data
2025-7-12 17:01:14-debug: lazy register asset handler dragonbones
2025-7-12 17:01:14-debug: lazy register asset handler dragonbones-atlas
2025-7-12 17:01:14-debug: lazy register asset handler terrain
2025-7-12 17:01:14-debug: lazy register asset handler javascript
2025-7-12 17:01:14-debug: lazy register asset handler typescript
2025-7-12 17:01:14-debug: lazy register asset handler scene
2025-7-12 17:01:14-debug: lazy register asset handler prefab
2025-7-12 17:01:14-debug: lazy register asset handler directory
2025-7-12 17:01:14-debug: lazy register asset handler *
2025-7-12 17:01:14-debug: lazy register asset handler tiled-map
2025-7-12 17:01:14-debug: lazy register asset handler image
2025-7-12 17:01:14-debug: lazy register asset handler sign-image
2025-7-12 17:01:14-debug: lazy register asset handler buffer
2025-7-12 17:01:14-debug: lazy register asset handler texture
2025-7-12 17:01:14-debug: lazy register asset handler texture-cube
2025-7-12 17:01:14-debug: lazy register asset handler erp-texture-cube
2025-7-12 17:01:14-debug: lazy register asset handler render-texture
2025-7-12 17:01:14-debug: lazy register asset handler texture-cube-face
2025-7-12 17:01:14-debug: lazy register asset handler rt-sprite-frame
2025-7-12 17:01:14-debug: lazy register asset handler gltf
2025-7-12 17:01:14-debug: lazy register asset handler gltf-mesh
2025-7-12 17:01:14-debug: lazy register asset handler gltf-animation
2025-7-12 17:01:14-debug: lazy register asset handler gltf-skeleton
2025-7-12 17:01:14-debug: lazy register asset handler gltf-scene
2025-7-12 17:01:14-debug: lazy register asset handler gltf-material
2025-7-12 17:01:14-debug: lazy register asset handler gltf-embeded-image
2025-7-12 17:01:14-debug: lazy register asset handler material
2025-7-12 17:01:14-debug: lazy register asset handler physics-material
2025-7-12 17:01:14-debug: lazy register asset handler effect
2025-7-12 17:01:14-debug: lazy register asset handler fbx
2025-7-12 17:01:14-debug: lazy register asset handler effect-header
2025-7-12 17:01:14-debug: lazy register asset handler audio-clip
2025-7-12 17:01:14-debug: lazy register asset handler animation-clip
2025-7-12 17:01:14-debug: lazy register asset handler alpha-image
2025-7-12 17:01:14-debug: lazy register asset handler animation-graph-variant
2025-7-12 17:01:14-debug: lazy register asset handler animation-graph
2025-7-12 17:01:14-debug: lazy register asset handler ttf-font
2025-7-12 17:01:14-debug: lazy register asset handler animation-mask
2025-7-12 17:01:14-debug: lazy register asset handler bitmap-font
2025-7-12 17:01:14-debug: lazy register asset handler particle
2025-7-12 17:01:14-debug: lazy register asset handler sprite-atlas
2025-7-12 17:01:14-debug: lazy register asset handler auto-atlas
2025-7-12 17:01:14-debug: lazy register asset handler label-atlas
2025-7-12 17:01:14-debug: lazy register asset handler render-pipeline
2025-7-12 17:01:14-debug: lazy register asset handler render-stage
2025-7-12 17:01:14-debug: lazy register asset handler render-flow
2025-7-12 17:01:14-debug: lazy register asset handler instantiation-material
2025-7-12 17:01:14-debug: lazy register asset handler instantiation-mesh
2025-7-12 17:01:14-debug: lazy register asset handler instantiation-skeleton
2025-7-12 17:01:14-debug: lazy register asset handler instantiation-animation
2025-7-12 17:01:14-debug: lazy register asset handler video-clip
2025-7-12 17:01:14-debug: [Assets Memory track]: asset-db:worker-init: startup start:293.92MB, end 309.12MB, increase: 15.20MB
2025-7-12 17:01:14-debug: lazy register asset handler sprite-frame
2025-7-12 17:01:14-debug: asset-db:worker-startup-database[assets] (326ms)
2025-7-12 17:01:14-debug: asset-db:start-database (380ms)
2025-7-12 17:01:14-debug: asset-db:ready (2716ms)
2025-7-12 17:01:14-debug: fix the bug of updateDefaultUserData
2025-7-12 17:01:14-debug: init worker message success
2025-7-12 17:01:15-debug: [Build Memory track]: builder:worker-init start:308.12MB, end 322.15MB, increase: 14.03MB
2025-7-12 17:01:15-debug: programming:execute-script (3ms)
2025-7-12 17:01:15-debug: builder:worker-init (195ms)
2025-7-12 17:01:22-debug: Query all assets info in project
2025-7-12 17:01:22-debug: init custom config: keepNodeUuid: false, useCache: true
2025-7-12 17:01:22-debug: Skip compress image, progress: 0%
2025-7-12 17:01:22-debug: Init all bundles start..., progress: 0%
2025-7-12 17:01:22-debug: // ---- build task 查询 Asset Bundle ----
2025-7-12 17:01:22-debug: 查询 Asset Bundle start, progress: 0%
2025-7-12 17:01:22-debug: Num of bundles: 3..., progress: 0%
2025-7-12 17:01:22-debug: Init bundle root assets start..., progress: 0%
2025-7-12 17:01:22-debug: Query preload assets/scripts from cc.config.json: 60f7195c-ec2a-45eb-ba94-8955f60e81d0,1c02ae6f-4492-4915-b8f8-7492a3b1e4cd,810e96e4-e456-4468-9b59-f4e8f39732c0,efe8e2a3-eace-427b-b4f1-cb8a937ec77d,e9aa9a3e-5b2b-4ac7-a2c7-073de2b2b24f,8bbdbcdd-5cd4-4100-b6d5-b7c9625b6107,50f4348b-c883-4e2f-8f11-ce233b859fa1,fda095cb-831d-4601-ad94-846013963de8,f92806d7-1768-443f-afe8-12bcde84d0f0,dd3a144d-ab7f-41f0-82b8-2e43a090d496,f0416e68-0200-4b77-a926-4f9d16e494da,970b0598-bcb0-4714-91fb-2e81440dccd8,bcd64cc6-2dd9-43f6-abbe-66318d332032,d930590d-bb92-4cc8-8bd1-23cd027f9edf,a3cd009f-0ab0-420d-9278-b9fdab939bbc,6a2d0734-bd9e-4ddf-946e-caa52498cb75,c27215d8-6835-4b68-bfbb-bdeac6100c04,b5d6115f-0370-4d7c-aad3-c194cc71cf98,871c3b6c-7379-419d-bda3-794b239ab90d,ff9b0199-ce04-4cfe-86cc-6c719f08d6e4,de1c2107-70c8-4021-8459-6399f24d01c6,cbf30902-517f-40dc-af90-a550bac27cf1
2025-7-12 17:01:22-debug: Init bundle root assets success..., progress: 0%
2025-7-12 17:01:22-debug:   Number of all scenes: 3
2025-7-12 17:01:22-debug:   Number of other assets: 390
2025-7-12 17:01:22-debug:   Number of all scripts: 24
2025-7-12 17:01:22-debug: // ---- build task 查询 Asset Bundle ---- (2ms)
2025-7-12 17:01:22-log: run build task 查询 Asset Bundle success in 2 ms√, progress: 5%
2025-7-12 17:01:22-debug: [Build Memory track]: 查询 Asset Bundle start:196.78MB, end 196.60MB, increase: -190.91KB
2025-7-12 17:01:22-debug: 查询 Asset Bundle start, progress: 5%
2025-7-12 17:01:22-debug: // ---- build task 查询 Asset Bundle ----
2025-7-12 17:01:22-log: run build task 查询 Asset Bundle success in √, progress: 10%
2025-7-12 17:01:22-debug: // ---- build task 整理部分构建选项内数据到 settings.json ----
2025-7-12 17:01:22-debug: [Build Memory track]: 查询 Asset Bundle start:196.63MB, end 196.71MB, increase: 86.57KB
2025-7-12 17:01:22-debug: 整理部分构建选项内数据到 settings.json start, progress: 10%
2025-7-12 17:01:22-log: run build task 整理部分构建选项内数据到 settings.json success in √, progress: 12%
2025-7-12 17:01:22-debug: 填充脚本数据到 settings.json start, progress: 12%
2025-7-12 17:01:22-debug: // ---- build task 填充脚本数据到 settings.json ----
2025-7-12 17:01:22-debug: [Build Memory track]: 整理部分构建选项内数据到 settings.json start:196.75MB, end 196.78MB, increase: 30.46KB
2025-7-12 17:01:22-log: run build task 填充脚本数据到 settings.json success in √, progress: 13%
2025-7-12 17:01:22-debug: 整理部分构建选项内数据到 settings.json start, progress: 13%
2025-7-12 17:01:22-debug: // ---- build task 整理部分构建选项内数据到 settings.json ----
2025-7-12 17:01:22-debug: [Build Memory track]: 填充脚本数据到 settings.json start:196.82MB, end 196.15MB, increase: -679.36KB
2025-7-12 17:01:22-debug: // ---- build task 整理部分构建选项内数据到 settings.json ---- (1ms)
2025-7-12 17:01:22-log: run build task 整理部分构建选项内数据到 settings.json success in 1 ms√, progress: 15%
2025-7-12 17:01:22-debug: [Build Memory track]: 整理部分构建选项内数据到 settings.json start:196.19MB, end 196.33MB, increase: 143.21KB
2025-7-12 17:01:22-debug: Query all assets info in project
2025-7-12 17:01:22-debug: Query all assets info in project
2025-7-12 17:01:22-debug: Query all assets info in project
2025-7-12 17:01:22-debug: Query all assets info in project
2025-7-12 17:01:22-debug: Skip compress image, progress: 0%
2025-7-12 17:01:22-debug: init custom config: keepNodeUuid: false, useCache: true
2025-7-12 17:01:22-debug: Init all bundles start..., progress: 0%
2025-7-12 17:01:22-debug: // ---- build task 查询 Asset Bundle ----
2025-7-12 17:01:22-debug: Num of bundles: 3..., progress: 0%
2025-7-12 17:01:22-debug: 查询 Asset Bundle start, progress: 0%
2025-7-12 17:01:22-debug: init custom config: keepNodeUuid: false, useCache: true
2025-7-12 17:01:22-debug: Skip compress image, progress: 0%
2025-7-12 17:01:22-debug: init custom config: keepNodeUuid: false, useCache: true
2025-7-12 17:01:22-debug: Skip compress image, progress: 0%
2025-7-12 17:01:22-debug: init custom config: keepNodeUuid: false, useCache: true
2025-7-12 17:01:22-debug: Skip compress image, progress: 0%
2025-7-12 17:01:22-debug: Init bundle root assets start..., progress: 0%
2025-7-12 17:01:22-debug: Query preload assets/scripts from cc.config.json: 60f7195c-ec2a-45eb-ba94-8955f60e81d0,1c02ae6f-4492-4915-b8f8-7492a3b1e4cd,810e96e4-e456-4468-9b59-f4e8f39732c0,efe8e2a3-eace-427b-b4f1-cb8a937ec77d,e9aa9a3e-5b2b-4ac7-a2c7-073de2b2b24f,8bbdbcdd-5cd4-4100-b6d5-b7c9625b6107,50f4348b-c883-4e2f-8f11-ce233b859fa1,fda095cb-831d-4601-ad94-846013963de8,f92806d7-1768-443f-afe8-12bcde84d0f0,dd3a144d-ab7f-41f0-82b8-2e43a090d496,f0416e68-0200-4b77-a926-4f9d16e494da,970b0598-bcb0-4714-91fb-2e81440dccd8,bcd64cc6-2dd9-43f6-abbe-66318d332032,d930590d-bb92-4cc8-8bd1-23cd027f9edf,a3cd009f-0ab0-420d-9278-b9fdab939bbc,6a2d0734-bd9e-4ddf-946e-caa52498cb75,c27215d8-6835-4b68-bfbb-bdeac6100c04,b5d6115f-0370-4d7c-aad3-c194cc71cf98,871c3b6c-7379-419d-bda3-794b239ab90d,ff9b0199-ce04-4cfe-86cc-6c719f08d6e4,de1c2107-70c8-4021-8459-6399f24d01c6,cbf30902-517f-40dc-af90-a550bac27cf1
2025-7-12 17:01:22-debug: Init bundle root assets success..., progress: 0%
2025-7-12 17:01:22-debug:   Number of all scenes: 3
2025-7-12 17:01:22-debug:   Number of other assets: 390
2025-7-12 17:01:22-debug:   Number of all scripts: 24
2025-7-12 17:01:22-debug: // ---- build task 查询 Asset Bundle ---- (4ms)
2025-7-12 17:01:22-debug: [Build Memory track]: 查询 Asset Bundle start:196.83MB, end 196.74MB, increase: -89.85KB
2025-7-12 17:01:22-debug: 查询 Asset Bundle start, progress: 5%
2025-7-12 17:01:22-log: run build task 查询 Asset Bundle success in 4 ms√, progress: 5%
2025-7-12 17:01:22-debug: // ---- build task 查询 Asset Bundle ----
2025-7-12 17:01:22-debug: Init all bundles start..., progress: 0%
2025-7-12 17:01:22-debug: Init all bundles start..., progress: 0%
2025-7-12 17:01:22-debug: Init bundle root assets start..., progress: 0%
2025-7-12 17:01:22-debug: // ---- build task 查询 Asset Bundle ----
2025-7-12 17:01:22-debug: 查询 Asset Bundle start, progress: 0%
2025-7-12 17:01:22-debug: Init bundle root assets start..., progress: 0%
2025-7-12 17:01:22-debug: // ---- build task 查询 Asset Bundle ----
2025-7-12 17:01:22-debug: Init all bundles start..., progress: 0%
2025-7-12 17:01:22-debug: Num of bundles: 3..., progress: 0%
2025-7-12 17:01:22-debug: 查询 Asset Bundle start, progress: 0%
2025-7-12 17:01:22-debug: // ---- build task 查询 Asset Bundle ----
2025-7-12 17:01:22-debug: 查询 Asset Bundle start, progress: 0%
2025-7-12 17:01:22-debug: Num of bundles: 3..., progress: 0%
2025-7-12 17:01:22-debug: Num of bundles: 3..., progress: 0%
2025-7-12 17:01:22-debug: Init bundle root assets start..., progress: 0%
2025-7-12 17:01:22-debug: // ---- build task 查询 Asset Bundle ---- (1ms)
2025-7-12 17:01:22-log: run build task 查询 Asset Bundle success in 1 ms√, progress: 10%
2025-7-12 17:01:22-debug: [Build Memory track]: 查询 Asset Bundle start:197.11MB, end 196.45MB, increase: -679.14KB
2025-7-12 17:01:22-debug: 整理部分构建选项内数据到 settings.json start, progress: 10%
2025-7-12 17:01:22-debug: // ---- build task 整理部分构建选项内数据到 settings.json ----
2025-7-12 17:01:22-log: run build task 整理部分构建选项内数据到 settings.json success in √, progress: 12%
2025-7-12 17:01:22-debug: 填充脚本数据到 settings.json start, progress: 12%
2025-7-12 17:01:22-debug: // ---- build task 填充脚本数据到 settings.json ----
2025-7-12 17:01:22-debug: [Build Memory track]: 整理部分构建选项内数据到 settings.json start:196.48MB, end 196.51MB, increase: 25.25KB
2025-7-12 17:01:22-debug: Query preload assets/scripts from cc.config.json: 60f7195c-ec2a-45eb-ba94-8955f60e81d0,1c02ae6f-4492-4915-b8f8-7492a3b1e4cd,810e96e4-e456-4468-9b59-f4e8f39732c0,efe8e2a3-eace-427b-b4f1-cb8a937ec77d,e9aa9a3e-5b2b-4ac7-a2c7-073de2b2b24f,8bbdbcdd-5cd4-4100-b6d5-b7c9625b6107,50f4348b-c883-4e2f-8f11-ce233b859fa1,fda095cb-831d-4601-ad94-846013963de8,f92806d7-1768-443f-afe8-12bcde84d0f0,dd3a144d-ab7f-41f0-82b8-2e43a090d496,f0416e68-0200-4b77-a926-4f9d16e494da,970b0598-bcb0-4714-91fb-2e81440dccd8,bcd64cc6-2dd9-43f6-abbe-66318d332032,d930590d-bb92-4cc8-8bd1-23cd027f9edf,a3cd009f-0ab0-420d-9278-b9fdab939bbc,6a2d0734-bd9e-4ddf-946e-caa52498cb75,c27215d8-6835-4b68-bfbb-bdeac6100c04,b5d6115f-0370-4d7c-aad3-c194cc71cf98,871c3b6c-7379-419d-bda3-794b239ab90d,ff9b0199-ce04-4cfe-86cc-6c719f08d6e4,de1c2107-70c8-4021-8459-6399f24d01c6,cbf30902-517f-40dc-af90-a550bac27cf1
2025-7-12 17:01:22-debug: Init bundle root assets success..., progress: 0%
2025-7-12 17:01:22-debug: Query preload assets/scripts from cc.config.json: 60f7195c-ec2a-45eb-ba94-8955f60e81d0,1c02ae6f-4492-4915-b8f8-7492a3b1e4cd,810e96e4-e456-4468-9b59-f4e8f39732c0,efe8e2a3-eace-427b-b4f1-cb8a937ec77d,e9aa9a3e-5b2b-4ac7-a2c7-073de2b2b24f,8bbdbcdd-5cd4-4100-b6d5-b7c9625b6107,50f4348b-c883-4e2f-8f11-ce233b859fa1,fda095cb-831d-4601-ad94-846013963de8,f92806d7-1768-443f-afe8-12bcde84d0f0,dd3a144d-ab7f-41f0-82b8-2e43a090d496,f0416e68-0200-4b77-a926-4f9d16e494da,970b0598-bcb0-4714-91fb-2e81440dccd8,bcd64cc6-2dd9-43f6-abbe-66318d332032,d930590d-bb92-4cc8-8bd1-23cd027f9edf,a3cd009f-0ab0-420d-9278-b9fdab939bbc,6a2d0734-bd9e-4ddf-946e-caa52498cb75,c27215d8-6835-4b68-bfbb-bdeac6100c04,b5d6115f-0370-4d7c-aad3-c194cc71cf98,871c3b6c-7379-419d-bda3-794b239ab90d,ff9b0199-ce04-4cfe-86cc-6c719f08d6e4,de1c2107-70c8-4021-8459-6399f24d01c6,cbf30902-517f-40dc-af90-a550bac27cf1
2025-7-12 17:01:22-debug:   Number of all scenes: 3
2025-7-12 17:01:22-debug:   Number of all scripts: 24
2025-7-12 17:01:22-debug:   Number of other assets: 390
2025-7-12 17:01:22-debug:   Number of all scripts: 24
2025-7-12 17:01:22-debug: Query preload assets/scripts from cc.config.json: 60f7195c-ec2a-45eb-ba94-8955f60e81d0,1c02ae6f-4492-4915-b8f8-7492a3b1e4cd,810e96e4-e456-4468-9b59-f4e8f39732c0,efe8e2a3-eace-427b-b4f1-cb8a937ec77d,e9aa9a3e-5b2b-4ac7-a2c7-073de2b2b24f,8bbdbcdd-5cd4-4100-b6d5-b7c9625b6107,50f4348b-c883-4e2f-8f11-ce233b859fa1,fda095cb-831d-4601-ad94-846013963de8,f92806d7-1768-443f-afe8-12bcde84d0f0,dd3a144d-ab7f-41f0-82b8-2e43a090d496,f0416e68-0200-4b77-a926-4f9d16e494da,970b0598-bcb0-4714-91fb-2e81440dccd8,bcd64cc6-2dd9-43f6-abbe-66318d332032,d930590d-bb92-4cc8-8bd1-23cd027f9edf,a3cd009f-0ab0-420d-9278-b9fdab939bbc,6a2d0734-bd9e-4ddf-946e-caa52498cb75,c27215d8-6835-4b68-bfbb-bdeac6100c04,b5d6115f-0370-4d7c-aad3-c194cc71cf98,871c3b6c-7379-419d-bda3-794b239ab90d,ff9b0199-ce04-4cfe-86cc-6c719f08d6e4,de1c2107-70c8-4021-8459-6399f24d01c6,cbf30902-517f-40dc-af90-a550bac27cf1
2025-7-12 17:01:22-debug:   Number of all scenes: 3
2025-7-12 17:01:22-debug:   Number of all scripts: 24
2025-7-12 17:01:22-debug:   Number of other assets: 390
2025-7-12 17:01:22-debug: Init bundle root assets success..., progress: 0%
2025-7-12 17:01:22-debug:   Number of other assets: 390
2025-7-12 17:01:22-debug: Init bundle root assets success..., progress: 0%
2025-7-12 17:01:22-debug:   Number of all scenes: 3
2025-7-12 17:01:22-debug: // ---- build task 填充脚本数据到 settings.json ---- (3ms)
2025-7-12 17:01:22-log: run build task 填充脚本数据到 settings.json success in 3 ms√, progress: 13%
2025-7-12 17:01:22-debug: 整理部分构建选项内数据到 settings.json start, progress: 13%
2025-7-12 17:01:22-debug: [Build Memory track]: 填充脚本数据到 settings.json start:196.56MB, end 196.75MB, increase: 186.42KB
2025-7-12 17:01:22-debug: // ---- build task 整理部分构建选项内数据到 settings.json ----
2025-7-12 17:01:22-log: run build task 查询 Asset Bundle success in √, progress: 5%
2025-7-12 17:01:22-debug: 查询 Asset Bundle start, progress: 5%
2025-7-12 17:01:22-log: run build task 查询 Asset Bundle success in √, progress: 5%
2025-7-12 17:01:22-debug: [Build Memory track]: 查询 Asset Bundle start:196.81MB, end 196.82MB, increase: 13.49KB
2025-7-12 17:01:22-debug: // ---- build task 查询 Asset Bundle ----
2025-7-12 17:01:22-debug: 查询 Asset Bundle start, progress: 5%
2025-7-12 17:01:22-debug: 查询 Asset Bundle start, progress: 5%
2025-7-12 17:01:22-debug: // ---- build task 查询 Asset Bundle ----
2025-7-12 17:01:22-debug: // ---- build task 查询 Asset Bundle ----
2025-7-12 17:01:22-log: run build task 查询 Asset Bundle success in √, progress: 5%
2025-7-12 17:01:22-debug: [Build Memory track]: 查询 Asset Bundle start:196.85MB, end 196.87MB, increase: 13.59KB
2025-7-12 17:01:22-debug: // ---- build task 查询 Asset Bundle ---- (1ms)
2025-7-12 17:01:22-debug: 整理部分构建选项内数据到 settings.json start, progress: 10%
2025-7-12 17:01:22-debug: [Build Memory track]: 查询 Asset Bundle start:196.90MB, end 197.17MB, increase: 273.32KB
2025-7-12 17:01:22-debug: // ---- build task 整理部分构建选项内数据到 settings.json ----
2025-7-12 17:01:22-log: run build task 查询 Asset Bundle success in 1 ms√, progress: 10%
2025-7-12 17:01:22-debug: // ---- build task 整理部分构建选项内数据到 settings.json ----
2025-7-12 17:01:22-debug: 整理部分构建选项内数据到 settings.json start, progress: 10%
2025-7-12 17:01:22-log: run build task 查询 Asset Bundle success in √, progress: 10%
2025-7-12 17:01:22-log: run build task 查询 Asset Bundle success in √, progress: 10%
2025-7-12 17:01:22-debug: 整理部分构建选项内数据到 settings.json start, progress: 10%
2025-7-12 17:01:22-debug: // ---- build task 整理部分构建选项内数据到 settings.json ----
2025-7-12 17:01:22-log: run build task 整理部分构建选项内数据到 settings.json success in √, progress: 12%
2025-7-12 17:01:22-debug: [Build Memory track]: 整理部分构建选项内数据到 settings.json start:197.28MB, end 197.37MB, increase: 91.36KB
2025-7-12 17:01:22-debug: 填充脚本数据到 settings.json start, progress: 12%
2025-7-12 17:01:22-debug: // ---- build task 填充脚本数据到 settings.json ----
2025-7-12 17:01:22-debug: // ---- build task 整理部分构建选项内数据到 settings.json ---- (1ms)
2025-7-12 17:01:22-debug: // ---- build task 整理部分构建选项内数据到 settings.json ---- (1ms)
2025-7-12 17:01:22-log: run build task 整理部分构建选项内数据到 settings.json success in 1 ms√, progress: 12%
2025-7-12 17:01:22-log: run build task 整理部分构建选项内数据到 settings.json success in 1 ms√, progress: 12%
2025-7-12 17:01:22-debug: 填充脚本数据到 settings.json start, progress: 12%
2025-7-12 17:01:22-debug: // ---- build task 填充脚本数据到 settings.json ----
2025-7-12 17:01:22-debug: // ---- build task 填充脚本数据到 settings.json ----
2025-7-12 17:01:22-debug: 填充脚本数据到 settings.json start, progress: 12%
2025-7-12 17:01:22-log: run build task 整理部分构建选项内数据到 settings.json success in √, progress: 15%
2025-7-12 17:01:22-debug: // ---- build task 整理部分构建选项内数据到 settings.json ----
2025-7-12 17:01:22-log: run build task 填充脚本数据到 settings.json success in √, progress: 13%
2025-7-12 17:01:22-debug: 整理部分构建选项内数据到 settings.json start, progress: 13%
2025-7-12 17:01:22-debug: [Build Memory track]: 填充脚本数据到 settings.json start:196.76MB, end 196.85MB, increase: 84.64KB
2025-7-12 17:01:22-log: run build task 填充脚本数据到 settings.json success in √, progress: 13%
2025-7-12 17:01:22-debug: // ---- build task 整理部分构建选项内数据到 settings.json ----
2025-7-12 17:01:22-debug: // ---- build task 整理部分构建选项内数据到 settings.json ----
2025-7-12 17:01:22-debug: 整理部分构建选项内数据到 settings.json start, progress: 13%
2025-7-12 17:01:22-debug: 整理部分构建选项内数据到 settings.json start, progress: 13%
2025-7-12 17:01:22-log: run build task 填充脚本数据到 settings.json success in √, progress: 13%
2025-7-12 17:01:22-debug: // ---- build task 整理部分构建选项内数据到 settings.json ---- (2ms)
2025-7-12 17:01:22-log: run build task 整理部分构建选项内数据到 settings.json success in 2 ms√, progress: 15%
2025-7-12 17:01:22-debug: [Build Memory track]: 整理部分构建选项内数据到 settings.json start:196.95MB, end 197.30MB, increase: 353.18KB
2025-7-12 17:01:22-log: run build task 整理部分构建选项内数据到 settings.json success in √, progress: 15%
2025-7-12 17:01:22-log: run build task 整理部分构建选项内数据到 settings.json success in √, progress: 15%
2025-7-12 17:03:40-debug: Query all assets info in project
2025-7-12 17:03:40-debug: init custom config: keepNodeUuid: false, useCache: true
2025-7-12 17:03:40-debug: Skip compress image, progress: 0%
2025-7-12 17:03:40-debug: Init all bundles start..., progress: 0%
2025-7-12 17:03:40-debug: Init bundle root assets start..., progress: 0%
2025-7-12 17:03:40-debug: 查询 Asset Bundle start, progress: 0%
2025-7-12 17:03:40-debug: // ---- build task 查询 Asset Bundle ----
2025-7-12 17:03:40-debug: Num of bundles: 3..., progress: 0%
2025-7-12 17:03:40-debug: Query preload assets/scripts from cc.config.json: 60f7195c-ec2a-45eb-ba94-8955f60e81d0,1c02ae6f-4492-4915-b8f8-7492a3b1e4cd,810e96e4-e456-4468-9b59-f4e8f39732c0,efe8e2a3-eace-427b-b4f1-cb8a937ec77d,e9aa9a3e-5b2b-4ac7-a2c7-073de2b2b24f,8bbdbcdd-5cd4-4100-b6d5-b7c9625b6107,50f4348b-c883-4e2f-8f11-ce233b859fa1,fda095cb-831d-4601-ad94-846013963de8,f92806d7-1768-443f-afe8-12bcde84d0f0,dd3a144d-ab7f-41f0-82b8-2e43a090d496,f0416e68-0200-4b77-a926-4f9d16e494da,970b0598-bcb0-4714-91fb-2e81440dccd8,bcd64cc6-2dd9-43f6-abbe-66318d332032,d930590d-bb92-4cc8-8bd1-23cd027f9edf,a3cd009f-0ab0-420d-9278-b9fdab939bbc,6a2d0734-bd9e-4ddf-946e-caa52498cb75,c27215d8-6835-4b68-bfbb-bdeac6100c04,b5d6115f-0370-4d7c-aad3-c194cc71cf98,871c3b6c-7379-419d-bda3-794b239ab90d,ff9b0199-ce04-4cfe-86cc-6c719f08d6e4,de1c2107-70c8-4021-8459-6399f24d01c6,cbf30902-517f-40dc-af90-a550bac27cf1
2025-7-12 17:03:40-debug:   Number of other assets: 390
2025-7-12 17:03:40-debug:   Number of all scenes: 3
2025-7-12 17:03:40-debug: Init bundle root assets success..., progress: 0%
2025-7-12 17:03:40-debug:   Number of all scripts: 24
2025-7-12 17:03:40-debug: // ---- build task 查询 Asset Bundle ---- (3ms)
2025-7-12 17:03:40-debug: 查询 Asset Bundle start, progress: 5%
2025-7-12 17:03:40-debug: [Build Memory track]: 查询 Asset Bundle start:197.02MB, end 196.94MB, increase: -80.99KB
2025-7-12 17:03:40-debug: // ---- build task 查询 Asset Bundle ----
2025-7-12 17:03:40-log: run build task 查询 Asset Bundle success in 3 ms√, progress: 5%
2025-7-12 17:03:40-log: run build task 查询 Asset Bundle success in √, progress: 10%
2025-7-12 17:03:40-debug: 整理部分构建选项内数据到 settings.json start, progress: 10%
2025-7-12 17:03:40-debug: // ---- build task 整理部分构建选项内数据到 settings.json ----
2025-7-12 17:03:40-debug: [Build Memory track]: 查询 Asset Bundle start:196.97MB, end 196.36MB, increase: -631.69KB
2025-7-12 17:03:40-debug: // ---- build task 整理部分构建选项内数据到 settings.json ---- (1ms)
2025-7-12 17:03:40-debug: 填充脚本数据到 settings.json start, progress: 12%
2025-7-12 17:03:40-debug: [Build Memory track]: 整理部分构建选项内数据到 settings.json start:196.39MB, end 196.42MB, increase: 28.79KB
2025-7-12 17:03:40-debug: // ---- build task 填充脚本数据到 settings.json ----
2025-7-12 17:03:40-log: run build task 整理部分构建选项内数据到 settings.json success in 1 ms√, progress: 12%
2025-7-12 17:03:40-log: run build task 填充脚本数据到 settings.json success in √, progress: 13%
2025-7-12 17:03:40-debug: 整理部分构建选项内数据到 settings.json start, progress: 13%
2025-7-12 17:03:40-debug: [Build Memory track]: 填充脚本数据到 settings.json start:196.45MB, end 196.47MB, increase: 18.12KB
2025-7-12 17:03:40-debug: // ---- build task 整理部分构建选项内数据到 settings.json ----
2025-7-12 17:03:40-debug: // ---- build task 整理部分构建选项内数据到 settings.json ---- (1ms)
2025-7-12 17:03:40-log: run build task 整理部分构建选项内数据到 settings.json success in 1 ms√, progress: 15%
2025-7-12 17:03:40-debug: [Build Memory track]: 整理部分构建选项内数据到 settings.json start:196.50MB, end 196.63MB, increase: 132.21KB
2025-7-12 22:15:17-debug: refresh db internal success
2025-7-12 22:15:17-debug: refresh db assets success
2025-7-12 22:15:17-debug: Run asset db hook engine-extends:afterRefresh ...
2025-7-12 22:15:17-debug: Run asset db hook engine-extends:afterRefresh success!
2025-7-12 22:15:17-debug: asset-db:refresh-all-database (54ms)
2025-7-12 22:15:17-debug: asset-db:worker-effect-data-processing (2ms)
2025-7-12 22:15:17-debug: asset-db-hook-engine-extends-afterRefresh (2ms)
2025-7-12 22:15:20-debug: Query all assets info in project
2025-7-12 22:15:20-debug: init custom config: keepNodeUuid: false, useCache: true
2025-7-12 22:15:20-debug: Skip compress image, progress: 0%
2025-7-12 22:15:20-debug: Init all bundles start..., progress: 0%
2025-7-12 22:15:20-debug: 查询 Asset Bundle start, progress: 0%
2025-7-12 22:15:20-debug: Num of bundles: 3..., progress: 0%
2025-7-12 22:15:20-debug: // ---- build task 查询 Asset Bundle ----
2025-7-12 22:15:20-debug: Init bundle root assets start..., progress: 0%
2025-7-12 22:15:20-debug: Query preload assets/scripts from cc.config.json: 60f7195c-ec2a-45eb-ba94-8955f60e81d0,1c02ae6f-4492-4915-b8f8-7492a3b1e4cd,810e96e4-e456-4468-9b59-f4e8f39732c0,efe8e2a3-eace-427b-b4f1-cb8a937ec77d,e9aa9a3e-5b2b-4ac7-a2c7-073de2b2b24f,8bbdbcdd-5cd4-4100-b6d5-b7c9625b6107,50f4348b-c883-4e2f-8f11-ce233b859fa1,fda095cb-831d-4601-ad94-846013963de8,f92806d7-1768-443f-afe8-12bcde84d0f0,dd3a144d-ab7f-41f0-82b8-2e43a090d496,f0416e68-0200-4b77-a926-4f9d16e494da,970b0598-bcb0-4714-91fb-2e81440dccd8,bcd64cc6-2dd9-43f6-abbe-66318d332032,d930590d-bb92-4cc8-8bd1-23cd027f9edf,a3cd009f-0ab0-420d-9278-b9fdab939bbc,6a2d0734-bd9e-4ddf-946e-caa52498cb75,c27215d8-6835-4b68-bfbb-bdeac6100c04,b5d6115f-0370-4d7c-aad3-c194cc71cf98,871c3b6c-7379-419d-bda3-794b239ab90d,ff9b0199-ce04-4cfe-86cc-6c719f08d6e4,de1c2107-70c8-4021-8459-6399f24d01c6,cbf30902-517f-40dc-af90-a550bac27cf1
2025-7-12 22:15:20-debug:   Number of all scenes: 3
2025-7-12 22:15:20-debug:   Number of all scripts: 24
2025-7-12 22:15:20-debug:   Number of other assets: 390
2025-7-12 22:15:20-debug: Init bundle root assets success..., progress: 0%
2025-7-12 22:15:20-debug: // ---- build task 查询 Asset Bundle ---- (2ms)
2025-7-12 22:15:20-debug: [Build Memory track]: 查询 Asset Bundle start:198.40MB, end 198.39MB, increase: -9.70KB
2025-7-12 22:15:20-log: run build task 查询 Asset Bundle success in 2 ms√, progress: 5%
2025-7-12 22:15:20-debug: 查询 Asset Bundle start, progress: 5%
2025-7-12 22:15:20-debug: // ---- build task 查询 Asset Bundle ----
2025-7-12 22:15:20-debug: // ---- build task 查询 Asset Bundle ---- (1ms)
2025-7-12 22:15:20-debug: [Build Memory track]: 查询 Asset Bundle start:198.42MB, end 197.78MB, increase: -658.11KB
2025-7-12 22:15:20-log: run build task 查询 Asset Bundle success in 1 ms√, progress: 10%
2025-7-12 22:15:20-debug: 整理部分构建选项内数据到 settings.json start, progress: 10%
2025-7-12 22:15:20-debug: // ---- build task 整理部分构建选项内数据到 settings.json ----
2025-7-12 22:15:20-log: run build task 整理部分构建选项内数据到 settings.json success in √, progress: 12%
2025-7-12 22:15:20-debug: [Build Memory track]: 整理部分构建选项内数据到 settings.json start:197.81MB, end 197.83MB, increase: 18.80KB
2025-7-12 22:15:20-debug: // ---- build task 填充脚本数据到 settings.json ----
2025-7-12 22:15:20-debug: 填充脚本数据到 settings.json start, progress: 12%
2025-7-12 22:15:20-log: run build task 填充脚本数据到 settings.json success in √, progress: 13%
2025-7-12 22:15:20-debug: // ---- build task 整理部分构建选项内数据到 settings.json ----
2025-7-12 22:15:20-debug: 整理部分构建选项内数据到 settings.json start, progress: 13%
2025-7-12 22:15:20-debug: [Build Memory track]: 填充脚本数据到 settings.json start:197.86MB, end 197.88MB, increase: 17.21KB
2025-7-12 22:15:20-debug: // ---- build task 整理部分构建选项内数据到 settings.json ---- (1ms)
2025-7-12 22:15:20-log: run build task 整理部分构建选项内数据到 settings.json success in 1 ms√, progress: 15%
2025-7-12 22:15:20-debug: [Build Memory track]: 整理部分构建选项内数据到 settings.json start:197.91MB, end 198.05MB, increase: 140.21KB
2025-7-12 22:27:42-debug: refresh db internal success
2025-7-12 22:27:42-debug: refresh db assets success
2025-7-12 22:27:42-debug: Run asset db hook engine-extends:afterRefresh ...
2025-7-12 22:27:42-debug: Run asset db hook engine-extends:afterRefresh success!
2025-7-12 22:27:42-debug: asset-db:refresh-all-database (50ms)
2025-7-12 22:27:42-debug: asset-db:worker-effect-data-processing (1ms)
2025-7-12 22:27:42-debug: asset-db-hook-engine-extends-afterRefresh (2ms)
