2025-7-12 22:45:01-log: Cannot access game frame or container.
2025-7-12 22:45:02-debug: asset-db:require-engine-code (374ms)
2025-7-12 22:45:02-log: [box2d]:box2d wasm lib loaded.
2025-7-12 22:45:02-log: [bullet]:bullet wasm lib loaded.
2025-7-12 22:45:02-log: meshopt wasm decoder initialized
2025-7-12 22:45:02-log: Cocos Creator v3.8.6
2025-7-12 22:45:02-log: Using legacy pipeline
2025-7-12 22:45:02-debug: [Assets Memory track]: asset-db-plugin-register: builder start:88.60MB, end 224.71MB, increase: 136.12MB
2025-7-12 22:45:02-debug: [Assets Memory track]: asset-db-plugin-register: engine-extends start:224.92MB, end 227.71MB, increase: 2.80MB
2025-7-12 22:45:02-debug: [Assets Memory track]: asset-db-plugin-register: project start:80.80MB, end 227.88MB, increase: 147.07MB
2025-7-12 22:45:02-debug: [Assets Memory track]: asset-db:worker-init: initPlugin start:80.11MB, end 228.35MB, increase: 148.24MB
2025-7-12 22:45:02-debug: [Assets Memory track]: asset-db-plugin-register: programming start:80.93MB, end 88.57MB, increase: 7.64MB
2025-7-12 22:45:02-log: Forward render pipeline initialized.
2025-7-12 22:45:02-debug: [Assets Memory track]: asset-db:worker-init: initEngine start:29.71MB, end 80.09MB, increase: 50.38MB
2025-7-12 22:45:02-debug: run package(harmonyos-next) handler(enable) start
2025-7-12 22:45:02-debug: run package(huawei-agc) handler(enable) start
2025-7-12 22:45:02-debug: run package(huawei-agc) handler(enable) success!
2025-7-12 22:45:02-debug: run package(huawei-quick-game) handler(enable) start
2025-7-12 22:45:02-debug: run package(huawei-quick-game) handler(enable) success!
2025-7-12 22:45:02-debug: run package(ios) handler(enable) start
2025-7-12 22:45:02-debug: run package(ios) handler(enable) success!
2025-7-12 22:45:02-debug: run package(linux) handler(enable) start
2025-7-12 22:45:02-debug: run package(linux) handler(enable) success!
2025-7-12 22:45:02-debug: run package(mac) handler(enable) start
2025-7-12 22:45:02-debug: run package(mac) handler(enable) success!
2025-7-12 22:45:02-debug: run package(migu-mini-game) handler(enable) start
2025-7-12 22:45:02-debug: run package(migu-mini-game) handler(enable) success!
2025-7-12 22:45:02-debug: run package(native) handler(enable) start
2025-7-12 22:45:02-debug: run package(harmonyos-next) handler(enable) success!
2025-7-12 22:45:02-debug: run package(ohos) handler(enable) success!
2025-7-12 22:45:02-debug: run package(ohos) handler(enable) start
2025-7-12 22:45:02-debug: run package(oppo-mini-game) handler(enable) start
2025-7-12 22:45:02-debug: run package(oppo-mini-game) handler(enable) success!
2025-7-12 22:45:02-debug: run package(runtime-dev-tools) handler(enable) start
2025-7-12 22:45:02-debug: run package(runtime-dev-tools) handler(enable) success!
2025-7-12 22:45:02-debug: run package(taobao-mini-game) handler(enable) start
2025-7-12 22:45:02-debug: run package(taobao-mini-game) handler(enable) success!
2025-7-12 22:45:02-debug: run package(vivo-mini-game) handler(enable) start
2025-7-12 22:45:02-debug: run package(honor-mini-game) handler(enable) success!
2025-7-12 22:45:02-debug: run package(web-desktop) handler(enable) start
2025-7-12 22:45:02-debug: run package(web-desktop) handler(enable) success!
2025-7-12 22:45:02-debug: run package(web-mobile) handler(enable) start
2025-7-12 22:45:02-debug: run package(web-mobile) handler(enable) success!
2025-7-12 22:45:02-debug: run package(wechatgame) handler(enable) start
2025-7-12 22:45:02-debug: run package(wechatgame) handler(enable) success!
2025-7-12 22:45:02-debug: run package(vivo-mini-game) handler(enable) success!
2025-7-12 22:45:02-debug: run package(wechatprogram) handler(enable) success!
2025-7-12 22:45:02-debug: run package(windows) handler(enable) start
2025-7-12 22:45:02-debug: run package(windows) handler(enable) success!
2025-7-12 22:45:02-debug: run package(xiaomi-quick-game) handler(enable) start
2025-7-12 22:45:02-debug: run package(honor-mini-game) handler(enable) start
2025-7-12 22:45:02-debug: run package(cocos-service) handler(enable) start
2025-7-12 22:45:02-debug: run package(cocos-service) handler(enable) success!
2025-7-12 22:45:02-debug: run package(im-plugin) handler(enable) start
2025-7-12 22:45:02-debug: run package(im-plugin) handler(enable) success!
2025-7-12 22:45:02-debug: run package(fix-asset-default-userdata) handler(enable) start
2025-7-12 22:45:02-debug: run package(native) handler(enable) success!
2025-7-12 22:45:02-debug: run package(xiaomi-quick-game) handler(enable) success!
2025-7-12 22:45:02-debug: run package(fix-asset-default-userdata) handler(enable) success!
2025-7-12 22:45:02-debug: run package(wechatprogram) handler(enable) start
2025-7-12 22:45:02-debug: asset-db:worker-init: initPlugin (774ms)
2025-7-12 22:45:02-debug: [Assets Memory track]: asset-db:worker-init start:29.70MB, end 229.50MB, increase: 199.80MB
2025-7-12 22:45:02-debug: Run asset db hook programming:beforePreStart ...
2025-7-12 22:45:02-debug: Run asset db hook programming:beforePreStart success!
2025-7-12 22:45:02-debug: Run asset db hook engine-extends:beforePreStart ...
2025-7-12 22:45:02-debug: Run asset db hook engine-extends:beforePreStart success!
2025-7-12 22:45:02-debug: run package(placeholder) handler(enable) start
2025-7-12 22:45:02-debug: run package(placeholder) handler(enable) success!
2025-7-12 22:45:02-debug: asset-db:worker-init (1242ms)
2025-7-12 22:45:02-debug: asset-db-hook-programming-beforePreStart (49ms)
2025-7-12 22:45:02-debug: asset-db-hook-engine-extends-beforePreStart (49ms)
2025-7-12 22:45:02-debug: Preimport db internal success
2025-7-12 22:45:02-debug: Preimport db assets success
2025-7-12 22:45:02-debug: Run asset db hook programming:afterPreStart ...
2025-7-12 22:45:02-debug: starting packer-driver...
2025-7-12 22:45:03-debug: initialize scripting environment...
2025-7-12 22:45:03-debug: [[Executor]] prepare before lock
2025-7-12 22:45:03-debug: Set detail map pack:///resolution-detail-map.json: {}
2025-7-12 22:45:03-debug: [[Executor]] prepare after unlock
2025-7-12 22:45:03-debug: Run asset db hook programming:afterPreStart success!
2025-7-12 22:45:03-debug: Run asset db hook engine-extends:afterPreStart success!
2025-7-12 22:45:03-debug: Start up the 'internal' database...
2025-7-12 22:45:03-debug: Run asset db hook engine-extends:afterPreStart ...
2025-7-12 22:45:03-debug: asset-db-hook-programming-afterPreStart (252ms)
2025-7-12 22:45:03-debug: asset-db:worker-effect-data-processing (148ms)
2025-7-12 22:45:03-debug: asset-db-hook-engine-extends-afterPreStart (148ms)
2025-7-12 22:45:03-debug: [Assets Memory track]: asset-db:worker-startup-database[internal] start:229.59MB, end 243.03MB, increase: 13.44MB
2025-7-12 22:45:03-debug: Start up the 'assets' database...
2025-7-12 22:45:03-debug: asset-db:worker-startup-database[internal] (379ms)
2025-7-12 22:45:03-debug: [Assets Memory track]: asset-db:worker-startup-database[assets] start:232.53MB, end 244.41MB, increase: 11.88MB
2025-7-12 22:45:03-debug: [Assets Memory track]: asset-db:worker-init: startup start:228.31MB, end 244.42MB, increase: 16.11MB
2025-7-12 22:45:03-debug: lazy register asset handler text
2025-7-12 22:45:03-debug: lazy register asset handler spine-data
2025-7-12 22:45:03-debug: lazy register asset handler dragonbones
2025-7-12 22:45:03-debug: lazy register asset handler dragonbones-atlas
2025-7-12 22:45:03-debug: lazy register asset handler terrain
2025-7-12 22:45:03-debug: lazy register asset handler javascript
2025-7-12 22:45:03-debug: lazy register asset handler typescript
2025-7-12 22:45:03-debug: lazy register asset handler scene
2025-7-12 22:45:03-debug: lazy register asset handler prefab
2025-7-12 22:45:03-debug: lazy register asset handler sprite-frame
2025-7-12 22:45:03-debug: lazy register asset handler json
2025-7-12 22:45:03-debug: lazy register asset handler buffer
2025-7-12 22:45:03-debug: lazy register asset handler image
2025-7-12 22:45:03-debug: lazy register asset handler sign-image
2025-7-12 22:45:03-debug: lazy register asset handler alpha-image
2025-7-12 22:45:03-debug: lazy register asset handler texture
2025-7-12 22:45:03-debug: lazy register asset handler texture-cube
2025-7-12 22:45:03-debug: lazy register asset handler erp-texture-cube
2025-7-12 22:45:03-debug: lazy register asset handler render-texture
2025-7-12 22:45:03-debug: lazy register asset handler texture-cube-face
2025-7-12 22:45:03-debug: lazy register asset handler directory
2025-7-12 22:45:03-debug: lazy register asset handler gltf
2025-7-12 22:45:03-debug: lazy register asset handler gltf-mesh
2025-7-12 22:45:03-debug: lazy register asset handler gltf-animation
2025-7-12 22:45:03-debug: lazy register asset handler gltf-skeleton
2025-7-12 22:45:03-debug: lazy register asset handler gltf-material
2025-7-12 22:45:03-debug: lazy register asset handler gltf-scene
2025-7-12 22:45:03-debug: lazy register asset handler gltf-embeded-image
2025-7-12 22:45:03-debug: lazy register asset handler fbx
2025-7-12 22:45:03-debug: lazy register asset handler material
2025-7-12 22:45:03-debug: lazy register asset handler physics-material
2025-7-12 22:45:03-debug: lazy register asset handler *
2025-7-12 22:45:03-debug: lazy register asset handler rt-sprite-frame
2025-7-12 22:45:03-debug: lazy register asset handler audio-clip
2025-7-12 22:45:03-debug: lazy register asset handler animation-clip
2025-7-12 22:45:03-debug: lazy register asset handler animation-graph
2025-7-12 22:45:03-debug: lazy register asset handler effect-header
2025-7-12 22:45:03-debug: lazy register asset handler animation-graph-variant
2025-7-12 22:45:03-debug: lazy register asset handler ttf-font
2025-7-12 22:45:03-debug: lazy register asset handler particle
2025-7-12 22:45:03-debug: lazy register asset handler bitmap-font
2025-7-12 22:45:03-debug: lazy register asset handler sprite-atlas
2025-7-12 22:45:03-debug: lazy register asset handler auto-atlas
2025-7-12 22:45:03-debug: lazy register asset handler label-atlas
2025-7-12 22:45:03-debug: lazy register asset handler render-pipeline
2025-7-12 22:45:03-debug: lazy register asset handler render-stage
2025-7-12 22:45:03-debug: lazy register asset handler render-flow
2025-7-12 22:45:03-debug: lazy register asset handler instantiation-material
2025-7-12 22:45:03-debug: lazy register asset handler instantiation-mesh
2025-7-12 22:45:03-debug: lazy register asset handler instantiation-skeleton
2025-7-12 22:45:03-debug: lazy register asset handler instantiation-animation
2025-7-12 22:45:03-debug: lazy register asset handler video-clip
2025-7-12 22:45:03-debug: lazy register asset handler animation-mask
2025-7-12 22:45:03-debug: lazy register asset handler tiled-map
2025-7-12 22:45:03-debug: lazy register asset handler effect
2025-7-12 22:45:03-debug: asset-db:worker-startup-database[assets] (336ms)
2025-7-12 22:45:03-debug: asset-db:start-database (403ms)
2025-7-12 22:45:03-debug: asset-db:ready (2701ms)
2025-7-12 22:45:03-debug: fix the bug of updateDefaultUserData
2025-7-12 22:45:03-debug: init worker message success
2025-7-12 22:45:03-debug: programming:execute-script (2ms)
2025-7-12 22:45:03-debug: [Build Memory track]: builder:worker-init start:241.74MB, end 254.36MB, increase: 12.62MB
2025-7-12 22:45:03-debug: builder:worker-init (199ms)
2025-7-12 22:45:08-debug: Query all assets info in project
2025-7-12 22:45:08-debug: init custom config: keepNodeUuid: false, useCache: true
2025-7-12 22:45:08-debug: Skip compress image, progress: 0%
2025-7-12 22:45:08-debug: Init all bundles start..., progress: 0%
2025-7-12 22:45:08-debug: Num of bundles: 3..., progress: 0%
2025-7-12 22:45:08-debug: 查询 Asset Bundle start, progress: 0%
2025-7-12 22:45:08-debug: // ---- build task 查询 Asset Bundle ----
2025-7-12 22:45:08-debug: Init bundle root assets start..., progress: 0%
2025-7-12 22:45:08-debug: Query preload assets/scripts from cc.config.json: 60f7195c-ec2a-45eb-ba94-8955f60e81d0,1c02ae6f-4492-4915-b8f8-7492a3b1e4cd,810e96e4-e456-4468-9b59-f4e8f39732c0,efe8e2a3-eace-427b-b4f1-cb8a937ec77d,e9aa9a3e-5b2b-4ac7-a2c7-073de2b2b24f,8bbdbcdd-5cd4-4100-b6d5-b7c9625b6107,50f4348b-c883-4e2f-8f11-ce233b859fa1,fda095cb-831d-4601-ad94-846013963de8,f92806d7-1768-443f-afe8-12bcde84d0f0,dd3a144d-ab7f-41f0-82b8-2e43a090d496,f0416e68-0200-4b77-a926-4f9d16e494da,970b0598-bcb0-4714-91fb-2e81440dccd8,bcd64cc6-2dd9-43f6-abbe-66318d332032,d930590d-bb92-4cc8-8bd1-23cd027f9edf,a3cd009f-0ab0-420d-9278-b9fdab939bbc,6a2d0734-bd9e-4ddf-946e-caa52498cb75,c27215d8-6835-4b68-bfbb-bdeac6100c04,b5d6115f-0370-4d7c-aad3-c194cc71cf98,871c3b6c-7379-419d-bda3-794b239ab90d,ff9b0199-ce04-4cfe-86cc-6c719f08d6e4,de1c2107-70c8-4021-8459-6399f24d01c6,cbf30902-517f-40dc-af90-a550bac27cf1
2025-7-12 22:45:08-debug:   Number of all scripts: 24
2025-7-12 22:45:08-debug:   Number of other assets: 390
2025-7-12 22:45:08-debug: Init bundle root assets success..., progress: 0%
2025-7-12 22:45:08-debug:   Number of all scenes: 3
2025-7-12 22:45:08-debug: // ---- build task 查询 Asset Bundle ---- (2ms)
2025-7-12 22:45:08-debug: // ---- build task 查询 Asset Bundle ----
2025-7-12 22:45:08-debug: [Build Memory track]: 查询 Asset Bundle start:258.07MB, end 258.82MB, increase: 771.47KB
2025-7-12 22:45:08-debug: 查询 Asset Bundle start, progress: 5%
2025-7-12 22:45:08-log: run build task 查询 Asset Bundle success in 2 ms√, progress: 5%
2025-7-12 22:45:08-log: run build task 查询 Asset Bundle success in √, progress: 10%
2025-7-12 22:45:08-debug: [Build Memory track]: 查询 Asset Bundle start:258.85MB, end 258.94MB, increase: 88.59KB
2025-7-12 22:45:08-debug: 整理部分构建选项内数据到 settings.json start, progress: 10%
2025-7-12 22:45:08-debug: // ---- build task 整理部分构建选项内数据到 settings.json ----
2025-7-12 22:45:08-log: run build task 整理部分构建选项内数据到 settings.json success in √, progress: 12%
2025-7-12 22:45:08-debug: [Build Memory track]: 整理部分构建选项内数据到 settings.json start:258.97MB, end 258.99MB, increase: 17.94KB
2025-7-12 22:45:08-debug: 填充脚本数据到 settings.json start, progress: 12%
2025-7-12 22:45:08-debug: // ---- build task 填充脚本数据到 settings.json ----
2025-7-12 22:45:08-debug: // ---- build task 填充脚本数据到 settings.json ---- (1ms)
2025-7-12 22:45:08-debug: [Build Memory track]: 填充脚本数据到 settings.json start:259.04MB, end 259.07MB, increase: 29.30KB
2025-7-12 22:45:08-log: run build task 填充脚本数据到 settings.json success in 1 ms√, progress: 13%
2025-7-12 22:45:08-debug: 整理部分构建选项内数据到 settings.json start, progress: 13%
2025-7-12 22:45:08-debug: // ---- build task 整理部分构建选项内数据到 settings.json ----
2025-7-12 22:45:08-debug: // ---- build task 整理部分构建选项内数据到 settings.json ---- (2ms)
2025-7-12 22:45:08-log: run build task 整理部分构建选项内数据到 settings.json success in 2 ms√, progress: 15%
2025-7-12 22:45:08-debug: [Build Memory track]: 整理部分构建选项内数据到 settings.json start:259.10MB, end 252.95MB, increase: -6298.48KB
2025-7-12 22:45:08-debug: Query all assets info in project
2025-7-12 22:45:08-debug: Query all assets info in project
2025-7-12 22:45:08-debug: Query all assets info in project
2025-7-12 22:45:08-debug: Query all assets info in project
2025-7-12 22:45:08-debug: init custom config: keepNodeUuid: false, useCache: true
2025-7-12 22:45:08-debug: Skip compress image, progress: 0%
2025-7-12 22:45:08-debug: init custom config: keepNodeUuid: false, useCache: true
2025-7-12 22:45:08-debug: Skip compress image, progress: 0%
2025-7-12 22:45:08-debug: init custom config: keepNodeUuid: false, useCache: true
2025-7-12 22:45:08-debug: Skip compress image, progress: 0%
2025-7-12 22:45:08-debug: init custom config: keepNodeUuid: false, useCache: true
2025-7-12 22:45:08-debug: Init all bundles start..., progress: 0%
2025-7-12 22:45:08-debug: Num of bundles: 3..., progress: 0%
2025-7-12 22:45:08-debug: 查询 Asset Bundle start, progress: 0%
2025-7-12 22:45:08-debug: // ---- build task 查询 Asset Bundle ----
2025-7-12 22:45:08-debug: Skip compress image, progress: 0%
2025-7-12 22:45:08-debug: Init bundle root assets start..., progress: 0%
2025-7-12 22:45:08-debug: Init all bundles start..., progress: 0%
2025-7-12 22:45:08-debug: Num of bundles: 3..., progress: 0%
2025-7-12 22:45:08-debug: 查询 Asset Bundle start, progress: 0%
2025-7-12 22:45:08-debug: Init bundle root assets start..., progress: 0%
2025-7-12 22:45:08-debug: // ---- build task 查询 Asset Bundle ----
2025-7-12 22:45:08-debug: Query preload assets/scripts from cc.config.json: 60f7195c-ec2a-45eb-ba94-8955f60e81d0,1c02ae6f-4492-4915-b8f8-7492a3b1e4cd,810e96e4-e456-4468-9b59-f4e8f39732c0,efe8e2a3-eace-427b-b4f1-cb8a937ec77d,e9aa9a3e-5b2b-4ac7-a2c7-073de2b2b24f,8bbdbcdd-5cd4-4100-b6d5-b7c9625b6107,50f4348b-c883-4e2f-8f11-ce233b859fa1,fda095cb-831d-4601-ad94-846013963de8,f92806d7-1768-443f-afe8-12bcde84d0f0,dd3a144d-ab7f-41f0-82b8-2e43a090d496,f0416e68-0200-4b77-a926-4f9d16e494da,970b0598-bcb0-4714-91fb-2e81440dccd8,bcd64cc6-2dd9-43f6-abbe-66318d332032,d930590d-bb92-4cc8-8bd1-23cd027f9edf,a3cd009f-0ab0-420d-9278-b9fdab939bbc,6a2d0734-bd9e-4ddf-946e-caa52498cb75,c27215d8-6835-4b68-bfbb-bdeac6100c04,b5d6115f-0370-4d7c-aad3-c194cc71cf98,871c3b6c-7379-419d-bda3-794b239ab90d,ff9b0199-ce04-4cfe-86cc-6c719f08d6e4,de1c2107-70c8-4021-8459-6399f24d01c6,cbf30902-517f-40dc-af90-a550bac27cf1
2025-7-12 22:45:08-debug: Init bundle root assets success..., progress: 0%
2025-7-12 22:45:08-debug:   Number of all scenes: 3
2025-7-12 22:45:08-debug:   Number of all scripts: 24
2025-7-12 22:45:08-debug:   Number of all scripts: 24
2025-7-12 22:45:08-debug:   Number of other assets: 390
2025-7-12 22:45:08-debug: Init bundle root assets success..., progress: 0%
2025-7-12 22:45:08-debug: Init all bundles start..., progress: 0%
2025-7-12 22:45:08-debug: Num of bundles: 3..., progress: 0%
2025-7-12 22:45:08-debug: 查询 Asset Bundle start, progress: 0%
2025-7-12 22:45:08-debug: // ---- build task 查询 Asset Bundle ----
2025-7-12 22:45:08-debug: Init bundle root assets start..., progress: 0%
2025-7-12 22:45:08-debug:   Number of other assets: 390
2025-7-12 22:45:08-debug: Query preload assets/scripts from cc.config.json: 60f7195c-ec2a-45eb-ba94-8955f60e81d0,1c02ae6f-4492-4915-b8f8-7492a3b1e4cd,810e96e4-e456-4468-9b59-f4e8f39732c0,efe8e2a3-eace-427b-b4f1-cb8a937ec77d,e9aa9a3e-5b2b-4ac7-a2c7-073de2b2b24f,8bbdbcdd-5cd4-4100-b6d5-b7c9625b6107,50f4348b-c883-4e2f-8f11-ce233b859fa1,fda095cb-831d-4601-ad94-846013963de8,f92806d7-1768-443f-afe8-12bcde84d0f0,dd3a144d-ab7f-41f0-82b8-2e43a090d496,f0416e68-0200-4b77-a926-4f9d16e494da,970b0598-bcb0-4714-91fb-2e81440dccd8,bcd64cc6-2dd9-43f6-abbe-66318d332032,d930590d-bb92-4cc8-8bd1-23cd027f9edf,a3cd009f-0ab0-420d-9278-b9fdab939bbc,6a2d0734-bd9e-4ddf-946e-caa52498cb75,c27215d8-6835-4b68-bfbb-bdeac6100c04,b5d6115f-0370-4d7c-aad3-c194cc71cf98,871c3b6c-7379-419d-bda3-794b239ab90d,ff9b0199-ce04-4cfe-86cc-6c719f08d6e4,de1c2107-70c8-4021-8459-6399f24d01c6,cbf30902-517f-40dc-af90-a550bac27cf1
2025-7-12 22:45:08-debug:   Number of all scenes: 3
2025-7-12 22:45:08-debug: Init all bundles start..., progress: 0%
2025-7-12 22:45:08-debug: Num of bundles: 3..., progress: 0%
2025-7-12 22:45:08-debug: // ---- build task 查询 Asset Bundle ----
2025-7-12 22:45:08-debug: 查询 Asset Bundle start, progress: 0%
2025-7-12 22:45:08-debug: Init bundle root assets start..., progress: 0%
2025-7-12 22:45:08-debug: // ---- build task 查询 Asset Bundle ---- (2ms)
2025-7-12 22:45:08-debug: // ---- build task 查询 Asset Bundle ----
2025-7-12 22:45:08-log: run build task 查询 Asset Bundle success in √, progress: 5%
2025-7-12 22:45:08-debug: [Build Memory track]: 查询 Asset Bundle start:256.12MB, end 256.13MB, increase: 13.68KB
2025-7-12 22:45:08-debug: 查询 Asset Bundle start, progress: 5%
2025-7-12 22:45:08-debug: [Build Memory track]: 查询 Asset Bundle start:256.05MB, end 256.09MB, increase: 33.91KB
2025-7-12 22:45:08-debug: 查询 Asset Bundle start, progress: 5%
2025-7-12 22:45:08-log: run build task 查询 Asset Bundle success in 2 ms√, progress: 5%
2025-7-12 22:45:08-debug: // ---- build task 查询 Asset Bundle ----
2025-7-12 22:45:08-debug: Query preload assets/scripts from cc.config.json: 60f7195c-ec2a-45eb-ba94-8955f60e81d0,1c02ae6f-4492-4915-b8f8-7492a3b1e4cd,810e96e4-e456-4468-9b59-f4e8f39732c0,efe8e2a3-eace-427b-b4f1-cb8a937ec77d,e9aa9a3e-5b2b-4ac7-a2c7-073de2b2b24f,8bbdbcdd-5cd4-4100-b6d5-b7c9625b6107,50f4348b-c883-4e2f-8f11-ce233b859fa1,fda095cb-831d-4601-ad94-846013963de8,f92806d7-1768-443f-afe8-12bcde84d0f0,dd3a144d-ab7f-41f0-82b8-2e43a090d496,f0416e68-0200-4b77-a926-4f9d16e494da,970b0598-bcb0-4714-91fb-2e81440dccd8,bcd64cc6-2dd9-43f6-abbe-66318d332032,d930590d-bb92-4cc8-8bd1-23cd027f9edf,a3cd009f-0ab0-420d-9278-b9fdab939bbc,6a2d0734-bd9e-4ddf-946e-caa52498cb75,c27215d8-6835-4b68-bfbb-bdeac6100c04,b5d6115f-0370-4d7c-aad3-c194cc71cf98,871c3b6c-7379-419d-bda3-794b239ab90d,ff9b0199-ce04-4cfe-86cc-6c719f08d6e4,de1c2107-70c8-4021-8459-6399f24d01c6,cbf30902-517f-40dc-af90-a550bac27cf1
2025-7-12 22:45:08-debug:   Number of all scripts: 24
2025-7-12 22:45:08-debug:   Number of other assets: 390
2025-7-12 22:45:08-debug:   Number of all scenes: 3
2025-7-12 22:45:08-debug: Init bundle root assets success..., progress: 0%
2025-7-12 22:45:08-debug: Query preload assets/scripts from cc.config.json: 60f7195c-ec2a-45eb-ba94-8955f60e81d0,1c02ae6f-4492-4915-b8f8-7492a3b1e4cd,810e96e4-e456-4468-9b59-f4e8f39732c0,efe8e2a3-eace-427b-b4f1-cb8a937ec77d,e9aa9a3e-5b2b-4ac7-a2c7-073de2b2b24f,8bbdbcdd-5cd4-4100-b6d5-b7c9625b6107,50f4348b-c883-4e2f-8f11-ce233b859fa1,fda095cb-831d-4601-ad94-846013963de8,f92806d7-1768-443f-afe8-12bcde84d0f0,dd3a144d-ab7f-41f0-82b8-2e43a090d496,f0416e68-0200-4b77-a926-4f9d16e494da,970b0598-bcb0-4714-91fb-2e81440dccd8,bcd64cc6-2dd9-43f6-abbe-66318d332032,d930590d-bb92-4cc8-8bd1-23cd027f9edf,a3cd009f-0ab0-420d-9278-b9fdab939bbc,6a2d0734-bd9e-4ddf-946e-caa52498cb75,c27215d8-6835-4b68-bfbb-bdeac6100c04,b5d6115f-0370-4d7c-aad3-c194cc71cf98,871c3b6c-7379-419d-bda3-794b239ab90d,ff9b0199-ce04-4cfe-86cc-6c719f08d6e4,de1c2107-70c8-4021-8459-6399f24d01c6,cbf30902-517f-40dc-af90-a550bac27cf1
2025-7-12 22:45:08-debug:   Number of all scripts: 24
2025-7-12 22:45:08-debug:   Number of all scenes: 3
2025-7-12 22:45:08-debug: // ---- build task 查询 Asset Bundle ---- (2ms)
2025-7-12 22:45:08-debug: [Build Memory track]: 查询 Asset Bundle start:256.16MB, end 257.63MB, increase: 1.47MB
2025-7-12 22:45:08-debug: 查询 Asset Bundle start, progress: 5%
2025-7-12 22:45:08-debug: // ---- build task 查询 Asset Bundle ----
2025-7-12 22:45:08-debug:   Number of other assets: 390
2025-7-12 22:45:08-log: run build task 查询 Asset Bundle success in 2 ms√, progress: 5%
2025-7-12 22:45:08-debug: Init bundle root assets success..., progress: 0%
2025-7-12 22:45:08-log: run build task 查询 Asset Bundle success in √, progress: 5%
2025-7-12 22:45:08-debug: [Build Memory track]: 查询 Asset Bundle start:257.67MB, end 257.69MB, increase: 21.16KB
2025-7-12 22:45:08-debug: 查询 Asset Bundle start, progress: 5%
2025-7-12 22:45:08-debug: // ---- build task 查询 Asset Bundle ----
2025-7-12 22:45:08-log: run build task 查询 Asset Bundle success in √, progress: 10%
2025-7-12 22:45:08-debug: [Build Memory track]: 查询 Asset Bundle start:257.73MB, end 257.74MB, increase: 18.63KB
2025-7-12 22:45:08-debug: 整理部分构建选项内数据到 settings.json start, progress: 10%
2025-7-12 22:45:08-debug: // ---- build task 整理部分构建选项内数据到 settings.json ----
2025-7-12 22:45:08-log: run build task 查询 Asset Bundle success in √, progress: 10%
2025-7-12 22:45:08-debug: 整理部分构建选项内数据到 settings.json start, progress: 10%
2025-7-12 22:45:08-debug: // ---- build task 整理部分构建选项内数据到 settings.json ----
2025-7-12 22:45:08-log: run build task 整理部分构建选项内数据到 settings.json success in √, progress: 12%
2025-7-12 22:45:08-debug: [Build Memory track]: 整理部分构建选项内数据到 settings.json start:257.82MB, end 257.96MB, increase: 146.32KB
2025-7-12 22:45:08-debug: 填充脚本数据到 settings.json start, progress: 12%
2025-7-12 22:45:08-debug: // ---- build task 填充脚本数据到 settings.json ----
2025-7-12 22:45:08-log: run build task 整理部分构建选项内数据到 settings.json success in √, progress: 12%
2025-7-12 22:45:08-debug: 填充脚本数据到 settings.json start, progress: 12%
2025-7-12 22:45:08-debug: // ---- build task 填充脚本数据到 settings.json ----
2025-7-12 22:45:08-log: run build task 填充脚本数据到 settings.json success in √, progress: 13%
2025-7-12 22:45:08-debug: [Build Memory track]: 填充脚本数据到 settings.json start:258.03MB, end 258.05MB, increase: 20.39KB
2025-7-12 22:45:08-debug: 整理部分构建选项内数据到 settings.json start, progress: 13%
2025-7-12 22:45:08-debug: // ---- build task 整理部分构建选项内数据到 settings.json ----
2025-7-12 22:45:08-debug: // ---- build task 查询 Asset Bundle ---- (1ms)
2025-7-12 22:45:08-log: run build task 填充脚本数据到 settings.json success in √, progress: 13%
2025-7-12 22:45:08-debug: // ---- build task 整理部分构建选项内数据到 settings.json ----
2025-7-12 22:45:08-log: run build task 查询 Asset Bundle success in 1 ms√, progress: 10%
2025-7-12 22:45:08-log: run build task 查询 Asset Bundle success in √, progress: 10%
2025-7-12 22:45:08-debug: 整理部分构建选项内数据到 settings.json start, progress: 10%
2025-7-12 22:45:08-debug: 整理部分构建选项内数据到 settings.json start, progress: 13%
2025-7-12 22:45:08-debug: // ---- build task 整理部分构建选项内数据到 settings.json ----
2025-7-12 22:45:08-debug: 整理部分构建选项内数据到 settings.json start, progress: 10%
2025-7-12 22:45:08-debug: // ---- build task 整理部分构建选项内数据到 settings.json ----
2025-7-12 22:45:08-log: run build task 整理部分构建选项内数据到 settings.json success in √, progress: 12%
2025-7-12 22:45:08-debug: 填充脚本数据到 settings.json start, progress: 12%
2025-7-12 22:45:08-debug: // ---- build task 填充脚本数据到 settings.json ----
2025-7-12 22:45:08-debug: [Build Memory track]: 整理部分构建选项内数据到 settings.json start:258.21MB, end 258.23MB, increase: 23.06KB
2025-7-12 22:45:08-log: run build task 整理部分构建选项内数据到 settings.json success in √, progress: 12%
2025-7-12 22:45:08-debug: 填充脚本数据到 settings.json start, progress: 12%
2025-7-12 22:45:08-debug: [Build Memory track]: 填充脚本数据到 settings.json start:258.31MB, end 258.34MB, increase: 30.23KB
2025-7-12 22:45:08-debug: // ---- build task 填充脚本数据到 settings.json ---- (1ms)
2025-7-12 22:45:08-debug: // ---- build task 填充脚本数据到 settings.json ----
2025-7-12 22:45:08-log: run build task 填充脚本数据到 settings.json success in 1 ms√, progress: 13%
2025-7-12 22:45:08-debug: 整理部分构建选项内数据到 settings.json start, progress: 13%
2025-7-12 22:45:08-debug: // ---- build task 整理部分构建选项内数据到 settings.json ----
2025-7-12 22:45:08-log: run build task 填充脚本数据到 settings.json success in √, progress: 13%
2025-7-12 22:45:08-debug: 整理部分构建选项内数据到 settings.json start, progress: 13%
2025-7-12 22:45:08-debug: // ---- build task 整理部分构建选项内数据到 settings.json ----
2025-7-12 22:45:08-log: run build task 整理部分构建选项内数据到 settings.json success in √, progress: 15%
2025-7-12 22:45:08-debug: [Build Memory track]: 整理部分构建选项内数据到 settings.json start:258.41MB, end 258.69MB, increase: 292.50KB
2025-7-12 22:45:08-log: run build task 整理部分构建选项内数据到 settings.json success in √, progress: 15%
2025-7-12 22:45:08-log: run build task 整理部分构建选项内数据到 settings.json success in √, progress: 15%
2025-7-12 22:45:08-log: run build task 整理部分构建选项内数据到 settings.json success in √, progress: 15%
